[ 2018-10-14T00:18:57+08:00 ] 47.92.101.29 /
INFO: [ app_init ] --START--
INFO: Run Behavior\BuildLiteBehavior [ RunTime:0.000017s ]
INFO: [ app_init ] --END-- [ RunTime:0.000516s ]
INFO: [ app_begin ] --START--
INFO: Run Behavior\ReadHtmlCacheBehavior [ RunTime:0.000737s ]
INFO: [ app_begin ] --END-- [ RunTime:0.000765s ]
NOTIC: [2] Declaration of Wap\Controller\IndexController::Success() should be compatible with Think\Controller::success($message = '', $jumpUrl = '', $ajax = false) /data/home/hyu4950590001/htdocs/Application/Wap/Controller/IndexController.class.php 第 0 行.
NOTIC: [8] Undefined index: HTTPS /data/home/hyu4950590001/htdocs/Application/Common/Common/function.php 第 53 行.

[ 2018-10-14T00:18:57+08:00 ] 47.92.101.29 /index.php?m=Wap&c=Wechat&a=checkWechatLogin
INFO: [ app_init ] --START--
INFO: Run Behavior\BuildLiteBehavior [ RunTime:0.000012s ]
INFO: [ app_init ] --END-- [ RunTime:0.000486s ]
INFO: [ app_begin ] --START--
INFO: Run Behavior\ReadHtmlCacheBehavior [ RunTime:0.000698s ]
INFO: [ app_begin ] --END-- [ RunTime:0.000721s ]

[ 2018-10-14T02:04:28+08:00 ] 36.110.199.9 /
INFO: [ app_init ] --START--
INFO: Run Behavior\BuildLiteBehavior [ RunTime:0.000013s ]
INFO: [ app_init ] --END-- [ RunTime:0.000477s ]
INFO: [ app_begin ] --START--
INFO: Run Behavior\ReadHtmlCacheBehavior [ RunTime:0.164095s ]
INFO: [ app_begin ] --END-- [ RunTime:0.164134s ]
NOTIC: [2] Declaration of Wap\Controller\IndexController::Success() should be compatible with Think\Controller::success($message = '', $jumpUrl = '', $ajax = false) /data/home/hyu4950590001/htdocs/Application/Wap/Controller/IndexController.class.php 第 0 行.
NOTIC: [8] Undefined index: HTTPS /data/home/hyu4950590001/htdocs/Application/Common/Common/function.php 第 53 行.

[ 2018-10-14T02:04:28+08:00 ] 36.110.199.9 /index.php?m=Wap&c=Wechat&a=checkWechatLogin
INFO: [ app_init ] --START--
INFO: Run Behavior\BuildLiteBehavior [ RunTime:0.000044s ]
INFO: [ app_init ] --END-- [ RunTime:0.000618s ]
INFO: [ app_begin ] --START--
INFO: Run Behavior\ReadHtmlCacheBehavior [ RunTime:0.002354s ]
INFO: [ app_begin ] --END-- [ RunTime:0.002375s ]

[ 2018-10-14T03:35:29+08:00 ] 36.110.199.12 /
INFO: [ app_init ] --START--
INFO: Run Behavior\BuildLiteBehavior [ RunTime:0.000015s ]
INFO: [ app_init ] --END-- [ RunTime:0.000510s ]
INFO: [ app_begin ] --START--
INFO: Run Behavior\ReadHtmlCacheBehavior [ RunTime:0.000813s ]
INFO: [ app_begin ] --END-- [ RunTime:0.000838s ]
NOTIC: [2] Declaration of Wap\Controller\IndexController::Success() should be compatible with Think\Controller::success($message = '', $jumpUrl = '', $ajax = false) /data/home/hyu4950590001/htdocs/Application/Wap/Controller/IndexController.class.php 第 0 行.
NOTIC: [8] Undefined index: HTTPS /data/home/hyu4950590001/htdocs/Application/Common/Common/function.php 第 53 行.

[ 2018-10-14T03:35:29+08:00 ] 36.110.199.12 /index.php?m=Wap&c=Wechat&a=checkWechatLogin
INFO: [ app_init ] --START--
INFO: Run Behavior\BuildLiteBehavior [ RunTime:0.000011s ]
INFO: [ app_init ] --END-- [ RunTime:0.000497s ]
INFO: [ app_begin ] --START--
INFO: Run Behavior\ReadHtmlCacheBehavior [ RunTime:0.000659s ]
INFO: [ app_begin ] --END-- [ RunTime:0.000680s ]

[ 2018-10-14T08:31:20+08:00 ] 47.98.62.203 /
INFO: [ app_init ] --START--
INFO: Run Behavior\BuildLiteBehavior [ RunTime:0.000012s ]
INFO: [ app_init ] --END-- [ RunTime:0.000493s ]
INFO: [ app_begin ] --START--
INFO: Run Behavior\ReadHtmlCacheBehavior [ RunTime:0.000699s ]
INFO: [ app_begin ] --END-- [ RunTime:0.000724s ]
NOTIC: [2] Declaration of Wap\Controller\IndexController::Success() should be compatible with Think\Controller::success($message = '', $jumpUrl = '', $ajax = false) /data/home/hyu4950590001/htdocs/Application/Wap/Controller/IndexController.class.php 第 0 行.
NOTIC: [8] Undefined index: HTTPS /data/home/hyu4950590001/htdocs/Application/Common/Common/function.php 第 53 行.

[ 2018-10-14T08:31:20+08:00 ] 47.98.62.203 /index.php?m=Wap&c=Wechat&a=checkWechatLogin
INFO: [ app_init ] --START--
INFO: Run Behavior\BuildLiteBehavior [ RunTime:0.000016s ]
INFO: [ app_init ] --END-- [ RunTime:0.000507s ]
INFO: [ app_begin ] --START--
INFO: Run Behavior\ReadHtmlCacheBehavior [ RunTime:0.000712s ]
INFO: [ app_begin ] --END-- [ RunTime:0.000738s ]

[ 2018-10-14T08:34:11+08:00 ] 47.100.100.21 /
INFO: [ app_init ] --START--
INFO: Run Behavior\BuildLiteBehavior [ RunTime:0.000012s ]
INFO: [ app_init ] --END-- [ RunTime:0.000481s ]
INFO: [ app_begin ] --START--
INFO: Run Behavior\ReadHtmlCacheBehavior [ RunTime:0.000648s ]
INFO: [ app_begin ] --END-- [ RunTime:0.000669s ]
NOTIC: [2] Declaration of Wap\Controller\IndexController::Success() should be compatible with Think\Controller::success($message = '', $jumpUrl = '', $ajax = false) /data/home/hyu4950590001/htdocs/Application/Wap/Controller/IndexController.class.php 第 0 行.
NOTIC: [8] Undefined index: HTTPS /data/home/hyu4950590001/htdocs/Application/Common/Common/function.php 第 53 行.

[ 2018-10-14T08:34:11+08:00 ] 47.100.100.21 /index.php?m=Wap&c=Wechat&a=checkWechatLogin
INFO: [ app_init ] --START--
INFO: Run Behavior\BuildLiteBehavior [ RunTime:0.000011s ]
INFO: [ app_init ] --END-- [ RunTime:0.000470s ]
INFO: [ app_begin ] --START--
INFO: Run Behavior\ReadHtmlCacheBehavior [ RunTime:0.000649s ]
INFO: [ app_begin ] --END-- [ RunTime:0.000669s ]

[ 2018-10-14T09:50:08+08:00 ] 40.77.167.172 /
INFO: [ app_init ] --START--
INFO: Run Behavior\BuildLiteBehavior [ RunTime:0.000016s ]
INFO: [ app_init ] --END-- [ RunTime:0.000580s ]
INFO: [ app_begin ] --START--
INFO: Run Behavior\ReadHtmlCacheBehavior [ RunTime:0.000745s ]
INFO: [ app_begin ] --END-- [ RunTime:0.000789s ]
NOTIC: [2] Declaration of Wap\Controller\IndexController::Success() should be compatible with Think\Controller::success($message = '', $jumpUrl = '', $ajax = false) /data/home/hyu4950590001/htdocs/Application/Wap/Controller/IndexController.class.php 第 0 行.
NOTIC: [8] Undefined index: HTTPS /data/home/hyu4950590001/htdocs/Application/Common/Common/function.php 第 53 行.

[ 2018-10-14T11:09:37+08:00 ] 36.110.199.14 /
INFO: [ app_init ] --START--
INFO: Run Behavior\BuildLiteBehavior [ RunTime:0.000011s ]
INFO: [ app_init ] --END-- [ RunTime:0.000458s ]
INFO: [ app_begin ] --START--
INFO: Run Behavior\ReadHtmlCacheBehavior [ RunTime:0.000698s ]
INFO: [ app_begin ] --END-- [ RunTime:0.000720s ]
NOTIC: [2] Declaration of Wap\Controller\IndexController::Success() should be compatible with Think\Controller::success($message = '', $jumpUrl = '', $ajax = false) /data/home/hyu4950590001/htdocs/Application/Wap/Controller/IndexController.class.php 第 0 行.
NOTIC: [8] Undefined index: HTTPS /data/home/hyu4950590001/htdocs/Application/Common/Common/function.php 第 53 行.

[ 2018-10-14T11:09:38+08:00 ] 36.110.199.14 /index.php?m=Wap&c=Wechat&a=checkWechatLogin
INFO: [ app_init ] --START--
INFO: Run Behavior\BuildLiteBehavior [ RunTime:0.000011s ]
INFO: [ app_init ] --END-- [ RunTime:0.000454s ]
INFO: [ app_begin ] --START--
INFO: Run Behavior\ReadHtmlCacheBehavior [ RunTime:0.000673s ]
INFO: [ app_begin ] --END-- [ RunTime:0.000696s ]

[ 2018-10-14T15:14:19+08:00 ] 183.136.190.62 /
INFO: [ app_init ] --START--
INFO: Run Behavior\BuildLiteBehavior [ RunTime:0.000013s ]
INFO: [ app_init ] --END-- [ RunTime:0.000458s ]
INFO: [ app_begin ] --START--
INFO: Run Behavior\ReadHtmlCacheBehavior [ RunTime:0.000652s ]
INFO: [ app_begin ] --END-- [ RunTime:0.000675s ]
NOTIC: [2] Declaration of Wap\Controller\IndexController::Success() should be compatible with Think\Controller::success($message = '', $jumpUrl = '', $ajax = false) /data/home/hyu4950590001/htdocs/Application/Wap/Controller/IndexController.class.php 第 0 行.
NOTIC: [8] Undefined index: HTTPS /data/home/hyu4950590001/htdocs/Application/Common/Common/function.php 第 53 行.

[ 2018-10-14T17:06:53+08:00 ] 47.96.12.13 /
INFO: [ app_init ] --START--
INFO: Run Behavior\BuildLiteBehavior [ RunTime:0.000026s ]
INFO: [ app_init ] --END-- [ RunTime:0.000488s ]
INFO: [ app_begin ] --START--
INFO: Run Behavior\ReadHtmlCacheBehavior [ RunTime:0.000664s ]
INFO: [ app_begin ] --END-- [ RunTime:0.000686s ]
NOTIC: [2] Declaration of Wap\Controller\IndexController::Success() should be compatible with Think\Controller::success($message = '', $jumpUrl = '', $ajax = false) /data/home/hyu4950590001/htdocs/Application/Wap/Controller/IndexController.class.php 第 0 行.
NOTIC: [8] Undefined index: HTTPS /data/home/hyu4950590001/htdocs/Application/Common/Common/function.php 第 53 行.

[ 2018-10-14T17:06:53+08:00 ] 47.96.12.13 /index.php?m=Wap&c=Wechat&a=checkWechatLogin
INFO: [ app_init ] --START--
INFO: Run Behavior\BuildLiteBehavior [ RunTime:0.000010s ]
INFO: [ app_init ] --END-- [ RunTime:0.000489s ]
INFO: [ app_begin ] --START--
INFO: Run Behavior\ReadHtmlCacheBehavior [ RunTime:0.000651s ]
INFO: [ app_begin ] --END-- [ RunTime:0.000673s ]

[ 2018-10-14T17:07:00+08:00 ] 139.224.15.159 /
INFO: [ app_init ] --START--
INFO: Run Behavior\BuildLiteBehavior [ RunTime:0.000011s ]
INFO: [ app_init ] --END-- [ RunTime:0.000442s ]
INFO: [ app_begin ] --START--
INFO: Run Behavior\ReadHtmlCacheBehavior [ RunTime:0.000629s ]
INFO: [ app_begin ] --END-- [ RunTime:0.000650s ]
NOTIC: [2] Declaration of Wap\Controller\IndexController::Success() should be compatible with Think\Controller::success($message = '', $jumpUrl = '', $ajax = false) /data/home/hyu4950590001/htdocs/Application/Wap/Controller/IndexController.class.php 第 0 行.
NOTIC: [8] Undefined index: HTTPS /data/home/hyu4950590001/htdocs/Application/Common/Common/function.php 第 53 行.

[ 2018-10-14T17:07:00+08:00 ] 139.224.15.159 /index.php?m=Wap&c=Wechat&a=checkWechatLogin
INFO: [ app_init ] --START--
INFO: Run Behavior\BuildLiteBehavior [ RunTime:0.000010s ]
INFO: [ app_init ] --END-- [ RunTime:0.000503s ]
INFO: [ app_begin ] --START--
INFO: Run Behavior\ReadHtmlCacheBehavior [ RunTime:0.000666s ]
INFO: [ app_begin ] --END-- [ RunTime:0.000687s ]

[ 2018-10-14T17:21:40+08:00 ] 101.132.144.145 /
INFO: [ app_init ] --START--
INFO: Run Behavior\BuildLiteBehavior [ RunTime:0.000012s ]
INFO: [ app_init ] --END-- [ RunTime:0.000479s ]
INFO: [ app_begin ] --START--
INFO: Run Behavior\ReadHtmlCacheBehavior [ RunTime:0.000701s ]
INFO: [ app_begin ] --END-- [ RunTime:0.000722s ]
NOTIC: [2] Declaration of Wap\Controller\IndexController::Success() should be compatible with Think\Controller::success($message = '', $jumpUrl = '', $ajax = false) /data/home/hyu4950590001/htdocs/Application/Wap/Controller/IndexController.class.php 第 0 行.
NOTIC: [8] Undefined index: HTTPS /data/home/hyu4950590001/htdocs/Application/Common/Common/function.php 第 53 行.

[ 2018-10-14T17:21:40+08:00 ] 101.132.144.145 /index.php?m=Wap&c=Wechat&a=checkWechatLogin
INFO: [ app_init ] --START--
INFO: Run Behavior\BuildLiteBehavior [ RunTime:0.000012s ]
INFO: [ app_init ] --END-- [ RunTime:0.000499s ]
INFO: [ app_begin ] --START--
INFO: Run Behavior\ReadHtmlCacheBehavior [ RunTime:0.000707s ]
INFO: [ app_begin ] --END-- [ RunTime:0.000734s ]

[ 2018-10-14T17:28:03+08:00 ] 47.92.31.65 /
INFO: [ app_init ] --START--
INFO: Run Behavior\BuildLiteBehavior [ RunTime:0.000015s ]
INFO: [ app_init ] --END-- [ RunTime:0.000487s ]
INFO: [ app_begin ] --START--
INFO: Run Behavior\ReadHtmlCacheBehavior [ RunTime:0.002890s ]
INFO: [ app_begin ] --END-- [ RunTime:0.002915s ]
NOTIC: [2] Declaration of Wap\Controller\IndexController::Success() should be compatible with Think\Controller::success($message = '', $jumpUrl = '', $ajax = false) /data/home/hyu4950590001/htdocs/Application/Wap/Controller/IndexController.class.php 第 0 行.
NOTIC: [8] Undefined index: HTTPS /data/home/hyu4950590001/htdocs/Application/Common/Common/function.php 第 53 行.

[ 2018-10-14T17:28:03+08:00 ] 47.92.31.65 /index.php?m=Wap&c=Wechat&a=checkWechatLogin
INFO: [ app_init ] --START--
INFO: Run Behavior\BuildLiteBehavior [ RunTime:0.000014s ]
INFO: [ app_init ] --END-- [ RunTime:0.000493s ]
INFO: [ app_begin ] --START--
INFO: Run Behavior\ReadHtmlCacheBehavior [ RunTime:0.000663s ]
INFO: [ app_begin ] --END-- [ RunTime:0.000684s ]

[ 2018-10-14T19:36:29+08:00 ] 202.108.211.56 /
INFO: [ app_init ] --START--
INFO: Run Behavior\BuildLiteBehavior [ RunTime:0.000012s ]
INFO: [ app_init ] --END-- [ RunTime:0.000496s ]
INFO: [ app_begin ] --START--
INFO: Run Behavior\ReadHtmlCacheBehavior [ RunTime:0.000658s ]
INFO: [ app_begin ] --END-- [ RunTime:0.000679s ]
NOTIC: [2] Declaration of Wap\Controller\IndexController::Success() should be compatible with Think\Controller::success($message = '', $jumpUrl = '', $ajax = false) /data/home/hyu4950590001/htdocs/Application/Wap/Controller/IndexController.class.php 第 0 行.
NOTIC: [8] Undefined index: HTTPS /data/home/hyu4950590001/htdocs/Application/Common/Common/function.php 第 53 行.

[ 2018-10-14T19:36:29+08:00 ] 202.108.211.56 /index.php?m=Wap&c=Wechat&a=checkWechatLogin
INFO: [ app_init ] --START--
INFO: Run Behavior\BuildLiteBehavior [ RunTime:0.000012s ]
INFO: [ app_init ] --END-- [ RunTime:0.000484s ]
INFO: [ app_begin ] --START--
INFO: Run Behavior\ReadHtmlCacheBehavior [ RunTime:0.000665s ]
INFO: [ app_begin ] --END-- [ RunTime:0.000687s ]

[ 2018-10-14T23:13:20+08:00 ] 52.53.201.78 /
INFO: [ app_init ] --START--
INFO: Run Behavior\BuildLiteBehavior [ RunTime:0.000012s ]
INFO: [ app_init ] --END-- [ RunTime:0.000485s ]
INFO: [ app_begin ] --START--
INFO: Run Behavior\ReadHtmlCacheBehavior [ RunTime:0.000692s ]
INFO: [ app_begin ] --END-- [ RunTime:0.000718s ]
NOTIC: [2] Declaration of Wap\Controller\IndexController::Success() should be compatible with Think\Controller::success($message = '', $jumpUrl = '', $ajax = false) /data/home/hyu4950590001/htdocs/Application/Wap/Controller/IndexController.class.php 第 0 行.
NOTIC: [8] Undefined index: HTTPS /data/home/hyu4950590001/htdocs/Application/Common/Common/function.php 第 53 行.

[ 2018-10-14T23:13:20+08:00 ] 52.53.201.78 /index.php?m=Wap&c=Wechat&a=checkWechatLogin
INFO: [ app_init ] --START--
INFO: Run Behavior\BuildLiteBehavior [ RunTime:0.000015s ]
INFO: [ app_init ] --END-- [ RunTime:0.000605s ]
INFO: [ app_begin ] --START--
INFO: Run Behavior\ReadHtmlCacheBehavior [ RunTime:0.000857s ]
INFO: [ app_begin ] --END-- [ RunTime:0.000888s ]

[ 2018-10-14T23:33:00+08:00 ] 203.208.60.57 /
INFO: [ app_init ] --START--
INFO: Run Behavior\BuildLiteBehavior [ RunTime:0.000010s ]
INFO: [ app_init ] --END-- [ RunTime:0.000434s ]
INFO: [ app_begin ] --START--
INFO: Run Behavior\ReadHtmlCacheBehavior [ RunTime:0.000630s ]
INFO: [ app_begin ] --END-- [ RunTime:0.000651s ]
NOTIC: [2] Declaration of Wap\Controller\IndexController::Success() should be compatible with Think\Controller::success($message = '', $jumpUrl = '', $ajax = false) /data/home/hyu4950590001/htdocs/Application/Wap/Controller/IndexController.class.php 第 0 行.
NOTIC: [8] Undefined index: HTTPS /data/home/hyu4950590001/htdocs/Application/Common/Common/function.php 第 53 行.

[ 2018-10-14T23:33:01+08:00 ] 203.208.60.35 /
INFO: [ app_init ] --START--
INFO: Run Behavior\BuildLiteBehavior [ RunTime:0.000009s ]
INFO: [ app_init ] --END-- [ RunTime:0.000450s ]
INFO: [ app_begin ] --START--
INFO: Run Behavior\ReadHtmlCacheBehavior [ RunTime:0.000640s ]
INFO: [ app_begin ] --END-- [ RunTime:0.000661s ]
NOTIC: [2] Declaration of Wap\Controller\IndexController::Success() should be compatible with Think\Controller::success($message = '', $jumpUrl = '', $ajax = false) /data/home/hyu4950590001/htdocs/Application/Wap/Controller/IndexController.class.php 第 0 行.
NOTIC: [8] Undefined index: HTTPS /data/home/hyu4950590001/htdocs/Application/Common/Common/function.php 第 53 行.

[ 2018-10-14T23:33:02+08:00 ] 203.208.60.30 /index.php?m=Wap&c=Wechat&a=checkWechatLogin
INFO: [ app_init ] --START--
INFO: Run Behavior\BuildLiteBehavior [ RunTime:0.000013s ]
INFO: [ app_init ] --END-- [ RunTime:0.000485s ]
INFO: [ app_begin ] --START--
INFO: Run Behavior\ReadHtmlCacheBehavior [ RunTime:0.000682s ]
INFO: [ app_begin ] --END-- [ RunTime:0.000703s ]

[ 2018-10-14T23:33:03+08:00 ] 203.208.60.91 /index.php?m=Wap&c=Wechat&a=checkWechatLogin
INFO: [ app_init ] --START--
INFO: Run Behavior\BuildLiteBehavior [ RunTime:0.000011s ]
INFO: [ app_init ] --END-- [ RunTime:0.000444s ]
INFO: [ app_begin ] --START--
INFO: Run Behavior\ReadHtmlCacheBehavior [ RunTime:0.000636s ]
INFO: [ app_begin ] --END-- [ RunTime:0.000656s ]

