[ 2018-11-05T00:32:04+08:00 ] 192.198.102.146 /
INFO: [ app_init ] --START--
INFO: Run Behavior\BuildLiteBehavior [ RunTime:0.000012s ]
INFO: [ app_init ] --END-- [ RunTime:0.000443s ]
INFO: [ app_begin ] --START--
INFO: Run Behavior\ReadHtmlCacheBehavior [ RunTime:0.000622s ]
INFO: [ app_begin ] --END-- [ RunTime:0.000646s ]
NOTIC: [2] Declaration of Wap\Controller\IndexController::Success() should be compatible with Think\Controller::success($message = '', $jumpUrl = '', $ajax = false) /data/home/hyu4950590001/htdocs/Application/Wap/Controller/IndexController.class.php 第 0 行.
NOTIC: [8] Undefined index: HTTPS /data/home/hyu4950590001/htdocs/Application/Common/Common/function.php 第 53 行.

[ 2018-11-05T00:32:06+08:00 ] 192.198.102.146 /index.php?m=Wap&c=Wechat&a=checkWechatLogin
INFO: [ app_init ] --START--
INFO: Run Behavior\BuildLiteBehavior [ RunTime:0.000011s ]
INFO: [ app_init ] --END-- [ RunTime:0.000466s ]
INFO: [ app_begin ] --START--
INFO: Run Behavior\ReadHtmlCacheBehavior [ RunTime:0.000667s ]
INFO: [ app_begin ] --END-- [ RunTime:0.000689s ]

[ 2018-11-05T02:23:00+08:00 ] 40.77.167.35 /index.php?m=Wap&c=Wechat&a=checkWechatLogin
INFO: [ app_init ] --START--
INFO: Run Behavior\BuildLiteBehavior [ RunTime:0.000011s ]
INFO: [ app_init ] --END-- [ RunTime:0.000460s ]
INFO: [ app_begin ] --START--
INFO: Run Behavior\ReadHtmlCacheBehavior [ RunTime:0.000656s ]
INFO: [ app_begin ] --END-- [ RunTime:0.000677s ]

[ 2018-11-05T03:07:57+08:00 ] 42.236.55.21 /
INFO: [ app_init ] --START--
INFO: Run Behavior\BuildLiteBehavior [ RunTime:0.000012s ]
INFO: [ app_init ] --END-- [ RunTime:0.000456s ]
INFO: [ app_begin ] --START--
INFO: Run Behavior\ReadHtmlCacheBehavior [ RunTime:0.000650s ]
INFO: [ app_begin ] --END-- [ RunTime:0.000671s ]
NOTIC: [2] Declaration of Wap\Controller\IndexController::Success() should be compatible with Think\Controller::success($message = '', $jumpUrl = '', $ajax = false) /data/home/hyu4950590001/htdocs/Application/Wap/Controller/IndexController.class.php 第 0 行.
NOTIC: [8] Undefined index: HTTPS /data/home/hyu4950590001/htdocs/Application/Common/Common/function.php 第 53 行.

[ 2018-11-05T03:07:57+08:00 ] 42.236.55.21 /index.php?m=Wap&c=Wechat&a=checkWechatLogin
INFO: [ app_init ] --START--
INFO: Run Behavior\BuildLiteBehavior [ RunTime:0.000011s ]
INFO: [ app_init ] --END-- [ RunTime:0.000467s ]
INFO: [ app_begin ] --START--
INFO: Run Behavior\ReadHtmlCacheBehavior [ RunTime:0.000651s ]
INFO: [ app_begin ] --END-- [ RunTime:0.000673s ]

[ 2018-11-05T03:57:58+08:00 ] 106.14.189.11 /
INFO: [ app_init ] --START--
INFO: Run Behavior\BuildLiteBehavior [ RunTime:0.000012s ]
INFO: [ app_init ] --END-- [ RunTime:0.000471s ]
INFO: [ app_begin ] --START--
INFO: Run Behavior\ReadHtmlCacheBehavior [ RunTime:0.000669s ]
INFO: [ app_begin ] --END-- [ RunTime:0.000690s ]
NOTIC: [2] Declaration of Wap\Controller\IndexController::Success() should be compatible with Think\Controller::success($message = '', $jumpUrl = '', $ajax = false) /data/home/hyu4950590001/htdocs/Application/Wap/Controller/IndexController.class.php 第 0 行.
NOTIC: [8] Undefined index: HTTPS /data/home/hyu4950590001/htdocs/Application/Common/Common/function.php 第 53 行.

[ 2018-11-05T03:57:58+08:00 ] 106.14.189.11 /index.php?m=Wap&c=Wechat&a=checkWechatLogin
INFO: [ app_init ] --START--
INFO: Run Behavior\BuildLiteBehavior [ RunTime:0.000011s ]
INFO: [ app_init ] --END-- [ RunTime:0.000446s ]
INFO: [ app_begin ] --START--
INFO: Run Behavior\ReadHtmlCacheBehavior [ RunTime:0.000660s ]
INFO: [ app_begin ] --END-- [ RunTime:0.000680s ]

[ 2018-11-05T04:51:14+08:00 ] 47.92.101.29 /
INFO: [ app_init ] --START--
INFO: Run Behavior\BuildLiteBehavior [ RunTime:0.000015s ]
INFO: [ app_init ] --END-- [ RunTime:0.000468s ]
INFO: [ app_begin ] --START--
INFO: Run Behavior\ReadHtmlCacheBehavior [ RunTime:0.000637s ]
INFO: [ app_begin ] --END-- [ RunTime:0.000658s ]
NOTIC: [2] Declaration of Wap\Controller\IndexController::Success() should be compatible with Think\Controller::success($message = '', $jumpUrl = '', $ajax = false) /data/home/hyu4950590001/htdocs/Application/Wap/Controller/IndexController.class.php 第 0 行.
NOTIC: [8] Undefined index: HTTPS /data/home/hyu4950590001/htdocs/Application/Common/Common/function.php 第 53 行.

[ 2018-11-05T04:51:14+08:00 ] 47.92.101.29 /index.php?m=Wap&c=Wechat&a=checkWechatLogin
INFO: [ app_init ] --START--
INFO: Run Behavior\BuildLiteBehavior [ RunTime:0.000012s ]
INFO: [ app_init ] --END-- [ RunTime:0.000443s ]
INFO: [ app_begin ] --START--
INFO: Run Behavior\ReadHtmlCacheBehavior [ RunTime:0.000641s ]
INFO: [ app_begin ] --END-- [ RunTime:0.000664s ]

[ 2018-11-05T05:31:51+08:00 ] 106.14.204.78 /
INFO: [ app_init ] --START--
INFO: Run Behavior\BuildLiteBehavior [ RunTime:0.000013s ]
INFO: [ app_init ] --END-- [ RunTime:0.000470s ]
INFO: [ app_begin ] --START--
INFO: Run Behavior\ReadHtmlCacheBehavior [ RunTime:0.000705s ]
INFO: [ app_begin ] --END-- [ RunTime:0.000730s ]
NOTIC: [2] Declaration of Wap\Controller\IndexController::Success() should be compatible with Think\Controller::success($message = '', $jumpUrl = '', $ajax = false) /data/home/hyu4950590001/htdocs/Application/Wap/Controller/IndexController.class.php 第 0 行.
NOTIC: [8] Undefined index: HTTPS /data/home/hyu4950590001/htdocs/Application/Common/Common/function.php 第 53 行.

[ 2018-11-05T05:31:51+08:00 ] 106.14.204.78 /index.php?m=Wap&c=Wechat&a=checkWechatLogin
INFO: [ app_init ] --START--
INFO: Run Behavior\BuildLiteBehavior [ RunTime:0.000013s ]
INFO: [ app_init ] --END-- [ RunTime:0.000460s ]
INFO: [ app_begin ] --START--
INFO: Run Behavior\ReadHtmlCacheBehavior [ RunTime:0.000668s ]
INFO: [ app_begin ] --END-- [ RunTime:0.000689s ]

[ 2018-11-05T05:37:49+08:00 ] 101.132.131.7 /
INFO: [ app_init ] --START--
INFO: Run Behavior\BuildLiteBehavior [ RunTime:0.000011s ]
INFO: [ app_init ] --END-- [ RunTime:0.000457s ]
INFO: [ app_begin ] --START--
INFO: Run Behavior\ReadHtmlCacheBehavior [ RunTime:0.000675s ]
INFO: [ app_begin ] --END-- [ RunTime:0.000698s ]
NOTIC: [2] Declaration of Wap\Controller\IndexController::Success() should be compatible with Think\Controller::success($message = '', $jumpUrl = '', $ajax = false) /data/home/hyu4950590001/htdocs/Application/Wap/Controller/IndexController.class.php 第 0 行.
NOTIC: [8] Undefined index: HTTPS /data/home/hyu4950590001/htdocs/Application/Common/Common/function.php 第 53 行.

[ 2018-11-05T05:37:49+08:00 ] 101.132.131.7 /index.php?m=Wap&c=Wechat&a=checkWechatLogin
INFO: [ app_init ] --START--
INFO: Run Behavior\BuildLiteBehavior [ RunTime:0.000011s ]
INFO: [ app_init ] --END-- [ RunTime:0.000457s ]
INFO: [ app_begin ] --START--
INFO: Run Behavior\ReadHtmlCacheBehavior [ RunTime:0.000665s ]
INFO: [ app_begin ] --END-- [ RunTime:0.000686s ]

[ 2018-11-05T05:53:24+08:00 ] 157.55.39.74 /
INFO: [ app_init ] --START--
INFO: Run Behavior\BuildLiteBehavior [ RunTime:0.000012s ]
INFO: [ app_init ] --END-- [ RunTime:0.000464s ]
INFO: [ app_begin ] --START--
INFO: Run Behavior\ReadHtmlCacheBehavior [ RunTime:0.000671s ]
INFO: [ app_begin ] --END-- [ RunTime:0.000698s ]
NOTIC: [2] Declaration of Wap\Controller\IndexController::Success() should be compatible with Think\Controller::success($message = '', $jumpUrl = '', $ajax = false) /data/home/hyu4950590001/htdocs/Application/Wap/Controller/IndexController.class.php 第 0 行.
NOTIC: [8] Undefined index: HTTPS /data/home/hyu4950590001/htdocs/Application/Common/Common/function.php 第 53 行.

[ 2018-11-05T05:53:25+08:00 ] 157.55.39.74 /index.php?m=Wap&c=Wechat&a=checkWechatLogin
INFO: [ app_init ] --START--
INFO: Run Behavior\BuildLiteBehavior [ RunTime:0.000011s ]
INFO: [ app_init ] --END-- [ RunTime:0.000467s ]
INFO: [ app_begin ] --START--
INFO: Run Behavior\ReadHtmlCacheBehavior [ RunTime:0.000623s ]
INFO: [ app_begin ] --END-- [ RunTime:0.000644s ]

[ 2018-11-05T06:59:42+08:00 ] 47.92.98.236 /
INFO: [ app_init ] --START--
INFO: Run Behavior\BuildLiteBehavior [ RunTime:0.000011s ]
INFO: [ app_init ] --END-- [ RunTime:0.000448s ]
INFO: [ app_begin ] --START--
INFO: Run Behavior\ReadHtmlCacheBehavior [ RunTime:0.000665s ]
INFO: [ app_begin ] --END-- [ RunTime:0.000686s ]
NOTIC: [2] Declaration of Wap\Controller\IndexController::Success() should be compatible with Think\Controller::success($message = '', $jumpUrl = '', $ajax = false) /data/home/hyu4950590001/htdocs/Application/Wap/Controller/IndexController.class.php 第 0 行.
NOTIC: [8] Undefined index: HTTPS /data/home/hyu4950590001/htdocs/Application/Common/Common/function.php 第 53 行.

[ 2018-11-05T06:59:43+08:00 ] 47.92.98.236 /index.php?m=Wap&c=Wechat&a=checkWechatLogin
INFO: [ app_init ] --START--
INFO: Run Behavior\BuildLiteBehavior [ RunTime:0.000011s ]
INFO: [ app_init ] --END-- [ RunTime:0.000553s ]
INFO: [ app_begin ] --START--
INFO: Run Behavior\ReadHtmlCacheBehavior [ RunTime:0.000923s ]
INFO: [ app_begin ] --END-- [ RunTime:0.000952s ]

[ 2018-11-05T08:17:34+08:00 ] 203.208.60.35 /
INFO: [ app_init ] --START--
INFO: Run Behavior\BuildLiteBehavior [ RunTime:0.000012s ]
INFO: [ app_init ] --END-- [ RunTime:0.000507s ]
INFO: [ app_begin ] --START--
INFO: Run Behavior\ReadHtmlCacheBehavior [ RunTime:0.000641s ]
INFO: [ app_begin ] --END-- [ RunTime:0.000663s ]
NOTIC: [2] Declaration of Wap\Controller\IndexController::Success() should be compatible with Think\Controller::success($message = '', $jumpUrl = '', $ajax = false) /data/home/hyu4950590001/htdocs/Application/Wap/Controller/IndexController.class.php 第 0 行.
NOTIC: [8] Undefined index: HTTPS /data/home/hyu4950590001/htdocs/Application/Common/Common/function.php 第 53 行.

[ 2018-11-05T08:17:35+08:00 ] 203.208.60.94 /index.php?m=Wap&c=Wechat&a=checkWechatLogin
INFO: [ app_init ] --START--
INFO: Run Behavior\BuildLiteBehavior [ RunTime:0.000011s ]
INFO: [ app_init ] --END-- [ RunTime:0.000446s ]
INFO: [ app_begin ] --START--
INFO: Run Behavior\ReadHtmlCacheBehavior [ RunTime:0.000667s ]
INFO: [ app_begin ] --END-- [ RunTime:0.000688s ]

[ 2018-11-05T08:46:52+08:00 ] 47.97.215.92 /
INFO: [ app_init ] --START--
INFO: Run Behavior\BuildLiteBehavior [ RunTime:0.000012s ]
INFO: [ app_init ] --END-- [ RunTime:0.000457s ]
INFO: [ app_begin ] --START--
INFO: Run Behavior\ReadHtmlCacheBehavior [ RunTime:0.000644s ]
INFO: [ app_begin ] --END-- [ RunTime:0.000665s ]
NOTIC: [2] Declaration of Wap\Controller\IndexController::Success() should be compatible with Think\Controller::success($message = '', $jumpUrl = '', $ajax = false) /data/home/hyu4950590001/htdocs/Application/Wap/Controller/IndexController.class.php 第 0 行.
NOTIC: [8] Undefined index: HTTPS /data/home/hyu4950590001/htdocs/Application/Common/Common/function.php 第 53 行.

[ 2018-11-05T08:46:52+08:00 ] 47.97.215.92 /index.php?m=Wap&c=Wechat&a=checkWechatLogin
INFO: [ app_init ] --START--
INFO: Run Behavior\BuildLiteBehavior [ RunTime:0.000012s ]
INFO: [ app_init ] --END-- [ RunTime:0.000443s ]
INFO: [ app_begin ] --START--
INFO: Run Behavior\ReadHtmlCacheBehavior [ RunTime:0.000638s ]
INFO: [ app_begin ] --END-- [ RunTime:0.000659s ]

[ 2018-11-05T09:34:17+08:00 ] 113.67.157.116 /index.php?m=Wap&c=Index&a=zhibo&sessionid=19a710c5dfeedd7e36f1598acaa04a0e&num=10
INFO: [ app_init ] --START--
INFO: Run Behavior\BuildLiteBehavior [ RunTime:0.000011s ]
INFO: [ app_init ] --END-- [ RunTime:0.000454s ]
INFO: [ app_begin ] --START--
INFO: Run Behavior\ReadHtmlCacheBehavior [ RunTime:0.000634s ]
INFO: [ app_begin ] --END-- [ RunTime:0.000655s ]
NOTIC: [2] Declaration of Wap\Controller\IndexController::Success() should be compatible with Think\Controller::success($message = '', $jumpUrl = '', $ajax = false) /data/home/hyu4950590001/htdocs/Application/Wap/Controller/IndexController.class.php 第 0 行.
NOTIC: [8] Undefined index: HTTPS /data/home/hyu4950590001/htdocs/Application/Common/Common/function.php 第 53 行.

[ 2018-11-05T09:34:17+08:00 ] 113.67.157.116 /index.php?m=Wap&c=Wechat&a=checkWechatLogin
INFO: [ app_init ] --START--
INFO: Run Behavior\BuildLiteBehavior [ RunTime:0.000011s ]
INFO: [ app_init ] --END-- [ RunTime:0.000458s ]
INFO: [ app_begin ] --START--
INFO: Run Behavior\ReadHtmlCacheBehavior [ RunTime:0.000641s ]
INFO: [ app_begin ] --END-- [ RunTime:0.000663s ]

[ 2018-11-05T09:34:18+08:00 ] 113.67.157.116 /index.php?a=getCodeBase&c=Wechat&m=Wap&code=061y08lx0GxE3i1U7Ukx0Ebdlx0y08lJ&state=STATE
INFO: [ app_init ] --START--
INFO: Run Behavior\BuildLiteBehavior [ RunTime:0.000013s ]
INFO: [ app_init ] --END-- [ RunTime:0.000480s ]
INFO: [ app_begin ] --START--
INFO: Run Behavior\ReadHtmlCacheBehavior [ RunTime:0.000658s ]
INFO: [ app_begin ] --END-- [ RunTime:0.000680s ]
SQL: SHOW COLUMNS FROM `qun_user` [ RunTime:0.0017s ]
SQL: SELECT * FROM `qun_user` WHERE `user_openid` = 'oPnp0xNw3MQ3cYI5FvF7bLkegAsI' LIMIT 1   [ RunTime:0.0011s ]
SQL: UPDATE `qun_user` SET `user_lasttime`='2018-11-05 09:34:18',`user_ip`='113.67.157.116' WHERE `user_id` = 105 [ RunTime:0.0011s ]

[ 2018-11-05T09:34:18+08:00 ] 113.67.157.116 /index.php?m=Wap&c=Index&a=zhibo&sessionid=19a710c5dfeedd7e36f1598acaa04a0e&num=10
INFO: [ app_init ] --START--
INFO: Run Behavior\BuildLiteBehavior [ RunTime:0.000012s ]
INFO: [ app_init ] --END-- [ RunTime:0.000491s ]
INFO: [ app_begin ] --START--
INFO: Run Behavior\ReadHtmlCacheBehavior [ RunTime:0.000652s ]
INFO: [ app_begin ] --END-- [ RunTime:0.000674s ]
NOTIC: [2] Declaration of Wap\Controller\IndexController::Success() should be compatible with Think\Controller::success($message = '', $jumpUrl = '', $ajax = false) /data/home/hyu4950590001/htdocs/Application/Wap/Controller/IndexController.class.php 第 0 行.
NOTIC: [8] Undefined index: HTTPS /data/home/hyu4950590001/htdocs/Application/Common/Common/function.php 第 53 行.
INFO: [ view_parse ] --START--
INFO: [ template_filter ] --START--
INFO: Run Behavior\ContentReplaceBehavior [ RunTime:0.000820s ]
INFO: [ template_filter ] --END-- [ RunTime:0.000866s ]
INFO: Run Behavior\ParseTemplateBehavior [ RunTime:0.015747s ]
INFO: [ view_parse ] --END-- [ RunTime:0.015796s ]
INFO: [ view_filter ] --START--
INFO: Run Behavior\WriteHtmlCacheBehavior [ RunTime:0.000249s ]
INFO: [ view_filter ] --END-- [ RunTime:0.000266s ]
INFO: [ app_end ] --START--
INFO: Run Behavior\ShowPageTraceBehavior [ RunTime:0.000673s ]
INFO: [ app_end ] --END-- [ RunTime:0.000696s ]

[ 2018-11-05T09:41:38+08:00 ] 113.67.157.116 /index.php?m=Wap&c=Index&a=zhibo&sessionid=19a710c5dfeedd7e36f1598acaa04a0e&num=10
INFO: [ app_init ] --START--
INFO: Run Behavior\BuildLiteBehavior [ RunTime:0.000014s ]
INFO: [ app_init ] --END-- [ RunTime:0.000511s ]
INFO: [ app_begin ] --START--
INFO: Run Behavior\ReadHtmlCacheBehavior [ RunTime:0.006735s ]
INFO: [ app_begin ] --END-- [ RunTime:0.006762s ]
NOTIC: [2] Declaration of Wap\Controller\IndexController::Success() should be compatible with Think\Controller::success($message = '', $jumpUrl = '', $ajax = false) /data/home/hyu4950590001/htdocs/Application/Wap/Controller/IndexController.class.php 第 0 行.
NOTIC: [8] Undefined index: HTTPS /data/home/hyu4950590001/htdocs/Application/Common/Common/function.php 第 53 行.
INFO: [ view_parse ] --START--
INFO: [ template_filter ] --START--
INFO: Run Behavior\ContentReplaceBehavior [ RunTime:0.000052s ]
INFO: [ template_filter ] --END-- [ RunTime:0.000085s ]
INFO: Run Behavior\ParseTemplateBehavior [ RunTime:0.022883s ]
INFO: [ view_parse ] --END-- [ RunTime:0.022911s ]
INFO: [ view_filter ] --START--
INFO: Run Behavior\WriteHtmlCacheBehavior [ RunTime:0.000267s ]
INFO: [ view_filter ] --END-- [ RunTime:0.000284s ]
INFO: [ app_end ] --START--
INFO: Run Behavior\ShowPageTraceBehavior [ RunTime:0.000761s ]
INFO: [ app_end ] --END-- [ RunTime:0.000793s ]

[ 2018-11-05T09:41:39+08:00 ] 113.67.157.116 /index.php?m=Wap&c=Index&a=zhibo&sessionid=19a710c5dfeedd7e36f1598acaa04a0e&num=10
INFO: [ app_init ] --START--
INFO: Run Behavior\BuildLiteBehavior [ RunTime:0.000010s ]
INFO: [ app_init ] --END-- [ RunTime:0.000499s ]
INFO: [ app_begin ] --START--
INFO: Run Behavior\ReadHtmlCacheBehavior [ RunTime:0.006709s ]
INFO: [ app_begin ] --END-- [ RunTime:0.006732s ]
NOTIC: [2] Declaration of Wap\Controller\IndexController::Success() should be compatible with Think\Controller::success($message = '', $jumpUrl = '', $ajax = false) /data/home/hyu4950590001/htdocs/Application/Wap/Controller/IndexController.class.php 第 0 行.
NOTIC: [8] Undefined index: HTTPS /data/home/hyu4950590001/htdocs/Application/Common/Common/function.php 第 53 行.
INFO: [ view_parse ] --START--
INFO: [ template_filter ] --START--
INFO: Run Behavior\ContentReplaceBehavior [ RunTime:0.000050s ]
INFO: [ template_filter ] --END-- [ RunTime:0.000083s ]
INFO: Run Behavior\ParseTemplateBehavior [ RunTime:0.025182s ]
INFO: [ view_parse ] --END-- [ RunTime:0.025209s ]
INFO: [ view_filter ] --START--
INFO: Run Behavior\WriteHtmlCacheBehavior [ RunTime:0.000317s ]
INFO: [ view_filter ] --END-- [ RunTime:0.000333s ]
INFO: [ app_end ] --START--
INFO: Run Behavior\ShowPageTraceBehavior [ RunTime:0.000695s ]
INFO: [ app_end ] --END-- [ RunTime:0.000716s ]

[ 2018-11-05T09:41:41+08:00 ] 113.67.157.116 /index.php?m=Wap&c=Index&a=zhibo&sessionid=19a710c5dfeedd7e36f1598acaa04a0e&num=10
INFO: [ app_init ] --START--
INFO: Run Behavior\BuildLiteBehavior [ RunTime:0.000014s ]
INFO: [ app_init ] --END-- [ RunTime:0.004029s ]
INFO: [ app_begin ] --START--
INFO: Run Behavior\ReadHtmlCacheBehavior [ RunTime:0.000682s ]
INFO: [ app_begin ] --END-- [ RunTime:0.000705s ]
NOTIC: [2] Declaration of Wap\Controller\IndexController::Success() should be compatible with Think\Controller::success($message = '', $jumpUrl = '', $ajax = false) /data/home/hyu4950590001/htdocs/Application/Wap/Controller/IndexController.class.php 第 0 行.
NOTIC: [8] Undefined index: HTTPS /data/home/hyu4950590001/htdocs/Application/Common/Common/function.php 第 53 行.
INFO: [ view_parse ] --START--
INFO: [ template_filter ] --START--
INFO: Run Behavior\ContentReplaceBehavior [ RunTime:0.000063s ]
INFO: [ template_filter ] --END-- [ RunTime:0.000106s ]
INFO: Run Behavior\ParseTemplateBehavior [ RunTime:0.018695s ]
INFO: [ view_parse ] --END-- [ RunTime:0.018724s ]
INFO: [ view_filter ] --START--
INFO: Run Behavior\WriteHtmlCacheBehavior [ RunTime:0.000242s ]
INFO: [ view_filter ] --END-- [ RunTime:0.000257s ]
INFO: [ app_end ] --START--
INFO: Run Behavior\ShowPageTraceBehavior [ RunTime:0.000682s ]
INFO: [ app_end ] --END-- [ RunTime:0.000703s ]

[ 2018-11-05T09:55:23+08:00 ] 111.206.36.136 /index.php?m=Wap&c=Index&a=zhibo&sessionid=19a710c5dfeedd7e36f1598acaa04a0e&num=10
INFO: [ app_init ] --START--
INFO: Run Behavior\BuildLiteBehavior [ RunTime:0.000011s ]
INFO: [ app_init ] --END-- [ RunTime:0.000450s ]
INFO: [ app_begin ] --START--
INFO: Run Behavior\ReadHtmlCacheBehavior [ RunTime:0.000648s ]
INFO: [ app_begin ] --END-- [ RunTime:0.000668s ]
NOTIC: [2] Declaration of Wap\Controller\IndexController::Success() should be compatible with Think\Controller::success($message = '', $jumpUrl = '', $ajax = false) /data/home/hyu4950590001/htdocs/Application/Wap/Controller/IndexController.class.php 第 0 行.
NOTIC: [8] Undefined index: HTTPS /data/home/hyu4950590001/htdocs/Application/Common/Common/function.php 第 53 行.

[ 2018-11-05T09:55:23+08:00 ] 111.206.36.136 /index.php?m=Wap&c=Wechat&a=checkWechatLogin
INFO: [ app_init ] --START--
INFO: Run Behavior\BuildLiteBehavior [ RunTime:0.000010s ]
INFO: [ app_init ] --END-- [ RunTime:0.000449s ]
INFO: [ app_begin ] --START--
INFO: Run Behavior\ReadHtmlCacheBehavior [ RunTime:0.000631s ]
INFO: [ app_begin ] --END-- [ RunTime:0.000652s ]

[ 2018-11-05T12:56:43+08:00 ] 183.136.190.62 /
INFO: [ app_init ] --START--
INFO: Run Behavior\BuildLiteBehavior [ RunTime:0.000012s ]
INFO: [ app_init ] --END-- [ RunTime:0.000496s ]
INFO: [ app_begin ] --START--
INFO: Run Behavior\ReadHtmlCacheBehavior [ RunTime:0.000676s ]
INFO: [ app_begin ] --END-- [ RunTime:0.000697s ]
NOTIC: [2] Declaration of Wap\Controller\IndexController::Success() should be compatible with Think\Controller::success($message = '', $jumpUrl = '', $ajax = false) /data/home/hyu4950590001/htdocs/Application/Wap/Controller/IndexController.class.php 第 0 行.
NOTIC: [8] Undefined index: HTTPS /data/home/hyu4950590001/htdocs/Application/Common/Common/function.php 第 53 行.

[ 2018-11-05T16:57:47+08:00 ] 113.67.157.116 /index.php?m=Wap&c=Index&a=zhibo&sessionid=19a710c5dfeedd7e36f1598acaa04a0e&num=10
INFO: [ app_init ] --START--
INFO: Run Behavior\BuildLiteBehavior [ RunTime:0.000016s ]
INFO: [ app_init ] --END-- [ RunTime:0.000487s ]
INFO: [ app_begin ] --START--
INFO: Run Behavior\ReadHtmlCacheBehavior [ RunTime:0.000653s ]
INFO: [ app_begin ] --END-- [ RunTime:0.000675s ]
NOTIC: [2] Declaration of Wap\Controller\IndexController::Success() should be compatible with Think\Controller::success($message = '', $jumpUrl = '', $ajax = false) /data/home/hyu4950590001/htdocs/Application/Wap/Controller/IndexController.class.php 第 0 行.
NOTIC: [8] Undefined index: HTTPS /data/home/hyu4950590001/htdocs/Application/Common/Common/function.php 第 53 行.
INFO: [ view_parse ] --START--
INFO: [ template_filter ] --START--
INFO: Run Behavior\ContentReplaceBehavior [ RunTime:0.000052s ]
INFO: [ template_filter ] --END-- [ RunTime:0.000087s ]
INFO: Run Behavior\ParseTemplateBehavior [ RunTime:0.010080s ]
INFO: [ view_parse ] --END-- [ RunTime:0.010109s ]
INFO: [ view_filter ] --START--
INFO: Run Behavior\WriteHtmlCacheBehavior [ RunTime:0.000230s ]
INFO: [ view_filter ] --END-- [ RunTime:0.000245s ]
INFO: [ app_end ] --START--
INFO: Run Behavior\ShowPageTraceBehavior [ RunTime:0.000650s ]
INFO: [ app_end ] --END-- [ RunTime:0.000673s ]

[ 2018-11-05T17:24:55+08:00 ] 222.85.224.133 /
INFO: [ app_init ] --START--
INFO: Run Behavior\BuildLiteBehavior [ RunTime:0.000009s ]
INFO: [ app_init ] --END-- [ RunTime:0.000490s ]
INFO: [ app_begin ] --START--
INFO: Run Behavior\ReadHtmlCacheBehavior [ RunTime:0.000669s ]
INFO: [ app_begin ] --END-- [ RunTime:0.000705s ]
NOTIC: [2] Declaration of Wap\Controller\IndexController::Success() should be compatible with Think\Controller::success($message = '', $jumpUrl = '', $ajax = false) /data/home/hyu4950590001/htdocs/Application/Wap/Controller/IndexController.class.php 第 0 行.
NOTIC: [8] Undefined index: HTTPS /data/home/hyu4950590001/htdocs/Application/Common/Common/function.php 第 53 行.

[ 2018-11-05T17:24:55+08:00 ] 222.85.224.133 /
INFO: [ app_init ] --START--
INFO: Run Behavior\BuildLiteBehavior [ RunTime:0.000010s ]
INFO: [ app_init ] --END-- [ RunTime:0.000468s ]
INFO: [ app_begin ] --START--
INFO: Run Behavior\ReadHtmlCacheBehavior [ RunTime:0.003650s ]
INFO: [ app_begin ] --END-- [ RunTime:0.003675s ]
NOTIC: [2] Declaration of Wap\Controller\IndexController::Success() should be compatible with Think\Controller::success($message = '', $jumpUrl = '', $ajax = false) /data/home/hyu4950590001/htdocs/Application/Wap/Controller/IndexController.class.php 第 0 行.
NOTIC: [8] Undefined index: HTTPS /data/home/hyu4950590001/htdocs/Application/Common/Common/function.php 第 53 行.

[ 2018-11-05T17:24:56+08:00 ] 222.85.224.133 /index.php?m=Wap&c=Wechat&a=checkWechatLogin
INFO: [ app_init ] --START--
INFO: Run Behavior\BuildLiteBehavior [ RunTime:0.000011s ]
INFO: [ app_init ] --END-- [ RunTime:0.000448s ]
INFO: [ app_begin ] --START--
INFO: Run Behavior\ReadHtmlCacheBehavior [ RunTime:0.000633s ]
INFO: [ app_begin ] --END-- [ RunTime:0.000653s ]

[ 2018-11-05T17:24:56+08:00 ] 222.85.224.133 /index.php?m=Wap&c=Wechat&a=checkWechatLogin
INFO: [ app_init ] --START--
INFO: Run Behavior\BuildLiteBehavior [ RunTime:0.000009s ]
INFO: [ app_init ] --END-- [ RunTime:0.000445s ]
INFO: [ app_begin ] --START--
INFO: Run Behavior\ReadHtmlCacheBehavior [ RunTime:0.000633s ]
INFO: [ app_begin ] --END-- [ RunTime:0.000655s ]

[ 2018-11-05T18:07:39+08:00 ] 110.87.78.56 /index.php?m=Wap&c=Index&a=index&id=1
INFO: [ app_init ] --START--
INFO: Run Behavior\BuildLiteBehavior [ RunTime:0.000012s ]
INFO: [ app_init ] --END-- [ RunTime:0.000493s ]
INFO: [ app_begin ] --START--
INFO: Run Behavior\ReadHtmlCacheBehavior [ RunTime:0.000873s ]
INFO: [ app_begin ] --END-- [ RunTime:0.000897s ]
NOTIC: [2] Declaration of Wap\Controller\IndexController::Success() should be compatible with Think\Controller::success($message = '', $jumpUrl = '', $ajax = false) /data/home/hyu4950590001/htdocs/Application/Wap/Controller/IndexController.class.php 第 0 行.
NOTIC: [8] Undefined index: HTTPS /data/home/hyu4950590001/htdocs/Application/Common/Common/function.php 第 53 行.

[ 2018-11-05T18:07:39+08:00 ] 110.87.78.56 /index.php?m=Wap&c=Wechat&a=checkWechatLogin
INFO: [ app_init ] --START--
INFO: Run Behavior\BuildLiteBehavior [ RunTime:0.000012s ]
INFO: [ app_init ] --END-- [ RunTime:0.000502s ]
INFO: [ app_begin ] --START--
INFO: Run Behavior\ReadHtmlCacheBehavior [ RunTime:0.000768s ]
INFO: [ app_begin ] --END-- [ RunTime:0.000790s ]

[ 2018-11-05T18:07:39+08:00 ] 140.207.54.80 /index.php?m=Wap&c=WechatAuto&a=valid&signature=06b69396d7d905765a7a6a016ff5521067403df8&timestamp=1541412459&nonce=913792902&openid=oPnp0xFCKuXoTC3RpH0f2w4bEmaY
INFO: [ app_init ] --START--
INFO: Run Behavior\BuildLiteBehavior [ RunTime:0.000012s ]
INFO: [ app_init ] --END-- [ RunTime:0.000467s ]
INFO: [ app_begin ] --START--
INFO: Run Behavior\ReadHtmlCacheBehavior [ RunTime:0.000650s ]
INFO: [ app_begin ] --END-- [ RunTime:0.000673s ]
NOTIC: [8] Undefined variable: resultStr /data/home/hyu4950590001/htdocs/Application/Wap/Controller/WechatAutoController.class.php 第 88 行.

[ 2018-11-05T18:07:40+08:00 ] 110.87.78.56 /index.php?a=getCodeBase&c=Wechat&m=Wap&code=021EK1xb2DmMNO05Asxb2Ewixb2EK1xl&state=STATE
INFO: [ app_init ] --START--
INFO: Run Behavior\BuildLiteBehavior [ RunTime:0.000012s ]
INFO: [ app_init ] --END-- [ RunTime:0.000455s ]
INFO: [ app_begin ] --START--
INFO: Run Behavior\ReadHtmlCacheBehavior [ RunTime:0.000646s ]
INFO: [ app_begin ] --END-- [ RunTime:0.000666s ]
SQL: SHOW COLUMNS FROM `qun_user` [ RunTime:0.0018s ]
SQL: SELECT * FROM `qun_user` WHERE `user_openid` = 'oPnp0xFCKuXoTC3RpH0f2w4bEmaY' LIMIT 1   [ RunTime:0.0012s ]
SQL: UPDATE `qun_user` SET `user_lasttime`='2018-11-05 18:07:40',`user_ip`='110.87.78.56' WHERE `user_id` = 113 [ RunTime:0.0011s ]

[ 2018-11-05T18:07:41+08:00 ] 110.87.78.56 /index.php?m=Wap&c=Index&a=index&id=1
INFO: [ app_init ] --START--
INFO: Run Behavior\BuildLiteBehavior [ RunTime:0.000012s ]
INFO: [ app_init ] --END-- [ RunTime:0.000466s ]
INFO: [ app_begin ] --START--
INFO: Run Behavior\ReadHtmlCacheBehavior [ RunTime:0.000678s ]
INFO: [ app_begin ] --END-- [ RunTime:0.000699s ]
NOTIC: [2] Declaration of Wap\Controller\IndexController::Success() should be compatible with Think\Controller::success($message = '', $jumpUrl = '', $ajax = false) /data/home/hyu4950590001/htdocs/Application/Wap/Controller/IndexController.class.php 第 0 行.
NOTIC: [8] Undefined index: HTTPS /data/home/hyu4950590001/htdocs/Application/Common/Common/function.php 第 53 行.
NOTIC: [8] Undefined index: HTTPS /data/home/hyu4950590001/htdocs/Application/Common/Common/function.php 第 53 行.
NOTIC: [8] Trying to get property of non-object /data/home/hyu4950590001/htdocs/Application/Wap/Controller/WechatController.class.php 第 243 行.
SQL: SHOW COLUMNS FROM `qun_sys` [ RunTime:0.0017s ]
SQL: SELECT * FROM `qun_sys` WHERE `sys_id` = 1 LIMIT 1   [ RunTime:0.0014s ]
SQL: SHOW COLUMNS FROM `qun_group` [ RunTime:0.0014s ]
SQL: SELECT * FROM `qun_group` WHERE `group_state` = 1 AND `type` = 1  [ RunTime:0.0013s ]
SQL: SELECT * FROM `qun_group` WHERE `group_state` = 1 AND `type` = 2  [ RunTime:0.0012s ]
INFO: [ view_parse ] --START--
INFO: [ template_filter ] --START--
INFO: Run Behavior\ContentReplaceBehavior [ RunTime:0.000054s ]
INFO: [ template_filter ] --END-- [ RunTime:0.000076s ]
NOTIC: [8] Undefined variable: vip /data/home/hyu4950590001/htdocs/Application/Runtime/Cache/Wap/72ce0aa59ea099606b7d8fd91a906396.php 第 180 行.
INFO: Run Behavior\ParseTemplateBehavior [ RunTime:0.010218s ]
INFO: [ view_parse ] --END-- [ RunTime:0.010235s ]
INFO: [ view_filter ] --START--
INFO: Run Behavior\WriteHtmlCacheBehavior [ RunTime:0.000231s ]
INFO: [ view_filter ] --END-- [ RunTime:0.000247s ]
INFO: [ app_end ] --START--
INFO: Run Behavior\ShowPageTraceBehavior [ RunTime:0.000627s ]
INFO: [ app_end ] --END-- [ RunTime:0.000649s ]

[ 2018-11-05T18:07:48+08:00 ] 140.207.54.80 /index.php?m=Wap&c=WechatAuto&a=valid&signature=4439456c75a351d3cf59904f6adde94cd0aadb48&timestamp=1541412467&nonce=1977042943&openid=oPnp0xFCKuXoTC3RpH0f2w4bEmaY
INFO: [ app_init ] --START--
INFO: Run Behavior\BuildLiteBehavior [ RunTime:0.000012s ]
INFO: [ app_init ] --END-- [ RunTime:0.000466s ]
INFO: [ app_begin ] --START--
INFO: Run Behavior\ReadHtmlCacheBehavior [ RunTime:0.000653s ]
INFO: [ app_begin ] --END-- [ RunTime:0.000675s ]
NOTIC: [8] Undefined variable: resultStr /data/home/hyu4950590001/htdocs/Application/Wap/Controller/WechatAutoController.class.php 第 88 行.

[ 2018-11-05T18:07:49+08:00 ] 110.87.78.56 /index.php?m=Wap&c=Index&a=Success
INFO: [ app_init ] --START--
INFO: Run Behavior\BuildLiteBehavior [ RunTime:0.000012s ]
INFO: [ app_init ] --END-- [ RunTime:0.000445s ]
INFO: [ app_begin ] --START--
INFO: Run Behavior\ReadHtmlCacheBehavior [ RunTime:0.000623s ]
INFO: [ app_begin ] --END-- [ RunTime:0.000656s ]
NOTIC: [2] Declaration of Wap\Controller\IndexController::Success() should be compatible with Think\Controller::success($message = '', $jumpUrl = '', $ajax = false) /data/home/hyu4950590001/htdocs/Application/Wap/Controller/IndexController.class.php 第 0 行.
NOTIC: [8] Undefined index: HTTPS /data/home/hyu4950590001/htdocs/Application/Common/Common/function.php 第 53 行.
SQL: SHOW COLUMNS FROM `qun_order` [ RunTime:0.0019s ]
SQL: SELECT * FROM `qun_order` WHERE `is_pay` = 1 AND `order_createtime` > '2018-11-04 18:07:49' AND `user_id` = 113 LIMIT 1   [ RunTime:0.0017s ]
INFO: [ view_parse ] --START--
INFO: [ template_filter ] --START--
INFO: Run Behavior\ContentReplaceBehavior [ RunTime:0.000046s ]
INFO: [ template_filter ] --END-- [ RunTime:0.000068s ]
NOTIC: [8] Undefined variable: order /data/home/hyu4950590001/htdocs/Application/Runtime/Cache/Wap/74daccf2afda44b6b4c14c41e821b2dd.php 第 16 行.
NOTIC: [8] Undefined variable: order /data/home/hyu4950590001/htdocs/Application/Runtime/Cache/Wap/74daccf2afda44b6b4c14c41e821b2dd.php 第 21 行.
NOTIC: [8] Undefined variable: order /data/home/hyu4950590001/htdocs/Application/Runtime/Cache/Wap/74daccf2afda44b6b4c14c41e821b2dd.php 第 35 行.
NOTIC: [8] Undefined variable: order /data/home/hyu4950590001/htdocs/Application/Runtime/Cache/Wap/74daccf2afda44b6b4c14c41e821b2dd.php 第 44 行.
NOTIC: [8] Undefined variable: order /data/home/hyu4950590001/htdocs/Application/Runtime/Cache/Wap/74daccf2afda44b6b4c14c41e821b2dd.php 第 55 行.
NOTIC: [8] Undefined variable: order /data/home/hyu4950590001/htdocs/Application/Runtime/Cache/Wap/74daccf2afda44b6b4c14c41e821b2dd.php 第 60 行.
NOTIC: [8] Undefined variable: sys /data/home/hyu4950590001/htdocs/Application/Runtime/Cache/Wap/74daccf2afda44b6b4c14c41e821b2dd.php 第 63 行.
NOTIC: [8] Undefined variable: sys /data/home/hyu4950590001/htdocs/Application/Runtime/Cache/Wap/74daccf2afda44b6b4c14c41e821b2dd.php 第 63 行.
NOTIC: [8] Undefined variable: order /data/home/hyu4950590001/htdocs/Application/Runtime/Cache/Wap/74daccf2afda44b6b4c14c41e821b2dd.php 第 77 行.
NOTIC: [8] Undefined variable: order /data/home/hyu4950590001/htdocs/Application/Runtime/Cache/Wap/74daccf2afda44b6b4c14c41e821b2dd.php 第 87 行.
INFO: Run Behavior\ParseTemplateBehavior [ RunTime:0.009084s ]
INFO: [ view_parse ] --END-- [ RunTime:0.009105s ]
INFO: [ view_filter ] --START--
INFO: Run Behavior\WriteHtmlCacheBehavior [ RunTime:0.000253s ]
INFO: [ view_filter ] --END-- [ RunTime:0.000268s ]
INFO: [ app_end ] --START--
INFO: Run Behavior\ShowPageTraceBehavior [ RunTime:0.000659s ]
INFO: [ app_end ] --END-- [ RunTime:0.000678s ]

[ 2018-11-05T18:07:53+08:00 ] 110.87.78.56 /index.php?m=Wap&c=Index&a=myorder
INFO: [ app_init ] --START--
INFO: Run Behavior\BuildLiteBehavior [ RunTime:0.000012s ]
INFO: [ app_init ] --END-- [ RunTime:0.000493s ]
INFO: [ app_begin ] --START--
INFO: Run Behavior\ReadHtmlCacheBehavior [ RunTime:0.000679s ]
INFO: [ app_begin ] --END-- [ RunTime:0.000701s ]
NOTIC: [2] Declaration of Wap\Controller\IndexController::Success() should be compatible with Think\Controller::success($message = '', $jumpUrl = '', $ajax = false) /data/home/hyu4950590001/htdocs/Application/Wap/Controller/IndexController.class.php 第 0 行.
NOTIC: [8] Undefined index: HTTPS /data/home/hyu4950590001/htdocs/Application/Common/Common/function.php 第 53 行.
NOTIC: [8] Undefined index: HTTPS /data/home/hyu4950590001/htdocs/Application/Common/Common/function.php 第 53 行.
SQL: SHOW COLUMNS FROM `qun_order` [ RunTime:0.0017s ]
SQL: SELECT * FROM `qun_order` WHERE `user_id` = 113 AND `is_pay` = 1 ORDER BY order_createtime desc  [ RunTime:0.0014s ]
SQL: SHOW COLUMNS FROM `qun_sys` [ RunTime:0.0013s ]
SQL: SELECT * FROM `qun_sys` WHERE `sys_id` = 1 LIMIT 1   [ RunTime:0.0013s ]
SQL: SHOW COLUMNS FROM `qun_kefu` [ RunTime:0.0014s ]
SQL: SELECT * FROM `qun_kefu` WHERE `kefu_id` = 179 LIMIT 1   [ RunTime:0.0013s ]
SQL: SELECT * FROM `qun_kefu` WHERE `kefu_id` = 180 LIMIT 1   [ RunTime:0.0011s ]
SQL: SELECT * FROM `qun_kefu` WHERE `kefu_id` = 181 LIMIT 1   [ RunTime:0.0011s ]
SQL: SELECT * FROM `qun_kefu` WHERE `kefu_id` = 182 LIMIT 1   [ RunTime:0.0014s ]
SQL: SELECT * FROM `qun_kefu` WHERE `kefu_id` = 179 LIMIT 1   [ RunTime:0.0010s ]
SQL: SELECT * FROM `qun_kefu` WHERE `kefu_id` = null LIMIT 1   [ RunTime:0.0010s ]
SQL: SELECT * FROM `qun_kefu` WHERE `kefu_id` = 173 LIMIT 1   [ RunTime:0.0011s ]
SQL: SELECT * FROM `qun_kefu` WHERE `kefu_id` = 174 LIMIT 1   [ RunTime:0.0012s ]
SQL: SELECT * FROM `qun_kefu` WHERE `kefu_id` = 175 LIMIT 1   [ RunTime:0.0011s ]
SQL: SELECT * FROM `qun_kefu` WHERE `kefu_id` = 176 LIMIT 1   [ RunTime:0.0012s ]
SQL: SELECT * FROM `qun_kefu` WHERE `kefu_id` = 173 LIMIT 1   [ RunTime:0.0010s ]
SQL: SELECT * FROM `qun_kefu` WHERE `kefu_id` = null LIMIT 1   [ RunTime:0.0011s ]
SQL: SELECT * FROM `qun_kefu` WHERE `kefu_id` = 24 LIMIT 1   [ RunTime:0.0011s ]
SQL: SELECT * FROM `qun_kefu` WHERE `kefu_id` = 28 LIMIT 1   [ RunTime:0.0011s ]
SQL: SELECT * FROM `qun_kefu` WHERE `kefu_id` = 21 LIMIT 1   [ RunTime:0.0011s ]
SQL: SELECT * FROM `qun_kefu` WHERE `kefu_id` = 24 LIMIT 1   [ RunTime:0.0010s ]
SQL: SELECT * FROM `qun_kefu` WHERE `kefu_id` = 21 LIMIT 1   [ RunTime:0.0010s ]
SQL: SELECT * FROM `qun_kefu` WHERE `kefu_id` = 21 LIMIT 1   [ RunTime:0.0011s ]
SQL: SELECT * FROM `qun_kefu` WHERE `kefu_id` = null LIMIT 1   [ RunTime:0.0011s ]
SQL: SELECT * FROM `qun_kefu` WHERE `kefu_id` = null LIMIT 1   [ RunTime:0.0012s ]
SQL: SELECT * FROM `qun_kefu` WHERE `kefu_id` = null LIMIT 1   [ RunTime:0.0010s ]
SQL: SELECT * FROM `qun_kefu` WHERE `kefu_id` = 25 LIMIT 1   [ RunTime:0.0011s ]
SQL: SELECT * FROM `qun_kefu` WHERE `kefu_id` = 25 LIMIT 1   [ RunTime:0.0010s ]
SQL: SELECT * FROM `qun_kefu` WHERE `kefu_id` = 25 LIMIT 1   [ RunTime:0.0010s ]
INFO: [ view_parse ] --START--
INFO: [ template_filter ] --START--
INFO: Run Behavior\ContentReplaceBehavior [ RunTime:0.000052s ]
INFO: [ template_filter ] --END-- [ RunTime:0.000073s ]
NOTIC: [8] Undefined index: arr /data/home/hyu4950590001/htdocs/Application/Runtime/Cache/Wap/880436d7d99fabcee24ab0d1ea6c83ad.php 第 83 行.
NOTIC: [8] Undefined index: arr /data/home/hyu4950590001/htdocs/Application/Runtime/Cache/Wap/880436d7d99fabcee24ab0d1ea6c83ad.php 第 83 行.
NOTIC: [8] Undefined index: arr /data/home/hyu4950590001/htdocs/Application/Runtime/Cache/Wap/880436d7d99fabcee24ab0d1ea6c83ad.php 第 83 行.
INFO: Run Behavior\ParseTemplateBehavior [ RunTime:0.010116s ]
INFO: [ view_parse ] --END-- [ RunTime:0.010135s ]
INFO: [ view_filter ] --START--
INFO: Run Behavior\WriteHtmlCacheBehavior [ RunTime:0.000228s ]
INFO: [ view_filter ] --END-- [ RunTime:0.000268s ]
INFO: [ app_end ] --START--
INFO: Run Behavior\ShowPageTraceBehavior [ RunTime:0.000620s ]
INFO: [ app_end ] --END-- [ RunTime:0.000641s ]

[ 2018-11-05T18:07:56+08:00 ] 110.87.78.56 /index.php?m=Wap&c=Index&a=zhibo&sessionid=&num=20
INFO: [ app_init ] --START--
INFO: Run Behavior\BuildLiteBehavior [ RunTime:0.000015s ]
INFO: [ app_init ] --END-- [ RunTime:0.000561s ]
INFO: [ app_begin ] --START--
INFO: Run Behavior\ReadHtmlCacheBehavior [ RunTime:0.000918s ]
INFO: [ app_begin ] --END-- [ RunTime:0.000948s ]
NOTIC: [2] Declaration of Wap\Controller\IndexController::Success() should be compatible with Think\Controller::success($message = '', $jumpUrl = '', $ajax = false) /data/home/hyu4950590001/htdocs/Application/Wap/Controller/IndexController.class.php 第 0 行.
NOTIC: [8] Undefined index: HTTPS /data/home/hyu4950590001/htdocs/Application/Common/Common/function.php 第 53 行.
NOTIC: [8] Undefined index: rooms /data/home/hyu4950590001/htdocs/Application/Wap/Controller/IndexController.class.php 第 310 行.
INFO: [ view_parse ] --START--
INFO: [ template_filter ] --START--
INFO: Run Behavior\ContentReplaceBehavior [ RunTime:0.000049s ]
INFO: [ template_filter ] --END-- [ RunTime:0.000076s ]
NOTIC: [8] Undefined index: title /data/home/hyu4950590001/htdocs/Application/Runtime/Cache/Wap/6f7ea3cc3ab1170aba06762143b01aaf.php 第 53 行.
NOTIC: [8] Undefined index: robots /data/home/hyu4950590001/htdocs/Application/Runtime/Cache/Wap/6f7ea3cc3ab1170aba06762143b01aaf.php 第 62 行.
NOTIC: [8] Undefined index: status /data/home/hyu4950590001/htdocs/Application/Runtime/Cache/Wap/6f7ea3cc3ab1170aba06762143b01aaf.php 第 77 行.
NOTIC: [8] Undefined index: title /data/home/hyu4950590001/htdocs/Application/Runtime/Cache/Wap/6f7ea3cc3ab1170aba06762143b01aaf.php 第 96 行.
NOTIC: [8] Undefined index: rooms /data/home/hyu4950590001/htdocs/Application/Runtime/Cache/Wap/6f7ea3cc3ab1170aba06762143b01aaf.php 第 104 行.
NOTIC: [8] Undefined index: roomCount /data/home/hyu4950590001/htdocs/Application/Runtime/Cache/Wap/6f7ea3cc3ab1170aba06762143b01aaf.php 第 109 行.
INFO: Run Behavior\ParseTemplateBehavior [ RunTime:0.009887s ]
INFO: [ view_parse ] --END-- [ RunTime:0.009905s ]
INFO: [ view_filter ] --START--
INFO: Run Behavior\WriteHtmlCacheBehavior [ RunTime:0.000240s ]
INFO: [ view_filter ] --END-- [ RunTime:0.000256s ]
INFO: [ app_end ] --START--
INFO: Run Behavior\ShowPageTraceBehavior [ RunTime:0.000663s ]
INFO: [ app_end ] --END-- [ RunTime:0.000685s ]

[ 2018-11-05T18:08:11+08:00 ] 110.87.78.56 /index.php?m=Wap&c=Index&a=zhibo&sessionid=&num=17
INFO: [ app_init ] --START--
INFO: Run Behavior\BuildLiteBehavior [ RunTime:0.000012s ]
INFO: [ app_init ] --END-- [ RunTime:0.000534s ]
INFO: [ app_begin ] --START--
INFO: Run Behavior\ReadHtmlCacheBehavior [ RunTime:0.000730s ]
INFO: [ app_begin ] --END-- [ RunTime:0.000775s ]
NOTIC: [2] Declaration of Wap\Controller\IndexController::Success() should be compatible with Think\Controller::success($message = '', $jumpUrl = '', $ajax = false) /data/home/hyu4950590001/htdocs/Application/Wap/Controller/IndexController.class.php 第 0 行.
NOTIC: [8] Undefined index: HTTPS /data/home/hyu4950590001/htdocs/Application/Common/Common/function.php 第 53 行.
NOTIC: [8] Undefined index: rooms /data/home/hyu4950590001/htdocs/Application/Wap/Controller/IndexController.class.php 第 310 行.
INFO: [ view_parse ] --START--
INFO: [ template_filter ] --START--
INFO: Run Behavior\ContentReplaceBehavior [ RunTime:0.000049s ]
INFO: [ template_filter ] --END-- [ RunTime:0.000079s ]
NOTIC: [8] Undefined index: title /data/home/hyu4950590001/htdocs/Application/Runtime/Cache/Wap/6f7ea3cc3ab1170aba06762143b01aaf.php 第 53 行.
NOTIC: [8] Undefined index: robots /data/home/hyu4950590001/htdocs/Application/Runtime/Cache/Wap/6f7ea3cc3ab1170aba06762143b01aaf.php 第 62 行.
NOTIC: [8] Undefined index: status /data/home/hyu4950590001/htdocs/Application/Runtime/Cache/Wap/6f7ea3cc3ab1170aba06762143b01aaf.php 第 77 行.
NOTIC: [8] Undefined index: title /data/home/hyu4950590001/htdocs/Application/Runtime/Cache/Wap/6f7ea3cc3ab1170aba06762143b01aaf.php 第 96 行.
NOTIC: [8] Undefined index: rooms /data/home/hyu4950590001/htdocs/Application/Runtime/Cache/Wap/6f7ea3cc3ab1170aba06762143b01aaf.php 第 104 行.
NOTIC: [8] Undefined index: roomCount /data/home/hyu4950590001/htdocs/Application/Runtime/Cache/Wap/6f7ea3cc3ab1170aba06762143b01aaf.php 第 109 行.
INFO: Run Behavior\ParseTemplateBehavior [ RunTime:0.010082s ]
INFO: [ view_parse ] --END-- [ RunTime:0.010102s ]
INFO: [ view_filter ] --START--
INFO: Run Behavior\WriteHtmlCacheBehavior [ RunTime:0.000242s ]
INFO: [ view_filter ] --END-- [ RunTime:0.000258s ]
INFO: [ app_end ] --START--
INFO: Run Behavior\ShowPageTraceBehavior [ RunTime:0.000708s ]
INFO: [ app_end ] --END-- [ RunTime:0.000732s ]

[ 2018-11-05T18:08:14+08:00 ] 110.87.78.56 /index.php?m=Wap&c=Index&a=zhibo&sessionid=&num=100
INFO: [ app_init ] --START--
INFO: Run Behavior\BuildLiteBehavior [ RunTime:0.000011s ]
INFO: [ app_init ] --END-- [ RunTime:0.000454s ]
INFO: [ app_begin ] --START--
INFO: Run Behavior\ReadHtmlCacheBehavior [ RunTime:0.000650s ]
INFO: [ app_begin ] --END-- [ RunTime:0.000671s ]
NOTIC: [2] Declaration of Wap\Controller\IndexController::Success() should be compatible with Think\Controller::success($message = '', $jumpUrl = '', $ajax = false) /data/home/hyu4950590001/htdocs/Application/Wap/Controller/IndexController.class.php 第 0 行.
NOTIC: [8] Undefined index: HTTPS /data/home/hyu4950590001/htdocs/Application/Common/Common/function.php 第 53 行.
NOTIC: [8] Undefined index: rooms /data/home/hyu4950590001/htdocs/Application/Wap/Controller/IndexController.class.php 第 310 行.
INFO: [ view_parse ] --START--
INFO: [ template_filter ] --START--
INFO: Run Behavior\ContentReplaceBehavior [ RunTime:0.000060s ]
INFO: [ template_filter ] --END-- [ RunTime:0.000087s ]
NOTIC: [8] Undefined index: title /data/home/hyu4950590001/htdocs/Application/Runtime/Cache/Wap/6f7ea3cc3ab1170aba06762143b01aaf.php 第 53 行.
NOTIC: [8] Undefined index: robots /data/home/hyu4950590001/htdocs/Application/Runtime/Cache/Wap/6f7ea3cc3ab1170aba06762143b01aaf.php 第 62 行.
NOTIC: [8] Undefined index: status /data/home/hyu4950590001/htdocs/Application/Runtime/Cache/Wap/6f7ea3cc3ab1170aba06762143b01aaf.php 第 77 行.
NOTIC: [8] Undefined index: title /data/home/hyu4950590001/htdocs/Application/Runtime/Cache/Wap/6f7ea3cc3ab1170aba06762143b01aaf.php 第 96 行.
NOTIC: [8] Undefined index: rooms /data/home/hyu4950590001/htdocs/Application/Runtime/Cache/Wap/6f7ea3cc3ab1170aba06762143b01aaf.php 第 104 行.
NOTIC: [8] Undefined index: roomCount /data/home/hyu4950590001/htdocs/Application/Runtime/Cache/Wap/6f7ea3cc3ab1170aba06762143b01aaf.php 第 109 行.
INFO: Run Behavior\ParseTemplateBehavior [ RunTime:0.009723s ]
INFO: [ view_parse ] --END-- [ RunTime:0.009742s ]
INFO: [ view_filter ] --START--
INFO: Run Behavior\WriteHtmlCacheBehavior [ RunTime:0.000249s ]
INFO: [ view_filter ] --END-- [ RunTime:0.000264s ]
INFO: [ app_end ] --START--
INFO: Run Behavior\ShowPageTraceBehavior [ RunTime:0.000656s ]
INFO: [ app_end ] --END-- [ RunTime:0.000689s ]

[ 2018-11-05T18:08:19+08:00 ] 110.87.78.56 /index.php?m=Wap&c=Index&a=zhibo&sessionid=&num=5
INFO: [ app_init ] --START--
INFO: Run Behavior\BuildLiteBehavior [ RunTime:0.000013s ]
INFO: [ app_init ] --END-- [ RunTime:0.000514s ]
INFO: [ app_begin ] --START--
INFO: Run Behavior\ReadHtmlCacheBehavior [ RunTime:0.000660s ]
INFO: [ app_begin ] --END-- [ RunTime:0.000686s ]
NOTIC: [2] Declaration of Wap\Controller\IndexController::Success() should be compatible with Think\Controller::success($message = '', $jumpUrl = '', $ajax = false) /data/home/hyu4950590001/htdocs/Application/Wap/Controller/IndexController.class.php 第 0 行.
NOTIC: [8] Undefined index: HTTPS /data/home/hyu4950590001/htdocs/Application/Common/Common/function.php 第 53 行.
NOTIC: [8] Undefined index: rooms /data/home/hyu4950590001/htdocs/Application/Wap/Controller/IndexController.class.php 第 310 行.
INFO: [ view_parse ] --START--
INFO: [ template_filter ] --START--
INFO: Run Behavior\ContentReplaceBehavior [ RunTime:0.000064s ]
INFO: [ template_filter ] --END-- [ RunTime:0.000103s ]
NOTIC: [8] Undefined index: title /data/home/hyu4950590001/htdocs/Application/Runtime/Cache/Wap/6f7ea3cc3ab1170aba06762143b01aaf.php 第 53 行.
NOTIC: [8] Undefined index: robots /data/home/hyu4950590001/htdocs/Application/Runtime/Cache/Wap/6f7ea3cc3ab1170aba06762143b01aaf.php 第 62 行.
NOTIC: [8] Undefined index: status /data/home/hyu4950590001/htdocs/Application/Runtime/Cache/Wap/6f7ea3cc3ab1170aba06762143b01aaf.php 第 77 行.
NOTIC: [8] Undefined index: title /data/home/hyu4950590001/htdocs/Application/Runtime/Cache/Wap/6f7ea3cc3ab1170aba06762143b01aaf.php 第 96 行.
NOTIC: [8] Undefined index: rooms /data/home/hyu4950590001/htdocs/Application/Runtime/Cache/Wap/6f7ea3cc3ab1170aba06762143b01aaf.php 第 104 行.
NOTIC: [8] Undefined index: roomCount /data/home/hyu4950590001/htdocs/Application/Runtime/Cache/Wap/6f7ea3cc3ab1170aba06762143b01aaf.php 第 109 行.
INFO: Run Behavior\ParseTemplateBehavior [ RunTime:0.012379s ]
INFO: [ view_parse ] --END-- [ RunTime:0.012402s ]
INFO: [ view_filter ] --START--
INFO: Run Behavior\WriteHtmlCacheBehavior [ RunTime:0.000295s ]
INFO: [ view_filter ] --END-- [ RunTime:0.000313s ]
INFO: [ app_end ] --START--
INFO: Run Behavior\ShowPageTraceBehavior [ RunTime:0.000795s ]
INFO: [ app_end ] --END-- [ RunTime:0.000823s ]

[ 2018-11-05T18:08:21+08:00 ] 110.87.78.56 /index.php?m=Wap&c=Index&a=zhibo&sessionid=&num=20
INFO: [ app_init ] --START--
INFO: Run Behavior\BuildLiteBehavior [ RunTime:0.000015s ]
INFO: [ app_init ] --END-- [ RunTime:0.000489s ]
INFO: [ app_begin ] --START--
INFO: Run Behavior\ReadHtmlCacheBehavior [ RunTime:0.000700s ]
INFO: [ app_begin ] --END-- [ RunTime:0.000722s ]
NOTIC: [2] Declaration of Wap\Controller\IndexController::Success() should be compatible with Think\Controller::success($message = '', $jumpUrl = '', $ajax = false) /data/home/hyu4950590001/htdocs/Application/Wap/Controller/IndexController.class.php 第 0 行.
NOTIC: [8] Undefined index: HTTPS /data/home/hyu4950590001/htdocs/Application/Common/Common/function.php 第 53 行.
NOTIC: [8] Undefined index: rooms /data/home/hyu4950590001/htdocs/Application/Wap/Controller/IndexController.class.php 第 310 行.
INFO: [ view_parse ] --START--
INFO: [ template_filter ] --START--
INFO: Run Behavior\ContentReplaceBehavior [ RunTime:0.000049s ]
INFO: [ template_filter ] --END-- [ RunTime:0.000078s ]
NOTIC: [8] Undefined index: title /data/home/hyu4950590001/htdocs/Application/Runtime/Cache/Wap/6f7ea3cc3ab1170aba06762143b01aaf.php 第 53 行.
NOTIC: [8] Undefined index: robots /data/home/hyu4950590001/htdocs/Application/Runtime/Cache/Wap/6f7ea3cc3ab1170aba06762143b01aaf.php 第 62 行.
NOTIC: [8] Undefined index: status /data/home/hyu4950590001/htdocs/Application/Runtime/Cache/Wap/6f7ea3cc3ab1170aba06762143b01aaf.php 第 77 行.
NOTIC: [8] Undefined index: title /data/home/hyu4950590001/htdocs/Application/Runtime/Cache/Wap/6f7ea3cc3ab1170aba06762143b01aaf.php 第 96 行.
NOTIC: [8] Undefined index: rooms /data/home/hyu4950590001/htdocs/Application/Runtime/Cache/Wap/6f7ea3cc3ab1170aba06762143b01aaf.php 第 104 行.
NOTIC: [8] Undefined index: roomCount /data/home/hyu4950590001/htdocs/Application/Runtime/Cache/Wap/6f7ea3cc3ab1170aba06762143b01aaf.php 第 109 行.
INFO: Run Behavior\ParseTemplateBehavior [ RunTime:0.012274s ]
INFO: [ view_parse ] --END-- [ RunTime:0.012294s ]
INFO: [ view_filter ] --START--
INFO: Run Behavior\WriteHtmlCacheBehavior [ RunTime:0.000258s ]
INFO: [ view_filter ] --END-- [ RunTime:0.000273s ]
INFO: [ app_end ] --START--
INFO: Run Behavior\ShowPageTraceBehavior [ RunTime:0.000647s ]
INFO: [ app_end ] --END-- [ RunTime:0.000667s ]

[ 2018-11-05T18:08:24+08:00 ] 110.87.78.56 /index.php?m=Wap&c=Index&a=zhibo&sessionid=&num=17
INFO: [ app_init ] --START--
INFO: Run Behavior\BuildLiteBehavior [ RunTime:0.000014s ]
INFO: [ app_init ] --END-- [ RunTime:0.000503s ]
INFO: [ app_begin ] --START--
INFO: Run Behavior\ReadHtmlCacheBehavior [ RunTime:0.000718s ]
INFO: [ app_begin ] --END-- [ RunTime:0.000741s ]
NOTIC: [2] Declaration of Wap\Controller\IndexController::Success() should be compatible with Think\Controller::success($message = '', $jumpUrl = '', $ajax = false) /data/home/hyu4950590001/htdocs/Application/Wap/Controller/IndexController.class.php 第 0 行.
NOTIC: [8] Undefined index: HTTPS /data/home/hyu4950590001/htdocs/Application/Common/Common/function.php 第 53 行.
NOTIC: [8] Undefined index: rooms /data/home/hyu4950590001/htdocs/Application/Wap/Controller/IndexController.class.php 第 310 行.
INFO: [ view_parse ] --START--
INFO: [ template_filter ] --START--
INFO: Run Behavior\ContentReplaceBehavior [ RunTime:0.000048s ]
INFO: [ template_filter ] --END-- [ RunTime:0.000079s ]
NOTIC: [8] Undefined index: title /data/home/hyu4950590001/htdocs/Application/Runtime/Cache/Wap/6f7ea3cc3ab1170aba06762143b01aaf.php 第 53 行.
NOTIC: [8] Undefined index: robots /data/home/hyu4950590001/htdocs/Application/Runtime/Cache/Wap/6f7ea3cc3ab1170aba06762143b01aaf.php 第 62 行.
NOTIC: [8] Undefined index: status /data/home/hyu4950590001/htdocs/Application/Runtime/Cache/Wap/6f7ea3cc3ab1170aba06762143b01aaf.php 第 77 行.
NOTIC: [8] Undefined index: title /data/home/hyu4950590001/htdocs/Application/Runtime/Cache/Wap/6f7ea3cc3ab1170aba06762143b01aaf.php 第 96 行.
NOTIC: [8] Undefined index: rooms /data/home/hyu4950590001/htdocs/Application/Runtime/Cache/Wap/6f7ea3cc3ab1170aba06762143b01aaf.php 第 104 行.
NOTIC: [8] Undefined index: roomCount /data/home/hyu4950590001/htdocs/Application/Runtime/Cache/Wap/6f7ea3cc3ab1170aba06762143b01aaf.php 第 109 行.
INFO: Run Behavior\ParseTemplateBehavior [ RunTime:0.014367s ]
INFO: [ view_parse ] --END-- [ RunTime:0.014390s ]
INFO: [ view_filter ] --START--
INFO: Run Behavior\WriteHtmlCacheBehavior [ RunTime:0.000258s ]
INFO: [ view_filter ] --END-- [ RunTime:0.000277s ]
INFO: [ app_end ] --START--
INFO: Run Behavior\ShowPageTraceBehavior [ RunTime:0.000750s ]
INFO: [ app_end ] --END-- [ RunTime:0.000776s ]

[ 2018-11-05T18:08:26+08:00 ] 110.87.78.56 /index.php?m=Wap&c=Index&a=zhibo&sessionid=&num=20
INFO: [ app_init ] --START--
INFO: Run Behavior\BuildLiteBehavior [ RunTime:0.000012s ]
INFO: [ app_init ] --END-- [ RunTime:0.000491s ]
INFO: [ app_begin ] --START--
INFO: Run Behavior\ReadHtmlCacheBehavior [ RunTime:0.000703s ]
INFO: [ app_begin ] --END-- [ RunTime:0.000725s ]
NOTIC: [2] Declaration of Wap\Controller\IndexController::Success() should be compatible with Think\Controller::success($message = '', $jumpUrl = '', $ajax = false) /data/home/hyu4950590001/htdocs/Application/Wap/Controller/IndexController.class.php 第 0 行.
NOTIC: [8] Undefined index: HTTPS /data/home/hyu4950590001/htdocs/Application/Common/Common/function.php 第 53 行.
NOTIC: [8] Undefined index: rooms /data/home/hyu4950590001/htdocs/Application/Wap/Controller/IndexController.class.php 第 310 行.
INFO: [ view_parse ] --START--
INFO: [ template_filter ] --START--
INFO: Run Behavior\ContentReplaceBehavior [ RunTime:0.000047s ]
INFO: [ template_filter ] --END-- [ RunTime:0.000073s ]
NOTIC: [8] Undefined index: title /data/home/hyu4950590001/htdocs/Application/Runtime/Cache/Wap/6f7ea3cc3ab1170aba06762143b01aaf.php 第 53 行.
NOTIC: [8] Undefined index: robots /data/home/hyu4950590001/htdocs/Application/Runtime/Cache/Wap/6f7ea3cc3ab1170aba06762143b01aaf.php 第 62 行.
NOTIC: [8] Undefined index: status /data/home/hyu4950590001/htdocs/Application/Runtime/Cache/Wap/6f7ea3cc3ab1170aba06762143b01aaf.php 第 77 行.
NOTIC: [8] Undefined index: title /data/home/hyu4950590001/htdocs/Application/Runtime/Cache/Wap/6f7ea3cc3ab1170aba06762143b01aaf.php 第 96 行.
NOTIC: [8] Undefined index: rooms /data/home/hyu4950590001/htdocs/Application/Runtime/Cache/Wap/6f7ea3cc3ab1170aba06762143b01aaf.php 第 104 行.
NOTIC: [8] Undefined index: roomCount /data/home/hyu4950590001/htdocs/Application/Runtime/Cache/Wap/6f7ea3cc3ab1170aba06762143b01aaf.php 第 109 行.
INFO: Run Behavior\ParseTemplateBehavior [ RunTime:0.009887s ]
INFO: [ view_parse ] --END-- [ RunTime:0.009906s ]
INFO: [ view_filter ] --START--
INFO: Run Behavior\WriteHtmlCacheBehavior [ RunTime:0.000263s ]
INFO: [ view_filter ] --END-- [ RunTime:0.000279s ]
INFO: [ app_end ] --START--
INFO: Run Behavior\ShowPageTraceBehavior [ RunTime:0.000700s ]
INFO: [ app_end ] --END-- [ RunTime:0.000724s ]

[ 2018-11-05T18:08:28+08:00 ] 110.87.78.56 /index.php?m=Wap&c=Index&a=zhibo&sessionid=&num=6
INFO: [ app_init ] --START--
INFO: Run Behavior\BuildLiteBehavior [ RunTime:0.000012s ]
INFO: [ app_init ] --END-- [ RunTime:0.000442s ]
INFO: [ app_begin ] --START--
INFO: Run Behavior\ReadHtmlCacheBehavior [ RunTime:0.000637s ]
INFO: [ app_begin ] --END-- [ RunTime:0.000658s ]
NOTIC: [2] Declaration of Wap\Controller\IndexController::Success() should be compatible with Think\Controller::success($message = '', $jumpUrl = '', $ajax = false) /data/home/hyu4950590001/htdocs/Application/Wap/Controller/IndexController.class.php 第 0 行.
NOTIC: [8] Undefined index: HTTPS /data/home/hyu4950590001/htdocs/Application/Common/Common/function.php 第 53 行.
NOTIC: [8] Undefined index: rooms /data/home/hyu4950590001/htdocs/Application/Wap/Controller/IndexController.class.php 第 310 行.
INFO: [ view_parse ] --START--
INFO: [ template_filter ] --START--
INFO: Run Behavior\ContentReplaceBehavior [ RunTime:0.000047s ]
INFO: [ template_filter ] --END-- [ RunTime:0.000073s ]
NOTIC: [8] Undefined index: title /data/home/hyu4950590001/htdocs/Application/Runtime/Cache/Wap/6f7ea3cc3ab1170aba06762143b01aaf.php 第 53 行.
NOTIC: [8] Undefined index: robots /data/home/hyu4950590001/htdocs/Application/Runtime/Cache/Wap/6f7ea3cc3ab1170aba06762143b01aaf.php 第 62 行.
NOTIC: [8] Undefined index: status /data/home/hyu4950590001/htdocs/Application/Runtime/Cache/Wap/6f7ea3cc3ab1170aba06762143b01aaf.php 第 77 行.
NOTIC: [8] Undefined index: title /data/home/hyu4950590001/htdocs/Application/Runtime/Cache/Wap/6f7ea3cc3ab1170aba06762143b01aaf.php 第 96 行.
NOTIC: [8] Undefined index: rooms /data/home/hyu4950590001/htdocs/Application/Runtime/Cache/Wap/6f7ea3cc3ab1170aba06762143b01aaf.php 第 104 行.
NOTIC: [8] Undefined index: roomCount /data/home/hyu4950590001/htdocs/Application/Runtime/Cache/Wap/6f7ea3cc3ab1170aba06762143b01aaf.php 第 109 行.
INFO: Run Behavior\ParseTemplateBehavior [ RunTime:0.009507s ]
INFO: [ view_parse ] --END-- [ RunTime:0.009525s ]
INFO: [ view_filter ] --START--
INFO: Run Behavior\WriteHtmlCacheBehavior [ RunTime:0.000227s ]
INFO: [ view_filter ] --END-- [ RunTime:0.000241s ]
INFO: [ app_end ] --START--
INFO: Run Behavior\ShowPageTraceBehavior [ RunTime:0.000627s ]
INFO: [ app_end ] --END-- [ RunTime:0.000648s ]

[ 2018-11-05T18:08:31+08:00 ] 110.87.78.56 /index.php?m=Wap&c=Index&a=zhibo&sessionid=&num=20
INFO: [ app_init ] --START--
INFO: Run Behavior\BuildLiteBehavior [ RunTime:0.000011s ]
INFO: [ app_init ] --END-- [ RunTime:0.000439s ]
INFO: [ app_begin ] --START--
INFO: Run Behavior\ReadHtmlCacheBehavior [ RunTime:0.000623s ]
INFO: [ app_begin ] --END-- [ RunTime:0.000644s ]
NOTIC: [2] Declaration of Wap\Controller\IndexController::Success() should be compatible with Think\Controller::success($message = '', $jumpUrl = '', $ajax = false) /data/home/hyu4950590001/htdocs/Application/Wap/Controller/IndexController.class.php 第 0 行.
NOTIC: [8] Undefined index: HTTPS /data/home/hyu4950590001/htdocs/Application/Common/Common/function.php 第 53 行.
NOTIC: [8] Undefined index: rooms /data/home/hyu4950590001/htdocs/Application/Wap/Controller/IndexController.class.php 第 310 行.
INFO: [ view_parse ] --START--
INFO: [ template_filter ] --START--
INFO: Run Behavior\ContentReplaceBehavior [ RunTime:0.000047s ]
INFO: [ template_filter ] --END-- [ RunTime:0.000075s ]
NOTIC: [8] Undefined index: title /data/home/hyu4950590001/htdocs/Application/Runtime/Cache/Wap/6f7ea3cc3ab1170aba06762143b01aaf.php 第 53 行.
NOTIC: [8] Undefined index: robots /data/home/hyu4950590001/htdocs/Application/Runtime/Cache/Wap/6f7ea3cc3ab1170aba06762143b01aaf.php 第 62 行.
NOTIC: [8] Undefined index: status /data/home/hyu4950590001/htdocs/Application/Runtime/Cache/Wap/6f7ea3cc3ab1170aba06762143b01aaf.php 第 77 行.
NOTIC: [8] Undefined index: title /data/home/hyu4950590001/htdocs/Application/Runtime/Cache/Wap/6f7ea3cc3ab1170aba06762143b01aaf.php 第 96 行.
NOTIC: [8] Undefined index: rooms /data/home/hyu4950590001/htdocs/Application/Runtime/Cache/Wap/6f7ea3cc3ab1170aba06762143b01aaf.php 第 104 行.
NOTIC: [8] Undefined index: roomCount /data/home/hyu4950590001/htdocs/Application/Runtime/Cache/Wap/6f7ea3cc3ab1170aba06762143b01aaf.php 第 109 行.
INFO: Run Behavior\ParseTemplateBehavior [ RunTime:0.010144s ]
INFO: [ view_parse ] --END-- [ RunTime:0.010162s ]
INFO: [ view_filter ] --START--
INFO: Run Behavior\WriteHtmlCacheBehavior [ RunTime:0.000234s ]
INFO: [ view_filter ] --END-- [ RunTime:0.000249s ]
INFO: [ app_end ] --START--
INFO: Run Behavior\ShowPageTraceBehavior [ RunTime:0.000634s ]
INFO: [ app_end ] --END-- [ RunTime:0.000656s ]

[ 2018-11-05T18:08:38+08:00 ] 101.91.62.65 /index.php?m=Wap&c=Index&a=index&id=1
INFO: [ app_init ] --START--
INFO: Run Behavior\BuildLiteBehavior [ RunTime:0.000012s ]
INFO: [ app_init ] --END-- [ RunTime:0.000464s ]
INFO: [ app_begin ] --START--
INFO: Run Behavior\ReadHtmlCacheBehavior [ RunTime:0.000670s ]
INFO: [ app_begin ] --END-- [ RunTime:0.000690s ]
NOTIC: [2] Declaration of Wap\Controller\IndexController::Success() should be compatible with Think\Controller::success($message = '', $jumpUrl = '', $ajax = false) /data/home/hyu4950590001/htdocs/Application/Wap/Controller/IndexController.class.php 第 0 行.
NOTIC: [8] Undefined index: HTTPS /data/home/hyu4950590001/htdocs/Application/Common/Common/function.php 第 53 行.

[ 2018-11-05T18:08:38+08:00 ] 101.91.60.106 /index.php?m=Wap&c=Wechat&a=checkWechatLogin
INFO: [ app_init ] --START--
INFO: Run Behavior\BuildLiteBehavior [ RunTime:0.000026s ]
INFO: [ app_init ] --END-- [ RunTime:0.000540s ]
INFO: [ app_begin ] --START--
INFO: Run Behavior\ReadHtmlCacheBehavior [ RunTime:0.000794s ]
INFO: [ app_begin ] --END-- [ RunTime:0.000816s ]

[ 2018-11-05T18:08:49+08:00 ] 101.89.29.78 /index.php?m=Wap&c=Index&a=Success
INFO: [ app_init ] --START--
INFO: Run Behavior\BuildLiteBehavior [ RunTime:0.000011s ]
INFO: [ app_init ] --END-- [ RunTime:0.000450s ]
INFO: [ app_begin ] --START--
INFO: Run Behavior\ReadHtmlCacheBehavior [ RunTime:0.000668s ]
INFO: [ app_begin ] --END-- [ RunTime:0.000689s ]
NOTIC: [2] Declaration of Wap\Controller\IndexController::Success() should be compatible with Think\Controller::success($message = '', $jumpUrl = '', $ajax = false) /data/home/hyu4950590001/htdocs/Application/Wap/Controller/IndexController.class.php 第 0 行.
NOTIC: [8] Undefined index: HTTPS /data/home/hyu4950590001/htdocs/Application/Common/Common/function.php 第 53 行.

[ 2018-11-05T18:08:52+08:00 ] 101.89.239.216 /index.php?m=Wap&c=Index&a=myorder
INFO: [ app_init ] --START--
INFO: Run Behavior\BuildLiteBehavior [ RunTime:0.000015s ]
INFO: [ app_init ] --END-- [ RunTime:0.000505s ]
INFO: [ app_begin ] --START--
INFO: Run Behavior\ReadHtmlCacheBehavior [ RunTime:0.000669s ]
INFO: [ app_begin ] --END-- [ RunTime:0.000690s ]
NOTIC: [2] Declaration of Wap\Controller\IndexController::Success() should be compatible with Think\Controller::success($message = '', $jumpUrl = '', $ajax = false) /data/home/hyu4950590001/htdocs/Application/Wap/Controller/IndexController.class.php 第 0 行.
NOTIC: [8] Undefined index: HTTPS /data/home/hyu4950590001/htdocs/Application/Common/Common/function.php 第 53 行.

[ 2018-11-05T18:08:55+08:00 ] 101.89.29.86 /index.php?m=Wap&c=Index&a=zhibo&sessionid=&num=20
INFO: [ app_init ] --START--
INFO: Run Behavior\BuildLiteBehavior [ RunTime:0.000013s ]
INFO: [ app_init ] --END-- [ RunTime:0.000480s ]
INFO: [ app_begin ] --START--
INFO: Run Behavior\ReadHtmlCacheBehavior [ RunTime:0.000661s ]
INFO: [ app_begin ] --END-- [ RunTime:0.000682s ]
NOTIC: [2] Declaration of Wap\Controller\IndexController::Success() should be compatible with Think\Controller::success($message = '', $jumpUrl = '', $ajax = false) /data/home/hyu4950590001/htdocs/Application/Wap/Controller/IndexController.class.php 第 0 行.
NOTIC: [8] Undefined index: HTTPS /data/home/hyu4950590001/htdocs/Application/Common/Common/function.php 第 53 行.

[ 2018-11-05T18:09:11+08:00 ] 61.151.178.165 /index.php?m=Wap&c=Index&a=zhibo&sessionid=&num=17
INFO: [ app_init ] --START--
INFO: Run Behavior\BuildLiteBehavior [ RunTime:0.000013s ]
INFO: [ app_init ] --END-- [ RunTime:0.000462s ]
INFO: [ app_begin ] --START--
INFO: Run Behavior\ReadHtmlCacheBehavior [ RunTime:0.000643s ]
INFO: [ app_begin ] --END-- [ RunTime:0.000664s ]
NOTIC: [2] Declaration of Wap\Controller\IndexController::Success() should be compatible with Think\Controller::success($message = '', $jumpUrl = '', $ajax = false) /data/home/hyu4950590001/htdocs/Application/Wap/Controller/IndexController.class.php 第 0 行.
NOTIC: [8] Undefined index: HTTPS /data/home/hyu4950590001/htdocs/Application/Common/Common/function.php 第 53 行.

[ 2018-11-05T18:09:18+08:00 ] 61.151.178.197 /index.php?m=Wap&c=Index&a=zhibo&sessionid=&num=5
INFO: [ app_init ] --START--
INFO: Run Behavior\BuildLiteBehavior [ RunTime:0.000012s ]
INFO: [ app_init ] --END-- [ RunTime:0.000458s ]
INFO: [ app_begin ] --START--
INFO: Run Behavior\ReadHtmlCacheBehavior [ RunTime:0.000659s ]
INFO: [ app_begin ] --END-- [ RunTime:0.000680s ]
NOTIC: [2] Declaration of Wap\Controller\IndexController::Success() should be compatible with Think\Controller::success($message = '', $jumpUrl = '', $ajax = false) /data/home/hyu4950590001/htdocs/Application/Wap/Controller/IndexController.class.php 第 0 行.
NOTIC: [8] Undefined index: HTTPS /data/home/hyu4950590001/htdocs/Application/Common/Common/function.php 第 53 行.

[ 2018-11-05T18:09:27+08:00 ] 61.129.6.145 /index.php?m=Wap&c=Index&a=zhibo&sessionid=&num=6
INFO: [ app_init ] --START--
INFO: Run Behavior\BuildLiteBehavior [ RunTime:0.000013s ]
INFO: [ app_init ] --END-- [ RunTime:0.000517s ]
INFO: [ app_begin ] --START--
INFO: Run Behavior\ReadHtmlCacheBehavior [ RunTime:0.000674s ]
INFO: [ app_begin ] --END-- [ RunTime:0.000696s ]
NOTIC: [2] Declaration of Wap\Controller\IndexController::Success() should be compatible with Think\Controller::success($message = '', $jumpUrl = '', $ajax = false) /data/home/hyu4950590001/htdocs/Application/Wap/Controller/IndexController.class.php 第 0 行.
NOTIC: [8] Undefined index: HTTPS /data/home/hyu4950590001/htdocs/Application/Common/Common/function.php 第 53 行.

[ 2018-11-05T19:12:36+08:00 ] 203.208.60.126 /
INFO: [ app_init ] --START--
INFO: Run Behavior\BuildLiteBehavior [ RunTime:0.000012s ]
INFO: [ app_init ] --END-- [ RunTime:0.000474s ]
INFO: [ app_begin ] --START--
INFO: Run Behavior\ReadHtmlCacheBehavior [ RunTime:0.000653s ]
INFO: [ app_begin ] --END-- [ RunTime:0.000674s ]
NOTIC: [2] Declaration of Wap\Controller\IndexController::Success() should be compatible with Think\Controller::success($message = '', $jumpUrl = '', $ajax = false) /data/home/hyu4950590001/htdocs/Application/Wap/Controller/IndexController.class.php 第 0 行.
NOTIC: [8] Undefined index: HTTPS /data/home/hyu4950590001/htdocs/Application/Common/Common/function.php 第 53 行.

[ 2018-11-05T19:12:37+08:00 ] 203.208.60.12 /index.php?m=Wap&c=Wechat&a=checkWechatLogin
INFO: [ app_init ] --START--
INFO: Run Behavior\BuildLiteBehavior [ RunTime:0.000011s ]
INFO: [ app_init ] --END-- [ RunTime:0.000439s ]
INFO: [ app_begin ] --START--
INFO: Run Behavior\ReadHtmlCacheBehavior [ RunTime:0.000657s ]
INFO: [ app_begin ] --END-- [ RunTime:0.000679s ]

[ 2018-11-05T19:22:44+08:00 ] 203.208.60.96 /
INFO: [ app_init ] --START--
INFO: Run Behavior\BuildLiteBehavior [ RunTime:0.000013s ]
INFO: [ app_init ] --END-- [ RunTime:0.000458s ]
INFO: [ app_begin ] --START--
INFO: Run Behavior\ReadHtmlCacheBehavior [ RunTime:0.000647s ]
INFO: [ app_begin ] --END-- [ RunTime:0.000669s ]
NOTIC: [2] Declaration of Wap\Controller\IndexController::Success() should be compatible with Think\Controller::success($message = '', $jumpUrl = '', $ajax = false) /data/home/hyu4950590001/htdocs/Application/Wap/Controller/IndexController.class.php 第 0 行.
NOTIC: [8] Undefined index: HTTPS /data/home/hyu4950590001/htdocs/Application/Common/Common/function.php 第 53 行.

[ 2018-11-05T19:22:45+08:00 ] 203.208.60.91 /index.php?m=Wap&c=Wechat&a=checkWechatLogin
INFO: [ app_init ] --START--
INFO: Run Behavior\BuildLiteBehavior [ RunTime:0.000012s ]
INFO: [ app_init ] --END-- [ RunTime:0.000479s ]
INFO: [ app_begin ] --START--
INFO: Run Behavior\ReadHtmlCacheBehavior [ RunTime:0.000702s ]
INFO: [ app_begin ] --END-- [ RunTime:0.000722s ]

[ 2018-11-05T19:38:03+08:00 ] 61.142.21.23 /
INFO: [ app_init ] --START--
INFO: Run Behavior\BuildLiteBehavior [ RunTime:0.000011s ]
INFO: [ app_init ] --END-- [ RunTime:0.000443s ]
INFO: [ app_begin ] --START--
INFO: Run Behavior\ReadHtmlCacheBehavior [ RunTime:0.000654s ]
INFO: [ app_begin ] --END-- [ RunTime:0.000676s ]
NOTIC: [2] Declaration of Wap\Controller\IndexController::Success() should be compatible with Think\Controller::success($message = '', $jumpUrl = '', $ajax = false) /data/home/hyu4950590001/htdocs/Application/Wap/Controller/IndexController.class.php 第 0 行.
NOTIC: [8] Undefined index: HTTPS /data/home/hyu4950590001/htdocs/Application/Common/Common/function.php 第 53 行.

[ 2018-11-05T19:38:03+08:00 ] 61.142.21.23 /index.php?m=Wap&c=Wechat&a=checkWechatLogin
INFO: [ app_init ] --START--
INFO: Run Behavior\BuildLiteBehavior [ RunTime:0.000011s ]
INFO: [ app_init ] --END-- [ RunTime:0.000493s ]
INFO: [ app_begin ] --START--
INFO: Run Behavior\ReadHtmlCacheBehavior [ RunTime:0.000660s ]
INFO: [ app_begin ] --END-- [ RunTime:0.000684s ]

