[ 2018-11-04T01:02:22+08:00 ] 220.243.135.228 /
INFO: [ app_init ] --START--
INFO: Run Behavior\BuildLiteBehavior [ RunTime:0.000011s ]
INFO: [ app_init ] --END-- [ RunTime:0.000447s ]
INFO: [ app_begin ] --START--
INFO: Run Behavior\ReadHtmlCacheBehavior [ RunTime:0.000640s ]
INFO: [ app_begin ] --END-- [ RunTime:0.000661s ]
NOTIC: [2] Declaration of Wap\Controller\IndexController::Success() should be compatible with Think\Controller::success($message = '', $jumpUrl = '', $ajax = false) /data/home/hyu4950590001/htdocs/Application/Wap/Controller/IndexController.class.php 第 0 行.
NOTIC: [8] Undefined index: HTTPS /data/home/hyu4950590001/htdocs/Application/Common/Common/function.php 第 53 行.

[ 2018-11-04T01:02:23+08:00 ] 220.243.135.212 /index.php?m=Wap&c=Wechat&a=checkWechatLogin
INFO: [ app_init ] --START--
INFO: Run Behavior\BuildLiteBehavior [ RunTime:0.000011s ]
INFO: [ app_init ] --END-- [ RunTime:0.000432s ]
INFO: [ app_begin ] --START--
INFO: Run Behavior\ReadHtmlCacheBehavior [ RunTime:0.000665s ]
INFO: [ app_begin ] --END-- [ RunTime:0.000685s ]

[ 2018-11-04T02:03:30+08:00 ] 185.117.118.149 /
INFO: [ app_init ] --START--
INFO: Run Behavior\BuildLiteBehavior [ RunTime:0.000013s ]
INFO: [ app_init ] --END-- [ RunTime:0.000490s ]
INFO: [ app_begin ] --START--
INFO: Run Behavior\ReadHtmlCacheBehavior [ RunTime:0.000655s ]
INFO: [ app_begin ] --END-- [ RunTime:0.000678s ]
NOTIC: [2] Declaration of Wap\Controller\IndexController::Success() should be compatible with Think\Controller::success($message = '', $jumpUrl = '', $ajax = false) /data/home/hyu4950590001/htdocs/Application/Wap/Controller/IndexController.class.php 第 0 行.
NOTIC: [8] Undefined index: HTTPS /data/home/hyu4950590001/htdocs/Application/Common/Common/function.php 第 53 行.

[ 2018-11-04T02:03:31+08:00 ] 185.117.118.149 /index.php?m=Wap&c=Wechat&a=checkWechatLogin
INFO: [ app_init ] --START--
INFO: Run Behavior\BuildLiteBehavior [ RunTime:0.000011s ]
INFO: [ app_init ] --END-- [ RunTime:0.000451s ]
INFO: [ app_begin ] --START--
INFO: Run Behavior\ReadHtmlCacheBehavior [ RunTime:0.000636s ]
INFO: [ app_begin ] --END-- [ RunTime:0.000658s ]

[ 2018-11-04T02:09:03+08:00 ] 36.110.199.12 /
INFO: [ app_init ] --START--
INFO: Run Behavior\BuildLiteBehavior [ RunTime:0.000011s ]
INFO: [ app_init ] --END-- [ RunTime:0.000522s ]
INFO: [ app_begin ] --START--
INFO: Run Behavior\ReadHtmlCacheBehavior [ RunTime:0.000647s ]
INFO: [ app_begin ] --END-- [ RunTime:0.000668s ]
NOTIC: [2] Declaration of Wap\Controller\IndexController::Success() should be compatible with Think\Controller::success($message = '', $jumpUrl = '', $ajax = false) /data/home/hyu4950590001/htdocs/Application/Wap/Controller/IndexController.class.php 第 0 行.
NOTIC: [8] Undefined index: HTTPS /data/home/hyu4950590001/htdocs/Application/Common/Common/function.php 第 53 行.

[ 2018-11-04T02:09:04+08:00 ] 36.110.199.12 /index.php?m=Wap&c=Wechat&a=checkWechatLogin
INFO: [ app_init ] --START--
INFO: Run Behavior\BuildLiteBehavior [ RunTime:0.000011s ]
INFO: [ app_init ] --END-- [ RunTime:0.000502s ]
INFO: [ app_begin ] --START--
INFO: Run Behavior\ReadHtmlCacheBehavior [ RunTime:0.000663s ]
INFO: [ app_begin ] --END-- [ RunTime:0.000685s ]

[ 2018-11-04T03:35:23+08:00 ] 36.110.199.44 /
INFO: [ app_init ] --START--
INFO: Run Behavior\BuildLiteBehavior [ RunTime:0.000012s ]
INFO: [ app_init ] --END-- [ RunTime:0.000448s ]
INFO: [ app_begin ] --START--
INFO: Run Behavior\ReadHtmlCacheBehavior [ RunTime:0.000658s ]
INFO: [ app_begin ] --END-- [ RunTime:0.000679s ]
NOTIC: [2] Declaration of Wap\Controller\IndexController::Success() should be compatible with Think\Controller::success($message = '', $jumpUrl = '', $ajax = false) /data/home/hyu4950590001/htdocs/Application/Wap/Controller/IndexController.class.php 第 0 行.
NOTIC: [8] Undefined index: HTTPS /data/home/hyu4950590001/htdocs/Application/Common/Common/function.php 第 53 行.

[ 2018-11-04T03:35:23+08:00 ] 36.110.199.44 /index.php?m=Wap&c=Wechat&a=checkWechatLogin
INFO: [ app_init ] --START--
INFO: Run Behavior\BuildLiteBehavior [ RunTime:0.000014s ]
INFO: [ app_init ] --END-- [ RunTime:0.003487s ]
INFO: [ app_begin ] --START--
INFO: Run Behavior\ReadHtmlCacheBehavior [ RunTime:0.000663s ]
INFO: [ app_begin ] --END-- [ RunTime:0.000684s ]

[ 2018-11-04T04:11:54+08:00 ] 101.132.144.145 /
INFO: [ app_init ] --START--
INFO: Run Behavior\BuildLiteBehavior [ RunTime:0.000011s ]
INFO: [ app_init ] --END-- [ RunTime:0.000449s ]
INFO: [ app_begin ] --START--
INFO: Run Behavior\ReadHtmlCacheBehavior [ RunTime:0.000628s ]
INFO: [ app_begin ] --END-- [ RunTime:0.000649s ]
NOTIC: [2] Declaration of Wap\Controller\IndexController::Success() should be compatible with Think\Controller::success($message = '', $jumpUrl = '', $ajax = false) /data/home/hyu4950590001/htdocs/Application/Wap/Controller/IndexController.class.php 第 0 行.
NOTIC: [8] Undefined index: HTTPS /data/home/hyu4950590001/htdocs/Application/Common/Common/function.php 第 53 行.

[ 2018-11-04T04:11:54+08:00 ] 101.132.144.145 /index.php?m=Wap&c=Wechat&a=checkWechatLogin
INFO: [ app_init ] --START--
INFO: Run Behavior\BuildLiteBehavior [ RunTime:0.000011s ]
INFO: [ app_init ] --END-- [ RunTime:0.000453s ]
INFO: [ app_begin ] --START--
INFO: Run Behavior\ReadHtmlCacheBehavior [ RunTime:0.000646s ]
INFO: [ app_begin ] --END-- [ RunTime:0.000667s ]

[ 2018-11-04T04:34:01+08:00 ] 39.107.126.72 /
INFO: [ app_init ] --START--
INFO: Run Behavior\BuildLiteBehavior [ RunTime:0.000016s ]
INFO: [ app_init ] --END-- [ RunTime:0.000559s ]
INFO: [ app_begin ] --START--
INFO: Run Behavior\ReadHtmlCacheBehavior [ RunTime:0.000864s ]
INFO: [ app_begin ] --END-- [ RunTime:0.000888s ]
NOTIC: [2] Declaration of Wap\Controller\IndexController::Success() should be compatible with Think\Controller::success($message = '', $jumpUrl = '', $ajax = false) /data/home/hyu4950590001/htdocs/Application/Wap/Controller/IndexController.class.php 第 0 行.
NOTIC: [8] Undefined index: HTTPS /data/home/hyu4950590001/htdocs/Application/Common/Common/function.php 第 53 行.

[ 2018-11-04T04:34:01+08:00 ] 39.107.126.72 /index.php?m=Wap&c=Wechat&a=checkWechatLogin
INFO: [ app_init ] --START--
INFO: Run Behavior\BuildLiteBehavior [ RunTime:0.000012s ]
INFO: [ app_init ] --END-- [ RunTime:0.000478s ]
INFO: [ app_begin ] --START--
INFO: Run Behavior\ReadHtmlCacheBehavior [ RunTime:0.000642s ]
INFO: [ app_begin ] --END-- [ RunTime:0.000662s ]

[ 2018-11-04T04:45:58+08:00 ] 47.92.101.189 /
INFO: [ app_init ] --START--
INFO: Run Behavior\BuildLiteBehavior [ RunTime:0.000011s ]
INFO: [ app_init ] --END-- [ RunTime:0.000447s ]
INFO: [ app_begin ] --START--
INFO: Run Behavior\ReadHtmlCacheBehavior [ RunTime:0.000616s ]
INFO: [ app_begin ] --END-- [ RunTime:0.000637s ]
NOTIC: [2] Declaration of Wap\Controller\IndexController::Success() should be compatible with Think\Controller::success($message = '', $jumpUrl = '', $ajax = false) /data/home/hyu4950590001/htdocs/Application/Wap/Controller/IndexController.class.php 第 0 行.
NOTIC: [8] Undefined index: HTTPS /data/home/hyu4950590001/htdocs/Application/Common/Common/function.php 第 53 行.

[ 2018-11-04T04:45:58+08:00 ] 47.92.101.189 /index.php?m=Wap&c=Wechat&a=checkWechatLogin
INFO: [ app_init ] --START--
INFO: Run Behavior\BuildLiteBehavior [ RunTime:0.000011s ]
INFO: [ app_init ] --END-- [ RunTime:0.000457s ]
INFO: [ app_begin ] --START--
INFO: Run Behavior\ReadHtmlCacheBehavior [ RunTime:0.000642s ]
INFO: [ app_begin ] --END-- [ RunTime:0.000662s ]

[ 2018-11-04T05:14:09+08:00 ] 101.132.98.159 /
INFO: [ app_init ] --START--
INFO: Run Behavior\BuildLiteBehavior [ RunTime:0.000011s ]
INFO: [ app_init ] --END-- [ RunTime:0.000463s ]
INFO: [ app_begin ] --START--
INFO: Run Behavior\ReadHtmlCacheBehavior [ RunTime:0.000656s ]
INFO: [ app_begin ] --END-- [ RunTime:0.000677s ]
NOTIC: [2] Declaration of Wap\Controller\IndexController::Success() should be compatible with Think\Controller::success($message = '', $jumpUrl = '', $ajax = false) /data/home/hyu4950590001/htdocs/Application/Wap/Controller/IndexController.class.php 第 0 行.
NOTIC: [8] Undefined index: HTTPS /data/home/hyu4950590001/htdocs/Application/Common/Common/function.php 第 53 行.

[ 2018-11-04T05:14:09+08:00 ] 101.132.98.159 /index.php?m=Wap&c=Wechat&a=checkWechatLogin
INFO: [ app_init ] --START--
INFO: Run Behavior\BuildLiteBehavior [ RunTime:0.000011s ]
INFO: [ app_init ] --END-- [ RunTime:0.000427s ]
INFO: [ app_begin ] --START--
INFO: Run Behavior\ReadHtmlCacheBehavior [ RunTime:0.000613s ]
INFO: [ app_begin ] --END-- [ RunTime:0.000634s ]

[ 2018-11-04T05:38:06+08:00 ] 106.14.189.11 /
INFO: [ app_init ] --START--
INFO: Run Behavior\BuildLiteBehavior [ RunTime:0.000011s ]
INFO: [ app_init ] --END-- [ RunTime:0.000480s ]
INFO: [ app_begin ] --START--
INFO: Run Behavior\ReadHtmlCacheBehavior [ RunTime:0.000649s ]
INFO: [ app_begin ] --END-- [ RunTime:0.000669s ]
NOTIC: [2] Declaration of Wap\Controller\IndexController::Success() should be compatible with Think\Controller::success($message = '', $jumpUrl = '', $ajax = false) /data/home/hyu4950590001/htdocs/Application/Wap/Controller/IndexController.class.php 第 0 行.
NOTIC: [8] Undefined index: HTTPS /data/home/hyu4950590001/htdocs/Application/Common/Common/function.php 第 53 行.

[ 2018-11-04T05:38:06+08:00 ] 106.14.189.11 /index.php?m=Wap&c=Wechat&a=checkWechatLogin
INFO: [ app_init ] --START--
INFO: Run Behavior\BuildLiteBehavior [ RunTime:0.000012s ]
INFO: [ app_init ] --END-- [ RunTime:0.000453s ]
INFO: [ app_begin ] --START--
INFO: Run Behavior\ReadHtmlCacheBehavior [ RunTime:0.000636s ]
INFO: [ app_begin ] --END-- [ RunTime:0.000657s ]

[ 2018-11-04T07:45:25+08:00 ] 180.97.35.143 /
INFO: [ app_init ] --START--
INFO: Run Behavior\BuildLiteBehavior [ RunTime:0.000011s ]
INFO: [ app_init ] --END-- [ RunTime:0.000452s ]
INFO: [ app_begin ] --START--
INFO: Run Behavior\ReadHtmlCacheBehavior [ RunTime:0.000769s ]
INFO: [ app_begin ] --END-- [ RunTime:0.000791s ]
NOTIC: [2] Declaration of Wap\Controller\IndexController::Success() should be compatible with Think\Controller::success($message = '', $jumpUrl = '', $ajax = false) /data/home/hyu4950590001/htdocs/Application/Wap/Controller/IndexController.class.php 第 0 行.
NOTIC: [8] Undefined index: HTTPS /data/home/hyu4950590001/htdocs/Application/Common/Common/function.php 第 53 行.

[ 2018-11-04T07:45:26+08:00 ] 180.97.35.142 /index.php?m=Wap&c=Wechat&a=checkWechatLogin
INFO: [ app_init ] --START--
INFO: Run Behavior\BuildLiteBehavior [ RunTime:0.000027s ]
INFO: [ app_init ] --END-- [ RunTime:0.000460s ]
INFO: [ app_begin ] --START--
INFO: Run Behavior\ReadHtmlCacheBehavior [ RunTime:0.000659s ]
INFO: [ app_begin ] --END-- [ RunTime:0.000680s ]

[ 2018-11-04T11:24:10+08:00 ] 52.53.201.78 /
INFO: [ app_init ] --START--
INFO: Run Behavior\BuildLiteBehavior [ RunTime:0.000011s ]
INFO: [ app_init ] --END-- [ RunTime:0.000436s ]
INFO: [ app_begin ] --START--
INFO: Run Behavior\ReadHtmlCacheBehavior [ RunTime:0.000645s ]
INFO: [ app_begin ] --END-- [ RunTime:0.000665s ]
NOTIC: [2] Declaration of Wap\Controller\IndexController::Success() should be compatible with Think\Controller::success($message = '', $jumpUrl = '', $ajax = false) /data/home/hyu4950590001/htdocs/Application/Wap/Controller/IndexController.class.php 第 0 行.
NOTIC: [8] Undefined index: HTTPS /data/home/hyu4950590001/htdocs/Application/Common/Common/function.php 第 53 行.

[ 2018-11-04T11:24:11+08:00 ] 52.53.201.78 /index.php?m=Wap&c=Wechat&a=checkWechatLogin
INFO: [ app_init ] --START--
INFO: Run Behavior\BuildLiteBehavior [ RunTime:0.000012s ]
INFO: [ app_init ] --END-- [ RunTime:0.000501s ]
INFO: [ app_begin ] --START--
INFO: Run Behavior\ReadHtmlCacheBehavior [ RunTime:0.000657s ]
INFO: [ app_begin ] --END-- [ RunTime:0.000678s ]

[ 2018-11-04T13:14:00+08:00 ] 183.136.190.62 /
INFO: [ app_init ] --START--
INFO: Run Behavior\BuildLiteBehavior [ RunTime:0.000029s ]
INFO: [ app_init ] --END-- [ RunTime:0.000505s ]
INFO: [ app_begin ] --START--
INFO: Run Behavior\ReadHtmlCacheBehavior [ RunTime:0.004678s ]
INFO: [ app_begin ] --END-- [ RunTime:0.004703s ]
NOTIC: [2] Declaration of Wap\Controller\IndexController::Success() should be compatible with Think\Controller::success($message = '', $jumpUrl = '', $ajax = false) /data/home/hyu4950590001/htdocs/Application/Wap/Controller/IndexController.class.php 第 0 行.
NOTIC: [8] Undefined index: HTTPS /data/home/hyu4950590001/htdocs/Application/Common/Common/function.php 第 53 行.

[ 2018-11-04T13:16:41+08:00 ] 183.136.190.62 /
INFO: [ app_init ] --START--
INFO: Run Behavior\BuildLiteBehavior [ RunTime:0.000015s ]
INFO: [ app_init ] --END-- [ RunTime:0.000454s ]
INFO: [ app_begin ] --START--
INFO: Run Behavior\ReadHtmlCacheBehavior [ RunTime:0.000622s ]
INFO: [ app_begin ] --END-- [ RunTime:0.000643s ]
NOTIC: [2] Declaration of Wap\Controller\IndexController::Success() should be compatible with Think\Controller::success($message = '', $jumpUrl = '', $ajax = false) /data/home/hyu4950590001/htdocs/Application/Wap/Controller/IndexController.class.php 第 0 行.
NOTIC: [8] Undefined index: HTTPS /data/home/hyu4950590001/htdocs/Application/Common/Common/function.php 第 53 行.

[ 2018-11-04T20:02:35+08:00 ] 203.208.60.73 /
INFO: [ app_init ] --START--
INFO: Run Behavior\BuildLiteBehavior [ RunTime:0.000012s ]
INFO: [ app_init ] --END-- [ RunTime:0.000476s ]
INFO: [ app_begin ] --START--
INFO: Run Behavior\ReadHtmlCacheBehavior [ RunTime:0.000713s ]
INFO: [ app_begin ] --END-- [ RunTime:0.000737s ]
NOTIC: [2] Declaration of Wap\Controller\IndexController::Success() should be compatible with Think\Controller::success($message = '', $jumpUrl = '', $ajax = false) /data/home/hyu4950590001/htdocs/Application/Wap/Controller/IndexController.class.php 第 0 行.
NOTIC: [8] Undefined index: HTTPS /data/home/hyu4950590001/htdocs/Application/Common/Common/function.php 第 53 行.

[ 2018-11-04T20:02:36+08:00 ] 203.208.60.10 /index.php?m=Wap&c=Wechat&a=checkWechatLogin
INFO: [ app_init ] --START--
INFO: Run Behavior\BuildLiteBehavior [ RunTime:0.000011s ]
INFO: [ app_init ] --END-- [ RunTime:0.000470s ]
INFO: [ app_begin ] --START--
INFO: Run Behavior\ReadHtmlCacheBehavior [ RunTime:0.000678s ]
INFO: [ app_begin ] --END-- [ RunTime:0.000704s ]

[ 2018-11-04T21:46:53+08:00 ] 67.231.16.204 /
INFO: [ app_init ] --START--
INFO: Run Behavior\BuildLiteBehavior [ RunTime:0.000012s ]
INFO: [ app_init ] --END-- [ RunTime:0.000464s ]
INFO: [ app_begin ] --START--
INFO: Run Behavior\ReadHtmlCacheBehavior [ RunTime:0.000639s ]
INFO: [ app_begin ] --END-- [ RunTime:0.000661s ]
NOTIC: [2] Declaration of Wap\Controller\IndexController::Success() should be compatible with Think\Controller::success($message = '', $jumpUrl = '', $ajax = false) /data/home/hyu4950590001/htdocs/Application/Wap/Controller/IndexController.class.php 第 0 行.
NOTIC: [8] Undefined index: HTTPS /data/home/hyu4950590001/htdocs/Application/Common/Common/function.php 第 53 行.

[ 2018-11-04T23:50:59+08:00 ] 202.108.211.56 /
INFO: [ app_init ] --START--
INFO: Run Behavior\BuildLiteBehavior [ RunTime:0.000013s ]
INFO: [ app_init ] --END-- [ RunTime:0.000484s ]
INFO: [ app_begin ] --START--
INFO: Run Behavior\ReadHtmlCacheBehavior [ RunTime:0.000689s ]
INFO: [ app_begin ] --END-- [ RunTime:0.000710s ]
NOTIC: [2] Declaration of Wap\Controller\IndexController::Success() should be compatible with Think\Controller::success($message = '', $jumpUrl = '', $ajax = false) /data/home/hyu4950590001/htdocs/Application/Wap/Controller/IndexController.class.php 第 0 行.
NOTIC: [8] Undefined index: HTTPS /data/home/hyu4950590001/htdocs/Application/Common/Common/function.php 第 53 行.

[ 2018-11-04T23:50:59+08:00 ] 202.108.211.56 /index.php?m=Wap&c=Wechat&a=checkWechatLogin
INFO: [ app_init ] --START--
INFO: Run Behavior\BuildLiteBehavior [ RunTime:0.000012s ]
INFO: [ app_init ] --END-- [ RunTime:0.000486s ]
INFO: [ app_begin ] --START--
INFO: Run Behavior\ReadHtmlCacheBehavior [ RunTime:0.000775s ]
INFO: [ app_begin ] --END-- [ RunTime:0.000797s ]

[ 2018-11-04T23:54:05+08:00 ] 203.208.60.121 /
INFO: [ app_init ] --START--
INFO: Run Behavior\BuildLiteBehavior [ RunTime:0.000013s ]
INFO: [ app_init ] --END-- [ RunTime:0.000482s ]
INFO: [ app_begin ] --START--
INFO: Run Behavior\ReadHtmlCacheBehavior [ RunTime:0.000657s ]
INFO: [ app_begin ] --END-- [ RunTime:0.000677s ]
NOTIC: [2] Declaration of Wap\Controller\IndexController::Success() should be compatible with Think\Controller::success($message = '', $jumpUrl = '', $ajax = false) /data/home/hyu4950590001/htdocs/Application/Wap/Controller/IndexController.class.php 第 0 行.
NOTIC: [8] Undefined index: HTTPS /data/home/hyu4950590001/htdocs/Application/Common/Common/function.php 第 53 行.

[ 2018-11-04T23:54:06+08:00 ] 203.208.60.23 /index.php?m=Wap&c=Wechat&a=checkWechatLogin
INFO: [ app_init ] --START--
INFO: Run Behavior\BuildLiteBehavior [ RunTime:0.000011s ]
INFO: [ app_init ] --END-- [ RunTime:0.000468s ]
INFO: [ app_begin ] --START--
INFO: Run Behavior\ReadHtmlCacheBehavior [ RunTime:0.000648s ]
INFO: [ app_begin ] --END-- [ RunTime:0.000669s ]

