[ 2018-12-16T02:20:51+08:00 ] 36.110.199.31 /
INFO: [ app_init ] --START--
INFO: Run Behavior\BuildLiteBehavior [ RunTime:0.000012s ]
INFO: [ app_init ] --END-- [ RunTime:0.000469s ]
INFO: [ app_begin ] --START--
INFO: Run Behavior\ReadHtmlCacheBehavior [ RunTime:0.002644s ]
INFO: [ app_begin ] --END-- [ RunTime:0.002664s ]
NOTIC: [2] Declaration of Wap\Controller\IndexController::Success() should be compatible with Think\Controller::success($message = '', $jumpUrl = '', $ajax = false) /data/home/hyu4950590001/htdocs/Application/Wap/Controller/IndexController.class.php 第 0 行.
NOTIC: [8] Undefined index: HTTPS /data/home/hyu4950590001/htdocs/Application/Common/Common/function.php 第 53 行.

[ 2018-12-16T02:20:51+08:00 ] 36.110.199.31 /index.php?m=Wap&c=Wechat&a=checkWechatLogin
INFO: [ app_init ] --START--
INFO: Run Behavior\BuildLiteBehavior [ RunTime:0.000012s ]
INFO: [ app_init ] --END-- [ RunTime:0.003473s ]
INFO: [ app_begin ] --START--
INFO: Run Behavior\ReadHtmlCacheBehavior [ RunTime:0.000654s ]
INFO: [ app_begin ] --END-- [ RunTime:0.000674s ]

[ 2018-12-16T03:35:22+08:00 ] 36.110.199.31 /
INFO: [ app_init ] --START--
INFO: Run Behavior\BuildLiteBehavior [ RunTime:0.000011s ]
INFO: [ app_init ] --END-- [ RunTime:0.000474s ]
INFO: [ app_begin ] --START--
INFO: Run Behavior\ReadHtmlCacheBehavior [ RunTime:0.000646s ]
INFO: [ app_begin ] --END-- [ RunTime:0.000665s ]
NOTIC: [2] Declaration of Wap\Controller\IndexController::Success() should be compatible with Think\Controller::success($message = '', $jumpUrl = '', $ajax = false) /data/home/hyu4950590001/htdocs/Application/Wap/Controller/IndexController.class.php 第 0 行.
NOTIC: [8] Undefined index: HTTPS /data/home/hyu4950590001/htdocs/Application/Common/Common/function.php 第 53 行.

[ 2018-12-16T03:35:22+08:00 ] 36.110.199.31 /index.php?m=Wap&c=Wechat&a=checkWechatLogin
INFO: [ app_init ] --START--
INFO: Run Behavior\BuildLiteBehavior [ RunTime:0.000012s ]
INFO: [ app_init ] --END-- [ RunTime:0.000532s ]
INFO: [ app_begin ] --START--
INFO: Run Behavior\ReadHtmlCacheBehavior [ RunTime:0.000799s ]
INFO: [ app_begin ] --END-- [ RunTime:0.000823s ]

[ 2018-12-16T06:54:00+08:00 ] 193.112.58.172 /
INFO: [ app_init ] --START--
INFO: Run Behavior\BuildLiteBehavior [ RunTime:0.000011s ]
INFO: [ app_init ] --END-- [ RunTime:0.000441s ]
INFO: [ app_begin ] --START--
INFO: Run Behavior\ReadHtmlCacheBehavior [ RunTime:0.000667s ]
INFO: [ app_begin ] --END-- [ RunTime:0.000688s ]
NOTIC: [2] Declaration of Wap\Controller\IndexController::Success() should be compatible with Think\Controller::success($message = '', $jumpUrl = '', $ajax = false) /data/home/hyu4950590001/htdocs/Application/Wap/Controller/IndexController.class.php 第 0 行.
NOTIC: [8] Undefined index: HTTPS /data/home/hyu4950590001/htdocs/Application/Common/Common/function.php 第 53 行.

[ 2018-12-16T06:54:00+08:00 ] 193.112.58.172 /index.php?m=Wap&c=Wechat&a=checkWechatLogin
INFO: [ app_init ] --START--
INFO: Run Behavior\BuildLiteBehavior [ RunTime:0.000011s ]
INFO: [ app_init ] --END-- [ RunTime:0.000430s ]
INFO: [ app_begin ] --START--
INFO: Run Behavior\ReadHtmlCacheBehavior [ RunTime:0.000605s ]
INFO: [ app_begin ] --END-- [ RunTime:0.000625s ]

[ 2018-12-16T06:54:01+08:00 ] 193.112.58.172 /
INFO: [ app_init ] --START--
INFO: Run Behavior\BuildLiteBehavior [ RunTime:0.000011s ]
INFO: [ app_init ] --END-- [ RunTime:0.000463s ]
INFO: [ app_begin ] --START--
INFO: Run Behavior\ReadHtmlCacheBehavior [ RunTime:0.000692s ]
INFO: [ app_begin ] --END-- [ RunTime:0.000715s ]
NOTIC: [2] Declaration of Wap\Controller\IndexController::Success() should be compatible with Think\Controller::success($message = '', $jumpUrl = '', $ajax = false) /data/home/hyu4950590001/htdocs/Application/Wap/Controller/IndexController.class.php 第 0 行.
NOTIC: [8] Undefined index: HTTPS /data/home/hyu4950590001/htdocs/Application/Common/Common/function.php 第 53 行.

[ 2018-12-16T06:54:01+08:00 ] 193.112.58.172 /index.php?m=Wap&c=Wechat&a=checkWechatLogin
INFO: [ app_init ] --START--
INFO: Run Behavior\BuildLiteBehavior [ RunTime:0.000012s ]
INFO: [ app_init ] --END-- [ RunTime:0.000462s ]
INFO: [ app_begin ] --START--
INFO: Run Behavior\ReadHtmlCacheBehavior [ RunTime:0.000633s ]
INFO: [ app_begin ] --END-- [ RunTime:0.000653s ]

[ 2018-12-16T06:54:01+08:00 ] 193.112.58.172 /
INFO: [ app_init ] --START--
INFO: Run Behavior\BuildLiteBehavior [ RunTime:0.000011s ]
INFO: [ app_init ] --END-- [ RunTime:0.000531s ]
INFO: [ app_begin ] --START--
INFO: Run Behavior\ReadHtmlCacheBehavior [ RunTime:0.000670s ]
INFO: [ app_begin ] --END-- [ RunTime:0.000690s ]
NOTIC: [2] Declaration of Wap\Controller\IndexController::Success() should be compatible with Think\Controller::success($message = '', $jumpUrl = '', $ajax = false) /data/home/hyu4950590001/htdocs/Application/Wap/Controller/IndexController.class.php 第 0 行.
NOTIC: [8] Undefined index: HTTPS /data/home/hyu4950590001/htdocs/Application/Common/Common/function.php 第 53 行.

[ 2018-12-16T06:54:01+08:00 ] 193.112.58.172 /index.php?m=Wap&c=Wechat&a=checkWechatLogin
INFO: [ app_init ] --START--
INFO: Run Behavior\BuildLiteBehavior [ RunTime:0.000011s ]
INFO: [ app_init ] --END-- [ RunTime:0.000463s ]
INFO: [ app_begin ] --START--
INFO: Run Behavior\ReadHtmlCacheBehavior [ RunTime:0.000695s ]
INFO: [ app_begin ] --END-- [ RunTime:0.000715s ]

[ 2018-12-16T10:10:24+08:00 ] 101.132.106.40 /
INFO: [ app_init ] --START--
INFO: Run Behavior\BuildLiteBehavior [ RunTime:0.000012s ]
INFO: [ app_init ] --END-- [ RunTime:0.000512s ]
INFO: [ app_begin ] --START--
INFO: Run Behavior\ReadHtmlCacheBehavior [ RunTime:0.000657s ]
INFO: [ app_begin ] --END-- [ RunTime:0.000680s ]
NOTIC: [2] Declaration of Wap\Controller\IndexController::Success() should be compatible with Think\Controller::success($message = '', $jumpUrl = '', $ajax = false) /data/home/hyu4950590001/htdocs/Application/Wap/Controller/IndexController.class.php 第 0 行.
NOTIC: [8] Undefined index: HTTPS /data/home/hyu4950590001/htdocs/Application/Common/Common/function.php 第 53 行.

[ 2018-12-16T10:10:24+08:00 ] 101.132.106.40 /index.php?m=Wap&c=Wechat&a=checkWechatLogin
INFO: [ app_init ] --START--
INFO: Run Behavior\BuildLiteBehavior [ RunTime:0.000012s ]
INFO: [ app_init ] --END-- [ RunTime:0.000464s ]
INFO: [ app_begin ] --START--
INFO: Run Behavior\ReadHtmlCacheBehavior [ RunTime:0.000722s ]
INFO: [ app_begin ] --END-- [ RunTime:0.000744s ]

[ 2018-12-16T10:22:16+08:00 ] 47.100.51.108 /
INFO: [ app_init ] --START--
INFO: Run Behavior\BuildLiteBehavior [ RunTime:0.000012s ]
INFO: [ app_init ] --END-- [ RunTime:0.000450s ]
INFO: [ app_begin ] --START--
INFO: Run Behavior\ReadHtmlCacheBehavior [ RunTime:0.000633s ]
INFO: [ app_begin ] --END-- [ RunTime:0.000653s ]
NOTIC: [2] Declaration of Wap\Controller\IndexController::Success() should be compatible with Think\Controller::success($message = '', $jumpUrl = '', $ajax = false) /data/home/hyu4950590001/htdocs/Application/Wap/Controller/IndexController.class.php 第 0 行.
NOTIC: [8] Undefined index: HTTPS /data/home/hyu4950590001/htdocs/Application/Common/Common/function.php 第 53 行.

[ 2018-12-16T10:22:16+08:00 ] 47.100.51.108 /index.php?m=Wap&c=Wechat&a=checkWechatLogin
INFO: [ app_init ] --START--
INFO: Run Behavior\BuildLiteBehavior [ RunTime:0.000012s ]
INFO: [ app_init ] --END-- [ RunTime:0.000479s ]
INFO: [ app_begin ] --START--
INFO: Run Behavior\ReadHtmlCacheBehavior [ RunTime:0.000661s ]
INFO: [ app_begin ] --END-- [ RunTime:0.000682s ]

[ 2018-12-16T13:10:26+08:00 ] 47.100.104.184 /
INFO: [ app_init ] --START--
INFO: Run Behavior\BuildLiteBehavior [ RunTime:0.000012s ]
INFO: [ app_init ] --END-- [ RunTime:0.000445s ]
INFO: [ app_begin ] --START--
INFO: Run Behavior\ReadHtmlCacheBehavior [ RunTime:0.000638s ]
INFO: [ app_begin ] --END-- [ RunTime:0.000658s ]
NOTIC: [2] Declaration of Wap\Controller\IndexController::Success() should be compatible with Think\Controller::success($message = '', $jumpUrl = '', $ajax = false) /data/home/hyu4950590001/htdocs/Application/Wap/Controller/IndexController.class.php 第 0 行.
NOTIC: [8] Undefined index: HTTPS /data/home/hyu4950590001/htdocs/Application/Common/Common/function.php 第 53 行.

[ 2018-12-16T13:10:26+08:00 ] 47.100.104.184 /index.php?m=Wap&c=Wechat&a=checkWechatLogin
INFO: [ app_init ] --START--
INFO: Run Behavior\BuildLiteBehavior [ RunTime:0.000012s ]
INFO: [ app_init ] --END-- [ RunTime:0.000491s ]
INFO: [ app_begin ] --START--
INFO: Run Behavior\ReadHtmlCacheBehavior [ RunTime:0.000902s ]
INFO: [ app_begin ] --END-- [ RunTime:0.000928s ]

[ 2018-12-16T13:19:50+08:00 ] 47.97.220.124 /
INFO: [ app_init ] --START--
INFO: Run Behavior\BuildLiteBehavior [ RunTime:0.000016s ]
INFO: [ app_init ] --END-- [ RunTime:0.000638s ]
INFO: [ app_begin ] --START--
INFO: Run Behavior\ReadHtmlCacheBehavior [ RunTime:0.000991s ]
INFO: [ app_begin ] --END-- [ RunTime:0.001019s ]
NOTIC: [2] Declaration of Wap\Controller\IndexController::Success() should be compatible with Think\Controller::success($message = '', $jumpUrl = '', $ajax = false) /data/home/hyu4950590001/htdocs/Application/Wap/Controller/IndexController.class.php 第 0 行.
NOTIC: [8] Undefined index: HTTPS /data/home/hyu4950590001/htdocs/Application/Common/Common/function.php 第 53 行.

[ 2018-12-16T13:19:50+08:00 ] 47.97.220.124 /index.php?m=Wap&c=Wechat&a=checkWechatLogin
INFO: [ app_init ] --START--
INFO: Run Behavior\BuildLiteBehavior [ RunTime:0.000012s ]
INFO: [ app_init ] --END-- [ RunTime:0.000511s ]
INFO: [ app_begin ] --START--
INFO: Run Behavior\ReadHtmlCacheBehavior [ RunTime:0.000698s ]
INFO: [ app_begin ] --END-- [ RunTime:0.000719s ]

[ 2018-12-16T13:46:45+08:00 ] 106.14.204.78 /
INFO: [ app_init ] --START--
INFO: Run Behavior\BuildLiteBehavior [ RunTime:0.000011s ]
INFO: [ app_init ] --END-- [ RunTime:0.000460s ]
INFO: [ app_begin ] --START--
INFO: Run Behavior\ReadHtmlCacheBehavior [ RunTime:0.000631s ]
INFO: [ app_begin ] --END-- [ RunTime:0.000652s ]
NOTIC: [2] Declaration of Wap\Controller\IndexController::Success() should be compatible with Think\Controller::success($message = '', $jumpUrl = '', $ajax = false) /data/home/hyu4950590001/htdocs/Application/Wap/Controller/IndexController.class.php 第 0 行.
NOTIC: [8] Undefined index: HTTPS /data/home/hyu4950590001/htdocs/Application/Common/Common/function.php 第 53 行.

[ 2018-12-16T13:46:45+08:00 ] 106.14.204.78 /index.php?m=Wap&c=Wechat&a=checkWechatLogin
INFO: [ app_init ] --START--
INFO: Run Behavior\BuildLiteBehavior [ RunTime:0.000012s ]
INFO: [ app_init ] --END-- [ RunTime:0.000455s ]
INFO: [ app_begin ] --START--
INFO: Run Behavior\ReadHtmlCacheBehavior [ RunTime:0.000665s ]
INFO: [ app_begin ] --END-- [ RunTime:0.000686s ]

[ 2018-12-16T13:54:19+08:00 ] 47.92.39.202 /
INFO: [ app_init ] --START--
INFO: Run Behavior\BuildLiteBehavior [ RunTime:0.000016s ]
INFO: [ app_init ] --END-- [ RunTime:0.000478s ]
INFO: [ app_begin ] --START--
INFO: Run Behavior\ReadHtmlCacheBehavior [ RunTime:0.000650s ]
INFO: [ app_begin ] --END-- [ RunTime:0.000670s ]
NOTIC: [2] Declaration of Wap\Controller\IndexController::Success() should be compatible with Think\Controller::success($message = '', $jumpUrl = '', $ajax = false) /data/home/hyu4950590001/htdocs/Application/Wap/Controller/IndexController.class.php 第 0 行.
NOTIC: [8] Undefined index: HTTPS /data/home/hyu4950590001/htdocs/Application/Common/Common/function.php 第 53 行.

[ 2018-12-16T13:54:19+08:00 ] 47.92.39.202 /index.php?m=Wap&c=Wechat&a=checkWechatLogin
INFO: [ app_init ] --START--
INFO: Run Behavior\BuildLiteBehavior [ RunTime:0.000011s ]
INFO: [ app_init ] --END-- [ RunTime:0.000434s ]
INFO: [ app_begin ] --START--
INFO: Run Behavior\ReadHtmlCacheBehavior [ RunTime:0.000621s ]
INFO: [ app_begin ] --END-- [ RunTime:0.000646s ]

[ 2018-12-16T16:46:22+08:00 ] 60.205.215.180 /
INFO: [ app_init ] --START--
INFO: Run Behavior\BuildLiteBehavior [ RunTime:0.000012s ]
INFO: [ app_init ] --END-- [ RunTime:0.000442s ]
INFO: [ app_begin ] --START--
INFO: Run Behavior\ReadHtmlCacheBehavior [ RunTime:0.000645s ]
INFO: [ app_begin ] --END-- [ RunTime:0.000666s ]
NOTIC: [2] Declaration of Wap\Controller\IndexController::Success() should be compatible with Think\Controller::success($message = '', $jumpUrl = '', $ajax = false) /data/home/hyu4950590001/htdocs/Application/Wap/Controller/IndexController.class.php 第 0 行.
NOTIC: [8] Undefined index: HTTPS /data/home/hyu4950590001/htdocs/Application/Common/Common/function.php 第 53 行.

[ 2018-12-16T17:37:01+08:00 ] 140.207.54.79 /index.php?m=Wap&c=WechatAuto&a=valid&signature=262de8d33785dd0408f120afd1db4cbb77affaef&timestamp=1544953021&nonce=854406426&openid=oPnp0xFCKuXoTC3RpH0f2w4bEmaY
INFO: [ app_init ] --START--
INFO: Run Behavior\BuildLiteBehavior [ RunTime:0.000012s ]
INFO: [ app_init ] --END-- [ RunTime:0.000461s ]
INFO: [ app_begin ] --START--
INFO: Run Behavior\ReadHtmlCacheBehavior [ RunTime:0.000647s ]
INFO: [ app_begin ] --END-- [ RunTime:0.000670s ]
SQL: SHOW COLUMNS FROM `qun_sys` [ RunTime:0.0020s ]
SQL: SELECT * FROM `qun_sys` WHERE `sys_id` = 1 LIMIT 1   [ RunTime:0.0016s ]

[ 2018-12-16T17:38:22+08:00 ] 140.207.54.80 /index.php?m=Wap&c=WechatAuto&a=valid&signature=19a3bc9061f0fe7b46884f0a3b290932b079b920&timestamp=1544953102&nonce=972439342&openid=oPnp0xFCKuXoTC3RpH0f2w4bEmaY
INFO: [ app_init ] --START--
INFO: Run Behavior\BuildLiteBehavior [ RunTime:0.000038s ]
INFO: [ app_init ] --END-- [ RunTime:0.005191s ]
INFO: [ app_begin ] --START--
INFO: Run Behavior\ReadHtmlCacheBehavior [ RunTime:0.004916s ]
INFO: [ app_begin ] --END-- [ RunTime:0.004947s ]
NOTIC: [8] Undefined variable: resultStr /data/home/hyu4950590001/htdocs/Application/Wap/Controller/WechatAutoController.class.php 第 88 行.

[ 2018-12-16T17:38:24+08:00 ] 120.36.201.53 /index.php?m=Wap&c=Index&a=index&id=1
INFO: [ app_init ] --START--
INFO: Run Behavior\BuildLiteBehavior [ RunTime:0.000013s ]
INFO: [ app_init ] --END-- [ RunTime:0.000494s ]
INFO: [ app_begin ] --START--
INFO: Run Behavior\ReadHtmlCacheBehavior [ RunTime:0.000679s ]
INFO: [ app_begin ] --END-- [ RunTime:0.000705s ]
NOTIC: [2] Declaration of Wap\Controller\IndexController::Success() should be compatible with Think\Controller::success($message = '', $jumpUrl = '', $ajax = false) /data/home/hyu4950590001/htdocs/Application/Wap/Controller/IndexController.class.php 第 0 行.
NOTIC: [8] Undefined index: HTTPS /data/home/hyu4950590001/htdocs/Application/Common/Common/function.php 第 53 行.

[ 2018-12-16T17:38:24+08:00 ] 120.36.201.53 /index.php?m=Wap&c=Wechat&a=checkWechatLogin
INFO: [ app_init ] --START--
INFO: Run Behavior\BuildLiteBehavior [ RunTime:0.000014s ]
INFO: [ app_init ] --END-- [ RunTime:0.002593s ]
INFO: [ app_begin ] --START--
INFO: Run Behavior\ReadHtmlCacheBehavior [ RunTime:0.000771s ]
INFO: [ app_begin ] --END-- [ RunTime:0.000792s ]

[ 2018-12-16T17:38:26+08:00 ] 120.36.201.53 /index.php?a=getCodeBase&c=Wechat&m=Wap&code=0814V1KC1CgYi50dlKKC1l23KC14V1Kj&state=STATE
INFO: [ app_init ] --START--
INFO: Run Behavior\BuildLiteBehavior [ RunTime:0.000042s ]
INFO: [ app_init ] --END-- [ RunTime:0.004597s ]
INFO: [ app_begin ] --START--
INFO: Run Behavior\ReadHtmlCacheBehavior [ RunTime:0.000816s ]
INFO: [ app_begin ] --END-- [ RunTime:0.000842s ]
SQL: SHOW COLUMNS FROM `qun_user` [ RunTime:0.0019s ]
SQL: SELECT * FROM `qun_user` WHERE `user_openid` = 'oPnp0xFCKuXoTC3RpH0f2w4bEmaY' LIMIT 1   [ RunTime:0.0012s ]
SQL: UPDATE `qun_user` SET `user_lasttime`='2018-12-16 17:38:26',`user_ip`='120.36.201.53' WHERE `user_id` = 113 [ RunTime:0.0012s ]

[ 2018-12-16T17:38:27+08:00 ] 120.36.201.53 /index.php?m=Wap&c=Index&a=index&id=1
INFO: [ app_init ] --START--
INFO: Run Behavior\BuildLiteBehavior [ RunTime:0.000014s ]
INFO: [ app_init ] --END-- [ RunTime:0.004504s ]
INFO: [ app_begin ] --START--
INFO: Run Behavior\ReadHtmlCacheBehavior [ RunTime:0.000692s ]
INFO: [ app_begin ] --END-- [ RunTime:0.000712s ]
NOTIC: [2] Declaration of Wap\Controller\IndexController::Success() should be compatible with Think\Controller::success($message = '', $jumpUrl = '', $ajax = false) /data/home/hyu4950590001/htdocs/Application/Wap/Controller/IndexController.class.php 第 0 行.
NOTIC: [8] Undefined index: HTTPS /data/home/hyu4950590001/htdocs/Application/Common/Common/function.php 第 53 行.
NOTIC: [8] Undefined index: HTTPS /data/home/hyu4950590001/htdocs/Application/Common/Common/function.php 第 53 行.
NOTIC: [8] Trying to get property of non-object /data/home/hyu4950590001/htdocs/Application/Wap/Controller/WechatController.class.php 第 243 行.
SQL: SHOW COLUMNS FROM `qun_sys` [ RunTime:0.0016s ]
SQL: SELECT * FROM `qun_sys` WHERE `sys_id` = 1 LIMIT 1   [ RunTime:0.0010s ]
SQL: SHOW COLUMNS FROM `qun_group` [ RunTime:0.0013s ]
SQL: SELECT * FROM `qun_group` WHERE `group_state` = 1 AND `type` = 1  [ RunTime:0.0013s ]
SQL: SELECT * FROM `qun_group` WHERE `group_state` = 1 AND `type` = 2  [ RunTime:0.0010s ]
INFO: [ view_parse ] --START--
INFO: [ template_filter ] --START--
INFO: Run Behavior\ContentReplaceBehavior [ RunTime:0.000064s ]
INFO: [ template_filter ] --END-- [ RunTime:0.000096s ]
NOTIC: [8] Undefined variable: vip /data/home/hyu4950590001/htdocs/Application/Runtime/Cache/Wap/72ce0aa59ea099606b7d8fd91a906396.php 第 180 行.
INFO: Run Behavior\ParseTemplateBehavior [ RunTime:0.028272s ]
INFO: [ view_parse ] --END-- [ RunTime:0.028293s ]
INFO: [ view_filter ] --START--
INFO: Run Behavior\WriteHtmlCacheBehavior [ RunTime:0.000285s ]
INFO: [ view_filter ] --END-- [ RunTime:0.000300s ]
INFO: [ app_end ] --START--
INFO: Run Behavior\ShowPageTraceBehavior [ RunTime:0.004766s ]
INFO: [ app_end ] --END-- [ RunTime:0.004787s ]

[ 2018-12-16T17:38:30+08:00 ] 120.36.201.53 /index.php?m=Wap&c=Index&a=order1&type=1
INFO: [ app_init ] --START--
INFO: Run Behavior\BuildLiteBehavior [ RunTime:0.000014s ]
INFO: [ app_init ] --END-- [ RunTime:0.002481s ]
INFO: [ app_begin ] --START--
INFO: Run Behavior\ReadHtmlCacheBehavior [ RunTime:0.000653s ]
INFO: [ app_begin ] --END-- [ RunTime:0.000673s ]
NOTIC: [2] Declaration of Wap\Controller\IndexController::Success() should be compatible with Think\Controller::success($message = '', $jumpUrl = '', $ajax = false) /data/home/hyu4950590001/htdocs/Application/Wap/Controller/IndexController.class.php 第 0 行.
NOTIC: [8] Undefined index: HTTPS /data/home/hyu4950590001/htdocs/Application/Common/Common/function.php 第 53 行.
SQL: SHOW COLUMNS FROM `qun_type` [ RunTime:0.0016s ]
SQL: SELECT * FROM `qun_type` WHERE `is_show` = 1 AND `type_state` = 1  [ RunTime:0.0014s ]
INFO: [ view_parse ] --START--
INFO: [ template_filter ] --START--
INFO: Run Behavior\ContentReplaceBehavior [ RunTime:0.000073s ]
INFO: [ template_filter ] --END-- [ RunTime:0.000100s ]
INFO: Run Behavior\ParseTemplateBehavior [ RunTime:0.018262s ]
INFO: [ view_parse ] --END-- [ RunTime:0.018283s ]
INFO: [ view_filter ] --START--
INFO: Run Behavior\WriteHtmlCacheBehavior [ RunTime:0.000260s ]
INFO: [ view_filter ] --END-- [ RunTime:0.000276s ]
INFO: [ app_end ] --START--
INFO: Run Behavior\ShowPageTraceBehavior [ RunTime:0.000679s ]
INFO: [ app_end ] --END-- [ RunTime:0.000701s ]

[ 2018-12-16T17:38:43+08:00 ] 120.36.201.53 /index.php?m=Wap&c=Order&a=doOrder
INFO: [ app_init ] --START--
INFO: Run Behavior\BuildLiteBehavior [ RunTime:0.000013s ]
INFO: [ app_init ] --END-- [ RunTime:0.000485s ]
INFO: [ app_begin ] --START--
INFO: Run Behavior\ReadHtmlCacheBehavior [ RunTime:0.003647s ]
INFO: [ app_begin ] --END-- [ RunTime:0.003669s ]
NOTIC: [8] Undefined index: HTTPS /data/home/hyu4950590001/htdocs/Application/Common/Common/function.php 第 53 行.
NOTIC: [8] Undefined index: classify /data/home/hyu4950590001/htdocs/Application/Wap/Controller/OrderController.class.php 第 22 行.
SQL: SHOW COLUMNS FROM `qun_sys` [ RunTime:0.0021s ]
SQL: SELECT * FROM `qun_sys` WHERE `sys_id` = 1 LIMIT 1   [ RunTime:0.0017s ]
SQL: SHOW COLUMNS FROM `qun_group` [ RunTime:0.0016s ]
SQL: SELECT * FROM `qun_group` WHERE `type` = '1' AND `start` <= '4' AND `end` >= '4' AND `group_state` = 1 LIMIT 1   [ RunTime:0.0012s ]
SQL: SHOW COLUMNS FROM `qun_user` [ RunTime:0.0014s ]
SQL: SELECT * FROM `qun_user` WHERE `user_id` = 113 LIMIT 1   [ RunTime:0.0012s ]
SQL: SHOW COLUMNS FROM `qun_order` [ RunTime:0.0016s ]
SQL: INSERT INTO `qun_order` (`hello`,`out`,`wechat`,`nickname`,`qun_num`,`order_type`,`order_no`,`user_id`,`order_createtime`,`order_state`,`is_pay`,`order_price`) VALUES ('大家好，我是微燃科技小助手，今天的课程由我为大家直播。','本次课程到此结束，感谢大家收听！稍后小助手会自动退群。','niu','直播助手','4','1','15449531236900','113','2018-12-16 17:38:43','1','0','60') [ RunTime:0.0048s ]

[ 2018-12-16T17:38:45+08:00 ] 120.36.201.53 /index.php?m=Wap&c=Index&a=order2&id=203
INFO: [ app_init ] --START--
INFO: Run Behavior\BuildLiteBehavior [ RunTime:0.000013s ]
INFO: [ app_init ] --END-- [ RunTime:0.000466s ]
INFO: [ app_begin ] --START--
INFO: Run Behavior\ReadHtmlCacheBehavior [ RunTime:0.003636s ]
INFO: [ app_begin ] --END-- [ RunTime:0.003669s ]
NOTIC: [2] Declaration of Wap\Controller\IndexController::Success() should be compatible with Think\Controller::success($message = '', $jumpUrl = '', $ajax = false) /data/home/hyu4950590001/htdocs/Application/Wap/Controller/IndexController.class.php 第 0 行.
NOTIC: [8] Undefined index: HTTPS /data/home/hyu4950590001/htdocs/Application/Common/Common/function.php 第 53 行.
SQL: SHOW COLUMNS FROM `qun_order` [ RunTime:0.4289s ]
SQL: SELECT * FROM `qun_order` WHERE `order_id` = 203 LIMIT 1   [ RunTime:0.0019s ]
INFO: [ view_parse ] --START--
INFO: [ template_filter ] --START--
INFO: Run Behavior\ContentReplaceBehavior [ RunTime:0.000033s ]
INFO: [ template_filter ] --END-- [ RunTime:0.000053s ]
INFO: Run Behavior\ParseTemplateBehavior [ RunTime:0.008108s ]
INFO: [ view_parse ] --END-- [ RunTime:0.008129s ]
INFO: [ view_filter ] --START--
INFO: Run Behavior\WriteHtmlCacheBehavior [ RunTime:0.000225s ]
INFO: [ view_filter ] --END-- [ RunTime:0.000241s ]
INFO: [ app_end ] --START--
INFO: Run Behavior\ShowPageTraceBehavior [ RunTime:0.000639s ]
INFO: [ app_end ] --END-- [ RunTime:0.000660s ]

[ 2018-12-16T17:38:46+08:00 ] 120.36.201.53 /index.php?m=Wap&c=Index&a=pay&id=203
INFO: [ app_init ] --START--
INFO: Run Behavior\BuildLiteBehavior [ RunTime:0.000024s ]
INFO: [ app_init ] --END-- [ RunTime:0.000460s ]
INFO: [ app_begin ] --START--
INFO: Run Behavior\ReadHtmlCacheBehavior [ RunTime:0.000646s ]
INFO: [ app_begin ] --END-- [ RunTime:0.000667s ]
NOTIC: [2] Declaration of Wap\Controller\IndexController::Success() should be compatible with Think\Controller::success($message = '', $jumpUrl = '', $ajax = false) /data/home/hyu4950590001/htdocs/Application/Wap/Controller/IndexController.class.php 第 0 行.
NOTIC: [8] Undefined index: HTTPS /data/home/hyu4950590001/htdocs/Application/Common/Common/function.php 第 53 行.
SQL: SHOW COLUMNS FROM `qun_order` [ RunTime:0.0017s ]
SQL: SELECT * FROM `qun_order` WHERE `order_id` = 203 LIMIT 1   [ RunTime:0.0011s ]

[ 2018-12-16T17:38:46+08:00 ] 120.36.201.53 /index.php?m=Wap&c=Wxpay&a=doWxpay
INFO: [ app_init ] --START--
INFO: Run Behavior\BuildLiteBehavior [ RunTime:0.000012s ]
INFO: [ app_init ] --END-- [ RunTime:0.000443s ]
INFO: [ app_begin ] --START--
INFO: Run Behavior\ReadHtmlCacheBehavior [ RunTime:0.000640s ]
INFO: [ app_begin ] --END-- [ RunTime:0.000660s ]
NOTIC: [8] Undefined index: appid /data/home/hyu4950590001/htdocs/ThinkPHP/Library/Vendor/Wxpay/JsApiPay.php 第 204 行.

[ 2018-12-16T17:38:47+08:00 ] 120.36.201.53 /index.php?m=Wap&c=Wxpay&a=doWxPay&code=021Z7Yag2xKNII0jkgag2CvUag2Z7Yan&state=STATE
INFO: [ app_init ] --START--
INFO: Run Behavior\BuildLiteBehavior [ RunTime:0.000011s ]
INFO: [ app_init ] --END-- [ RunTime:0.000576s ]
INFO: [ app_begin ] --START--
INFO: Run Behavior\ReadHtmlCacheBehavior [ RunTime:0.000628s ]
INFO: [ app_begin ] --END-- [ RunTime:0.000649s ]
NOTIC: [8] Undefined index: appid /data/home/hyu4950590001/htdocs/ThinkPHP/Library/Vendor/Wxpay/JsApiPay.php 第 227 行.
NOTIC: [8] Undefined index: secret /data/home/hyu4950590001/htdocs/ThinkPHP/Library/Vendor/Wxpay/JsApiPay.php 第 234 行.
NOTIC: [8] Undefined property: JsApiPay::$curl_timeout /data/home/hyu4950590001/htdocs/ThinkPHP/Library/Vendor/Wxpay/JsApiPay.php 第 121 行.
SQL: SHOW COLUMNS FROM `qun_order` [ RunTime:0.0018s ]
SQL: SELECT * FROM `qun_order` WHERE `order_id` = 203 LIMIT 1   [ RunTime:0.0010s ]
SQL: SHOW COLUMNS FROM `qun_user` [ RunTime:0.0016s ]
SQL: SELECT * FROM `qun_user` WHERE `user_id` = 113 LIMIT 1   [ RunTime:0.0010s ]
INFO: [ view_parse ] --START--
INFO: [ template_filter ] --START--
INFO: Run Behavior\ContentReplaceBehavior [ RunTime:0.000054s ]
INFO: [ template_filter ] --END-- [ RunTime:0.000075s ]
INFO: Run Behavior\ParseTemplateBehavior [ RunTime:0.008620s ]
INFO: [ view_parse ] --END-- [ RunTime:0.008639s ]
INFO: [ view_filter ] --START--
INFO: Run Behavior\WriteHtmlCacheBehavior [ RunTime:0.000228s ]
INFO: [ view_filter ] --END-- [ RunTime:0.000243s ]
INFO: [ app_end ] --START--
INFO: Run Behavior\ShowPageTraceBehavior [ RunTime:0.000651s ]
INFO: [ app_end ] --END-- [ RunTime:0.000672s ]

[ 2018-12-16T17:38:49+08:00 ] 120.36.201.53 /index.php?m=Wap&c=Order&a=payOrder
INFO: [ app_init ] --START--
INFO: Run Behavior\BuildLiteBehavior [ RunTime:0.000012s ]
INFO: [ app_init ] --END-- [ RunTime:0.000455s ]
INFO: [ app_begin ] --START--
INFO: Run Behavior\ReadHtmlCacheBehavior [ RunTime:0.000627s ]
INFO: [ app_begin ] --END-- [ RunTime:0.000649s ]
NOTIC: [8] Undefined index: HTTPS /data/home/hyu4950590001/htdocs/Application/Common/Common/function.php 第 53 行.
SQL: SHOW COLUMNS FROM `qun_order` [ RunTime:0.0017s ]
SQL: SELECT * FROM `qun_order` WHERE `order_id` = 203 LIMIT 1   [ RunTime:0.0011s ]
SQL: SHOW COLUMNS FROM `qun_user` [ RunTime:0.0013s ]
SQL: SELECT * FROM `qun_user` WHERE `user_id` = 113 LIMIT 1   [ RunTime:0.0010s ]
NOTIC: [8] Undefined index: errcode /data/home/hyu4950590001/htdocs/Application/Wap/Controller/OrderController.class.php 第 199 行.
NOTIC: [8] Undefined index: errcode /data/home/hyu4950590001/htdocs/Application/Wap/Controller/OrderController.class.php 第 203 行.
SQL: SHOW COLUMNS FROM `qun_kefu` [ RunTime:0.0017s ]
SQL: SELECT * FROM `qun_kefu` WHERE `kefu_wechat` = 'duoqun005' AND `kefu_state` = 1 LIMIT 1   [ RunTime:0.0014s ]
SQL: UPDATE `qun_order` SET `is_pay`='1',`pay_type`='2',`session_id`='ee078a947bef729717da1fd3c98ddef9',`num`='6727',`kefu_id`='164,' WHERE `order_id` = 203 [ RunTime:0.0065s ]
SQL: UPDATE `qun_user` SET `user_money`='996840' WHERE `user_id` = 113 [ RunTime:0.0019s ]
SQL: SELECT * FROM `qun_user` WHERE `user_id` = null LIMIT 1   [ RunTime:0.0011s ]
SQL: UPDATE `qun_user` SET `user_money`='0' WHERE `user_id` = null [ RunTime:0.0010s ]
SQL: SHOW COLUMNS FROM `qun_recharge` [ RunTime:0.0017s ]
SQL: INSERT INTO `qun_recharge` (`money`,`user_id`,`recharge_type`,`is_pay`,`pay_func`,`recharge_no`,`user_prev`,`user_next`,`recharge_state`,`recharge_createtime`) VALUES ('0.00',NULL,'2','1','2','15449531236900',NULL,'0','1','2018-12-16 17:38:49') [ RunTime:0.0171s ]
SQL: INSERT INTO `qun_recharge` (`money`,`user_id`,`recharge_type`,`is_pay`,`pay_func`,`recharge_no`,`user_prev`,`user_next`,`recharge_state`,`recharge_createtime`) VALUES ('60','113','3','1','2','15449531236900','996900.00','996840','1','2018-12-16 17:38:49') [ RunTime:0.0045s ]

[ 2018-12-16T17:38:50+08:00 ] 120.36.201.53 /index.php?m=Wap&c=Index&a=Success&id=203
INFO: [ app_init ] --START--
INFO: Run Behavior\BuildLiteBehavior [ RunTime:0.000017s ]
INFO: [ app_init ] --END-- [ RunTime:0.000644s ]
INFO: [ app_begin ] --START--
INFO: Run Behavior\ReadHtmlCacheBehavior [ RunTime:0.000688s ]
INFO: [ app_begin ] --END-- [ RunTime:0.000710s ]
NOTIC: [2] Declaration of Wap\Controller\IndexController::Success() should be compatible with Think\Controller::success($message = '', $jumpUrl = '', $ajax = false) /data/home/hyu4950590001/htdocs/Application/Wap/Controller/IndexController.class.php 第 0 行.
NOTIC: [8] Undefined index: HTTPS /data/home/hyu4950590001/htdocs/Application/Common/Common/function.php 第 53 行.
SQL: SHOW COLUMNS FROM `qun_order` [ RunTime:0.0017s ]
SQL: SELECT * FROM `qun_order` WHERE `order_id` = 203 LIMIT 1   [ RunTime:0.0012s ]
SQL: SHOW COLUMNS FROM `qun_kefu` [ RunTime:0.0012s ]
SQL: SELECT * FROM `qun_kefu` WHERE `kefu_id` = 164 LIMIT 1   [ RunTime:0.0010s ]
SQL: SELECT * FROM `qun_kefu` WHERE `kefu_id` = 164 LIMIT 1   [ RunTime:0.0009s ]
SQL: SHOW COLUMNS FROM `qun_sys` [ RunTime:0.0013s ]
SQL: SELECT * FROM `qun_sys` WHERE `sys_id` = 1 LIMIT 1   [ RunTime:0.0010s ]
INFO: [ view_parse ] --START--
INFO: [ template_filter ] --START--
INFO: Run Behavior\ContentReplaceBehavior [ RunTime:0.000045s ]
INFO: [ template_filter ] --END-- [ RunTime:0.000068s ]
INFO: Run Behavior\ParseTemplateBehavior [ RunTime:0.010509s ]
INFO: [ view_parse ] --END-- [ RunTime:0.010545s ]
INFO: [ view_filter ] --START--
INFO: Run Behavior\WriteHtmlCacheBehavior [ RunTime:0.000324s ]
INFO: [ view_filter ] --END-- [ RunTime:0.000343s ]
INFO: [ app_end ] --START--
INFO: Run Behavior\ShowPageTraceBehavior [ RunTime:0.000726s ]
INFO: [ app_end ] --END-- [ RunTime:0.000753s ]

[ 2018-12-16T17:38:52+08:00 ] 120.36.201.53 /index.php?m=Wap&c=Index&a=is_pass&id=203
INFO: [ app_init ] --START--
INFO: Run Behavior\BuildLiteBehavior [ RunTime:0.000011s ]
INFO: [ app_init ] --END-- [ RunTime:0.000456s ]
INFO: [ app_begin ] --START--
INFO: Run Behavior\ReadHtmlCacheBehavior [ RunTime:0.000633s ]
INFO: [ app_begin ] --END-- [ RunTime:0.000653s ]
NOTIC: [2] Declaration of Wap\Controller\IndexController::Success() should be compatible with Think\Controller::success($message = '', $jumpUrl = '', $ajax = false) /data/home/hyu4950590001/htdocs/Application/Wap/Controller/IndexController.class.php 第 0 行.
NOTIC: [8] Undefined index: HTTPS /data/home/hyu4950590001/htdocs/Application/Common/Common/function.php 第 53 行.
SQL: SHOW COLUMNS FROM `qun_order` [ RunTime:0.0019s ]
SQL: SELECT * FROM `qun_order` WHERE `order_id` = 203 LIMIT 1   [ RunTime:0.0010s ]

[ 2018-12-16T17:38:59+08:00 ] 101.227.139.194 /index.php?m=Wap&c=Index&a=Success&id=203
INFO: [ app_init ] --START--
INFO: Run Behavior\BuildLiteBehavior [ RunTime:0.000012s ]
INFO: [ app_init ] --END-- [ RunTime:0.000478s ]
INFO: [ app_begin ] --START--
INFO: Run Behavior\ReadHtmlCacheBehavior [ RunTime:0.000637s ]
INFO: [ app_begin ] --END-- [ RunTime:0.000659s ]
NOTIC: [2] Declaration of Wap\Controller\IndexController::Success() should be compatible with Think\Controller::success($message = '', $jumpUrl = '', $ajax = false) /data/home/hyu4950590001/htdocs/Application/Wap/Controller/IndexController.class.php 第 0 行.
NOTIC: [8] Undefined index: HTTPS /data/home/hyu4950590001/htdocs/Application/Common/Common/function.php 第 53 行.

[ 2018-12-16T17:39:22+08:00 ] 61.151.207.186 /index.php?m=Wap&c=Index&a=index&id=1
INFO: [ app_init ] --START--
INFO: Run Behavior\BuildLiteBehavior [ RunTime:0.000013s ]
INFO: [ app_init ] --END-- [ RunTime:0.000506s ]
INFO: [ app_begin ] --START--
INFO: Run Behavior\ReadHtmlCacheBehavior [ RunTime:0.000671s ]
INFO: [ app_begin ] --END-- [ RunTime:0.000691s ]
NOTIC: [2] Declaration of Wap\Controller\IndexController::Success() should be compatible with Think\Controller::success($message = '', $jumpUrl = '', $ajax = false) /data/home/hyu4950590001/htdocs/Application/Wap/Controller/IndexController.class.php 第 0 行.
NOTIC: [8] Undefined index: HTTPS /data/home/hyu4950590001/htdocs/Application/Common/Common/function.php 第 53 行.

[ 2018-12-16T17:39:24+08:00 ] 101.89.29.86 /index.php?m=Wap&c=Wechat&a=checkWechatLogin
INFO: [ app_init ] --START--
INFO: Run Behavior\BuildLiteBehavior [ RunTime:0.000012s ]
INFO: [ app_init ] --END-- [ RunTime:0.000481s ]
INFO: [ app_begin ] --START--
INFO: Run Behavior\ReadHtmlCacheBehavior [ RunTime:0.000632s ]
INFO: [ app_begin ] --END-- [ RunTime:0.000654s ]

[ 2018-12-16T17:39:43+08:00 ] 101.91.60.107 /index.php?m=Wap&c=Index&a=order2&id=203
INFO: [ app_init ] --START--
INFO: Run Behavior\BuildLiteBehavior [ RunTime:0.000014s ]
INFO: [ app_init ] --END-- [ RunTime:0.000466s ]
INFO: [ app_begin ] --START--
INFO: Run Behavior\ReadHtmlCacheBehavior [ RunTime:0.000669s ]
INFO: [ app_begin ] --END-- [ RunTime:0.000692s ]
NOTIC: [2] Declaration of Wap\Controller\IndexController::Success() should be compatible with Think\Controller::success($message = '', $jumpUrl = '', $ajax = false) /data/home/hyu4950590001/htdocs/Application/Wap/Controller/IndexController.class.php 第 0 行.
NOTIC: [8] Undefined index: HTTPS /data/home/hyu4950590001/htdocs/Application/Common/Common/function.php 第 53 行.

[ 2018-12-16T17:39:45+08:00 ] 61.151.178.236 /index.php?m=Wap&c=Index&a=pay&id=203
INFO: [ app_init ] --START--
INFO: Run Behavior\BuildLiteBehavior [ RunTime:0.000011s ]
INFO: [ app_init ] --END-- [ RunTime:0.000478s ]
INFO: [ app_begin ] --START--
INFO: Run Behavior\ReadHtmlCacheBehavior [ RunTime:0.000634s ]
INFO: [ app_begin ] --END-- [ RunTime:0.000654s ]
NOTIC: [2] Declaration of Wap\Controller\IndexController::Success() should be compatible with Think\Controller::success($message = '', $jumpUrl = '', $ajax = false) /data/home/hyu4950590001/htdocs/Application/Wap/Controller/IndexController.class.php 第 0 行.
NOTIC: [8] Undefined index: HTTPS /data/home/hyu4950590001/htdocs/Application/Common/Common/function.php 第 53 行.

[ 2018-12-16T17:39:49+08:00 ] 61.129.6.145 /index.php?m=Wap&c=Index&a=Success&id=203
INFO: [ app_init ] --START--
INFO: Run Behavior\BuildLiteBehavior [ RunTime:0.000012s ]
INFO: [ app_init ] --END-- [ RunTime:0.000438s ]
INFO: [ app_begin ] --START--
INFO: Run Behavior\ReadHtmlCacheBehavior [ RunTime:0.000629s ]
INFO: [ app_begin ] --END-- [ RunTime:0.000649s ]
NOTIC: [2] Declaration of Wap\Controller\IndexController::Success() should be compatible with Think\Controller::success($message = '', $jumpUrl = '', $ajax = false) /data/home/hyu4950590001/htdocs/Application/Wap/Controller/IndexController.class.php 第 0 行.
NOTIC: [8] Undefined index: HTTPS /data/home/hyu4950590001/htdocs/Application/Common/Common/function.php 第 53 行.

[ 2018-12-16T18:13:16+08:00 ] 31.13.115.17 /?fbclid=IwAR2Usa5e_JvVtXKcLy0Q3MZSH4iS6tHyMjOU3CFYpVuYjbY77uhk_sw3QCY
INFO: [ app_init ] --START--
INFO: Run Behavior\BuildLiteBehavior [ RunTime:0.000013s ]
INFO: [ app_init ] --END-- [ RunTime:0.000473s ]
INFO: [ app_begin ] --START--
INFO: Run Behavior\ReadHtmlCacheBehavior [ RunTime:0.000677s ]
INFO: [ app_begin ] --END-- [ RunTime:0.000698s ]
NOTIC: [2] Declaration of Wap\Controller\IndexController::Success() should be compatible with Think\Controller::success($message = '', $jumpUrl = '', $ajax = false) /data/home/hyu4950590001/htdocs/Application/Wap/Controller/IndexController.class.php 第 0 行.
NOTIC: [8] Undefined index: HTTPS /data/home/hyu4950590001/htdocs/Application/Common/Common/function.php 第 53 行.

[ 2018-12-16T18:13:17+08:00 ] 31.13.115.17 /index.php?m=Wap&c=Wechat&a=checkWechatLogin
INFO: [ app_init ] --START--
INFO: Run Behavior\BuildLiteBehavior [ RunTime:0.000017s ]
INFO: [ app_init ] --END-- [ RunTime:0.000626s ]
INFO: [ app_begin ] --START--
INFO: Run Behavior\ReadHtmlCacheBehavior [ RunTime:0.000886s ]
INFO: [ app_begin ] --END-- [ RunTime:0.000916s ]

