[ 2018-12-12T09:03:59+08:00 ] 47.106.174.74 /index.php?m=Api&c=kefu&a=deleteKefu&kefu_wechat=Z250575190
INFO: [ app_init ] --START--
INFO: Run Behavior\BuildLiteBehavior [ RunTime:0.000015s ]
INFO: [ app_init ] --END-- [ RunTime:0.000718s ]
INFO: [ app_begin ] --START--
INFO: Run Behavior\ReadHtmlCacheBehavior [ RunTime:0.000949s ]
INFO: [ app_begin ] --END-- [ RunTime:0.000970s ]
SQL: SHOW COLUMNS FROM `qun_kefu` [ RunTime:0.0020s ]
SQL: UPDATE `qun_kefu` SET `kefu_state`='0' WHERE `kefu_wechat` = 'Z250575190' [ RunTime:0.0091s ]

[ 2018-12-12T09:03:59+08:00 ] 47.106.174.74 /index.php?m=Api&c=kefu&a=deleteKefu&kefu_wechat=duoqun388
INFO: [ app_init ] --START--
INFO: Run Behavior\BuildLiteBehavior [ RunTime:0.000012s ]
INFO: [ app_init ] --END-- [ RunTime:0.000470s ]
INFO: [ app_begin ] --START--
INFO: Run Behavior\ReadHtmlCacheBehavior [ RunTime:0.000798s ]
INFO: [ app_begin ] --END-- [ RunTime:0.000822s ]
SQL: SHOW COLUMNS FROM `qun_kefu` [ RunTime:0.0015s ]
SQL: UPDATE `qun_kefu` SET `kefu_state`='0' WHERE `kefu_wechat` = 'duoqun388' [ RunTime:0.0062s ]

[ 2018-12-12T09:04:02+08:00 ] 47.106.174.74 /index.php?m=Api&c=kefu&a=deleteKefu&kefu_wechat=peng13799511614
INFO: [ app_init ] --START--
INFO: Run Behavior\BuildLiteBehavior [ RunTime:0.000011s ]
INFO: [ app_init ] --END-- [ RunTime:0.000472s ]
INFO: [ app_begin ] --START--
INFO: Run Behavior\ReadHtmlCacheBehavior [ RunTime:0.000663s ]
INFO: [ app_begin ] --END-- [ RunTime:0.000682s ]
SQL: SHOW COLUMNS FROM `qun_kefu` [ RunTime:0.0015s ]
SQL: UPDATE `qun_kefu` SET `kefu_state`='0' WHERE `kefu_wechat` = 'peng13799511614' [ RunTime:0.0057s ]

[ 2018-12-12T16:38:04+08:00 ] 47.106.174.74 /index.php?m=Api&c=kefu&a=addAndEditKefu&kefu_wechat=duoqun005&kefu_qrcode=http%3A%2F%2F47.106.174.74%2Fqrcode%2Fwxid_7wqfwvu628cz22.jpg&kefu_name=%E5%8A%A9%E6%89%8B49
INFO: [ app_init ] --START--
INFO: Run Behavior\BuildLiteBehavior [ RunTime:0.000012s ]
INFO: [ app_init ] --END-- [ RunTime:0.000480s ]
INFO: [ app_begin ] --START--
INFO: Run Behavior\ReadHtmlCacheBehavior [ RunTime:0.000657s ]
INFO: [ app_begin ] --END-- [ RunTime:0.000676s ]
SQL: SHOW COLUMNS FROM `qun_kefu` [ RunTime:0.0020s ]
SQL: SELECT * FROM `qun_kefu` WHERE `kefu_wechat` = 'duoqun005' AND `kefu_state` = 1 LIMIT 1   [ RunTime:0.0016s ]
SQL: UPDATE `qun_kefu` SET `kefu_wechat`='duoqun005',`kefu_name`='助手49',`kefu_qrcode`='http://47.106.174.74/qrcode/wxid_7wqfwvu628cz22.jpg',`kefu_state`='1' WHERE `kefu_wechat` = 'duoqun005' [ RunTime:0.0153s ]

