[ 2018-10-29T11:27:23+08:00 ] 47.106.174.74 /index.php?m=Api&c=kefu&a=deleteKefu&kefu_wechat=wendui19
INFO: [ app_init ] --START--
INFO: Run Behavior\BuildLiteBehavior [ RunTime:0.000014s ]
INFO: [ app_init ] --END-- [ RunTime:0.004485s ]
INFO: [ app_begin ] --START--
INFO: Run Behavior\ReadHtmlCacheBehavior [ RunTime:0.000671s ]
INFO: [ app_begin ] --END-- [ RunTime:0.000692s ]
SQL: SHOW COLUMNS FROM `qun_kefu` [ RunTime:0.0015s ]
SQL: UPDATE `qun_kefu` SET `kefu_state`='0' WHERE `kefu_wechat` = 'wendui19' [ RunTime:0.0050s ]

[ 2018-10-29T11:27:28+08:00 ] 47.106.174.74 /index.php?m=Api&c=kefu&a=deleteKefu&kefu_wechat=abuyaoa003
INFO: [ app_init ] --START--
INFO: Run Behavior\BuildLiteBehavior [ RunTime:0.000013s ]
INFO: [ app_init ] --END-- [ RunTime:0.000485s ]
INFO: [ app_begin ] --START--
INFO: Run Behavior\ReadHtmlCacheBehavior [ RunTime:0.003993s ]
INFO: [ app_begin ] --END-- [ RunTime:0.004015s ]
SQL: SHOW COLUMNS FROM `qun_kefu` [ RunTime:0.0015s ]
SQL: UPDATE `qun_kefu` SET `kefu_state`='0' WHERE `kefu_wechat` = 'abuyaoa003' [ RunTime:0.0042s ]

[ 2018-10-29T11:27:28+08:00 ] 47.106.174.74 /index.php?m=Api&c=kefu&a=deleteKefu&kefu_wechat=wendui09
INFO: [ app_init ] --START--
INFO: Run Behavior\BuildLiteBehavior [ RunTime:0.000011s ]
INFO: [ app_init ] --END-- [ RunTime:0.000556s ]
INFO: [ app_begin ] --START--
INFO: Run Behavior\ReadHtmlCacheBehavior [ RunTime:0.000754s ]
INFO: [ app_begin ] --END-- [ RunTime:0.000774s ]
SQL: SHOW COLUMNS FROM `qun_kefu` [ RunTime:0.0013s ]
SQL: UPDATE `qun_kefu` SET `kefu_state`='0' WHERE `kefu_wechat` = 'wendui09' [ RunTime:0.0150s ]

[ 2018-10-29T11:27:31+08:00 ] 47.106.174.74 /index.php?m=Api&c=kefu&a=deleteKefu&kefu_wechat=Z250575190
INFO: [ app_init ] --START--
INFO: Run Behavior\BuildLiteBehavior [ RunTime:0.000011s ]
INFO: [ app_init ] --END-- [ RunTime:0.000446s ]
INFO: [ app_begin ] --START--
INFO: Run Behavior\ReadHtmlCacheBehavior [ RunTime:0.000650s ]
INFO: [ app_begin ] --END-- [ RunTime:0.000669s ]
SQL: SHOW COLUMNS FROM `qun_kefu` [ RunTime:0.0016s ]
SQL: UPDATE `qun_kefu` SET `kefu_state`='0' WHERE `kefu_wechat` = 'Z250575190' [ RunTime:0.0050s ]

[ 2018-10-29T11:27:33+08:00 ] 47.106.174.74 /index.php?m=Api&c=kefu&a=deleteKefu&kefu_wechat=duoqun005
INFO: [ app_init ] --START--
INFO: Run Behavior\BuildLiteBehavior [ RunTime:0.000011s ]
INFO: [ app_init ] --END-- [ RunTime:0.000449s ]
INFO: [ app_begin ] --START--
INFO: Run Behavior\ReadHtmlCacheBehavior [ RunTime:0.000674s ]
INFO: [ app_begin ] --END-- [ RunTime:0.000695s ]
SQL: SHOW COLUMNS FROM `qun_kefu` [ RunTime:0.0016s ]
SQL: UPDATE `qun_kefu` SET `kefu_state`='0' WHERE `kefu_wechat` = 'duoqun005' [ RunTime:0.0051s ]

[ 2018-10-29T11:27:33+08:00 ] 47.106.174.74 /index.php?m=Api&c=kefu&a=deleteKefu&kefu_wechat=yanque31
INFO: [ app_init ] --START--
INFO: Run Behavior\BuildLiteBehavior [ RunTime:0.000011s ]
INFO: [ app_init ] --END-- [ RunTime:0.000502s ]
INFO: [ app_begin ] --START--
INFO: Run Behavior\ReadHtmlCacheBehavior [ RunTime:0.000711s ]
INFO: [ app_begin ] --END-- [ RunTime:0.000731s ]
SQL: SHOW COLUMNS FROM `qun_kefu` [ RunTime:0.0020s ]
SQL: UPDATE `qun_kefu` SET `kefu_state`='0' WHERE `kefu_wechat` = 'yanque31' [ RunTime:0.0112s ]

[ 2018-10-29T12:13:29+08:00 ] 47.106.174.74 /index.php?m=Api&c=kefu&a=addAndEditKefu&kefu_wechat=yanque31&kefu_qrcode=http%3A%2F%2F47.106.174.74%2Fqrcode%2Fwxid_crnojgqirpir22.jpg&kefu_name=%E5%8A%A9%E6%89%8B31
INFO: [ app_init ] --START--
INFO: Run Behavior\BuildLiteBehavior [ RunTime:0.000012s ]
INFO: [ app_init ] --END-- [ RunTime:0.000565s ]
INFO: [ app_begin ] --START--
INFO: Run Behavior\ReadHtmlCacheBehavior [ RunTime:0.000670s ]
INFO: [ app_begin ] --END-- [ RunTime:0.000689s ]
SQL: SHOW COLUMNS FROM `qun_kefu` [ RunTime:0.0017s ]
SQL: SELECT * FROM `qun_kefu` WHERE `kefu_wechat` = 'yanque31' AND `kefu_state` = 1 LIMIT 1   [ RunTime:0.0015s ]
SQL: INSERT INTO `qun_kefu` (`kefu_wechat`,`kefu_name`,`kefu_qrcode`,`kefu_createtime`,`kefu_state`) VALUES ('yanque31','助手31','http://47.106.174.74/qrcode/wxid_crnojgqirpir22.jpg','2018-10-29 12:13:29','1') [ RunTime:0.0047s ]

[ 2018-10-29T12:13:57+08:00 ] 47.106.174.74 /index.php?m=Api&c=kefu&a=addAndEditKefu&kefu_wechat=duoqun005&kefu_qrcode=http%3A%2F%2F47.106.174.74%2Fqrcode%2Fwxid_7wqfwvu628cz22.jpg&kefu_name=%E5%8A%A9%E6%89%8B49
INFO: [ app_init ] --START--
INFO: Run Behavior\BuildLiteBehavior [ RunTime:0.000012s ]
INFO: [ app_init ] --END-- [ RunTime:0.000479s ]
INFO: [ app_begin ] --START--
INFO: Run Behavior\ReadHtmlCacheBehavior [ RunTime:0.000686s ]
INFO: [ app_begin ] --END-- [ RunTime:0.000706s ]
SQL: SHOW COLUMNS FROM `qun_kefu` [ RunTime:0.0015s ]
SQL: SELECT * FROM `qun_kefu` WHERE `kefu_wechat` = 'duoqun005' AND `kefu_state` = 1 LIMIT 1   [ RunTime:0.0013s ]
SQL: INSERT INTO `qun_kefu` (`kefu_wechat`,`kefu_name`,`kefu_qrcode`,`kefu_createtime`,`kefu_state`) VALUES ('duoqun005','助手49','http://47.106.174.74/qrcode/wxid_7wqfwvu628cz22.jpg','2018-10-29 12:13:57','1') [ RunTime:0.0045s ]

[ 2018-10-29T12:14:25+08:00 ] 47.106.174.74 /index.php?m=Api&c=kefu&a=addAndEditKefu&kefu_wechat=wendui19&kefu_qrcode=http%3A%2F%2F47.106.174.74%2Fqrcode%2Fwxid_expxyp4n1l8r22.jpg&kefu_name=%E5%8A%A9%E6%89%8B19
INFO: [ app_init ] --START--
INFO: Run Behavior\BuildLiteBehavior [ RunTime:0.000012s ]
INFO: [ app_init ] --END-- [ RunTime:0.000498s ]
INFO: [ app_begin ] --START--
INFO: Run Behavior\ReadHtmlCacheBehavior [ RunTime:0.000720s ]
INFO: [ app_begin ] --END-- [ RunTime:0.000740s ]
SQL: SHOW COLUMNS FROM `qun_kefu` [ RunTime:0.0013s ]
SQL: SELECT * FROM `qun_kefu` WHERE `kefu_wechat` = 'wendui19' AND `kefu_state` = 1 LIMIT 1   [ RunTime:0.0012s ]
SQL: INSERT INTO `qun_kefu` (`kefu_wechat`,`kefu_name`,`kefu_qrcode`,`kefu_createtime`,`kefu_state`) VALUES ('wendui19','助手19','http://47.106.174.74/qrcode/wxid_expxyp4n1l8r22.jpg','2018-10-29 12:14:25','1') [ RunTime:0.0049s ]

[ 2018-10-29T12:14:52+08:00 ] 47.106.174.74 /index.php?m=Api&c=kefu&a=addAndEditKefu&kefu_wechat=abuyaoa003&kefu_qrcode=http%3A%2F%2F47.106.174.74%2Fqrcode%2Fabuyaoa003.jpg&kefu_name=%E5%8A%A9%E6%89%8B85
INFO: [ app_init ] --START--
INFO: Run Behavior\BuildLiteBehavior [ RunTime:0.000011s ]
INFO: [ app_init ] --END-- [ RunTime:0.000447s ]
INFO: [ app_begin ] --START--
INFO: Run Behavior\ReadHtmlCacheBehavior [ RunTime:0.000630s ]
INFO: [ app_begin ] --END-- [ RunTime:0.000668s ]
SQL: SHOW COLUMNS FROM `qun_kefu` [ RunTime:0.0013s ]
SQL: SELECT * FROM `qun_kefu` WHERE `kefu_wechat` = 'abuyaoa003' AND `kefu_state` = 1 LIMIT 1   [ RunTime:0.0013s ]
SQL: INSERT INTO `qun_kefu` (`kefu_wechat`,`kefu_name`,`kefu_qrcode`,`kefu_createtime`,`kefu_state`) VALUES ('abuyaoa003','助手85','http://47.106.174.74/qrcode/abuyaoa003.jpg','2018-10-29 12:14:52','1') [ RunTime:0.0054s ]

[ 2018-10-29T12:15:02+08:00 ] 47.106.174.74 /index.php?m=Api&c=kefu&a=addAndEditKefu&kefu_wechat=Z250575190&kefu_qrcode=http%3A%2F%2F47.106.174.74%2Fqrcode%2Fwxid_d4sn7eyvawqz12.jpg&kefu_name=%E5%8A%A9%E6%89%8B39
INFO: [ app_init ] --START--
INFO: Run Behavior\BuildLiteBehavior [ RunTime:0.000012s ]
INFO: [ app_init ] --END-- [ RunTime:0.000476s ]
INFO: [ app_begin ] --START--
INFO: Run Behavior\ReadHtmlCacheBehavior [ RunTime:0.000653s ]
INFO: [ app_begin ] --END-- [ RunTime:0.000672s ]
SQL: SHOW COLUMNS FROM `qun_kefu` [ RunTime:0.0016s ]
SQL: SELECT * FROM `qun_kefu` WHERE `kefu_wechat` = 'Z250575190' AND `kefu_state` = 1 LIMIT 1   [ RunTime:0.0014s ]
SQL: INSERT INTO `qun_kefu` (`kefu_wechat`,`kefu_name`,`kefu_qrcode`,`kefu_createtime`,`kefu_state`) VALUES ('Z250575190','助手39','http://47.106.174.74/qrcode/wxid_d4sn7eyvawqz12.jpg','2018-10-29 12:15:02','1') [ RunTime:0.0075s ]

[ 2018-10-29T12:15:26+08:00 ] 47.106.174.74 /index.php?m=Api&c=kefu&a=addAndEditKefu&kefu_wechat=wendui09&kefu_qrcode=http%3A%2F%2F47.106.174.74%2Fqrcode%2Fwxid_gdgzf297hlno22.jpg&kefu_name=%E5%8A%A9%E6%89%8B09
INFO: [ app_init ] --START--
INFO: Run Behavior\BuildLiteBehavior [ RunTime:0.000011s ]
INFO: [ app_init ] --END-- [ RunTime:0.000479s ]
INFO: [ app_begin ] --START--
INFO: Run Behavior\ReadHtmlCacheBehavior [ RunTime:0.000626s ]
INFO: [ app_begin ] --END-- [ RunTime:0.000662s ]
SQL: SHOW COLUMNS FROM `qun_kefu` [ RunTime:0.0017s ]
SQL: SELECT * FROM `qun_kefu` WHERE `kefu_wechat` = 'wendui09' AND `kefu_state` = 1 LIMIT 1   [ RunTime:0.0014s ]
SQL: INSERT INTO `qun_kefu` (`kefu_wechat`,`kefu_name`,`kefu_qrcode`,`kefu_createtime`,`kefu_state`) VALUES ('wendui09','助手09','http://47.106.174.74/qrcode/wxid_gdgzf297hlno22.jpg','2018-10-29 12:15:26','1') [ RunTime:0.0059s ]

[ 2018-10-29T18:54:37+08:00 ] 47.106.174.74 /index.php?m=Api&c=kefu&a=deleteKefu&kefu_wechat=Z250575190
INFO: [ app_init ] --START--
INFO: Run Behavior\BuildLiteBehavior [ RunTime:0.000014s ]
INFO: [ app_init ] --END-- [ RunTime:0.000504s ]
INFO: [ app_begin ] --START--
INFO: Run Behavior\ReadHtmlCacheBehavior [ RunTime:0.000691s ]
INFO: [ app_begin ] --END-- [ RunTime:0.000710s ]
SQL: SHOW COLUMNS FROM `qun_kefu` [ RunTime:0.0018s ]
SQL: UPDATE `qun_kefu` SET `kefu_state`='0' WHERE `kefu_wechat` = 'Z250575190' [ RunTime:0.0060s ]

[ 2018-10-29T19:00:44+08:00 ] 47.106.174.74 /index.php?m=Api&c=kefu&a=deleteKefu&kefu_wechat=yanque31
INFO: [ app_init ] --START--
INFO: Run Behavior\BuildLiteBehavior [ RunTime:0.000011s ]
INFO: [ app_init ] --END-- [ RunTime:0.000437s ]
INFO: [ app_begin ] --START--
INFO: Run Behavior\ReadHtmlCacheBehavior [ RunTime:0.000659s ]
INFO: [ app_begin ] --END-- [ RunTime:0.000678s ]
SQL: SHOW COLUMNS FROM `qun_kefu` [ RunTime:0.0016s ]
SQL: UPDATE `qun_kefu` SET `kefu_state`='0' WHERE `kefu_wechat` = 'yanque31' [ RunTime:0.0171s ]

[ 2018-10-29T19:00:51+08:00 ] 47.106.174.74 /index.php?m=Api&c=kefu&a=deleteKefu&kefu_wechat=wendui09
INFO: [ app_init ] --START--
INFO: Run Behavior\BuildLiteBehavior [ RunTime:0.000011s ]
INFO: [ app_init ] --END-- [ RunTime:0.000444s ]
INFO: [ app_begin ] --START--
INFO: Run Behavior\ReadHtmlCacheBehavior [ RunTime:0.000645s ]
INFO: [ app_begin ] --END-- [ RunTime:0.000666s ]
SQL: SHOW COLUMNS FROM `qun_kefu` [ RunTime:0.0014s ]
SQL: UPDATE `qun_kefu` SET `kefu_state`='0' WHERE `kefu_wechat` = 'wendui09' [ RunTime:0.0135s ]

[ 2018-10-29T19:00:53+08:00 ] 47.106.174.74 /index.php?m=Api&c=kefu&a=deleteKefu&kefu_wechat=abuyaoa003
INFO: [ app_init ] --START--
INFO: Run Behavior\BuildLiteBehavior [ RunTime:0.000012s ]
INFO: [ app_init ] --END-- [ RunTime:0.000510s ]
INFO: [ app_begin ] --START--
INFO: Run Behavior\ReadHtmlCacheBehavior [ RunTime:0.000723s ]
INFO: [ app_begin ] --END-- [ RunTime:0.000746s ]
SQL: SHOW COLUMNS FROM `qun_kefu` [ RunTime:0.0015s ]
SQL: UPDATE `qun_kefu` SET `kefu_state`='0' WHERE `kefu_wechat` = 'abuyaoa003' [ RunTime:0.0042s ]

[ 2018-10-29T19:01:07+08:00 ] 47.106.174.74 /index.php?m=Api&c=kefu&a=deleteKefu&kefu_wechat=duoqun005
INFO: [ app_init ] --START--
INFO: Run Behavior\BuildLiteBehavior [ RunTime:0.000012s ]
INFO: [ app_init ] --END-- [ RunTime:0.000455s ]
INFO: [ app_begin ] --START--
INFO: Run Behavior\ReadHtmlCacheBehavior [ RunTime:0.000638s ]
INFO: [ app_begin ] --END-- [ RunTime:0.000662s ]
SQL: SHOW COLUMNS FROM `qun_kefu` [ RunTime:0.0039s ]
SQL: UPDATE `qun_kefu` SET `kefu_state`='0' WHERE `kefu_wechat` = 'duoqun005' [ RunTime:0.0147s ]

[ 2018-10-29T19:01:15+08:00 ] 47.106.174.74 /index.php?m=Api&c=kefu&a=deleteKefu&kefu_wechat=wendui19
INFO: [ app_init ] --START--
INFO: Run Behavior\BuildLiteBehavior [ RunTime:0.000011s ]
INFO: [ app_init ] --END-- [ RunTime:0.000487s ]
INFO: [ app_begin ] --START--
INFO: Run Behavior\ReadHtmlCacheBehavior [ RunTime:0.000673s ]
INFO: [ app_begin ] --END-- [ RunTime:0.000694s ]
SQL: SHOW COLUMNS FROM `qun_kefu` [ RunTime:0.0015s ]
SQL: UPDATE `qun_kefu` SET `kefu_state`='0' WHERE `kefu_wechat` = 'wendui19' [ RunTime:0.0066s ]

