[ 2019-02-14T16:02:57+08:00 ] 47.106.174.74 /index.php?m=Api&c=kefu&a=deleteKefu&kefu_wechat=zhuanbo909
INFO: [ app_init ] --START--
INFO: Run Behavior\BuildLiteBehavior [ RunTime:0.000010s ]
INFO: [ app_init ] --END-- [ RunTime:0.000442s ]
INFO: [ app_begin ] --START--
INFO: Run Behavior\ReadHtmlCacheBehavior [ RunTime:0.000637s ]
INFO: [ app_begin ] --END-- [ RunTime:0.000659s ]
SQL: SHOW COLUMNS FROM `qun_kefu` [ RunTime:0.0015s ]
SQL: UPDATE `qun_kefu` SET `kefu_state`='0' WHERE `kefu_wechat` = 'zhuanbo909' [ RunTime:0.0121s ]

[ 2019-02-14T16:03:01+08:00 ] 47.106.174.74 /index.php?m=Api&c=kefu&a=deleteKefu&kefu_wechat=duoqun005
INFO: [ app_init ] --START--
INFO: Run Behavior\BuildLiteBehavior [ RunTime:0.000013s ]
INFO: [ app_init ] --END-- [ RunTime:0.000497s ]
INFO: [ app_begin ] --START--
INFO: Run Behavior\ReadHtmlCacheBehavior [ RunTime:0.000689s ]
INFO: [ app_begin ] --END-- [ RunTime:0.000708s ]
SQL: SHOW COLUMNS FROM `qun_kefu` [ RunTime:0.0016s ]
SQL: UPDATE `qun_kefu` SET `kefu_state`='0' WHERE `kefu_wechat` = 'duoqun005' [ RunTime:0.0105s ]

[ 2019-02-14T16:03:07+08:00 ] 47.106.174.74 /index.php?m=Api&c=kefu&a=deleteKefu&kefu_wechat=abuyaoa003
INFO: [ app_init ] --START--
INFO: Run Behavior\BuildLiteBehavior [ RunTime:0.000015s ]
INFO: [ app_init ] --END-- [ RunTime:0.000673s ]
INFO: [ app_begin ] --START--
INFO: Run Behavior\ReadHtmlCacheBehavior [ RunTime:0.000951s ]
INFO: [ app_begin ] --END-- [ RunTime:0.000980s ]
SQL: SHOW COLUMNS FROM `qun_kefu` [ RunTime:0.0014s ]
SQL: UPDATE `qun_kefu` SET `kefu_state`='0' WHERE `kefu_wechat` = 'abuyaoa003' [ RunTime:0.0104s ]

