[ 2018-12-31T10:43:15+08:00 ] 117.30.138.52 /index.php?m=Admin&c=Index&a=homePage
INFO: [ app_init ] --START--
INFO: Run Behavior\BuildLiteBehavior [ RunTime:0.000013s ]
INFO: [ app_init ] --END-- [ RunTime:0.000475s ]
INFO: [ app_begin ] --START--
INFO: Run Behavior\ReadHtmlCacheBehavior [ RunTime:0.000673s ]
INFO: [ app_begin ] --END-- [ RunTime:0.000699s ]
SQL: SHOW COLUMNS FROM `qun_recharge` [ RunTime:0.0017s ]
SQL: SELECT COUNT(*) AS tp_count FROM `qun_recharge` WHERE `is_pay` = 1 AND `recharge_state` = 1 LIMIT 1   [ RunTime:0.0014s ]
SQL: SELECT * FROM `qun_recharge` WHERE `is_pay` = 1 AND `recharge_state` = 1 ORDER BY recharge_createtime desc LIMIT 0,6   [ RunTime:0.0014s ]
SQL: SHOW COLUMNS FROM `qun_user` [ RunTime:0.0016s ]
SQL: SELECT * FROM `qun_user` WHERE `user_id` = 188 LIMIT 1   [ RunTime:0.0012s ]
SQL: SELECT * FROM `qun_user` WHERE `user_id` = 188 LIMIT 1   [ RunTime:0.0011s ]
SQL: SELECT * FROM `qun_user` WHERE `user_id` = 231 LIMIT 1   [ RunTime:0.0011s ]
SQL: SELECT * FROM `qun_user` WHERE `user_id` = 231 LIMIT 1   [ RunTime:0.0010s ]
SQL: SELECT * FROM `qun_user` WHERE `user_id` = 229 LIMIT 1   [ RunTime:0.0011s ]
SQL: SELECT * FROM `qun_user` WHERE `user_id` = 229 LIMIT 1   [ RunTime:0.0011s ]
SQL: SELECT * FROM `qun_user` WHERE `user_id` = 188 LIMIT 1   [ RunTime:0.0011s ]
SQL: SELECT * FROM `qun_user` WHERE `user_id` = 188 LIMIT 1   [ RunTime:0.0011s ]
SQL: SELECT * FROM `qun_user` WHERE `user_id` = null LIMIT 1   [ RunTime:0.0011s ]
SQL: SELECT * FROM `qun_user` WHERE `user_id` = null LIMIT 1   [ RunTime:0.0011s ]
SQL: SELECT * FROM `qun_user` WHERE `user_id` = 200 LIMIT 1   [ RunTime:0.0011s ]
SQL: SELECT * FROM `qun_user` WHERE `user_id` = 200 LIMIT 1   [ RunTime:0.0010s ]
SQL: SELECT * FROM `qun_recharge` WHERE `recharge_createtime` LIKE '2018-12-31%' AND `recharge_state` = 1 AND `is_pay` = 1 AND `recharge_type` = 3  [ RunTime:0.0013s ]
SQL: SELECT * FROM `qun_recharge` WHERE `recharge_createtime` LIKE '2018-12-31%' AND `recharge_state` = 1 AND `is_pay` = 1 AND `recharge_type` = 1  [ RunTime:0.0013s ]
SQL: SELECT * FROM `qun_recharge` WHERE `recharge_createtime` LIKE '2018-12-31%' AND `recharge_state` = 1 AND `is_pay` = 1 AND `recharge_type` = 2  [ RunTime:0.0013s ]
SQL: SELECT * FROM `qun_user` WHERE `user_state` = 1 AND `user_createtime` LIKE '2018-12-31%'  [ RunTime:0.0013s ]
SQL: SELECT * FROM `qun_user` WHERE `user_state` = 1 AND `user_up_time` LIKE '2018-12-31%'  [ RunTime:0.0012s ]
INFO: [ view_parse ] --START--
INFO: [ template_filter ] --START--
INFO: Run Behavior\ContentReplaceBehavior [ RunTime:0.000068s ]
INFO: [ template_filter ] --END-- [ RunTime:0.000098s ]
INFO: Run Behavior\ParseTemplateBehavior [ RunTime:0.026874s ]
INFO: [ view_parse ] --END-- [ RunTime:0.026901s ]
INFO: [ view_filter ] --START--
INFO: Run Behavior\WriteHtmlCacheBehavior [ RunTime:0.000294s ]
INFO: [ view_filter ] --END-- [ RunTime:0.000309s ]
INFO: [ app_end ] --START--
INFO: Run Behavior\ShowPageTraceBehavior [ RunTime:0.000707s ]
INFO: [ app_end ] --END-- [ RunTime:0.000730s ]

[ 2018-12-31T10:58:17+08:00 ] 117.30.138.52 /index.php?m=Admin&c=Set&a=set
INFO: [ app_init ] --START--
INFO: Run Behavior\BuildLiteBehavior [ RunTime:0.000014s ]
INFO: [ app_init ] --END-- [ RunTime:0.000492s ]
INFO: [ app_begin ] --START--
INFO: Run Behavior\ReadHtmlCacheBehavior [ RunTime:0.000639s ]
INFO: [ app_begin ] --END-- [ RunTime:0.000686s ]
SQL: SHOW COLUMNS FROM `qun_role` [ RunTime:0.0017s ]
SQL: SELECT * FROM `qun_role` WHERE `role_id` = 1 LIMIT 1   [ RunTime:0.0012s ]
SQL: SHOW COLUMNS FROM `qun_sys` [ RunTime:0.0017s ]
SQL: SELECT * FROM `qun_sys` WHERE `sys_id` = 1 LIMIT 1   [ RunTime:0.0014s ]
INFO: [ view_parse ] --START--
INFO: [ template_filter ] --START--
INFO: Run Behavior\ContentReplaceBehavior [ RunTime:0.000053s ]
INFO: [ template_filter ] --END-- [ RunTime:0.000078s ]
INFO: Run Behavior\ParseTemplateBehavior [ RunTime:0.015528s ]
INFO: [ view_parse ] --END-- [ RunTime:0.015549s ]
INFO: [ view_filter ] --START--
INFO: Run Behavior\WriteHtmlCacheBehavior [ RunTime:0.000219s ]
INFO: [ view_filter ] --END-- [ RunTime:0.000235s ]
INFO: [ app_end ] --START--
INFO: Run Behavior\ShowPageTraceBehavior [ RunTime:0.000656s ]
INFO: [ app_end ] --END-- [ RunTime:0.000676s ]

[ 2018-12-31T10:58:19+08:00 ] 117.30.138.52 /index.php?m=Admin&c=Role&a=role
INFO: [ app_init ] --START--
INFO: Run Behavior\BuildLiteBehavior [ RunTime:0.000013s ]
INFO: [ app_init ] --END-- [ RunTime:0.000488s ]
INFO: [ app_begin ] --START--
INFO: Run Behavior\ReadHtmlCacheBehavior [ RunTime:0.000654s ]
INFO: [ app_begin ] --END-- [ RunTime:0.000676s ]
SQL: SHOW COLUMNS FROM `qun_role` [ RunTime:0.0015s ]
SQL: SELECT * FROM `qun_role` WHERE `role_id` = 1 LIMIT 1   [ RunTime:0.0011s ]
INFO: [ view_parse ] --START--
INFO: [ template_filter ] --START--
INFO: Run Behavior\ContentReplaceBehavior [ RunTime:0.000045s ]
INFO: [ template_filter ] --END-- [ RunTime:0.000066s ]
INFO: Run Behavior\ParseTemplateBehavior [ RunTime:0.014566s ]
INFO: [ view_parse ] --END-- [ RunTime:0.014585s ]
INFO: [ view_filter ] --START--
INFO: Run Behavior\WriteHtmlCacheBehavior [ RunTime:0.000213s ]
INFO: [ view_filter ] --END-- [ RunTime:0.000228s ]
INFO: [ app_end ] --START--
INFO: Run Behavior\ShowPageTraceBehavior [ RunTime:0.000671s ]
INFO: [ app_end ] --END-- [ RunTime:0.000699s ]

[ 2018-12-31T10:58:20+08:00 ] 117.30.138.52 /index.php?m=Admin&c=Data&a=getData&table=role&page=1&limit=25
INFO: [ app_init ] --START--
INFO: Run Behavior\BuildLiteBehavior [ RunTime:0.000013s ]
INFO: [ app_init ] --END-- [ RunTime:0.000467s ]
INFO: [ app_begin ] --START--
INFO: Run Behavior\ReadHtmlCacheBehavior [ RunTime:0.003649s ]
INFO: [ app_begin ] --END-- [ RunTime:0.003669s ]
SQL: SHOW COLUMNS FROM `qun_role` [ RunTime:0.0015s ]
SQL: SELECT COUNT(*) AS tp_count FROM `qun_role` WHERE `role_state` = 1 LIMIT 1   [ RunTime:0.0010s ]
SQL: SELECT * FROM `qun_role` WHERE `role_state` = 1 ORDER BY role_id desc LIMIT 0,25   [ RunTime:0.0010s ]

[ 2018-12-31T10:58:38+08:00 ] 117.30.138.52 /index.php?m=Admin&c=User&a=user
INFO: [ app_init ] --START--
INFO: Run Behavior\BuildLiteBehavior [ RunTime:0.000014s ]
INFO: [ app_init ] --END-- [ RunTime:0.000671s ]
INFO: [ app_begin ] --START--
INFO: Run Behavior\ReadHtmlCacheBehavior [ RunTime:0.000661s ]
INFO: [ app_begin ] --END-- [ RunTime:0.000687s ]
SQL: SHOW COLUMNS FROM `qun_role` [ RunTime:0.0015s ]
SQL: SELECT * FROM `qun_role` WHERE `role_id` = 1 LIMIT 1   [ RunTime:0.0010s ]
INFO: [ view_parse ] --START--
INFO: [ template_filter ] --START--
INFO: Run Behavior\ContentReplaceBehavior [ RunTime:0.000047s ]
INFO: [ template_filter ] --END-- [ RunTime:0.000073s ]
INFO: Run Behavior\ParseTemplateBehavior [ RunTime:0.027142s ]
INFO: [ view_parse ] --END-- [ RunTime:0.027185s ]
INFO: [ view_filter ] --START--
INFO: Run Behavior\WriteHtmlCacheBehavior [ RunTime:0.000277s ]
INFO: [ view_filter ] --END-- [ RunTime:0.000294s ]
INFO: [ app_end ] --START--
INFO: Run Behavior\ShowPageTraceBehavior [ RunTime:0.000741s ]
INFO: [ app_end ] --END-- [ RunTime:0.000763s ]

[ 2018-12-31T10:58:39+08:00 ] 117.30.138.52 /index.php?m=Admin&c=Data&a=getData&table=user&page=1&limit=25
INFO: [ app_init ] --START--
INFO: Run Behavior\BuildLiteBehavior [ RunTime:0.000012s ]
INFO: [ app_init ] --END-- [ RunTime:0.000462s ]
INFO: [ app_begin ] --START--
INFO: Run Behavior\ReadHtmlCacheBehavior [ RunTime:0.000610s ]
INFO: [ app_begin ] --END-- [ RunTime:0.000631s ]
SQL: SHOW COLUMNS FROM `qun_user` [ RunTime:0.0016s ]
SQL: SELECT COUNT(*) AS tp_count FROM `qun_user` WHERE `user_state` = 1 LIMIT 1   [ RunTime:0.0011s ]
SQL: SELECT * FROM `qun_user` WHERE `user_state` = 1 ORDER BY user_id desc LIMIT 0,25   [ RunTime:0.0013s ]

