[ 2018-10-08T17:12:27+08:00 ] 117.30.143.133 /index.php?m=Admin&c=login&a=login
INFO: [ app_init ] --START--
INFO: Run Behavior\BuildLiteBehavior [ RunTime:0.000014s ]
INFO: [ app_init ] --END-- [ RunTime:0.000483s ]
INFO: [ app_begin ] --START--
INFO: Run Behavior\ReadHtmlCacheBehavior [ RunTime:0.000720s ]
INFO: [ app_begin ] --END-- [ RunTime:0.000743s ]
INFO: [ view_parse ] --START--
INFO: [ template_filter ] --START--
INFO: Run Behavior\ContentReplaceBehavior [ RunTime:0.000042s ]
INFO: [ template_filter ] --END-- [ RunTime:0.000073s ]
INFO: Run Behavior\ParseTemplateBehavior [ RunTime:0.007797s ]
INFO: [ view_parse ] --END-- [ RunTime:0.007816s ]
INFO: [ view_filter ] --START--
INFO: Run Behavior\WriteHtmlCacheBehavior [ RunTime:0.000249s ]
INFO: [ view_filter ] --END-- [ RunTime:0.000265s ]
INFO: [ app_end ] --START--
INFO: Run Behavior\ShowPageTraceBehavior [ RunTime:0.000693s ]
INFO: [ app_end ] --END-- [ RunTime:0.000715s ]

[ 2018-10-08T17:12:41+08:00 ] 117.30.143.133 /index.php?m=Admin&c=Login&a=doLogin
INFO: [ app_init ] --START--
INFO: Run Behavior\BuildLiteBehavior [ RunTime:0.000012s ]
INFO: [ app_init ] --END-- [ RunTime:0.000452s ]
INFO: [ app_begin ] --START--
INFO: Run Behavior\ReadHtmlCacheBehavior [ RunTime:0.000624s ]
INFO: [ app_begin ] --END-- [ RunTime:0.000645s ]
SQL: SHOW COLUMNS FROM `qun_admin` [ RunTime:0.0018s ]
SQL: SELECT * FROM `qun_admin` WHERE `admin_account` = 'admin' AND `admin_password` = 'wbj123456' LIMIT 1   [ RunTime:0.0014s ]

[ 2018-10-08T17:13:03+08:00 ] 117.30.143.133 /index.php?m=Admin&c=Login&a=doLogin
INFO: [ app_init ] --START--
INFO: Run Behavior\BuildLiteBehavior [ RunTime:0.000013s ]
INFO: [ app_init ] --END-- [ RunTime:0.000681s ]
INFO: [ app_begin ] --START--
INFO: Run Behavior\ReadHtmlCacheBehavior [ RunTime:0.000731s ]
INFO: [ app_begin ] --END-- [ RunTime:0.000755s ]
SQL: SHOW COLUMNS FROM `qun_admin` [ RunTime:0.0015s ]
SQL: SELECT * FROM `qun_admin` WHERE `admin_account` = 'wbj' AND `admin_password` = '123456' LIMIT 1   [ RunTime:0.0012s ]

[ 2018-10-08T17:13:03+08:00 ] 117.30.143.133 /index.php?m=Admin&c=Index&a=index
INFO: [ app_init ] --START--
INFO: Run Behavior\BuildLiteBehavior [ RunTime:0.000012s ]
INFO: [ app_init ] --END-- [ RunTime:0.000487s ]
INFO: [ app_begin ] --START--
INFO: Run Behavior\ReadHtmlCacheBehavior [ RunTime:0.000642s ]
INFO: [ app_begin ] --END-- [ RunTime:0.000663s ]
INFO: [ view_parse ] --START--
INFO: [ template_filter ] --START--
INFO: Run Behavior\ContentReplaceBehavior [ RunTime:0.000052s ]
INFO: [ template_filter ] --END-- [ RunTime:0.000084s ]
INFO: Run Behavior\ParseTemplateBehavior [ RunTime:0.008433s ]
INFO: [ view_parse ] --END-- [ RunTime:0.008453s ]
INFO: [ view_filter ] --START--
INFO: Run Behavior\WriteHtmlCacheBehavior [ RunTime:0.000232s ]
INFO: [ view_filter ] --END-- [ RunTime:0.000247s ]
INFO: [ app_end ] --START--
INFO: Run Behavior\ShowPageTraceBehavior [ RunTime:0.000634s ]
INFO: [ app_end ] --END-- [ RunTime:0.000655s ]

[ 2018-10-08T17:13:03+08:00 ] 117.30.143.133 /index.php?m=Admin&c=Index&a=homePage
INFO: [ app_init ] --START--
INFO: Run Behavior\BuildLiteBehavior [ RunTime:0.000012s ]
INFO: [ app_init ] --END-- [ RunTime:0.000460s ]
INFO: [ app_begin ] --START--
INFO: Run Behavior\ReadHtmlCacheBehavior [ RunTime:0.000645s ]
INFO: [ app_begin ] --END-- [ RunTime:0.000667s ]
SQL: SHOW COLUMNS FROM `qun_recharge` [ RunTime:0.0016s ]
SQL: SELECT COUNT(*) AS tp_count FROM `qun_recharge` WHERE `is_pay` = 1 AND `recharge_state` = 1 LIMIT 1   [ RunTime:0.0013s ]
SQL: SELECT * FROM `qun_recharge` WHERE `is_pay` = 1 AND `recharge_state` = 1 ORDER BY recharge_createtime desc LIMIT 0,6   [ RunTime:0.0012s ]
SQL: SHOW COLUMNS FROM `qun_user` [ RunTime:0.0033s ]
SQL: SELECT * FROM `qun_user` WHERE `user_id` = 102 LIMIT 1   [ RunTime:0.0012s ]
SQL: SELECT * FROM `qun_user` WHERE `user_id` = 102 LIMIT 1   [ RunTime:0.0010s ]
SQL: SELECT * FROM `qun_user` WHERE `user_id` = 105 LIMIT 1   [ RunTime:0.0012s ]
SQL: SELECT * FROM `qun_user` WHERE `user_id` = 105 LIMIT 1   [ RunTime:0.0011s ]
SQL: SELECT * FROM `qun_user` WHERE `user_id` = 102 LIMIT 1   [ RunTime:0.0010s ]
SQL: SELECT * FROM `qun_user` WHERE `user_id` = 102 LIMIT 1   [ RunTime:0.0010s ]
SQL: SELECT * FROM `qun_user` WHERE `user_id` = 105 LIMIT 1   [ RunTime:0.0010s ]
SQL: SELECT * FROM `qun_user` WHERE `user_id` = 105 LIMIT 1   [ RunTime:0.0010s ]
SQL: SELECT * FROM `qun_user` WHERE `user_id` = 102 LIMIT 1   [ RunTime:0.0011s ]
SQL: SELECT * FROM `qun_user` WHERE `user_id` = 102 LIMIT 1   [ RunTime:0.0010s ]
SQL: SELECT * FROM `qun_user` WHERE `user_id` = 105 LIMIT 1   [ RunTime:0.0010s ]
SQL: SELECT * FROM `qun_user` WHERE `user_id` = 105 LIMIT 1   [ RunTime:0.0010s ]
SQL: SELECT * FROM `qun_recharge` WHERE `recharge_createtime` LIKE '2018-10-08%' AND `recharge_state` = 1 AND `is_pay` = 1 AND `recharge_type` = 3  [ RunTime:0.0012s ]
SQL: SELECT * FROM `qun_recharge` WHERE `recharge_createtime` LIKE '2018-10-08%' AND `recharge_state` = 1 AND `is_pay` = 1 AND `recharge_type` = 1  [ RunTime:0.0013s ]
SQL: SELECT * FROM `qun_recharge` WHERE `recharge_createtime` LIKE '2018-10-08%' AND `recharge_state` = 1 AND `is_pay` = 1 AND `recharge_type` = 2  [ RunTime:0.0013s ]
SQL: SELECT * FROM `qun_user` WHERE `user_state` = 1 AND `user_createtime` LIKE '2018-10-08%'  [ RunTime:0.0012s ]
SQL: SELECT * FROM `qun_user` WHERE `user_state` = 1 AND `user_up_time` LIKE '2018-10-08%'  [ RunTime:0.0011s ]
INFO: [ view_parse ] --START--
INFO: [ template_filter ] --START--
INFO: Run Behavior\ContentReplaceBehavior [ RunTime:0.000066s ]
INFO: [ template_filter ] --END-- [ RunTime:0.000097s ]
INFO: Run Behavior\ParseTemplateBehavior [ RunTime:0.012044s ]
INFO: [ view_parse ] --END-- [ RunTime:0.012067s ]
INFO: [ view_filter ] --START--
INFO: Run Behavior\WriteHtmlCacheBehavior [ RunTime:0.000277s ]
INFO: [ view_filter ] --END-- [ RunTime:0.000293s ]
INFO: [ app_end ] --START--
INFO: Run Behavior\ShowPageTraceBehavior [ RunTime:0.000859s ]
INFO: [ app_end ] --END-- [ RunTime:0.000880s ]

[ 2018-10-08T17:13:10+08:00 ] 117.30.143.133 /index.php?m=Admin&c=Recharge&a=recharge
INFO: [ app_init ] --START--
INFO: Run Behavior\BuildLiteBehavior [ RunTime:0.000013s ]
INFO: [ app_init ] --END-- [ RunTime:0.000511s ]
INFO: [ app_begin ] --START--
INFO: Run Behavior\ReadHtmlCacheBehavior [ RunTime:0.000729s ]
INFO: [ app_begin ] --END-- [ RunTime:0.000757s ]
SQL: SHOW COLUMNS FROM `qun_role` [ RunTime:0.0016s ]
SQL: SELECT * FROM `qun_role` WHERE `role_id` = 1 LIMIT 1   [ RunTime:0.0012s ]
INFO: [ view_parse ] --START--
INFO: [ template_filter ] --START--
INFO: Run Behavior\ContentReplaceBehavior [ RunTime:0.000050s ]
INFO: [ template_filter ] --END-- [ RunTime:0.000079s ]
INFO: Run Behavior\ParseTemplateBehavior [ RunTime:0.009675s ]
INFO: [ view_parse ] --END-- [ RunTime:0.009698s ]
INFO: [ view_filter ] --START--
INFO: Run Behavior\WriteHtmlCacheBehavior [ RunTime:0.000234s ]
INFO: [ view_filter ] --END-- [ RunTime:0.000249s ]
INFO: [ app_end ] --START--
INFO: Run Behavior\ShowPageTraceBehavior [ RunTime:0.000757s ]
INFO: [ app_end ] --END-- [ RunTime:0.000780s ]

[ 2018-10-08T17:13:10+08:00 ] 117.30.143.133 /index.php?m=Admin&c=Data&a=getData&table=recharge&is_pay=1&page=1&limit=30
INFO: [ app_init ] --START--
INFO: Run Behavior\BuildLiteBehavior [ RunTime:0.000012s ]
INFO: [ app_init ] --END-- [ RunTime:0.000507s ]
INFO: [ app_begin ] --START--
INFO: Run Behavior\ReadHtmlCacheBehavior [ RunTime:0.000946s ]
INFO: [ app_begin ] --END-- [ RunTime:0.000971s ]
SQL: SHOW COLUMNS FROM `qun_recharge` [ RunTime:0.0016s ]
SQL: SELECT COUNT(*) AS tp_count FROM `qun_recharge` WHERE `is_pay` = '1' AND `recharge_state` = 1 LIMIT 1   [ RunTime:0.0012s ]
SQL: SELECT * FROM `qun_recharge` WHERE `is_pay` = '1' AND `recharge_state` = 1 ORDER BY recharge_id desc LIMIT 0,30   [ RunTime:0.0013s ]

[ 2018-10-08T17:13:30+08:00 ] 117.30.143.133 /index.php?m=Admin&c=Group&a=lst
INFO: [ app_init ] --START--
INFO: Run Behavior\BuildLiteBehavior [ RunTime:0.000014s ]
INFO: [ app_init ] --END-- [ RunTime:0.000466s ]
INFO: [ app_begin ] --START--
INFO: Run Behavior\ReadHtmlCacheBehavior [ RunTime:0.000745s ]
INFO: [ app_begin ] --END-- [ RunTime:0.000773s ]
SQL: SHOW COLUMNS FROM `qun_role` [ RunTime:0.0016s ]
SQL: SELECT * FROM `qun_role` WHERE `role_id` = 1 LIMIT 1   [ RunTime:0.0010s ]
INFO: [ view_parse ] --START--
INFO: [ template_filter ] --START--
INFO: Run Behavior\ContentReplaceBehavior [ RunTime:0.000051s ]
INFO: [ template_filter ] --END-- [ RunTime:0.000080s ]
INFO: Run Behavior\ParseTemplateBehavior [ RunTime:0.008859s ]
INFO: [ view_parse ] --END-- [ RunTime:0.008879s ]
INFO: [ view_filter ] --START--
INFO: Run Behavior\WriteHtmlCacheBehavior [ RunTime:0.000294s ]
INFO: [ view_filter ] --END-- [ RunTime:0.000310s ]
INFO: [ app_end ] --START--
INFO: Run Behavior\ShowPageTraceBehavior [ RunTime:0.000697s ]
INFO: [ app_end ] --END-- [ RunTime:0.000719s ]

[ 2018-10-08T17:13:30+08:00 ] 117.30.143.133 /index.php?m=Admin&c=Data&a=getData&table=group&page=1&limit=25
INFO: [ app_init ] --START--
INFO: Run Behavior\BuildLiteBehavior [ RunTime:0.000013s ]
INFO: [ app_init ] --END-- [ RunTime:0.000497s ]
INFO: [ app_begin ] --START--
INFO: Run Behavior\ReadHtmlCacheBehavior [ RunTime:0.000658s ]
INFO: [ app_begin ] --END-- [ RunTime:0.000680s ]
SQL: SHOW COLUMNS FROM `qun_group` [ RunTime:0.0016s ]
SQL: SELECT COUNT(*) AS tp_count FROM `qun_group` WHERE `group_state` = 1 LIMIT 1   [ RunTime:0.0013s ]
SQL: SELECT * FROM `qun_group` WHERE `group_state` = 1 ORDER BY group_id desc LIMIT 0,25   [ RunTime:0.0011s ]

[ 2018-10-08T17:13:40+08:00 ] 117.30.143.133 /index.php?m=Admin&c=Package&a=lst
INFO: [ app_init ] --START--
INFO: Run Behavior\BuildLiteBehavior [ RunTime:0.000013s ]
INFO: [ app_init ] --END-- [ RunTime:0.000473s ]
INFO: [ app_begin ] --START--
INFO: Run Behavior\ReadHtmlCacheBehavior [ RunTime:0.000658s ]
INFO: [ app_begin ] --END-- [ RunTime:0.000680s ]
SQL: SHOW COLUMNS FROM `qun_role` [ RunTime:0.0015s ]
SQL: SELECT * FROM `qun_role` WHERE `role_id` = 1 LIMIT 1   [ RunTime:0.0010s ]
INFO: [ view_parse ] --START--
INFO: [ template_filter ] --START--
INFO: Run Behavior\ContentReplaceBehavior [ RunTime:0.000061s ]
INFO: [ template_filter ] --END-- [ RunTime:0.000083s ]
INFO: Run Behavior\ParseTemplateBehavior [ RunTime:0.008056s ]
INFO: [ view_parse ] --END-- [ RunTime:0.008088s ]
INFO: [ view_filter ] --START--
INFO: Run Behavior\WriteHtmlCacheBehavior [ RunTime:0.000229s ]
INFO: [ view_filter ] --END-- [ RunTime:0.000244s ]
INFO: [ app_end ] --START--
INFO: Run Behavior\ShowPageTraceBehavior [ RunTime:0.000645s ]
INFO: [ app_end ] --END-- [ RunTime:0.000666s ]

[ 2018-10-08T17:13:41+08:00 ] 117.30.143.133 /index.php?m=Admin&c=Data&a=getData&table=package&page=1&limit=25
INFO: [ app_init ] --START--
INFO: Run Behavior\BuildLiteBehavior [ RunTime:0.000013s ]
INFO: [ app_init ] --END-- [ RunTime:0.000458s ]
INFO: [ app_begin ] --START--
INFO: Run Behavior\ReadHtmlCacheBehavior [ RunTime:0.000680s ]
INFO: [ app_begin ] --END-- [ RunTime:0.000700s ]
SQL: SHOW COLUMNS FROM `qun_package` [ RunTime:0.0020s ]
SQL: SELECT COUNT(*) AS tp_count FROM `qun_package` WHERE `package_state` = 1 LIMIT 1   [ RunTime:0.0014s ]
SQL: SELECT * FROM `qun_package` WHERE `package_state` = 1 ORDER BY package_id desc LIMIT 0,25   [ RunTime:0.0012s ]

[ 2018-10-08T17:13:51+08:00 ] 117.30.143.133 /index.php?m=Admin&c=Reply&a=reply
INFO: [ app_init ] --START--
INFO: Run Behavior\BuildLiteBehavior [ RunTime:0.000017s ]
INFO: [ app_init ] --END-- [ RunTime:0.000669s ]
INFO: [ app_begin ] --START--
INFO: Run Behavior\ReadHtmlCacheBehavior [ RunTime:0.000974s ]
INFO: [ app_begin ] --END-- [ RunTime:0.001004s ]
SQL: SHOW COLUMNS FROM `qun_role` [ RunTime:0.0016s ]
SQL: SELECT * FROM `qun_role` WHERE `role_id` = 1 LIMIT 1   [ RunTime:0.0011s ]
INFO: [ view_parse ] --START--
INFO: [ template_filter ] --START--
INFO: Run Behavior\ContentReplaceBehavior [ RunTime:0.000059s ]
INFO: [ template_filter ] --END-- [ RunTime:0.000101s ]
INFO: Run Behavior\ParseTemplateBehavior [ RunTime:0.012350s ]
INFO: [ view_parse ] --END-- [ RunTime:0.012377s ]
INFO: [ view_filter ] --START--
INFO: Run Behavior\WriteHtmlCacheBehavior [ RunTime:0.000356s ]
INFO: [ view_filter ] --END-- [ RunTime:0.000377s ]
INFO: [ app_end ] --START--
INFO: Run Behavior\ShowPageTraceBehavior [ RunTime:0.000843s ]
INFO: [ app_end ] --END-- [ RunTime:0.000870s ]

[ 2018-10-08T17:13:51+08:00 ] 117.30.143.133 /index.php?m=Admin&c=Data&a=getData&table=reply&page=1&limit=25
INFO: [ app_init ] --START--
INFO: Run Behavior\BuildLiteBehavior [ RunTime:0.000012s ]
INFO: [ app_init ] --END-- [ RunTime:0.000471s ]
INFO: [ app_begin ] --START--
INFO: Run Behavior\ReadHtmlCacheBehavior [ RunTime:0.000651s ]
INFO: [ app_begin ] --END-- [ RunTime:0.000672s ]
SQL: SHOW COLUMNS FROM `qun_reply` [ RunTime:0.0016s ]
SQL: SELECT COUNT(*) AS tp_count FROM `qun_reply` WHERE `reply_state` = 1 LIMIT 1   [ RunTime:0.0011s ]
SQL: SELECT * FROM `qun_reply` WHERE `reply_state` = 1 ORDER BY reply_id desc LIMIT 0,25   [ RunTime:0.0011s ]

[ 2018-10-08T17:13:56+08:00 ] 117.30.143.133 /index.php?m=Admin&c=Kefu&a=kefu
INFO: [ app_init ] --START--
INFO: Run Behavior\BuildLiteBehavior [ RunTime:0.000013s ]
INFO: [ app_init ] --END-- [ RunTime:0.000462s ]
INFO: [ app_begin ] --START--
INFO: Run Behavior\ReadHtmlCacheBehavior [ RunTime:0.000649s ]
INFO: [ app_begin ] --END-- [ RunTime:0.000670s ]
SQL: SHOW COLUMNS FROM `qun_role` [ RunTime:0.0014s ]
SQL: SELECT * FROM `qun_role` WHERE `role_id` = 1 LIMIT 1   [ RunTime:0.0010s ]
INFO: [ view_parse ] --START--
INFO: [ template_filter ] --START--
INFO: Run Behavior\ContentReplaceBehavior [ RunTime:0.000048s ]
INFO: [ template_filter ] --END-- [ RunTime:0.000074s ]
INFO: Run Behavior\ParseTemplateBehavior [ RunTime:0.008801s ]
INFO: [ view_parse ] --END-- [ RunTime:0.008822s ]
INFO: [ view_filter ] --START--
INFO: Run Behavior\WriteHtmlCacheBehavior [ RunTime:0.000243s ]
INFO: [ view_filter ] --END-- [ RunTime:0.000258s ]
INFO: [ app_end ] --START--
INFO: Run Behavior\ShowPageTraceBehavior [ RunTime:0.000807s ]
INFO: [ app_end ] --END-- [ RunTime:0.000828s ]

[ 2018-10-08T17:13:56+08:00 ] 117.30.143.133 /index.php?m=Admin&c=Data&a=getData&table=kefu&page=1&limit=25
INFO: [ app_init ] --START--
INFO: Run Behavior\BuildLiteBehavior [ RunTime:0.000017s ]
INFO: [ app_init ] --END-- [ RunTime:0.000687s ]
INFO: [ app_begin ] --START--
INFO: Run Behavior\ReadHtmlCacheBehavior [ RunTime:0.000950s ]
INFO: [ app_begin ] --END-- [ RunTime:0.000981s ]
SQL: SHOW COLUMNS FROM `qun_kefu` [ RunTime:0.0015s ]
SQL: SELECT COUNT(*) AS tp_count FROM `qun_kefu` WHERE `kefu_state` = 1 LIMIT 1   [ RunTime:0.0012s ]
SQL: SELECT * FROM `qun_kefu` WHERE `kefu_state` = 1 ORDER BY kefu_id desc LIMIT 0,25   [ RunTime:0.0011s ]

[ 2018-10-08T17:14:11+08:00 ] 117.30.143.133 /index.php?m=Admin&c=Order&a=order
INFO: [ app_init ] --START--
INFO: Run Behavior\BuildLiteBehavior [ RunTime:0.000017s ]
INFO: [ app_init ] --END-- [ RunTime:0.000630s ]
INFO: [ app_begin ] --START--
INFO: Run Behavior\ReadHtmlCacheBehavior [ RunTime:0.000731s ]
INFO: [ app_begin ] --END-- [ RunTime:0.000756s ]
SQL: SHOW COLUMNS FROM `qun_role` [ RunTime:0.0013s ]
SQL: SELECT * FROM `qun_role` WHERE `role_id` = 1 LIMIT 1   [ RunTime:0.0010s ]
INFO: [ view_parse ] --START--
INFO: [ template_filter ] --START--
INFO: Run Behavior\ContentReplaceBehavior [ RunTime:0.000056s ]
INFO: [ template_filter ] --END-- [ RunTime:0.000080s ]
INFO: Run Behavior\ParseTemplateBehavior [ RunTime:0.008941s ]
INFO: [ view_parse ] --END-- [ RunTime:0.008961s ]
INFO: [ view_filter ] --START--
INFO: Run Behavior\WriteHtmlCacheBehavior [ RunTime:0.000285s ]
INFO: [ view_filter ] --END-- [ RunTime:0.000300s ]
INFO: [ app_end ] --START--
INFO: Run Behavior\ShowPageTraceBehavior [ RunTime:0.000692s ]
INFO: [ app_end ] --END-- [ RunTime:0.000717s ]

[ 2018-10-08T17:14:12+08:00 ] 117.30.143.133 /index.php?m=Admin&c=Data&a=getData&table=order&page=1&limit=25
INFO: [ app_init ] --START--
INFO: Run Behavior\BuildLiteBehavior [ RunTime:0.000014s ]
INFO: [ app_init ] --END-- [ RunTime:0.000479s ]
INFO: [ app_begin ] --START--
INFO: Run Behavior\ReadHtmlCacheBehavior [ RunTime:0.000661s ]
INFO: [ app_begin ] --END-- [ RunTime:0.000682s ]
SQL: SHOW COLUMNS FROM `qun_order` [ RunTime:0.0021s ]
SQL: SELECT COUNT(*) AS tp_count FROM `qun_order` WHERE `order_state` = 1 LIMIT 1   [ RunTime:0.0025s ]
SQL: SELECT * FROM `qun_order` WHERE `order_state` = 1 ORDER BY order_id desc LIMIT 0,25   [ RunTime:0.0015s ]

[ 2018-10-08T17:14:16+08:00 ] 117.30.143.133 /index.php?m=Admin&c=Order&a=editOrder&order_id=129
INFO: [ app_init ] --START--
INFO: Run Behavior\BuildLiteBehavior [ RunTime:0.000012s ]
INFO: [ app_init ] --END-- [ RunTime:0.000560s ]
INFO: [ app_begin ] --START--
INFO: Run Behavior\ReadHtmlCacheBehavior [ RunTime:0.000753s ]
INFO: [ app_begin ] --END-- [ RunTime:0.000778s ]
SQL: SHOW COLUMNS FROM `qun_order` [ RunTime:0.0017s ]
SQL: SELECT * FROM `qun_order` WHERE `order_id` = 129 LIMIT 1   [ RunTime:0.0012s ]
SQL: SHOW COLUMNS FROM `qun_type` [ RunTime:0.0012s ]
SQL: SELECT * FROM `qun_type`  [ RunTime:0.0012s ]
INFO: [ view_parse ] --START--
INFO: [ template_filter ] --START--
INFO: Run Behavior\ContentReplaceBehavior [ RunTime:0.000043s ]
INFO: [ template_filter ] --END-- [ RunTime:0.000066s ]
INFO: Run Behavior\ParseTemplateBehavior [ RunTime:0.008781s ]
INFO: [ view_parse ] --END-- [ RunTime:0.008803s ]
INFO: [ view_filter ] --START--
INFO: Run Behavior\WriteHtmlCacheBehavior [ RunTime:0.000275s ]
INFO: [ view_filter ] --END-- [ RunTime:0.000293s ]
INFO: [ app_end ] --START--
INFO: Run Behavior\ShowPageTraceBehavior [ RunTime:0.000763s ]
INFO: [ app_end ] --END-- [ RunTime:0.000788s ]

[ 2018-10-08T17:14:36+08:00 ] 117.30.143.133 /index.php?m=Admin&c=User&a=user
INFO: [ app_init ] --START--
INFO: Run Behavior\BuildLiteBehavior [ RunTime:0.000012s ]
INFO: [ app_init ] --END-- [ RunTime:0.000477s ]
INFO: [ app_begin ] --START--
INFO: Run Behavior\ReadHtmlCacheBehavior [ RunTime:0.000666s ]
INFO: [ app_begin ] --END-- [ RunTime:0.000693s ]
SQL: SHOW COLUMNS FROM `qun_role` [ RunTime:0.0015s ]
SQL: SELECT * FROM `qun_role` WHERE `role_id` = 1 LIMIT 1   [ RunTime:0.0010s ]
INFO: [ view_parse ] --START--
INFO: [ template_filter ] --START--
INFO: Run Behavior\ContentReplaceBehavior [ RunTime:0.000049s ]
INFO: [ template_filter ] --END-- [ RunTime:0.000079s ]
INFO: Run Behavior\ParseTemplateBehavior [ RunTime:0.010143s ]
INFO: [ view_parse ] --END-- [ RunTime:0.010175s ]
INFO: [ view_filter ] --START--
INFO: Run Behavior\WriteHtmlCacheBehavior [ RunTime:0.000287s ]
INFO: [ view_filter ] --END-- [ RunTime:0.000304s ]
INFO: [ app_end ] --START--
INFO: Run Behavior\ShowPageTraceBehavior [ RunTime:0.000744s ]
INFO: [ app_end ] --END-- [ RunTime:0.000766s ]

[ 2018-10-08T17:14:37+08:00 ] 117.30.143.133 /index.php?m=Admin&c=Data&a=getData&table=user&page=1&limit=25
INFO: [ app_init ] --START--
INFO: Run Behavior\BuildLiteBehavior [ RunTime:0.000012s ]
INFO: [ app_init ] --END-- [ RunTime:0.000457s ]
INFO: [ app_begin ] --START--
INFO: Run Behavior\ReadHtmlCacheBehavior [ RunTime:0.000652s ]
INFO: [ app_begin ] --END-- [ RunTime:0.000671s ]
SQL: SHOW COLUMNS FROM `qun_user` [ RunTime:0.0017s ]
SQL: SELECT COUNT(*) AS tp_count FROM `qun_user` WHERE `user_state` = 1 LIMIT 1   [ RunTime:0.0013s ]
SQL: SELECT * FROM `qun_user` WHERE `user_state` = 1 ORDER BY user_id desc LIMIT 0,25   [ RunTime:0.0015s ]

[ 2018-10-08T17:14:59+08:00 ] 117.30.143.133 /index.php?m=Admin&c=Set&a=set
INFO: [ app_init ] --START--
INFO: Run Behavior\BuildLiteBehavior [ RunTime:0.000013s ]
INFO: [ app_init ] --END-- [ RunTime:0.000448s ]
INFO: [ app_begin ] --START--
INFO: Run Behavior\ReadHtmlCacheBehavior [ RunTime:0.000624s ]
INFO: [ app_begin ] --END-- [ RunTime:0.000645s ]
SQL: SHOW COLUMNS FROM `qun_role` [ RunTime:0.0014s ]
SQL: SELECT * FROM `qun_role` WHERE `role_id` = 1 LIMIT 1   [ RunTime:0.0010s ]
SQL: SHOW COLUMNS FROM `qun_sys` [ RunTime:0.0014s ]
SQL: SELECT * FROM `qun_sys` WHERE `sys_id` = 1 LIMIT 1   [ RunTime:0.0013s ]
INFO: [ view_parse ] --START--
INFO: [ template_filter ] --START--
INFO: Run Behavior\ContentReplaceBehavior [ RunTime:0.000058s ]
INFO: [ template_filter ] --END-- [ RunTime:0.000092s ]
INFO: Run Behavior\ParseTemplateBehavior [ RunTime:0.009798s ]
INFO: [ view_parse ] --END-- [ RunTime:0.009825s ]
INFO: [ view_filter ] --START--
INFO: Run Behavior\WriteHtmlCacheBehavior [ RunTime:0.000307s ]
INFO: [ view_filter ] --END-- [ RunTime:0.000330s ]
INFO: [ app_end ] --START--
INFO: Run Behavior\ShowPageTraceBehavior [ RunTime:0.000859s ]
INFO: [ app_end ] --END-- [ RunTime:0.000885s ]

[ 2018-10-08T17:15:09+08:00 ] 117.30.143.133 /index.php?m=Admin&c=Role&a=role
INFO: [ app_init ] --START--
INFO: Run Behavior\BuildLiteBehavior [ RunTime:0.000016s ]
INFO: [ app_init ] --END-- [ RunTime:0.000594s ]
INFO: [ app_begin ] --START--
INFO: Run Behavior\ReadHtmlCacheBehavior [ RunTime:0.000739s ]
INFO: [ app_begin ] --END-- [ RunTime:0.000766s ]
SQL: SHOW COLUMNS FROM `qun_role` [ RunTime:0.0013s ]
SQL: SELECT * FROM `qun_role` WHERE `role_id` = 1 LIMIT 1   [ RunTime:0.0009s ]
INFO: [ view_parse ] --START--
INFO: [ template_filter ] --START--
INFO: Run Behavior\ContentReplaceBehavior [ RunTime:0.000062s ]
INFO: [ template_filter ] --END-- [ RunTime:0.000102s ]
INFO: Run Behavior\ParseTemplateBehavior [ RunTime:0.010830s ]
INFO: [ view_parse ] --END-- [ RunTime:0.010858s ]
INFO: [ view_filter ] --START--
INFO: Run Behavior\WriteHtmlCacheBehavior [ RunTime:0.000317s ]
INFO: [ view_filter ] --END-- [ RunTime:0.000338s ]
INFO: [ app_end ] --START--
INFO: Run Behavior\ShowPageTraceBehavior [ RunTime:0.000904s ]
INFO: [ app_end ] --END-- [ RunTime:0.000936s ]

[ 2018-10-08T17:15:10+08:00 ] 117.30.143.133 /index.php?m=Admin&c=Data&a=getData&table=role&page=1&limit=25
INFO: [ app_init ] --START--
INFO: Run Behavior\BuildLiteBehavior [ RunTime:0.000013s ]
INFO: [ app_init ] --END-- [ RunTime:0.000474s ]
INFO: [ app_begin ] --START--
INFO: Run Behavior\ReadHtmlCacheBehavior [ RunTime:0.000745s ]
INFO: [ app_begin ] --END-- [ RunTime:0.000770s ]
SQL: SHOW COLUMNS FROM `qun_role` [ RunTime:0.0018s ]
SQL: SELECT COUNT(*) AS tp_count FROM `qun_role` WHERE `role_state` = 1 LIMIT 1   [ RunTime:0.0013s ]
SQL: SELECT * FROM `qun_role` WHERE `role_state` = 1 ORDER BY role_id desc LIMIT 0,25   [ RunTime:0.0012s ]

[ 2018-10-08T17:15:12+08:00 ] 117.30.143.133 /index.php?m=Admin&c=Manager&a=manager
INFO: [ app_init ] --START--
INFO: Run Behavior\BuildLiteBehavior [ RunTime:0.000011s ]
INFO: [ app_init ] --END-- [ RunTime:0.000447s ]
INFO: [ app_begin ] --START--
INFO: Run Behavior\ReadHtmlCacheBehavior [ RunTime:0.000641s ]
INFO: [ app_begin ] --END-- [ RunTime:0.000663s ]
SQL: SHOW COLUMNS FROM `qun_role` [ RunTime:0.0014s ]
SQL: SELECT * FROM `qun_role` WHERE `role_id` = 1 LIMIT 1   [ RunTime:0.0010s ]
SQL: SELECT * FROM `qun_role`  [ RunTime:0.0010s ]
INFO: [ view_parse ] --START--
INFO: [ template_filter ] --START--
INFO: Run Behavior\ContentReplaceBehavior [ RunTime:0.000049s ]
INFO: [ template_filter ] --END-- [ RunTime:0.000070s ]
INFO: Run Behavior\ParseTemplateBehavior [ RunTime:0.008319s ]
INFO: [ view_parse ] --END-- [ RunTime:0.008340s ]
INFO: [ view_filter ] --START--
INFO: Run Behavior\WriteHtmlCacheBehavior [ RunTime:0.000232s ]
INFO: [ view_filter ] --END-- [ RunTime:0.000247s ]
INFO: [ app_end ] --START--
INFO: Run Behavior\ShowPageTraceBehavior [ RunTime:0.000669s ]
INFO: [ app_end ] --END-- [ RunTime:0.000690s ]

[ 2018-10-08T17:15:13+08:00 ] 117.30.143.133 /index.php?m=Admin&c=Data&a=getData&table=admin&page=1&limit=10
INFO: [ app_init ] --START--
INFO: Run Behavior\BuildLiteBehavior [ RunTime:0.000011s ]
INFO: [ app_init ] --END-- [ RunTime:0.000476s ]
INFO: [ app_begin ] --START--
INFO: Run Behavior\ReadHtmlCacheBehavior [ RunTime:0.000652s ]
INFO: [ app_begin ] --END-- [ RunTime:0.000673s ]
SQL: SHOW COLUMNS FROM `qun_admin` [ RunTime:0.0017s ]
SQL: SELECT COUNT(*) AS tp_count FROM `qun_admin` WHERE `admin_state` = 1 LIMIT 1   [ RunTime:0.0012s ]
SQL: SELECT * FROM `qun_admin` WHERE `admin_state` = 1 ORDER BY admin_id desc LIMIT 0,10   [ RunTime:0.0012s ]

[ 2018-10-08T17:15:44+08:00 ] 117.30.143.133 /index.php?m=Admin&c=Data&a=deleteData&table=kefu&id=40
INFO: [ app_init ] --START--
INFO: Run Behavior\BuildLiteBehavior [ RunTime:0.000013s ]
INFO: [ app_init ] --END-- [ RunTime:0.000483s ]
INFO: [ app_begin ] --START--
INFO: Run Behavior\ReadHtmlCacheBehavior [ RunTime:0.000665s ]
INFO: [ app_begin ] --END-- [ RunTime:0.000687s ]
SQL: SHOW COLUMNS FROM `qun_kefu` [ RunTime:0.0016s ]
SQL: UPDATE `qun_kefu` SET `kefu_state`='0' WHERE `kefu_id` = 40 [ RunTime:0.0119s ]

[ 2018-10-08T17:17:06+08:00 ] 117.30.143.133 /index.php?m=Admin&c=Order&a=editOrder&order_id=129
INFO: [ app_init ] --START--
INFO: Run Behavior\BuildLiteBehavior [ RunTime:0.000011s ]
INFO: [ app_init ] --END-- [ RunTime:0.000445s ]
INFO: [ app_begin ] --START--
INFO: Run Behavior\ReadHtmlCacheBehavior [ RunTime:0.000638s ]
INFO: [ app_begin ] --END-- [ RunTime:0.000660s ]
SQL: SHOW COLUMNS FROM `qun_order` [ RunTime:0.0016s ]
SQL: SELECT * FROM `qun_order` WHERE `order_id` = 129 LIMIT 1   [ RunTime:0.0011s ]
SQL: SHOW COLUMNS FROM `qun_type` [ RunTime:0.0017s ]
SQL: SELECT * FROM `qun_type`  [ RunTime:0.0012s ]
INFO: [ view_parse ] --START--
INFO: [ template_filter ] --START--
INFO: Run Behavior\ContentReplaceBehavior [ RunTime:0.000056s ]
INFO: [ template_filter ] --END-- [ RunTime:0.000085s ]
INFO: Run Behavior\ParseTemplateBehavior [ RunTime:0.009784s ]
INFO: [ view_parse ] --END-- [ RunTime:0.009806s ]
INFO: [ view_filter ] --START--
INFO: Run Behavior\WriteHtmlCacheBehavior [ RunTime:0.000230s ]
INFO: [ view_filter ] --END-- [ RunTime:0.000246s ]
INFO: [ app_end ] --START--
INFO: Run Behavior\ShowPageTraceBehavior [ RunTime:0.000641s ]
INFO: [ app_end ] --END-- [ RunTime:0.000664s ]

[ 2018-10-08T17:17:25+08:00 ] 117.30.143.133 /index.php?m=Admin&c=Data&a=getData&table=recharge&is_pay=1&page=1&limit=30&id=&user_id=&recharge_type=2&recharge_createtime%23EGT=&recharge_createtime%23ELT=
INFO: [ app_init ] --START--
INFO: Run Behavior\BuildLiteBehavior [ RunTime:0.000013s ]
INFO: [ app_init ] --END-- [ RunTime:0.000477s ]
INFO: [ app_begin ] --START--
INFO: Run Behavior\ReadHtmlCacheBehavior [ RunTime:0.000700s ]
INFO: [ app_begin ] --END-- [ RunTime:0.000722s ]
SQL: SHOW COLUMNS FROM `qun_recharge` [ RunTime:0.0016s ]
SQL: SELECT COUNT(*) AS tp_count FROM `qun_recharge` WHERE `is_pay` = '1' AND `recharge_type` = 2 AND `recharge_state` = 1 LIMIT 1   [ RunTime:0.0014s ]
SQL: SELECT * FROM `qun_recharge` WHERE `is_pay` = '1' AND `recharge_type` = 2 AND `recharge_state` = 1 ORDER BY recharge_id desc LIMIT 0,30   [ RunTime:0.0012s ]

[ 2018-10-08T17:17:30+08:00 ] 117.30.143.133 /index.php?m=Admin&c=Data&a=getData&table=recharge&is_pay=1&page=1&limit=30&id=&user_id=&recharge_type=3&recharge_createtime%23EGT=&recharge_createtime%23ELT=
INFO: [ app_init ] --START--
INFO: Run Behavior\BuildLiteBehavior [ RunTime:0.000013s ]
INFO: [ app_init ] --END-- [ RunTime:0.000464s ]
INFO: [ app_begin ] --START--
INFO: Run Behavior\ReadHtmlCacheBehavior [ RunTime:0.000675s ]
INFO: [ app_begin ] --END-- [ RunTime:0.000696s ]
SQL: SHOW COLUMNS FROM `qun_recharge` [ RunTime:0.0015s ]
SQL: SELECT COUNT(*) AS tp_count FROM `qun_recharge` WHERE `is_pay` = '1' AND `recharge_type` = 3 AND `recharge_state` = 1 LIMIT 1   [ RunTime:0.0013s ]
SQL: SELECT * FROM `qun_recharge` WHERE `is_pay` = '1' AND `recharge_type` = 3 AND `recharge_state` = 1 ORDER BY recharge_id desc LIMIT 0,30   [ RunTime:0.0012s ]

[ 2018-10-08T17:19:36+08:00 ] 117.30.143.133 /index.php?m=Admin&c=Manager&a=editManager&admin_id=5
INFO: [ app_init ] --START--
INFO: Run Behavior\BuildLiteBehavior [ RunTime:0.000016s ]
INFO: [ app_init ] --END-- [ RunTime:0.000649s ]
INFO: [ app_begin ] --START--
INFO: Run Behavior\ReadHtmlCacheBehavior [ RunTime:0.000846s ]
INFO: [ app_begin ] --END-- [ RunTime:0.000874s ]
SQL: SHOW COLUMNS FROM `qun_admin` [ RunTime:0.0016s ]
SQL: SELECT * FROM `qun_admin` WHERE `admin_id` = 5 LIMIT 1   [ RunTime:0.0012s ]
SQL: SHOW COLUMNS FROM `qun_role` [ RunTime:0.0015s ]
SQL: SELECT * FROM `qun_role` WHERE `role_id` = 25 LIMIT 1   [ RunTime:0.0012s ]
SQL: SELECT * FROM `qun_role`  [ RunTime:0.0012s ]
INFO: [ view_parse ] --START--
INFO: [ template_filter ] --START--
INFO: Run Behavior\ContentReplaceBehavior [ RunTime:0.000056s ]
INFO: [ template_filter ] --END-- [ RunTime:0.000091s ]
INFO: Run Behavior\ParseTemplateBehavior [ RunTime:0.012107s ]
INFO: [ view_parse ] --END-- [ RunTime:0.012138s ]
INFO: [ view_filter ] --START--
INFO: Run Behavior\WriteHtmlCacheBehavior [ RunTime:0.000335s ]
INFO: [ view_filter ] --END-- [ RunTime:0.000359s ]
INFO: [ app_end ] --START--
INFO: Run Behavior\ShowPageTraceBehavior [ RunTime:0.000911s ]
INFO: [ app_end ] --END-- [ RunTime:0.000938s ]

[ 2018-10-08T17:19:40+08:00 ] 117.30.143.133 /index.php?m=Admin&c=Manager&a=editManager&admin_id=4
INFO: [ app_init ] --START--
INFO: Run Behavior\BuildLiteBehavior [ RunTime:0.000015s ]
INFO: [ app_init ] --END-- [ RunTime:0.000498s ]
INFO: [ app_begin ] --START--
INFO: Run Behavior\ReadHtmlCacheBehavior [ RunTime:0.000670s ]
INFO: [ app_begin ] --END-- [ RunTime:0.000691s ]
SQL: SHOW COLUMNS FROM `qun_admin` [ RunTime:0.0014s ]
SQL: SELECT * FROM `qun_admin` WHERE `admin_id` = 4 LIMIT 1   [ RunTime:0.0011s ]
SQL: SHOW COLUMNS FROM `qun_role` [ RunTime:0.0012s ]
SQL: SELECT * FROM `qun_role` WHERE `role_id` = 1 LIMIT 1   [ RunTime:0.0011s ]
SQL: SELECT * FROM `qun_role`  [ RunTime:0.0022s ]
INFO: [ view_parse ] --START--
INFO: [ template_filter ] --START--
INFO: Run Behavior\ContentReplaceBehavior [ RunTime:0.000039s ]
INFO: [ template_filter ] --END-- [ RunTime:0.000111s ]
INFO: Run Behavior\ParseTemplateBehavior [ RunTime:0.010179s ]
INFO: [ view_parse ] --END-- [ RunTime:0.010203s ]
INFO: [ view_filter ] --START--
INFO: Run Behavior\WriteHtmlCacheBehavior [ RunTime:0.000237s ]
INFO: [ view_filter ] --END-- [ RunTime:0.000254s ]
INFO: [ app_end ] --START--
INFO: Run Behavior\ShowPageTraceBehavior [ RunTime:0.000712s ]
INFO: [ app_end ] --END-- [ RunTime:0.000755s ]

[ 2018-10-08T17:20:09+08:00 ] 117.30.143.133 /index.php?m=Admin&c=Set&a=set
INFO: [ app_init ] --START--
INFO: Run Behavior\BuildLiteBehavior [ RunTime:0.000012s ]
INFO: [ app_init ] --END-- [ RunTime:0.000515s ]
INFO: [ app_begin ] --START--
INFO: Run Behavior\ReadHtmlCacheBehavior [ RunTime:0.000710s ]
INFO: [ app_begin ] --END-- [ RunTime:0.000732s ]
SQL: SHOW COLUMNS FROM `qun_role` [ RunTime:0.0015s ]
SQL: SELECT * FROM `qun_role` WHERE `role_id` = 1 LIMIT 1   [ RunTime:0.0010s ]
SQL: SHOW COLUMNS FROM `qun_sys` [ RunTime:0.0015s ]
SQL: SELECT * FROM `qun_sys` WHERE `sys_id` = 1 LIMIT 1   [ RunTime:0.0013s ]
INFO: [ view_parse ] --START--
INFO: [ template_filter ] --START--
INFO: Run Behavior\ContentReplaceBehavior [ RunTime:0.000051s ]
INFO: [ template_filter ] --END-- [ RunTime:0.000076s ]
INFO: Run Behavior\ParseTemplateBehavior [ RunTime:0.008677s ]
INFO: [ view_parse ] --END-- [ RunTime:0.008697s ]
INFO: [ view_filter ] --START--
INFO: Run Behavior\WriteHtmlCacheBehavior [ RunTime:0.000233s ]
INFO: [ view_filter ] --END-- [ RunTime:0.000248s ]
INFO: [ app_end ] --START--
INFO: Run Behavior\ShowPageTraceBehavior [ RunTime:0.000656s ]
INFO: [ app_end ] --END-- [ RunTime:0.000677s ]

[ 2018-10-08T17:20:11+08:00 ] 117.30.143.133 /index.php?m=Admin&c=Kefu&a=kefu
INFO: [ app_init ] --START--
INFO: Run Behavior\BuildLiteBehavior [ RunTime:0.000012s ]
INFO: [ app_init ] --END-- [ RunTime:0.000500s ]
INFO: [ app_begin ] --START--
INFO: Run Behavior\ReadHtmlCacheBehavior [ RunTime:0.000749s ]
INFO: [ app_begin ] --END-- [ RunTime:0.000772s ]
SQL: SHOW COLUMNS FROM `qun_role` [ RunTime:0.0016s ]
SQL: SELECT * FROM `qun_role` WHERE `role_id` = 1 LIMIT 1   [ RunTime:0.0010s ]
INFO: [ view_parse ] --START--
INFO: [ template_filter ] --START--
INFO: Run Behavior\ContentReplaceBehavior [ RunTime:0.000048s ]
INFO: [ template_filter ] --END-- [ RunTime:0.000071s ]
INFO: Run Behavior\ParseTemplateBehavior [ RunTime:0.008860s ]
INFO: [ view_parse ] --END-- [ RunTime:0.008889s ]
INFO: [ view_filter ] --START--
INFO: Run Behavior\WriteHtmlCacheBehavior [ RunTime:0.000301s ]
INFO: [ view_filter ] --END-- [ RunTime:0.000318s ]
INFO: [ app_end ] --START--
INFO: Run Behavior\ShowPageTraceBehavior [ RunTime:0.000758s ]
INFO: [ app_end ] --END-- [ RunTime:0.000780s ]

[ 2018-10-08T17:20:12+08:00 ] 117.30.143.133 /index.php?m=Admin&c=Data&a=getData&table=kefu&page=1&limit=25
INFO: [ app_init ] --START--
INFO: Run Behavior\BuildLiteBehavior [ RunTime:0.000013s ]
INFO: [ app_init ] --END-- [ RunTime:0.000477s ]
INFO: [ app_begin ] --START--
INFO: Run Behavior\ReadHtmlCacheBehavior [ RunTime:0.000667s ]
INFO: [ app_begin ] --END-- [ RunTime:0.000687s ]
SQL: SHOW COLUMNS FROM `qun_kefu` [ RunTime:0.0015s ]
SQL: SELECT COUNT(*) AS tp_count FROM `qun_kefu` WHERE `kefu_state` = 1 LIMIT 1   [ RunTime:0.0020s ]
SQL: SELECT * FROM `qun_kefu` WHERE `kefu_state` = 1 ORDER BY kefu_id desc LIMIT 0,25   [ RunTime:0.0011s ]

[ 2018-10-08T17:20:13+08:00 ] 117.30.143.133 /index.php?m=Admin&c=Order&a=order
INFO: [ app_init ] --START--
INFO: Run Behavior\BuildLiteBehavior [ RunTime:0.000012s ]
INFO: [ app_init ] --END-- [ RunTime:0.000454s ]
INFO: [ app_begin ] --START--
INFO: Run Behavior\ReadHtmlCacheBehavior [ RunTime:0.000644s ]
INFO: [ app_begin ] --END-- [ RunTime:0.000665s ]
SQL: SHOW COLUMNS FROM `qun_role` [ RunTime:0.0015s ]
SQL: SELECT * FROM `qun_role` WHERE `role_id` = 1 LIMIT 1   [ RunTime:0.0027s ]
INFO: [ view_parse ] --START--
INFO: [ template_filter ] --START--
INFO: Run Behavior\ContentReplaceBehavior [ RunTime:0.000056s ]
INFO: [ template_filter ] --END-- [ RunTime:0.000083s ]
INFO: Run Behavior\ParseTemplateBehavior [ RunTime:0.008379s ]
INFO: [ view_parse ] --END-- [ RunTime:0.008400s ]
INFO: [ view_filter ] --START--
INFO: Run Behavior\WriteHtmlCacheBehavior [ RunTime:0.000233s ]
INFO: [ view_filter ] --END-- [ RunTime:0.000278s ]
INFO: [ app_end ] --START--
INFO: Run Behavior\ShowPageTraceBehavior [ RunTime:0.000711s ]
INFO: [ app_end ] --END-- [ RunTime:0.000732s ]

[ 2018-10-08T17:20:13+08:00 ] 117.30.143.133 /index.php?m=Admin&c=User&a=user
INFO: [ app_init ] --START--
INFO: Run Behavior\BuildLiteBehavior [ RunTime:0.000015s ]
INFO: [ app_init ] --END-- [ RunTime:0.000485s ]
INFO: [ app_begin ] --START--
INFO: Run Behavior\ReadHtmlCacheBehavior [ RunTime:0.000652s ]
INFO: [ app_begin ] --END-- [ RunTime:0.000673s ]
SQL: SHOW COLUMNS FROM `qun_role` [ RunTime:0.0015s ]
SQL: SELECT * FROM `qun_role` WHERE `role_id` = 1 LIMIT 1   [ RunTime:0.0009s ]
INFO: [ view_parse ] --START--
INFO: [ template_filter ] --START--
INFO: Run Behavior\ContentReplaceBehavior [ RunTime:0.000046s ]
INFO: [ template_filter ] --END-- [ RunTime:0.000076s ]
INFO: Run Behavior\ParseTemplateBehavior [ RunTime:0.009079s ]
INFO: [ view_parse ] --END-- [ RunTime:0.009100s ]
INFO: [ view_filter ] --START--
INFO: Run Behavior\WriteHtmlCacheBehavior [ RunTime:0.000254s ]
INFO: [ view_filter ] --END-- [ RunTime:0.000269s ]
INFO: [ app_end ] --START--
INFO: Run Behavior\ShowPageTraceBehavior [ RunTime:0.000699s ]
INFO: [ app_end ] --END-- [ RunTime:0.000724s ]

[ 2018-10-08T17:20:14+08:00 ] 117.30.143.133 /index.php?m=Admin&c=Data&a=getData&table=order&page=1&limit=25
INFO: [ app_init ] --START--
INFO: Run Behavior\BuildLiteBehavior [ RunTime:0.000012s ]
INFO: [ app_init ] --END-- [ RunTime:0.000497s ]
INFO: [ app_begin ] --START--
INFO: Run Behavior\ReadHtmlCacheBehavior [ RunTime:0.000668s ]
INFO: [ app_begin ] --END-- [ RunTime:0.000691s ]
SQL: SHOW COLUMNS FROM `qun_order` [ RunTime:0.0017s ]
SQL: SELECT COUNT(*) AS tp_count FROM `qun_order` WHERE `order_state` = 1 LIMIT 1   [ RunTime:0.0013s ]
SQL: SELECT * FROM `qun_order` WHERE `order_state` = 1 ORDER BY order_id desc LIMIT 0,25   [ RunTime:0.0012s ]

[ 2018-10-08T17:20:14+08:00 ] 117.30.143.133 /index.php?m=Admin&c=Data&a=getData&table=user&page=1&limit=25
INFO: [ app_init ] --START--
INFO: Run Behavior\BuildLiteBehavior [ RunTime:0.000027s ]
INFO: [ app_init ] --END-- [ RunTime:0.000467s ]
INFO: [ app_begin ] --START--
INFO: Run Behavior\ReadHtmlCacheBehavior [ RunTime:0.000647s ]
INFO: [ app_begin ] --END-- [ RunTime:0.000667s ]
SQL: SHOW COLUMNS FROM `qun_user` [ RunTime:0.0020s ]
SQL: SELECT COUNT(*) AS tp_count FROM `qun_user` WHERE `user_state` = 1 LIMIT 1   [ RunTime:0.0013s ]
SQL: SELECT * FROM `qun_user` WHERE `user_state` = 1 ORDER BY user_id desc LIMIT 0,25   [ RunTime:0.0015s ]

[ 2018-10-08T17:20:14+08:00 ] 117.30.143.133 /index.php?m=Admin&c=Set&a=set
INFO: [ app_init ] --START--
INFO: Run Behavior\BuildLiteBehavior [ RunTime:0.000012s ]
INFO: [ app_init ] --END-- [ RunTime:0.000486s ]
INFO: [ app_begin ] --START--
INFO: Run Behavior\ReadHtmlCacheBehavior [ RunTime:0.000662s ]
INFO: [ app_begin ] --END-- [ RunTime:0.000684s ]
SQL: SHOW COLUMNS FROM `qun_role` [ RunTime:0.0022s ]
SQL: SELECT * FROM `qun_role` WHERE `role_id` = 1 LIMIT 1   [ RunTime:0.0011s ]
SQL: SHOW COLUMNS FROM `qun_sys` [ RunTime:0.0015s ]
SQL: SELECT * FROM `qun_sys` WHERE `sys_id` = 1 LIMIT 1   [ RunTime:0.0012s ]
INFO: [ view_parse ] --START--
INFO: [ template_filter ] --START--
INFO: Run Behavior\ContentReplaceBehavior [ RunTime:0.000049s ]
INFO: [ template_filter ] --END-- [ RunTime:0.000073s ]
INFO: Run Behavior\ParseTemplateBehavior [ RunTime:0.008936s ]
INFO: [ view_parse ] --END-- [ RunTime:0.008957s ]
INFO: [ view_filter ] --START--
INFO: Run Behavior\WriteHtmlCacheBehavior [ RunTime:0.000266s ]
INFO: [ view_filter ] --END-- [ RunTime:0.000287s ]
INFO: [ app_end ] --START--
INFO: Run Behavior\ShowPageTraceBehavior [ RunTime:0.000688s ]
INFO: [ app_end ] --END-- [ RunTime:0.000709s ]

[ 2018-10-08T17:20:18+08:00 ] 117.30.143.133 /index.php?m=Admin&c=Package&a=lst
INFO: [ app_init ] --START--
INFO: Run Behavior\BuildLiteBehavior [ RunTime:0.000012s ]
INFO: [ app_init ] --END-- [ RunTime:0.000472s ]
INFO: [ app_begin ] --START--
INFO: Run Behavior\ReadHtmlCacheBehavior [ RunTime:0.000661s ]
INFO: [ app_begin ] --END-- [ RunTime:0.000683s ]
SQL: SHOW COLUMNS FROM `qun_role` [ RunTime:0.0016s ]
SQL: SELECT * FROM `qun_role` WHERE `role_id` = 1 LIMIT 1   [ RunTime:0.0014s ]
INFO: [ view_parse ] --START--
INFO: [ template_filter ] --START--
INFO: Run Behavior\ContentReplaceBehavior [ RunTime:0.000048s ]
INFO: [ template_filter ] --END-- [ RunTime:0.000072s ]
INFO: Run Behavior\ParseTemplateBehavior [ RunTime:0.008404s ]
INFO: [ view_parse ] --END-- [ RunTime:0.008424s ]
INFO: [ view_filter ] --START--
INFO: Run Behavior\WriteHtmlCacheBehavior [ RunTime:0.000241s ]
INFO: [ view_filter ] --END-- [ RunTime:0.000257s ]
INFO: [ app_end ] --START--
INFO: Run Behavior\ShowPageTraceBehavior [ RunTime:0.000842s ]
INFO: [ app_end ] --END-- [ RunTime:0.000864s ]

[ 2018-10-08T17:20:18+08:00 ] 117.30.143.133 /index.php?m=Admin&c=Data&a=getData&table=package&page=1&limit=25
INFO: [ app_init ] --START--
INFO: Run Behavior\BuildLiteBehavior [ RunTime:0.000012s ]
INFO: [ app_init ] --END-- [ RunTime:0.000494s ]
INFO: [ app_begin ] --START--
INFO: Run Behavior\ReadHtmlCacheBehavior [ RunTime:0.000691s ]
INFO: [ app_begin ] --END-- [ RunTime:0.000713s ]
SQL: SHOW COLUMNS FROM `qun_package` [ RunTime:0.0034s ]
SQL: SELECT COUNT(*) AS tp_count FROM `qun_package` WHERE `package_state` = 1 LIMIT 1   [ RunTime:0.0015s ]
SQL: SELECT * FROM `qun_package` WHERE `package_state` = 1 ORDER BY package_id desc LIMIT 0,25   [ RunTime:0.0013s ]

[ 2018-10-08T17:20:18+08:00 ] 117.30.143.133 /index.php?m=Admin&c=Reply&a=reply
INFO: [ app_init ] --START--
INFO: Run Behavior\BuildLiteBehavior [ RunTime:0.000012s ]
INFO: [ app_init ] --END-- [ RunTime:0.000462s ]
INFO: [ app_begin ] --START--
INFO: Run Behavior\ReadHtmlCacheBehavior [ RunTime:0.000672s ]
INFO: [ app_begin ] --END-- [ RunTime:0.000695s ]
SQL: SHOW COLUMNS FROM `qun_role` [ RunTime:0.0015s ]
SQL: SELECT * FROM `qun_role` WHERE `role_id` = 1 LIMIT 1   [ RunTime:0.0011s ]
INFO: [ view_parse ] --START--
INFO: [ template_filter ] --START--
INFO: Run Behavior\ContentReplaceBehavior [ RunTime:0.000047s ]
INFO: [ template_filter ] --END-- [ RunTime:0.000075s ]
INFO: Run Behavior\ParseTemplateBehavior [ RunTime:0.008169s ]
INFO: [ view_parse ] --END-- [ RunTime:0.008188s ]
INFO: [ view_filter ] --START--
INFO: Run Behavior\WriteHtmlCacheBehavior [ RunTime:0.000228s ]
INFO: [ view_filter ] --END-- [ RunTime:0.000243s ]
INFO: [ app_end ] --START--
INFO: Run Behavior\ShowPageTraceBehavior [ RunTime:0.000733s ]
INFO: [ app_end ] --END-- [ RunTime:0.000754s ]

[ 2018-10-08T17:20:19+08:00 ] 117.30.143.133 /index.php?m=Admin&c=Data&a=getData&table=reply&page=1&limit=25
INFO: [ app_init ] --START--
INFO: Run Behavior\BuildLiteBehavior [ RunTime:0.000012s ]
INFO: [ app_init ] --END-- [ RunTime:0.000470s ]
INFO: [ app_begin ] --START--
INFO: Run Behavior\ReadHtmlCacheBehavior [ RunTime:0.000714s ]
INFO: [ app_begin ] --END-- [ RunTime:0.000734s ]
SQL: SHOW COLUMNS FROM `qun_reply` [ RunTime:0.0017s ]
SQL: SELECT COUNT(*) AS tp_count FROM `qun_reply` WHERE `reply_state` = 1 LIMIT 1   [ RunTime:0.0013s ]
SQL: SELECT * FROM `qun_reply` WHERE `reply_state` = 1 ORDER BY reply_id desc LIMIT 0,25   [ RunTime:0.0012s ]

[ 2018-10-08T17:24:25+08:00 ] 117.30.143.133 /index.php?m=Admin&c=Index&a=index
INFO: [ app_init ] --START--
INFO: Run Behavior\BuildLiteBehavior [ RunTime:0.000012s ]
INFO: [ app_init ] --END-- [ RunTime:0.000469s ]
INFO: [ app_begin ] --START--
INFO: Run Behavior\ReadHtmlCacheBehavior [ RunTime:0.000681s ]
INFO: [ app_begin ] --END-- [ RunTime:0.000702s ]
INFO: [ view_parse ] --START--
INFO: [ template_filter ] --START--
INFO: Run Behavior\ContentReplaceBehavior [ RunTime:0.000049s ]
INFO: [ template_filter ] --END-- [ RunTime:0.000072s ]
INFO: Run Behavior\ParseTemplateBehavior [ RunTime:0.008655s ]
INFO: [ view_parse ] --END-- [ RunTime:0.008674s ]
INFO: [ view_filter ] --START--
INFO: Run Behavior\WriteHtmlCacheBehavior [ RunTime:0.000224s ]
INFO: [ view_filter ] --END-- [ RunTime:0.000239s ]
INFO: [ app_end ] --START--
INFO: Run Behavior\ShowPageTraceBehavior [ RunTime:0.000624s ]
INFO: [ app_end ] --END-- [ RunTime:0.000658s ]

[ 2018-10-08T17:24:26+08:00 ] 117.30.143.133 /index.php?m=Admin&c=Index&a=homePage
INFO: [ app_init ] --START--
INFO: Run Behavior\BuildLiteBehavior [ RunTime:0.000014s ]
INFO: [ app_init ] --END-- [ RunTime:0.000504s ]
INFO: [ app_begin ] --START--
INFO: Run Behavior\ReadHtmlCacheBehavior [ RunTime:0.000875s ]
INFO: [ app_begin ] --END-- [ RunTime:0.000902s ]
SQL: SHOW COLUMNS FROM `qun_recharge` [ RunTime:0.0015s ]
SQL: SELECT COUNT(*) AS tp_count FROM `qun_recharge` WHERE `is_pay` = 1 AND `recharge_state` = 1 LIMIT 1   [ RunTime:0.0012s ]
SQL: SELECT * FROM `qun_recharge` WHERE `is_pay` = 1 AND `recharge_state` = 1 ORDER BY recharge_createtime desc LIMIT 0,6   [ RunTime:0.0012s ]
SQL: SHOW COLUMNS FROM `qun_user` [ RunTime:0.0013s ]
SQL: SELECT * FROM `qun_user` WHERE `user_id` = 102 LIMIT 1   [ RunTime:0.0011s ]
SQL: SELECT * FROM `qun_user` WHERE `user_id` = 102 LIMIT 1   [ RunTime:0.0009s ]
SQL: SELECT * FROM `qun_user` WHERE `user_id` = 105 LIMIT 1   [ RunTime:0.0010s ]
SQL: SELECT * FROM `qun_user` WHERE `user_id` = 105 LIMIT 1   [ RunTime:0.0009s ]
SQL: SELECT * FROM `qun_user` WHERE `user_id` = 102 LIMIT 1   [ RunTime:0.0009s ]
SQL: SELECT * FROM `qun_user` WHERE `user_id` = 102 LIMIT 1   [ RunTime:0.0009s ]
SQL: SELECT * FROM `qun_user` WHERE `user_id` = 105 LIMIT 1   [ RunTime:0.0009s ]
SQL: SELECT * FROM `qun_user` WHERE `user_id` = 105 LIMIT 1   [ RunTime:0.0010s ]
SQL: SELECT * FROM `qun_user` WHERE `user_id` = 102 LIMIT 1   [ RunTime:0.0009s ]
SQL: SELECT * FROM `qun_user` WHERE `user_id` = 102 LIMIT 1   [ RunTime:0.0009s ]
SQL: SELECT * FROM `qun_user` WHERE `user_id` = 105 LIMIT 1   [ RunTime:0.0013s ]
SQL: SELECT * FROM `qun_user` WHERE `user_id` = 105 LIMIT 1   [ RunTime:0.0009s ]
SQL: SELECT * FROM `qun_recharge` WHERE `recharge_createtime` LIKE '2018-10-08%' AND `recharge_state` = 1 AND `is_pay` = 1 AND `recharge_type` = 3  [ RunTime:0.0012s ]
SQL: SELECT * FROM `qun_recharge` WHERE `recharge_createtime` LIKE '2018-10-08%' AND `recharge_state` = 1 AND `is_pay` = 1 AND `recharge_type` = 1  [ RunTime:0.0011s ]
SQL: SELECT * FROM `qun_recharge` WHERE `recharge_createtime` LIKE '2018-10-08%' AND `recharge_state` = 1 AND `is_pay` = 1 AND `recharge_type` = 2  [ RunTime:0.0010s ]
SQL: SELECT * FROM `qun_user` WHERE `user_state` = 1 AND `user_createtime` LIKE '2018-10-08%'  [ RunTime:0.0010s ]
SQL: SELECT * FROM `qun_user` WHERE `user_state` = 1 AND `user_up_time` LIKE '2018-10-08%'  [ RunTime:0.0010s ]
INFO: [ view_parse ] --START--
INFO: [ template_filter ] --START--
INFO: Run Behavior\ContentReplaceBehavior [ RunTime:0.000083s ]
INFO: [ template_filter ] --END-- [ RunTime:0.000122s ]
INFO: Run Behavior\ParseTemplateBehavior [ RunTime:0.014854s ]
INFO: [ view_parse ] --END-- [ RunTime:0.014888s ]
INFO: [ view_filter ] --START--
INFO: Run Behavior\WriteHtmlCacheBehavior [ RunTime:0.000383s ]
INFO: [ view_filter ] --END-- [ RunTime:0.000411s ]
INFO: [ app_end ] --START--
INFO: Run Behavior\ShowPageTraceBehavior [ RunTime:0.000991s ]
INFO: [ app_end ] --END-- [ RunTime:0.001020s ]

[ 2018-10-08T17:24:28+08:00 ] 117.30.143.133 /index.php?m=Admin&c=Manager&a=manager
INFO: [ app_init ] --START--
INFO: Run Behavior\BuildLiteBehavior [ RunTime:0.000028s ]
INFO: [ app_init ] --END-- [ RunTime:0.000480s ]
INFO: [ app_begin ] --START--
INFO: Run Behavior\ReadHtmlCacheBehavior [ RunTime:0.000663s ]
INFO: [ app_begin ] --END-- [ RunTime:0.000689s ]
SQL: SHOW COLUMNS FROM `qun_role` [ RunTime:0.0017s ]
SQL: SELECT * FROM `qun_role` WHERE `role_id` = 1 LIMIT 1   [ RunTime:0.0012s ]
SQL: SELECT * FROM `qun_role`  [ RunTime:0.0011s ]
INFO: [ view_parse ] --START--
INFO: [ template_filter ] --START--
INFO: Run Behavior\ContentReplaceBehavior [ RunTime:0.000052s ]
INFO: [ template_filter ] --END-- [ RunTime:0.000082s ]
INFO: Run Behavior\ParseTemplateBehavior [ RunTime:0.010098s ]
INFO: [ view_parse ] --END-- [ RunTime:0.010144s ]
INFO: [ view_filter ] --START--
INFO: Run Behavior\WriteHtmlCacheBehavior [ RunTime:0.000285s ]
INFO: [ view_filter ] --END-- [ RunTime:0.000302s ]
INFO: [ app_end ] --START--
INFO: Run Behavior\ShowPageTraceBehavior [ RunTime:0.000650s ]
INFO: [ app_end ] --END-- [ RunTime:0.000673s ]

[ 2018-10-08T17:24:29+08:00 ] 117.30.143.133 /index.php?m=Admin&c=Data&a=getData&table=admin&page=1&limit=10
INFO: [ app_init ] --START--
INFO: Run Behavior\BuildLiteBehavior [ RunTime:0.000022s ]
INFO: [ app_init ] --END-- [ RunTime:0.000516s ]
INFO: [ app_begin ] --START--
INFO: Run Behavior\ReadHtmlCacheBehavior [ RunTime:0.000669s ]
INFO: [ app_begin ] --END-- [ RunTime:0.000690s ]
SQL: SHOW COLUMNS FROM `qun_admin` [ RunTime:0.0016s ]
SQL: SELECT COUNT(*) AS tp_count FROM `qun_admin` WHERE `admin_state` = 1 LIMIT 1   [ RunTime:0.0010s ]
SQL: SELECT * FROM `qun_admin` WHERE `admin_state` = 1 ORDER BY admin_id desc LIMIT 0,10   [ RunTime:0.0011s ]

[ 2018-10-08T17:24:32+08:00 ] 117.30.143.133 /index.php?m=Admin&c=Role&a=role
INFO: [ app_init ] --START--
INFO: Run Behavior\BuildLiteBehavior [ RunTime:0.000013s ]
INFO: [ app_init ] --END-- [ RunTime:0.000513s ]
INFO: [ app_begin ] --START--
INFO: Run Behavior\ReadHtmlCacheBehavior [ RunTime:0.000681s ]
INFO: [ app_begin ] --END-- [ RunTime:0.000702s ]
SQL: SHOW COLUMNS FROM `qun_role` [ RunTime:0.0016s ]
SQL: SELECT * FROM `qun_role` WHERE `role_id` = 1 LIMIT 1   [ RunTime:0.0013s ]
INFO: [ view_parse ] --START--
INFO: [ template_filter ] --START--
INFO: Run Behavior\ContentReplaceBehavior [ RunTime:0.000045s ]
INFO: [ template_filter ] --END-- [ RunTime:0.000073s ]
INFO: Run Behavior\ParseTemplateBehavior [ RunTime:0.008555s ]
INFO: [ view_parse ] --END-- [ RunTime:0.008574s ]
INFO: [ view_filter ] --START--
INFO: Run Behavior\WriteHtmlCacheBehavior [ RunTime:0.000241s ]
INFO: [ view_filter ] --END-- [ RunTime:0.000256s ]
INFO: [ app_end ] --START--
INFO: Run Behavior\ShowPageTraceBehavior [ RunTime:0.000824s ]
INFO: [ app_end ] --END-- [ RunTime:0.000845s ]

[ 2018-10-08T17:24:32+08:00 ] 117.30.143.133 /index.php?m=Admin&c=Data&a=getData&table=role&page=1&limit=25
INFO: [ app_init ] --START--
INFO: Run Behavior\BuildLiteBehavior [ RunTime:0.000015s ]
INFO: [ app_init ] --END-- [ RunTime:0.000597s ]
INFO: [ app_begin ] --START--
INFO: Run Behavior\ReadHtmlCacheBehavior [ RunTime:0.000867s ]
INFO: [ app_begin ] --END-- [ RunTime:0.000891s ]
SQL: SHOW COLUMNS FROM `qun_role` [ RunTime:0.0014s ]
SQL: SELECT COUNT(*) AS tp_count FROM `qun_role` WHERE `role_state` = 1 LIMIT 1   [ RunTime:0.0011s ]
SQL: SELECT * FROM `qun_role` WHERE `role_state` = 1 ORDER BY role_id desc LIMIT 0,25   [ RunTime:0.0012s ]

[ 2018-10-08T17:26:39+08:00 ] 117.30.143.133 /index.php?m=Admin&c=Set&a=set
INFO: [ app_init ] --START--
INFO: Run Behavior\BuildLiteBehavior [ RunTime:0.000012s ]
INFO: [ app_init ] --END-- [ RunTime:0.000549s ]
INFO: [ app_begin ] --START--
INFO: Run Behavior\ReadHtmlCacheBehavior [ RunTime:0.000734s ]
INFO: [ app_begin ] --END-- [ RunTime:0.000757s ]
SQL: SHOW COLUMNS FROM `qun_role` [ RunTime:0.0018s ]
SQL: SELECT * FROM `qun_role` WHERE `role_id` = 1 LIMIT 1   [ RunTime:0.0013s ]
SQL: SHOW COLUMNS FROM `qun_sys` [ RunTime:0.0046s ]
SQL: SELECT * FROM `qun_sys` WHERE `sys_id` = 1 LIMIT 1   [ RunTime:0.0016s ]
INFO: [ view_parse ] --START--
INFO: [ template_filter ] --START--
INFO: Run Behavior\ContentReplaceBehavior [ RunTime:0.000062s ]
INFO: [ template_filter ] --END-- [ RunTime:0.000091s ]
INFO: Run Behavior\ParseTemplateBehavior [ RunTime:0.009452s ]
INFO: [ view_parse ] --END-- [ RunTime:0.009475s ]
INFO: [ view_filter ] --START--
INFO: Run Behavior\WriteHtmlCacheBehavior [ RunTime:0.000232s ]
INFO: [ view_filter ] --END-- [ RunTime:0.000260s ]
INFO: [ app_end ] --START--
INFO: Run Behavior\ShowPageTraceBehavior [ RunTime:0.000778s ]
INFO: [ app_end ] --END-- [ RunTime:0.000800s ]

[ 2018-10-08T17:26:40+08:00 ] 117.30.143.133 /index.php?m=Admin&c=User&a=user
INFO: [ app_init ] --START--
INFO: Run Behavior\BuildLiteBehavior [ RunTime:0.000012s ]
INFO: [ app_init ] --END-- [ RunTime:0.000516s ]
INFO: [ app_begin ] --START--
INFO: Run Behavior\ReadHtmlCacheBehavior [ RunTime:0.000850s ]
INFO: [ app_begin ] --END-- [ RunTime:0.000879s ]
SQL: SHOW COLUMNS FROM `qun_role` [ RunTime:0.0016s ]
SQL: SELECT * FROM `qun_role` WHERE `role_id` = 1 LIMIT 1   [ RunTime:0.0011s ]
INFO: [ view_parse ] --START--
INFO: [ template_filter ] --START--
INFO: Run Behavior\ContentReplaceBehavior [ RunTime:0.000044s ]
INFO: [ template_filter ] --END-- [ RunTime:0.000065s ]
INFO: Run Behavior\ParseTemplateBehavior [ RunTime:0.007955s ]
INFO: [ view_parse ] --END-- [ RunTime:0.007976s ]
INFO: [ view_filter ] --START--
INFO: Run Behavior\WriteHtmlCacheBehavior [ RunTime:0.000229s ]
INFO: [ view_filter ] --END-- [ RunTime:0.000260s ]
INFO: [ app_end ] --START--
INFO: Run Behavior\ShowPageTraceBehavior [ RunTime:0.000740s ]
INFO: [ app_end ] --END-- [ RunTime:0.000761s ]

[ 2018-10-08T17:26:40+08:00 ] 117.30.143.133 /index.php?m=Admin&c=Order&a=order
INFO: [ app_init ] --START--
INFO: Run Behavior\BuildLiteBehavior [ RunTime:0.000012s ]
INFO: [ app_init ] --END-- [ RunTime:0.000464s ]
INFO: [ app_begin ] --START--
INFO: Run Behavior\ReadHtmlCacheBehavior [ RunTime:0.000658s ]
INFO: [ app_begin ] --END-- [ RunTime:0.000681s ]
SQL: SHOW COLUMNS FROM `qun_role` [ RunTime:0.0014s ]
SQL: SELECT * FROM `qun_role` WHERE `role_id` = 1 LIMIT 1   [ RunTime:0.0009s ]
INFO: [ view_parse ] --START--
INFO: [ template_filter ] --START--
INFO: Run Behavior\ContentReplaceBehavior [ RunTime:0.000055s ]
INFO: [ template_filter ] --END-- [ RunTime:0.000077s ]
INFO: Run Behavior\ParseTemplateBehavior [ RunTime:0.010154s ]
INFO: [ view_parse ] --END-- [ RunTime:0.010174s ]
INFO: [ view_filter ] --START--
INFO: Run Behavior\WriteHtmlCacheBehavior [ RunTime:0.000237s ]
INFO: [ view_filter ] --END-- [ RunTime:0.000253s ]
INFO: [ app_end ] --START--
INFO: Run Behavior\ShowPageTraceBehavior [ RunTime:0.000648s ]
INFO: [ app_end ] --END-- [ RunTime:0.000670s ]

[ 2018-10-08T17:26:40+08:00 ] 117.30.143.133 /index.php?m=Admin&c=Data&a=getData&table=user&page=1&limit=25
INFO: [ app_init ] --START--
INFO: Run Behavior\BuildLiteBehavior [ RunTime:0.000013s ]
INFO: [ app_init ] --END-- [ RunTime:0.000481s ]
INFO: [ app_begin ] --START--
INFO: Run Behavior\ReadHtmlCacheBehavior [ RunTime:0.000772s ]
INFO: [ app_begin ] --END-- [ RunTime:0.000798s ]
SQL: SHOW COLUMNS FROM `qun_user` [ RunTime:0.0020s ]
SQL: SELECT COUNT(*) AS tp_count FROM `qun_user` WHERE `user_state` = 1 LIMIT 1   [ RunTime:0.0011s ]
SQL: SELECT * FROM `qun_user` WHERE `user_state` = 1 ORDER BY user_id desc LIMIT 0,25   [ RunTime:0.0013s ]

[ 2018-10-08T17:26:41+08:00 ] 117.30.143.133 /index.php?m=Admin&c=Kefu&a=kefu
INFO: [ app_init ] --START--
INFO: Run Behavior\BuildLiteBehavior [ RunTime:0.000017s ]
INFO: [ app_init ] --END-- [ RunTime:0.006551s ]
INFO: [ app_begin ] --START--
INFO: Run Behavior\ReadHtmlCacheBehavior [ RunTime:0.000735s ]
INFO: [ app_begin ] --END-- [ RunTime:0.000757s ]
SQL: SHOW COLUMNS FROM `qun_role` [ RunTime:0.0015s ]
SQL: SELECT * FROM `qun_role` WHERE `role_id` = 1 LIMIT 1   [ RunTime:0.0011s ]
INFO: [ view_parse ] --START--
INFO: [ template_filter ] --START--
INFO: Run Behavior\ContentReplaceBehavior [ RunTime:0.000051s ]
INFO: [ template_filter ] --END-- [ RunTime:0.000084s ]
INFO: Run Behavior\ParseTemplateBehavior [ RunTime:0.016458s ]
INFO: [ view_parse ] --END-- [ RunTime:0.016479s ]
INFO: [ view_filter ] --START--
INFO: Run Behavior\WriteHtmlCacheBehavior [ RunTime:0.000298s ]
INFO: [ view_filter ] --END-- [ RunTime:0.000314s ]
INFO: [ app_end ] --START--
INFO: Run Behavior\ShowPageTraceBehavior [ RunTime:0.000685s ]
INFO: [ app_end ] --END-- [ RunTime:0.000706s ]

[ 2018-10-08T17:26:41+08:00 ] 117.30.143.133 /index.php?m=Admin&c=Data&a=getData&table=order&page=1&limit=25
INFO: [ app_init ] --START--
INFO: Run Behavior\BuildLiteBehavior [ RunTime:0.000012s ]
INFO: [ app_init ] --END-- [ RunTime:0.000474s ]
INFO: [ app_begin ] --START--
INFO: Run Behavior\ReadHtmlCacheBehavior [ RunTime:0.000670s ]
INFO: [ app_begin ] --END-- [ RunTime:0.000691s ]
SQL: SHOW COLUMNS FROM `qun_order` [ RunTime:0.0019s ]
SQL: SELECT COUNT(*) AS tp_count FROM `qun_order` WHERE `order_state` = 1 LIMIT 1   [ RunTime:0.0015s ]
SQL: SELECT * FROM `qun_order` WHERE `order_state` = 1 ORDER BY order_id desc LIMIT 0,25   [ RunTime:0.0014s ]

[ 2018-10-08T17:26:41+08:00 ] 117.30.143.133 /index.php?m=Admin&c=Data&a=getData&table=kefu&page=1&limit=25
INFO: [ app_init ] --START--
INFO: Run Behavior\BuildLiteBehavior [ RunTime:0.000013s ]
INFO: [ app_init ] --END-- [ RunTime:0.000457s ]
INFO: [ app_begin ] --START--
INFO: Run Behavior\ReadHtmlCacheBehavior [ RunTime:0.000650s ]
INFO: [ app_begin ] --END-- [ RunTime:0.000683s ]
SQL: SHOW COLUMNS FROM `qun_kefu` [ RunTime:0.0015s ]
SQL: SELECT COUNT(*) AS tp_count FROM `qun_kefu` WHERE `kefu_state` = 1 LIMIT 1   [ RunTime:0.0013s ]
SQL: SELECT * FROM `qun_kefu` WHERE `kefu_state` = 1 ORDER BY kefu_id desc LIMIT 0,25   [ RunTime:0.0012s ]

[ 2018-10-08T17:26:47+08:00 ] 117.30.143.133 /index.php?m=Admin&c=Kefu&a=editKefu&kefu_id=130
INFO: [ app_init ] --START--
INFO: Run Behavior\BuildLiteBehavior [ RunTime:0.000012s ]
INFO: [ app_init ] --END-- [ RunTime:0.000485s ]
INFO: [ app_begin ] --START--
INFO: Run Behavior\ReadHtmlCacheBehavior [ RunTime:0.000657s ]
INFO: [ app_begin ] --END-- [ RunTime:0.000679s ]
SQL: SHOW COLUMNS FROM `qun_kefu` [ RunTime:0.0015s ]
SQL: SELECT * FROM `qun_kefu` WHERE `kefu_id` = 130 LIMIT 1   [ RunTime:0.0012s ]
INFO: [ view_parse ] --START--
INFO: [ template_filter ] --START--
INFO: Run Behavior\ContentReplaceBehavior [ RunTime:0.000041s ]
INFO: [ template_filter ] --END-- [ RunTime:0.000076s ]
INFO: Run Behavior\ParseTemplateBehavior [ RunTime:0.009061s ]
INFO: [ view_parse ] --END-- [ RunTime:0.009085s ]
INFO: [ view_filter ] --START--
INFO: Run Behavior\WriteHtmlCacheBehavior [ RunTime:0.000264s ]
INFO: [ view_filter ] --END-- [ RunTime:0.000284s ]
INFO: [ app_end ] --START--
INFO: Run Behavior\ShowPageTraceBehavior [ RunTime:0.000696s ]
INFO: [ app_end ] --END-- [ RunTime:0.000717s ]

