[ 2019-03-14T15:49:06+08:00 ] 110.87.78.118 /index.php?m=Admin&c=User&a=user
INFO: [ app_init ] --START--
INFO: Run Behavior\BuildLiteBehavior [ RunTime:0.000013s ]
INFO: [ app_init ] --END-- [ RunTime:0.000470s ]
INFO: [ app_begin ] --START--
INFO: Run Behavior\ReadHtmlCacheBehavior [ RunTime:0.000707s ]
INFO: [ app_begin ] --END-- [ RunTime:0.000733s ]
INFO: [ view_parse ] --START--
INFO: [ template_filter ] --START--
INFO: Run Behavior\ContentReplaceBehavior [ RunTime:0.000032s ]
INFO: [ template_filter ] --END-- [ RunTime:0.000058s ]
INFO: Run Behavior\ParseTemplateBehavior [ RunTime:0.015325s ]
INFO: [ view_parse ] --END-- [ RunTime:0.015350s ]
INFO: [ view_filter ] --START--
INFO: Run Behavior\WriteHtmlCacheBehavior [ RunTime:0.000317s ]
INFO: [ view_filter ] --END-- [ RunTime:0.000337s ]

[ 2019-03-14T15:49:09+08:00 ] 110.87.78.118 /index.php?m=Admin&c=login&a=login
INFO: [ app_init ] --START--
INFO: Run Behavior\BuildLiteBehavior [ RunTime:0.000012s ]
INFO: [ app_init ] --END-- [ RunTime:0.000476s ]
INFO: [ app_begin ] --START--
INFO: Run Behavior\ReadHtmlCacheBehavior [ RunTime:0.000652s ]
INFO: [ app_begin ] --END-- [ RunTime:0.000672s ]
INFO: [ view_parse ] --START--
INFO: [ template_filter ] --START--
INFO: Run Behavior\ContentReplaceBehavior [ RunTime:0.000044s ]
INFO: [ template_filter ] --END-- [ RunTime:0.000065s ]
INFO: Run Behavior\ParseTemplateBehavior [ RunTime:0.007795s ]
INFO: [ view_parse ] --END-- [ RunTime:0.007813s ]
INFO: [ view_filter ] --START--
INFO: Run Behavior\WriteHtmlCacheBehavior [ RunTime:0.000206s ]
INFO: [ view_filter ] --END-- [ RunTime:0.000221s ]
INFO: [ app_end ] --START--
INFO: Run Behavior\ShowPageTraceBehavior [ RunTime:0.000625s ]
INFO: [ app_end ] --END-- [ RunTime:0.000645s ]

[ 2019-03-14T15:49:10+08:00 ] 110.87.78.118 /index.php?m=Admin&c=Index&a=index
INFO: [ app_init ] --START--
INFO: Run Behavior\BuildLiteBehavior [ RunTime:0.000010s ]
INFO: [ app_init ] --END-- [ RunTime:0.000478s ]
INFO: [ app_begin ] --START--
INFO: Run Behavior\ReadHtmlCacheBehavior [ RunTime:0.000646s ]
INFO: [ app_begin ] --END-- [ RunTime:0.000668s ]
INFO: [ view_parse ] --START--
INFO: [ template_filter ] --START--
INFO: Run Behavior\ContentReplaceBehavior [ RunTime:0.000028s ]
INFO: [ template_filter ] --END-- [ RunTime:0.000051s ]
INFO: Run Behavior\ParseTemplateBehavior [ RunTime:0.007322s ]
INFO: [ view_parse ] --END-- [ RunTime:0.007342s ]
INFO: [ view_filter ] --START--
INFO: Run Behavior\WriteHtmlCacheBehavior [ RunTime:0.000257s ]
INFO: [ view_filter ] --END-- [ RunTime:0.000272s ]

[ 2019-03-14T15:49:14+08:00 ] 110.87.78.118 /index.php?m=Admin&c=login&a=login
INFO: [ app_init ] --START--
INFO: Run Behavior\BuildLiteBehavior [ RunTime:0.000010s ]
INFO: [ app_init ] --END-- [ RunTime:0.000436s ]
INFO: [ app_begin ] --START--
INFO: Run Behavior\ReadHtmlCacheBehavior [ RunTime:0.000636s ]
INFO: [ app_begin ] --END-- [ RunTime:0.000657s ]
INFO: [ view_parse ] --START--
INFO: [ template_filter ] --START--
INFO: Run Behavior\ContentReplaceBehavior [ RunTime:0.000036s ]
INFO: [ template_filter ] --END-- [ RunTime:0.000056s ]
INFO: Run Behavior\ParseTemplateBehavior [ RunTime:0.007450s ]
INFO: [ view_parse ] --END-- [ RunTime:0.007470s ]
INFO: [ view_filter ] --START--
INFO: Run Behavior\WriteHtmlCacheBehavior [ RunTime:0.000225s ]
INFO: [ view_filter ] --END-- [ RunTime:0.000244s ]
INFO: [ app_end ] --START--
INFO: Run Behavior\ShowPageTraceBehavior [ RunTime:0.000857s ]
INFO: [ app_end ] --END-- [ RunTime:0.000885s ]

[ 2019-03-14T15:49:15+08:00 ] 110.87.78.118 /index.php?m=Admin&c=Login&a=doLogin
INFO: [ app_init ] --START--
INFO: Run Behavior\BuildLiteBehavior [ RunTime:0.000011s ]
INFO: [ app_init ] --END-- [ RunTime:0.000441s ]
INFO: [ app_begin ] --START--
INFO: Run Behavior\ReadHtmlCacheBehavior [ RunTime:0.000642s ]
INFO: [ app_begin ] --END-- [ RunTime:0.000664s ]
SQL: SHOW COLUMNS FROM `qun_admin` [ RunTime:0.0015s ]
SQL: SELECT * FROM `qun_admin` WHERE `admin_account` = 'wbj' AND `admin_password` = '123456' LIMIT 1   [ RunTime:0.0010s ]

[ 2019-03-14T15:49:16+08:00 ] 110.87.78.118 /index.php?m=Admin&c=Index&a=index
INFO: [ app_init ] --START--
INFO: Run Behavior\BuildLiteBehavior [ RunTime:0.000012s ]
INFO: [ app_init ] --END-- [ RunTime:0.000465s ]
INFO: [ app_begin ] --START--
INFO: Run Behavior\ReadHtmlCacheBehavior [ RunTime:0.000649s ]
INFO: [ app_begin ] --END-- [ RunTime:0.000670s ]
INFO: [ view_parse ] --START--
INFO: [ template_filter ] --START--
INFO: Run Behavior\ContentReplaceBehavior [ RunTime:0.000045s ]
INFO: [ template_filter ] --END-- [ RunTime:0.000066s ]
INFO: Run Behavior\ParseTemplateBehavior [ RunTime:0.008325s ]
INFO: [ view_parse ] --END-- [ RunTime:0.008345s ]
INFO: [ view_filter ] --START--
INFO: Run Behavior\WriteHtmlCacheBehavior [ RunTime:0.000210s ]
INFO: [ view_filter ] --END-- [ RunTime:0.000225s ]
INFO: [ app_end ] --START--
INFO: Run Behavior\ShowPageTraceBehavior [ RunTime:0.000611s ]
INFO: [ app_end ] --END-- [ RunTime:0.000633s ]

[ 2019-03-14T15:49:16+08:00 ] 110.87.78.118 /index.php?m=Admin&c=Index&a=homePage
INFO: [ app_init ] --START--
INFO: Run Behavior\BuildLiteBehavior [ RunTime:0.000011s ]
INFO: [ app_init ] --END-- [ RunTime:0.000436s ]
INFO: [ app_begin ] --START--
INFO: Run Behavior\ReadHtmlCacheBehavior [ RunTime:0.000655s ]
INFO: [ app_begin ] --END-- [ RunTime:0.000676s ]
SQL: SHOW COLUMNS FROM `qun_recharge` [ RunTime:0.0016s ]
SQL: SELECT COUNT(*) AS tp_count FROM `qun_recharge` WHERE `is_pay` = 1 AND `recharge_state` = 1 LIMIT 1   [ RunTime:0.0016s ]
SQL: SELECT * FROM `qun_recharge` WHERE `is_pay` = 1 AND `recharge_state` = 1 ORDER BY recharge_createtime desc LIMIT 0,6   [ RunTime:0.0015s ]
SQL: SHOW COLUMNS FROM `qun_user` [ RunTime:0.0015s ]
SQL: SELECT * FROM `qun_user` WHERE `user_id` = 417 LIMIT 1   [ RunTime:0.0011s ]
SQL: SELECT * FROM `qun_user` WHERE `user_id` = 417 LIMIT 1   [ RunTime:0.0010s ]
SQL: SELECT * FROM `qun_user` WHERE `user_id` = 188 LIMIT 1   [ RunTime:0.0011s ]
SQL: SELECT * FROM `qun_user` WHERE `user_id` = 188 LIMIT 1   [ RunTime:0.0016s ]
SQL: SELECT * FROM `qun_user` WHERE `user_id` = 414 LIMIT 1   [ RunTime:0.0011s ]
SQL: SELECT * FROM `qun_user` WHERE `user_id` = 414 LIMIT 1   [ RunTime:0.0010s ]
SQL: SELECT * FROM `qun_user` WHERE `user_id` = null LIMIT 1   [ RunTime:0.0010s ]
SQL: SELECT * FROM `qun_user` WHERE `user_id` = null LIMIT 1   [ RunTime:0.0010s ]
SQL: SELECT * FROM `qun_user` WHERE `user_id` = 385 LIMIT 1   [ RunTime:0.0011s ]
SQL: SELECT * FROM `qun_user` WHERE `user_id` = 385 LIMIT 1   [ RunTime:0.0010s ]
SQL: SELECT * FROM `qun_user` WHERE `user_id` = 181 LIMIT 1   [ RunTime:0.0010s ]
SQL: SELECT * FROM `qun_user` WHERE `user_id` = 181 LIMIT 1   [ RunTime:0.0010s ]
SQL: SELECT * FROM `qun_recharge` WHERE `recharge_createtime` LIKE '2019-03-14%' AND `recharge_state` = 1 AND `is_pay` = 1 AND `recharge_type` = 3  [ RunTime:0.0014s ]
SQL: SELECT * FROM `qun_recharge` WHERE `recharge_createtime` LIKE '2019-03-14%' AND `recharge_state` = 1 AND `is_pay` = 1 AND `recharge_type` = 1  [ RunTime:0.0019s ]
SQL: SELECT * FROM `qun_recharge` WHERE `recharge_createtime` LIKE '2019-03-14%' AND `recharge_state` = 1 AND `is_pay` = 1 AND `recharge_type` = 2  [ RunTime:0.0013s ]
SQL: SELECT * FROM `qun_user` WHERE `user_state` = 1 AND `user_createtime` LIKE '2019-03-14%'  [ RunTime:0.0012s ]
SQL: SELECT * FROM `qun_user` WHERE `user_state` = 1 AND `user_up_time` LIKE '2019-03-14%'  [ RunTime:0.0011s ]
INFO: [ view_parse ] --START--
INFO: [ template_filter ] --START--
INFO: Run Behavior\ContentReplaceBehavior [ RunTime:0.000212s ]
INFO: [ template_filter ] --END-- [ RunTime:0.000253s ]
INFO: Run Behavior\ParseTemplateBehavior [ RunTime:0.010720s ]
INFO: [ view_parse ] --END-- [ RunTime:0.010740s ]
INFO: [ view_filter ] --START--
INFO: Run Behavior\WriteHtmlCacheBehavior [ RunTime:0.000271s ]
INFO: [ view_filter ] --END-- [ RunTime:0.000290s ]
INFO: [ app_end ] --START--
INFO: Run Behavior\ShowPageTraceBehavior [ RunTime:0.000730s ]
INFO: [ app_end ] --END-- [ RunTime:0.000753s ]

[ 2019-03-14T15:49:19+08:00 ] 110.87.78.118 /index.php?m=Admin&c=Order&a=order
INFO: [ app_init ] --START--
INFO: Run Behavior\BuildLiteBehavior [ RunTime:0.000011s ]
INFO: [ app_init ] --END-- [ RunTime:0.000472s ]
INFO: [ app_begin ] --START--
INFO: Run Behavior\ReadHtmlCacheBehavior [ RunTime:0.000670s ]
INFO: [ app_begin ] --END-- [ RunTime:0.000696s ]
SQL: SHOW COLUMNS FROM `qun_role` [ RunTime:0.0039s ]
SQL: SELECT * FROM `qun_role` WHERE `role_id` = 1 LIMIT 1   [ RunTime:0.0012s ]
INFO: [ view_parse ] --START--
INFO: [ template_filter ] --START--
INFO: Run Behavior\ContentReplaceBehavior [ RunTime:0.000063s ]
INFO: [ template_filter ] --END-- [ RunTime:0.000091s ]
INFO: Run Behavior\ParseTemplateBehavior [ RunTime:0.008502s ]
INFO: [ view_parse ] --END-- [ RunTime:0.008523s ]
INFO: [ view_filter ] --START--
INFO: Run Behavior\WriteHtmlCacheBehavior [ RunTime:0.000228s ]
INFO: [ view_filter ] --END-- [ RunTime:0.000243s ]
INFO: [ app_end ] --START--
INFO: Run Behavior\ShowPageTraceBehavior [ RunTime:0.000673s ]
INFO: [ app_end ] --END-- [ RunTime:0.000695s ]

[ 2019-03-14T15:49:19+08:00 ] 110.87.78.118 /index.php?m=Admin&c=Data&a=getData&table=order&page=1&limit=25
INFO: [ app_init ] --START--
INFO: Run Behavior\BuildLiteBehavior [ RunTime:0.000011s ]
INFO: [ app_init ] --END-- [ RunTime:0.000460s ]
INFO: [ app_begin ] --START--
INFO: Run Behavior\ReadHtmlCacheBehavior [ RunTime:0.000660s ]
INFO: [ app_begin ] --END-- [ RunTime:0.000695s ]
SQL: SHOW COLUMNS FROM `qun_order` [ RunTime:0.0017s ]
SQL: SELECT COUNT(*) AS tp_count FROM `qun_order` WHERE `order_state` = 1 LIMIT 1   [ RunTime:0.0020s ]
SQL: SELECT * FROM `qun_order` WHERE `order_state` = 1 ORDER BY order_id desc LIMIT 0,25   [ RunTime:0.0013s ]

[ 2019-03-14T15:49:23+08:00 ] 110.87.78.118 /index.php?m=Admin&c=Order&a=editOrder&order_id=532
INFO: [ app_init ] --START--
INFO: Run Behavior\BuildLiteBehavior [ RunTime:0.000012s ]
INFO: [ app_init ] --END-- [ RunTime:0.000514s ]
INFO: [ app_begin ] --START--
INFO: Run Behavior\ReadHtmlCacheBehavior [ RunTime:0.000699s ]
INFO: [ app_begin ] --END-- [ RunTime:0.000720s ]
SQL: SHOW COLUMNS FROM `qun_order` [ RunTime:0.0017s ]
SQL: SELECT * FROM `qun_order` WHERE `order_id` = 532 LIMIT 1   [ RunTime:0.0013s ]
SQL: SHOW COLUMNS FROM `qun_type` [ RunTime:0.0014s ]
SQL: SELECT * FROM `qun_type`  [ RunTime:0.0013s ]
INFO: [ view_parse ] --START--
INFO: [ template_filter ] --START--
INFO: Run Behavior\ContentReplaceBehavior [ RunTime:0.000037s ]
INFO: [ template_filter ] --END-- [ RunTime:0.000056s ]
INFO: Run Behavior\ParseTemplateBehavior [ RunTime:0.007610s ]
INFO: [ view_parse ] --END-- [ RunTime:0.007630s ]
INFO: [ view_filter ] --START--
INFO: Run Behavior\WriteHtmlCacheBehavior [ RunTime:0.000216s ]
INFO: [ view_filter ] --END-- [ RunTime:0.000231s ]
INFO: [ app_end ] --START--
INFO: Run Behavior\ShowPageTraceBehavior [ RunTime:0.000629s ]
INFO: [ app_end ] --END-- [ RunTime:0.000649s ]

[ 2019-03-14T16:43:35+08:00 ] 110.87.78.118 /index.php?m=Admin&c=Manager&a=manager
INFO: [ app_init ] --START--
INFO: Run Behavior\BuildLiteBehavior [ RunTime:0.000011s ]
INFO: [ app_init ] --END-- [ RunTime:0.000483s ]
INFO: [ app_begin ] --START--
INFO: Run Behavior\ReadHtmlCacheBehavior [ RunTime:0.000676s ]
INFO: [ app_begin ] --END-- [ RunTime:0.000698s ]
SQL: SHOW COLUMNS FROM `qun_role` [ RunTime:0.0015s ]
SQL: SELECT * FROM `qun_role` WHERE `role_id` = 1 LIMIT 1   [ RunTime:0.0011s ]
SQL: SELECT * FROM `qun_role`  [ RunTime:0.0011s ]
INFO: [ view_parse ] --START--
INFO: [ template_filter ] --START--
INFO: Run Behavior\ContentReplaceBehavior [ RunTime:0.000060s ]
INFO: [ template_filter ] --END-- [ RunTime:0.000082s ]
INFO: Run Behavior\ParseTemplateBehavior [ RunTime:0.008555s ]
INFO: [ view_parse ] --END-- [ RunTime:0.008574s ]
INFO: [ view_filter ] --START--
INFO: Run Behavior\WriteHtmlCacheBehavior [ RunTime:0.000230s ]
INFO: [ view_filter ] --END-- [ RunTime:0.000246s ]
INFO: [ app_end ] --START--
INFO: Run Behavior\ShowPageTraceBehavior [ RunTime:0.000622s ]
INFO: [ app_end ] --END-- [ RunTime:0.000643s ]

[ 2019-03-14T16:43:35+08:00 ] 110.87.78.118 /index.php?m=Admin&c=Data&a=getData&table=admin&page=1&limit=10
INFO: [ app_init ] --START--
INFO: Run Behavior\BuildLiteBehavior [ RunTime:0.000011s ]
INFO: [ app_init ] --END-- [ RunTime:0.000441s ]
INFO: [ app_begin ] --START--
INFO: Run Behavior\ReadHtmlCacheBehavior [ RunTime:0.000613s ]
INFO: [ app_begin ] --END-- [ RunTime:0.000634s ]
SQL: SHOW COLUMNS FROM `qun_admin` [ RunTime:0.0015s ]
SQL: SELECT COUNT(*) AS tp_count FROM `qun_admin` WHERE `admin_state` = 1 LIMIT 1   [ RunTime:0.0012s ]
SQL: SELECT * FROM `qun_admin` WHERE `admin_state` = 1 ORDER BY admin_id desc LIMIT 0,10   [ RunTime:0.0012s ]

[ 2019-03-14T16:43:42+08:00 ] 110.87.78.118 /index.php?m=Admin&c=Order&a=editOrder&order_id=532
INFO: [ app_init ] --START--
INFO: Run Behavior\BuildLiteBehavior [ RunTime:0.000015s ]
INFO: [ app_init ] --END-- [ RunTime:0.000553s ]
INFO: [ app_begin ] --START--
INFO: Run Behavior\ReadHtmlCacheBehavior [ RunTime:0.000680s ]
INFO: [ app_begin ] --END-- [ RunTime:0.000702s ]
SQL: SHOW COLUMNS FROM `qun_order` [ RunTime:0.0018s ]
SQL: SELECT * FROM `qun_order` WHERE `order_id` = 532 LIMIT 1   [ RunTime:0.0013s ]
SQL: SHOW COLUMNS FROM `qun_type` [ RunTime:0.0012s ]
SQL: SELECT * FROM `qun_type`  [ RunTime:0.0012s ]
INFO: [ view_parse ] --START--
INFO: [ template_filter ] --START--
INFO: Run Behavior\ContentReplaceBehavior [ RunTime:0.000041s ]
INFO: [ template_filter ] --END-- [ RunTime:0.000076s ]
INFO: Run Behavior\ParseTemplateBehavior [ RunTime:0.007990s ]
INFO: [ view_parse ] --END-- [ RunTime:0.008010s ]
INFO: [ view_filter ] --START--
INFO: Run Behavior\WriteHtmlCacheBehavior [ RunTime:0.000213s ]
INFO: [ view_filter ] --END-- [ RunTime:0.000228s ]
INFO: [ app_end ] --START--
INFO: Run Behavior\ShowPageTraceBehavior [ RunTime:0.000646s ]
INFO: [ app_end ] --END-- [ RunTime:0.000668s ]

[ 2019-03-14T16:43:49+08:00 ] 110.87.78.118 /index.php?m=Admin&c=Index&a=index
INFO: [ app_init ] --START--
INFO: Run Behavior\BuildLiteBehavior [ RunTime:0.000013s ]
INFO: [ app_init ] --END-- [ RunTime:0.000479s ]
INFO: [ app_begin ] --START--
INFO: Run Behavior\ReadHtmlCacheBehavior [ RunTime:0.000699s ]
INFO: [ app_begin ] --END-- [ RunTime:0.000721s ]
INFO: [ view_parse ] --START--
INFO: [ template_filter ] --START--
INFO: Run Behavior\ContentReplaceBehavior [ RunTime:0.000045s ]
INFO: [ template_filter ] --END-- [ RunTime:0.000065s ]
INFO: Run Behavior\ParseTemplateBehavior [ RunTime:0.008440s ]
INFO: [ view_parse ] --END-- [ RunTime:0.008460s ]
INFO: [ view_filter ] --START--
INFO: Run Behavior\WriteHtmlCacheBehavior [ RunTime:0.000266s ]
INFO: [ view_filter ] --END-- [ RunTime:0.000283s ]
INFO: [ app_end ] --START--
INFO: Run Behavior\ShowPageTraceBehavior [ RunTime:0.000622s ]
INFO: [ app_end ] --END-- [ RunTime:0.000646s ]

[ 2019-03-14T16:43:49+08:00 ] 110.87.78.118 /index.php?m=Admin&c=Index&a=homePage
INFO: [ app_init ] --START--
INFO: Run Behavior\BuildLiteBehavior [ RunTime:0.000013s ]
INFO: [ app_init ] --END-- [ RunTime:0.000460s ]
INFO: [ app_begin ] --START--
INFO: Run Behavior\ReadHtmlCacheBehavior [ RunTime:0.000643s ]
INFO: [ app_begin ] --END-- [ RunTime:0.000665s ]
SQL: SHOW COLUMNS FROM `qun_recharge` [ RunTime:0.0029s ]
SQL: SELECT COUNT(*) AS tp_count FROM `qun_recharge` WHERE `is_pay` = 1 AND `recharge_state` = 1 LIMIT 1   [ RunTime:0.0016s ]
SQL: SELECT * FROM `qun_recharge` WHERE `is_pay` = 1 AND `recharge_state` = 1 ORDER BY recharge_createtime desc LIMIT 0,6   [ RunTime:0.0014s ]
SQL: SHOW COLUMNS FROM `qun_user` [ RunTime:0.0015s ]
SQL: SELECT * FROM `qun_user` WHERE `user_id` = 417 LIMIT 1   [ RunTime:0.0011s ]
SQL: SELECT * FROM `qun_user` WHERE `user_id` = 417 LIMIT 1   [ RunTime:0.0010s ]
SQL: SELECT * FROM `qun_user` WHERE `user_id` = 188 LIMIT 1   [ RunTime:0.0011s ]
SQL: SELECT * FROM `qun_user` WHERE `user_id` = 188 LIMIT 1   [ RunTime:0.0010s ]
SQL: SELECT * FROM `qun_user` WHERE `user_id` = 414 LIMIT 1   [ RunTime:0.0011s ]
SQL: SELECT * FROM `qun_user` WHERE `user_id` = 414 LIMIT 1   [ RunTime:0.0010s ]
SQL: SELECT * FROM `qun_user` WHERE `user_id` = null LIMIT 1   [ RunTime:0.0010s ]
SQL: SELECT * FROM `qun_user` WHERE `user_id` = null LIMIT 1   [ RunTime:0.0010s ]
SQL: SELECT * FROM `qun_user` WHERE `user_id` = 385 LIMIT 1   [ RunTime:0.0022s ]
SQL: SELECT * FROM `qun_user` WHERE `user_id` = 385 LIMIT 1   [ RunTime:0.0010s ]
SQL: SELECT * FROM `qun_user` WHERE `user_id` = 181 LIMIT 1   [ RunTime:0.0010s ]
SQL: SELECT * FROM `qun_user` WHERE `user_id` = 181 LIMIT 1   [ RunTime:0.0010s ]
SQL: SELECT * FROM `qun_recharge` WHERE `recharge_createtime` LIKE '2019-03-14%' AND `recharge_state` = 1 AND `is_pay` = 1 AND `recharge_type` = 3  [ RunTime:0.0014s ]
SQL: SELECT * FROM `qun_recharge` WHERE `recharge_createtime` LIKE '2019-03-14%' AND `recharge_state` = 1 AND `is_pay` = 1 AND `recharge_type` = 1  [ RunTime:0.0013s ]
SQL: SELECT * FROM `qun_recharge` WHERE `recharge_createtime` LIKE '2019-03-14%' AND `recharge_state` = 1 AND `is_pay` = 1 AND `recharge_type` = 2  [ RunTime:0.0014s ]
SQL: SELECT * FROM `qun_user` WHERE `user_state` = 1 AND `user_createtime` LIKE '2019-03-14%'  [ RunTime:0.0013s ]
SQL: SELECT * FROM `qun_user` WHERE `user_state` = 1 AND `user_up_time` LIKE '2019-03-14%'  [ RunTime:0.0012s ]
INFO: [ view_parse ] --START--
INFO: [ template_filter ] --START--
INFO: Run Behavior\ContentReplaceBehavior [ RunTime:0.000063s ]
INFO: [ template_filter ] --END-- [ RunTime:0.000083s ]
INFO: Run Behavior\ParseTemplateBehavior [ RunTime:0.009756s ]
INFO: [ view_parse ] --END-- [ RunTime:0.009774s ]
INFO: [ view_filter ] --START--
INFO: Run Behavior\WriteHtmlCacheBehavior [ RunTime:0.000220s ]
INFO: [ view_filter ] --END-- [ RunTime:0.000236s ]
INFO: [ app_end ] --START--
INFO: Run Behavior\ShowPageTraceBehavior [ RunTime:0.000637s ]
INFO: [ app_end ] --END-- [ RunTime:0.000660s ]

[ 2019-03-14T17:15:57+08:00 ] 110.87.78.118 /index.php?m=Admin&c=Index&a=index
INFO: [ app_init ] --START--
INFO: Run Behavior\BuildLiteBehavior [ RunTime:0.000011s ]
INFO: [ app_init ] --END-- [ RunTime:0.000435s ]
INFO: [ app_begin ] --START--
INFO: Run Behavior\ReadHtmlCacheBehavior [ RunTime:0.000671s ]
INFO: [ app_begin ] --END-- [ RunTime:0.000692s ]
INFO: [ view_parse ] --START--
INFO: [ template_filter ] --START--
INFO: Run Behavior\ContentReplaceBehavior [ RunTime:0.000026s ]
INFO: [ template_filter ] --END-- [ RunTime:0.000046s ]
INFO: Run Behavior\ParseTemplateBehavior [ RunTime:0.007573s ]
INFO: [ view_parse ] --END-- [ RunTime:0.007595s ]
INFO: [ view_filter ] --START--
INFO: Run Behavior\WriteHtmlCacheBehavior [ RunTime:0.000229s ]
INFO: [ view_filter ] --END-- [ RunTime:0.000244s ]

[ 2019-03-14T17:16:00+08:00 ] 110.87.78.118 /index.php?m=Admin&c=login&a=login
INFO: [ app_init ] --START--
INFO: Run Behavior\BuildLiteBehavior [ RunTime:0.000011s ]
INFO: [ app_init ] --END-- [ RunTime:0.000505s ]
INFO: [ app_begin ] --START--
INFO: Run Behavior\ReadHtmlCacheBehavior [ RunTime:0.000683s ]
INFO: [ app_begin ] --END-- [ RunTime:0.000706s ]
INFO: [ view_parse ] --START--
INFO: [ template_filter ] --START--
INFO: Run Behavior\ContentReplaceBehavior [ RunTime:0.000035s ]
INFO: [ template_filter ] --END-- [ RunTime:0.000055s ]
INFO: Run Behavior\ParseTemplateBehavior [ RunTime:0.007528s ]
INFO: [ view_parse ] --END-- [ RunTime:0.007547s ]
INFO: [ view_filter ] --START--
INFO: Run Behavior\WriteHtmlCacheBehavior [ RunTime:0.000236s ]
INFO: [ view_filter ] --END-- [ RunTime:0.000252s ]
INFO: [ app_end ] --START--
INFO: Run Behavior\ShowPageTraceBehavior [ RunTime:0.000651s ]
INFO: [ app_end ] --END-- [ RunTime:0.000676s ]

[ 2019-03-14T17:16:02+08:00 ] 110.87.78.118 /index.php?m=Admin&c=Login&a=doLogin
INFO: [ app_init ] --START--
INFO: Run Behavior\BuildLiteBehavior [ RunTime:0.000011s ]
INFO: [ app_init ] --END-- [ RunTime:0.000473s ]
INFO: [ app_begin ] --START--
INFO: Run Behavior\ReadHtmlCacheBehavior [ RunTime:0.000645s ]
INFO: [ app_begin ] --END-- [ RunTime:0.000666s ]
SQL: SHOW COLUMNS FROM `qun_admin` [ RunTime:0.0016s ]
SQL: SELECT * FROM `qun_admin` WHERE `admin_account` = 'wbj' AND `admin_password` = '123456' LIMIT 1   [ RunTime:0.0012s ]

[ 2019-03-14T17:16:02+08:00 ] 110.87.78.118 /index.php?m=Admin&c=Index&a=index
INFO: [ app_init ] --START--
INFO: Run Behavior\BuildLiteBehavior [ RunTime:0.000012s ]
INFO: [ app_init ] --END-- [ RunTime:0.000462s ]
INFO: [ app_begin ] --START--
INFO: Run Behavior\ReadHtmlCacheBehavior [ RunTime:0.000635s ]
INFO: [ app_begin ] --END-- [ RunTime:0.000657s ]
INFO: [ view_parse ] --START--
INFO: [ template_filter ] --START--
INFO: Run Behavior\ContentReplaceBehavior [ RunTime:0.000046s ]
INFO: [ template_filter ] --END-- [ RunTime:0.000066s ]
INFO: Run Behavior\ParseTemplateBehavior [ RunTime:0.008016s ]
INFO: [ view_parse ] --END-- [ RunTime:0.008034s ]
INFO: [ view_filter ] --START--
INFO: Run Behavior\WriteHtmlCacheBehavior [ RunTime:0.000232s ]
INFO: [ view_filter ] --END-- [ RunTime:0.000271s ]
INFO: [ app_end ] --START--
INFO: Run Behavior\ShowPageTraceBehavior [ RunTime:0.000618s ]
INFO: [ app_end ] --END-- [ RunTime:0.000640s ]

[ 2019-03-14T17:16:02+08:00 ] 110.87.78.118 /index.php?m=Admin&c=Index&a=homePage
INFO: [ app_init ] --START--
INFO: Run Behavior\BuildLiteBehavior [ RunTime:0.000013s ]
INFO: [ app_init ] --END-- [ RunTime:0.000448s ]
INFO: [ app_begin ] --START--
INFO: Run Behavior\ReadHtmlCacheBehavior [ RunTime:0.000635s ]
INFO: [ app_begin ] --END-- [ RunTime:0.000656s ]
SQL: SHOW COLUMNS FROM `qun_recharge` [ RunTime:0.0016s ]
SQL: SELECT COUNT(*) AS tp_count FROM `qun_recharge` WHERE `is_pay` = 1 AND `recharge_state` = 1 LIMIT 1   [ RunTime:0.0016s ]
SQL: SELECT * FROM `qun_recharge` WHERE `is_pay` = 1 AND `recharge_state` = 1 ORDER BY recharge_createtime desc LIMIT 0,6   [ RunTime:0.0014s ]
SQL: SHOW COLUMNS FROM `qun_user` [ RunTime:0.0014s ]
SQL: SELECT * FROM `qun_user` WHERE `user_id` = 417 LIMIT 1   [ RunTime:0.0011s ]
SQL: SELECT * FROM `qun_user` WHERE `user_id` = 417 LIMIT 1   [ RunTime:0.0010s ]
SQL: SELECT * FROM `qun_user` WHERE `user_id` = 188 LIMIT 1   [ RunTime:0.0010s ]
SQL: SELECT * FROM `qun_user` WHERE `user_id` = 188 LIMIT 1   [ RunTime:0.0010s ]
SQL: SELECT * FROM `qun_user` WHERE `user_id` = 414 LIMIT 1   [ RunTime:0.0012s ]
SQL: SELECT * FROM `qun_user` WHERE `user_id` = 414 LIMIT 1   [ RunTime:0.0011s ]
SQL: SELECT * FROM `qun_user` WHERE `user_id` = null LIMIT 1   [ RunTime:0.0012s ]
SQL: SELECT * FROM `qun_user` WHERE `user_id` = null LIMIT 1   [ RunTime:0.0011s ]
SQL: SELECT * FROM `qun_user` WHERE `user_id` = 385 LIMIT 1   [ RunTime:0.0011s ]
SQL: SELECT * FROM `qun_user` WHERE `user_id` = 385 LIMIT 1   [ RunTime:0.0010s ]
SQL: SELECT * FROM `qun_user` WHERE `user_id` = 181 LIMIT 1   [ RunTime:0.0010s ]
SQL: SELECT * FROM `qun_user` WHERE `user_id` = 181 LIMIT 1   [ RunTime:0.0010s ]
SQL: SELECT * FROM `qun_recharge` WHERE `recharge_createtime` LIKE '2019-03-14%' AND `recharge_state` = 1 AND `is_pay` = 1 AND `recharge_type` = 3  [ RunTime:0.0014s ]
SQL: SELECT * FROM `qun_recharge` WHERE `recharge_createtime` LIKE '2019-03-14%' AND `recharge_state` = 1 AND `is_pay` = 1 AND `recharge_type` = 1  [ RunTime:0.0016s ]
SQL: SELECT * FROM `qun_recharge` WHERE `recharge_createtime` LIKE '2019-03-14%' AND `recharge_state` = 1 AND `is_pay` = 1 AND `recharge_type` = 2  [ RunTime:0.0013s ]
SQL: SELECT * FROM `qun_user` WHERE `user_state` = 1 AND `user_createtime` LIKE '2019-03-14%'  [ RunTime:0.0012s ]
SQL: SELECT * FROM `qun_user` WHERE `user_state` = 1 AND `user_up_time` LIKE '2019-03-14%'  [ RunTime:0.0012s ]
INFO: [ view_parse ] --START--
INFO: [ template_filter ] --START--
INFO: Run Behavior\ContentReplaceBehavior [ RunTime:0.000073s ]
INFO: [ template_filter ] --END-- [ RunTime:0.000097s ]
INFO: Run Behavior\ParseTemplateBehavior [ RunTime:0.010554s ]
INFO: [ view_parse ] --END-- [ RunTime:0.010574s ]
INFO: [ view_filter ] --START--
INFO: Run Behavior\WriteHtmlCacheBehavior [ RunTime:0.000281s ]
INFO: [ view_filter ] --END-- [ RunTime:0.000297s ]
INFO: [ app_end ] --START--
INFO: Run Behavior\ShowPageTraceBehavior [ RunTime:0.000758s ]
INFO: [ app_end ] --END-- [ RunTime:0.000780s ]

[ 2019-03-14T17:16:08+08:00 ] 110.87.78.118 /index.php?m=Admin&c=Role&a=role
INFO: [ app_init ] --START--
INFO: Run Behavior\BuildLiteBehavior [ RunTime:0.000010s ]
INFO: [ app_init ] --END-- [ RunTime:0.000451s ]
INFO: [ app_begin ] --START--
INFO: Run Behavior\ReadHtmlCacheBehavior [ RunTime:0.000626s ]
INFO: [ app_begin ] --END-- [ RunTime:0.000647s ]
SQL: SHOW COLUMNS FROM `qun_role` [ RunTime:0.0027s ]
SQL: SELECT * FROM `qun_role` WHERE `role_id` = 1 LIMIT 1   [ RunTime:0.0011s ]
INFO: [ view_parse ] --START--
INFO: [ template_filter ] --START--
INFO: Run Behavior\ContentReplaceBehavior [ RunTime:0.000041s ]
INFO: [ template_filter ] --END-- [ RunTime:0.000062s ]
INFO: Run Behavior\ParseTemplateBehavior [ RunTime:0.007622s ]
INFO: [ view_parse ] --END-- [ RunTime:0.007640s ]
INFO: [ view_filter ] --START--
INFO: Run Behavior\WriteHtmlCacheBehavior [ RunTime:0.000213s ]
INFO: [ view_filter ] --END-- [ RunTime:0.000228s ]
INFO: [ app_end ] --START--
INFO: Run Behavior\ShowPageTraceBehavior [ RunTime:0.000646s ]
INFO: [ app_end ] --END-- [ RunTime:0.000667s ]

[ 2019-03-14T17:16:09+08:00 ] 110.87.78.118 /index.php?m=Admin&c=Data&a=getData&table=role&page=1&limit=25
INFO: [ app_init ] --START--
INFO: Run Behavior\BuildLiteBehavior [ RunTime:0.000011s ]
INFO: [ app_init ] --END-- [ RunTime:0.000443s ]
INFO: [ app_begin ] --START--
INFO: Run Behavior\ReadHtmlCacheBehavior [ RunTime:0.000660s ]
INFO: [ app_begin ] --END-- [ RunTime:0.000683s ]
SQL: SHOW COLUMNS FROM `qun_role` [ RunTime:0.0016s ]
SQL: SELECT COUNT(*) AS tp_count FROM `qun_role` WHERE `role_state` = 1 LIMIT 1   [ RunTime:0.0011s ]
SQL: SELECT * FROM `qun_role` WHERE `role_state` = 1 ORDER BY role_id desc LIMIT 0,25   [ RunTime:0.0011s ]

[ 2019-03-14T17:16:13+08:00 ] 110.87.78.118 /index.php?m=Admin&c=User&a=user
INFO: [ app_init ] --START--
INFO: Run Behavior\BuildLiteBehavior [ RunTime:0.000012s ]
INFO: [ app_init ] --END-- [ RunTime:0.000470s ]
INFO: [ app_begin ] --START--
INFO: Run Behavior\ReadHtmlCacheBehavior [ RunTime:0.000644s ]
INFO: [ app_begin ] --END-- [ RunTime:0.000665s ]
SQL: SHOW COLUMNS FROM `qun_role` [ RunTime:0.0014s ]
SQL: SELECT * FROM `qun_role` WHERE `role_id` = 1 LIMIT 1   [ RunTime:0.0010s ]
INFO: [ view_parse ] --START--
INFO: [ template_filter ] --START--
INFO: Run Behavior\ContentReplaceBehavior [ RunTime:0.000044s ]
INFO: [ template_filter ] --END-- [ RunTime:0.000069s ]
INFO: Run Behavior\ParseTemplateBehavior [ RunTime:0.007845s ]
INFO: [ view_parse ] --END-- [ RunTime:0.007865s ]
INFO: [ view_filter ] --START--
INFO: Run Behavior\WriteHtmlCacheBehavior [ RunTime:0.000214s ]
INFO: [ view_filter ] --END-- [ RunTime:0.000229s ]
INFO: [ app_end ] --START--
INFO: Run Behavior\ShowPageTraceBehavior [ RunTime:0.000643s ]
INFO: [ app_end ] --END-- [ RunTime:0.000664s ]

[ 2019-03-14T17:16:14+08:00 ] 110.87.78.118 /index.php?m=Admin&c=Data&a=getData&table=user&page=1&limit=25
INFO: [ app_init ] --START--
INFO: Run Behavior\BuildLiteBehavior [ RunTime:0.000011s ]
INFO: [ app_init ] --END-- [ RunTime:0.000457s ]
INFO: [ app_begin ] --START--
INFO: Run Behavior\ReadHtmlCacheBehavior [ RunTime:0.000611s ]
INFO: [ app_begin ] --END-- [ RunTime:0.000632s ]
SQL: SHOW COLUMNS FROM `qun_user` [ RunTime:0.0017s ]
SQL: SELECT COUNT(*) AS tp_count FROM `qun_user` WHERE `user_state` = 1 LIMIT 1   [ RunTime:0.0013s ]
SQL: SELECT * FROM `qun_user` WHERE `user_state` = 1 ORDER BY user_id desc LIMIT 0,25   [ RunTime:0.0014s ]

[ 2019-03-14T17:16:27+08:00 ] 110.87.78.118 /index.php?m=Admin&c=Data&a=getData&table=user&page=1&limit=25&user_id=&user_nickname%23like=%E8%B4%A7&user_sex=
INFO: [ app_init ] --START--
INFO: Run Behavior\BuildLiteBehavior [ RunTime:0.000011s ]
INFO: [ app_init ] --END-- [ RunTime:0.000445s ]
INFO: [ app_begin ] --START--
INFO: Run Behavior\ReadHtmlCacheBehavior [ RunTime:0.000637s ]
INFO: [ app_begin ] --END-- [ RunTime:0.000658s ]
SQL: SHOW COLUMNS FROM `qun_user` [ RunTime:0.0015s ]
SQL: SELECT COUNT(*) AS tp_count FROM `qun_user` WHERE `user_nickname` LIKE '%货%' AND `user_state` = 1 LIMIT 1   [ RunTime:0.0013s ]
SQL: SELECT * FROM `qun_user` WHERE `user_nickname` LIKE '%货%' AND `user_state` = 1 ORDER BY user_id desc LIMIT 0,25   [ RunTime:0.0013s ]

[ 2019-03-14T17:16:29+08:00 ] 110.87.78.118 /index.php?m=Admin&c=User&a=editUser&user_id=323
INFO: [ app_init ] --START--
INFO: Run Behavior\BuildLiteBehavior [ RunTime:0.000011s ]
INFO: [ app_init ] --END-- [ RunTime:0.000443s ]
INFO: [ app_begin ] --START--
INFO: Run Behavior\ReadHtmlCacheBehavior [ RunTime:0.000639s ]
INFO: [ app_begin ] --END-- [ RunTime:0.000661s ]
SQL: SHOW COLUMNS FROM `qun_user` [ RunTime:0.0017s ]
SQL: SELECT * FROM `qun_user` WHERE `user_id` = 323 LIMIT 1   [ RunTime:0.0012s ]
INFO: [ view_parse ] --START--
INFO: [ template_filter ] --START--
INFO: Run Behavior\ContentReplaceBehavior [ RunTime:0.000033s ]
INFO: [ template_filter ] --END-- [ RunTime:0.000054s ]
INFO: Run Behavior\ParseTemplateBehavior [ RunTime:0.007559s ]
INFO: [ view_parse ] --END-- [ RunTime:0.007579s ]
INFO: [ view_filter ] --START--
INFO: Run Behavior\WriteHtmlCacheBehavior [ RunTime:0.000226s ]
INFO: [ view_filter ] --END-- [ RunTime:0.000240s ]
INFO: [ app_end ] --START--
INFO: Run Behavior\ShowPageTraceBehavior [ RunTime:0.000639s ]
INFO: [ app_end ] --END-- [ RunTime:0.000659s ]

[ 2019-03-14T17:16:36+08:00 ] 110.87.78.118 /index.php?m=Admin&c=Data&a=editData&table=user
INFO: [ app_init ] --START--
INFO: Run Behavior\BuildLiteBehavior [ RunTime:0.000012s ]
INFO: [ app_init ] --END-- [ RunTime:0.000462s ]
INFO: [ app_begin ] --START--
INFO: Run Behavior\ReadHtmlCacheBehavior [ RunTime:0.000633s ]
INFO: [ app_begin ] --END-- [ RunTime:0.000654s ]
SQL: SHOW COLUMNS FROM `qun_user` [ RunTime:0.0016s ]
SQL: UPDATE `qun_user` SET `user_money`='15',`user_id`='323' WHERE `user_id` = 323 [ RunTime:0.0013s ]

[ 2019-03-14T17:16:41+08:00 ] 110.87.78.118 /index.php?m=Admin&c=User&a=user
INFO: [ app_init ] --START--
INFO: Run Behavior\BuildLiteBehavior [ RunTime:0.000011s ]
INFO: [ app_init ] --END-- [ RunTime:0.000443s ]
INFO: [ app_begin ] --START--
INFO: Run Behavior\ReadHtmlCacheBehavior [ RunTime:0.000624s ]
INFO: [ app_begin ] --END-- [ RunTime:0.000644s ]
SQL: SHOW COLUMNS FROM `qun_role` [ RunTime:0.0015s ]
SQL: SELECT * FROM `qun_role` WHERE `role_id` = 1 LIMIT 1   [ RunTime:0.0010s ]
INFO: [ view_parse ] --START--
INFO: [ template_filter ] --START--
INFO: Run Behavior\ContentReplaceBehavior [ RunTime:0.000043s ]
INFO: [ template_filter ] --END-- [ RunTime:0.000064s ]
INFO: Run Behavior\ParseTemplateBehavior [ RunTime:0.007795s ]
INFO: [ view_parse ] --END-- [ RunTime:0.007815s ]
INFO: [ view_filter ] --START--
INFO: Run Behavior\WriteHtmlCacheBehavior [ RunTime:0.000208s ]
INFO: [ view_filter ] --END-- [ RunTime:0.000224s ]
INFO: [ app_end ] --START--
INFO: Run Behavior\ShowPageTraceBehavior [ RunTime:0.000616s ]
INFO: [ app_end ] --END-- [ RunTime:0.000637s ]

[ 2019-03-14T17:16:42+08:00 ] 110.87.78.118 /index.php?m=Admin&c=Data&a=getData&table=user&page=1&limit=25
INFO: [ app_init ] --START--
INFO: Run Behavior\BuildLiteBehavior [ RunTime:0.000012s ]
INFO: [ app_init ] --END-- [ RunTime:0.000441s ]
INFO: [ app_begin ] --START--
INFO: Run Behavior\ReadHtmlCacheBehavior [ RunTime:0.000629s ]
INFO: [ app_begin ] --END-- [ RunTime:0.000650s ]
SQL: SHOW COLUMNS FROM `qun_user` [ RunTime:0.0023s ]
SQL: SELECT COUNT(*) AS tp_count FROM `qun_user` WHERE `user_state` = 1 LIMIT 1   [ RunTime:0.0012s ]
SQL: SELECT * FROM `qun_user` WHERE `user_state` = 1 ORDER BY user_id desc LIMIT 0,25   [ RunTime:0.0014s ]

[ 2019-03-14T17:16:47+08:00 ] 110.87.78.118 /index.php?m=Admin&c=User&a=editUser&user_id=417
INFO: [ app_init ] --START--
INFO: Run Behavior\BuildLiteBehavior [ RunTime:0.000024s ]
INFO: [ app_init ] --END-- [ RunTime:0.000469s ]
INFO: [ app_begin ] --START--
INFO: Run Behavior\ReadHtmlCacheBehavior [ RunTime:0.000621s ]
INFO: [ app_begin ] --END-- [ RunTime:0.000641s ]
SQL: SHOW COLUMNS FROM `qun_user` [ RunTime:0.0016s ]
SQL: SELECT * FROM `qun_user` WHERE `user_id` = 417 LIMIT 1   [ RunTime:0.0011s ]
INFO: [ view_parse ] --START--
INFO: [ template_filter ] --START--
INFO: Run Behavior\ContentReplaceBehavior [ RunTime:0.000032s ]
INFO: [ template_filter ] --END-- [ RunTime:0.000053s ]
INFO: Run Behavior\ParseTemplateBehavior [ RunTime:0.007877s ]
INFO: [ view_parse ] --END-- [ RunTime:0.007896s ]
INFO: [ view_filter ] --START--
INFO: Run Behavior\WriteHtmlCacheBehavior [ RunTime:0.000208s ]
INFO: [ view_filter ] --END-- [ RunTime:0.000223s ]
INFO: [ app_end ] --START--
INFO: Run Behavior\ShowPageTraceBehavior [ RunTime:0.000613s ]
INFO: [ app_end ] --END-- [ RunTime:0.000633s ]

[ 2019-03-14T17:16:54+08:00 ] 110.87.78.118 /index.php?m=Admin&c=User&a=editUser&user_id=410
INFO: [ app_init ] --START--
INFO: Run Behavior\BuildLiteBehavior [ RunTime:0.000010s ]
INFO: [ app_init ] --END-- [ RunTime:0.000459s ]
INFO: [ app_begin ] --START--
INFO: Run Behavior\ReadHtmlCacheBehavior [ RunTime:0.000659s ]
INFO: [ app_begin ] --END-- [ RunTime:0.000679s ]
SQL: SHOW COLUMNS FROM `qun_user` [ RunTime:0.0016s ]
SQL: SELECT * FROM `qun_user` WHERE `user_id` = 410 LIMIT 1   [ RunTime:0.0011s ]
INFO: [ view_parse ] --START--
INFO: [ template_filter ] --START--
INFO: Run Behavior\ContentReplaceBehavior [ RunTime:0.000034s ]
INFO: [ template_filter ] --END-- [ RunTime:0.000053s ]
INFO: Run Behavior\ParseTemplateBehavior [ RunTime:0.007438s ]
INFO: [ view_parse ] --END-- [ RunTime:0.007458s ]
INFO: [ view_filter ] --START--
INFO: Run Behavior\WriteHtmlCacheBehavior [ RunTime:0.000210s ]
INFO: [ view_filter ] --END-- [ RunTime:0.000224s ]
INFO: [ app_end ] --START--
INFO: Run Behavior\ShowPageTraceBehavior [ RunTime:0.000652s ]
INFO: [ app_end ] --END-- [ RunTime:0.000672s ]

[ 2019-03-14T20:13:40+08:00 ] 110.87.78.118 /index.php?m=Admin&c=Index&a=index
INFO: [ app_init ] --START--
INFO: Run Behavior\BuildLiteBehavior [ RunTime:0.000012s ]
INFO: [ app_init ] --END-- [ RunTime:0.000472s ]
INFO: [ app_begin ] --START--
INFO: Run Behavior\ReadHtmlCacheBehavior [ RunTime:0.000629s ]
INFO: [ app_begin ] --END-- [ RunTime:0.000682s ]
INFO: [ view_parse ] --START--
INFO: [ template_filter ] --START--
INFO: Run Behavior\ContentReplaceBehavior [ RunTime:0.000027s ]
INFO: [ template_filter ] --END-- [ RunTime:0.000047s ]
INFO: Run Behavior\ParseTemplateBehavior [ RunTime:0.007397s ]
INFO: [ view_parse ] --END-- [ RunTime:0.007417s ]
INFO: [ view_filter ] --START--
INFO: Run Behavior\WriteHtmlCacheBehavior [ RunTime:0.000205s ]
INFO: [ view_filter ] --END-- [ RunTime:0.000220s ]

[ 2019-03-14T20:13:44+08:00 ] 110.87.78.118 /index.php?m=Admin&c=login&a=login
INFO: [ app_init ] --START--
INFO: Run Behavior\BuildLiteBehavior [ RunTime:0.000012s ]
INFO: [ app_init ] --END-- [ RunTime:0.000479s ]
INFO: [ app_begin ] --START--
INFO: Run Behavior\ReadHtmlCacheBehavior [ RunTime:0.000688s ]
INFO: [ app_begin ] --END-- [ RunTime:0.000710s ]
INFO: [ view_parse ] --START--
INFO: [ template_filter ] --START--
INFO: Run Behavior\ContentReplaceBehavior [ RunTime:0.000051s ]
INFO: [ template_filter ] --END-- [ RunTime:0.000074s ]
INFO: Run Behavior\ParseTemplateBehavior [ RunTime:0.007876s ]
INFO: [ view_parse ] --END-- [ RunTime:0.007899s ]
INFO: [ view_filter ] --START--
INFO: Run Behavior\WriteHtmlCacheBehavior [ RunTime:0.000236s ]
INFO: [ view_filter ] --END-- [ RunTime:0.000252s ]
INFO: [ app_end ] --START--
INFO: Run Behavior\ShowPageTraceBehavior [ RunTime:0.000593s ]
INFO: [ app_end ] --END-- [ RunTime:0.000615s ]

[ 2019-03-14T20:13:45+08:00 ] 110.87.78.118 /index.php?m=Admin&c=Login&a=doLogin
INFO: [ app_init ] --START--
INFO: Run Behavior\BuildLiteBehavior [ RunTime:0.000014s ]
INFO: [ app_init ] --END-- [ RunTime:0.000642s ]
INFO: [ app_begin ] --START--
INFO: Run Behavior\ReadHtmlCacheBehavior [ RunTime:0.000800s ]
INFO: [ app_begin ] --END-- [ RunTime:0.000863s ]
SQL: SHOW COLUMNS FROM `qun_admin` [ RunTime:0.0016s ]
SQL: SELECT * FROM `qun_admin` WHERE `admin_account` = 'wbj' AND `admin_password` = '123456' LIMIT 1   [ RunTime:0.0011s ]

[ 2019-03-14T20:13:45+08:00 ] 110.87.78.118 /index.php?m=Admin&c=Index&a=index
INFO: [ app_init ] --START--
INFO: Run Behavior\BuildLiteBehavior [ RunTime:0.000010s ]
INFO: [ app_init ] --END-- [ RunTime:0.000448s ]
INFO: [ app_begin ] --START--
INFO: Run Behavior\ReadHtmlCacheBehavior [ RunTime:0.000733s ]
INFO: [ app_begin ] --END-- [ RunTime:0.000758s ]
INFO: [ view_parse ] --START--
INFO: [ template_filter ] --START--
INFO: Run Behavior\ContentReplaceBehavior [ RunTime:0.000060s ]
INFO: [ template_filter ] --END-- [ RunTime:0.000086s ]
INFO: Run Behavior\ParseTemplateBehavior [ RunTime:0.009102s ]
INFO: [ view_parse ] --END-- [ RunTime:0.009121s ]
INFO: [ view_filter ] --START--
INFO: Run Behavior\WriteHtmlCacheBehavior [ RunTime:0.000210s ]
INFO: [ view_filter ] --END-- [ RunTime:0.000250s ]
INFO: [ app_end ] --START--
INFO: Run Behavior\ShowPageTraceBehavior [ RunTime:0.000758s ]
INFO: [ app_end ] --END-- [ RunTime:0.000781s ]

[ 2019-03-14T20:13:45+08:00 ] 110.87.78.118 /index.php?m=Admin&c=Index&a=homePage
INFO: [ app_init ] --START--
INFO: Run Behavior\BuildLiteBehavior [ RunTime:0.000010s ]
INFO: [ app_init ] --END-- [ RunTime:0.000497s ]
INFO: [ app_begin ] --START--
INFO: Run Behavior\ReadHtmlCacheBehavior [ RunTime:0.000661s ]
INFO: [ app_begin ] --END-- [ RunTime:0.000681s ]
SQL: SHOW COLUMNS FROM `qun_recharge` [ RunTime:0.0018s ]
SQL: SELECT COUNT(*) AS tp_count FROM `qun_recharge` WHERE `is_pay` = 1 AND `recharge_state` = 1 LIMIT 1   [ RunTime:0.0016s ]
SQL: SELECT * FROM `qun_recharge` WHERE `is_pay` = 1 AND `recharge_state` = 1 ORDER BY recharge_createtime desc LIMIT 0,6   [ RunTime:0.0014s ]
SQL: SHOW COLUMNS FROM `qun_user` [ RunTime:0.0018s ]
SQL: SELECT * FROM `qun_user` WHERE `user_id` = 403 LIMIT 1   [ RunTime:0.0013s ]
SQL: SELECT * FROM `qun_user` WHERE `user_id` = 403 LIMIT 1   [ RunTime:0.0014s ]
SQL: SELECT * FROM `qun_user` WHERE `user_id` = 417 LIMIT 1   [ RunTime:0.0012s ]
SQL: SELECT * FROM `qun_user` WHERE `user_id` = 417 LIMIT 1   [ RunTime:0.0010s ]
SQL: SELECT * FROM `qun_user` WHERE `user_id` = 188 LIMIT 1   [ RunTime:0.0013s ]
SQL: SELECT * FROM `qun_user` WHERE `user_id` = 188 LIMIT 1   [ RunTime:0.0010s ]
SQL: SELECT * FROM `qun_user` WHERE `user_id` = 414 LIMIT 1   [ RunTime:0.0011s ]
SQL: SELECT * FROM `qun_user` WHERE `user_id` = 414 LIMIT 1   [ RunTime:0.0010s ]
SQL: SELECT * FROM `qun_user` WHERE `user_id` = null LIMIT 1   [ RunTime:0.0012s ]
SQL: SELECT * FROM `qun_user` WHERE `user_id` = null LIMIT 1   [ RunTime:0.0011s ]
SQL: SELECT * FROM `qun_user` WHERE `user_id` = 385 LIMIT 1   [ RunTime:0.0011s ]
SQL: SELECT * FROM `qun_user` WHERE `user_id` = 385 LIMIT 1   [ RunTime:0.0013s ]
SQL: SELECT * FROM `qun_recharge` WHERE `recharge_createtime` LIKE '2019-03-14%' AND `recharge_state` = 1 AND `is_pay` = 1 AND `recharge_type` = 3  [ RunTime:0.0015s ]
SQL: SELECT * FROM `qun_recharge` WHERE `recharge_createtime` LIKE '2019-03-14%' AND `recharge_state` = 1 AND `is_pay` = 1 AND `recharge_type` = 1  [ RunTime:0.0014s ]
SQL: SELECT * FROM `qun_recharge` WHERE `recharge_createtime` LIKE '2019-03-14%' AND `recharge_state` = 1 AND `is_pay` = 1 AND `recharge_type` = 2  [ RunTime:0.0014s ]
SQL: SELECT * FROM `qun_user` WHERE `user_state` = 1 AND `user_createtime` LIKE '2019-03-14%'  [ RunTime:0.0012s ]
SQL: SELECT * FROM `qun_user` WHERE `user_state` = 1 AND `user_up_time` LIKE '2019-03-14%'  [ RunTime:0.0013s ]
INFO: [ view_parse ] --START--
INFO: [ template_filter ] --START--
INFO: Run Behavior\ContentReplaceBehavior [ RunTime:0.000065s ]
INFO: [ template_filter ] --END-- [ RunTime:0.000098s ]
INFO: Run Behavior\ParseTemplateBehavior [ RunTime:0.009946s ]
INFO: [ view_parse ] --END-- [ RunTime:0.009965s ]
INFO: [ view_filter ] --START--
INFO: Run Behavior\WriteHtmlCacheBehavior [ RunTime:0.000229s ]
INFO: [ view_filter ] --END-- [ RunTime:0.000261s ]
INFO: [ app_end ] --START--
INFO: Run Behavior\ShowPageTraceBehavior [ RunTime:0.000644s ]
INFO: [ app_end ] --END-- [ RunTime:0.000665s ]

[ 2019-03-14T20:13:49+08:00 ] 110.87.78.118 /index.php?m=Admin&c=User&a=user
INFO: [ app_init ] --START--
INFO: Run Behavior\BuildLiteBehavior [ RunTime:0.000016s ]
INFO: [ app_init ] --END-- [ RunTime:0.000627s ]
INFO: [ app_begin ] --START--
INFO: Run Behavior\ReadHtmlCacheBehavior [ RunTime:0.001107s ]
INFO: [ app_begin ] --END-- [ RunTime:0.001133s ]
SQL: SHOW COLUMNS FROM `qun_role` [ RunTime:0.0024s ]
SQL: SELECT * FROM `qun_role` WHERE `role_id` = 1 LIMIT 1   [ RunTime:0.0010s ]
INFO: [ view_parse ] --START--
INFO: [ template_filter ] --START--
INFO: Run Behavior\ContentReplaceBehavior [ RunTime:0.000047s ]
INFO: [ template_filter ] --END-- [ RunTime:0.000074s ]
INFO: Run Behavior\ParseTemplateBehavior [ RunTime:0.008256s ]
INFO: [ view_parse ] --END-- [ RunTime:0.008277s ]
INFO: [ view_filter ] --START--
INFO: Run Behavior\WriteHtmlCacheBehavior [ RunTime:0.000228s ]
INFO: [ view_filter ] --END-- [ RunTime:0.000243s ]
INFO: [ app_end ] --START--
INFO: Run Behavior\ShowPageTraceBehavior [ RunTime:0.000663s ]
INFO: [ app_end ] --END-- [ RunTime:0.000686s ]

[ 2019-03-14T20:13:49+08:00 ] 110.87.78.118 /index.php?m=Admin&c=Data&a=getData&table=user&page=1&limit=25
INFO: [ app_init ] --START--
INFO: Run Behavior\BuildLiteBehavior [ RunTime:0.000014s ]
INFO: [ app_init ] --END-- [ RunTime:0.000438s ]
INFO: [ app_begin ] --START--
INFO: Run Behavior\ReadHtmlCacheBehavior [ RunTime:0.000616s ]
INFO: [ app_begin ] --END-- [ RunTime:0.000639s ]
SQL: SHOW COLUMNS FROM `qun_user` [ RunTime:0.0020s ]
SQL: SELECT COUNT(*) AS tp_count FROM `qun_user` WHERE `user_state` = 1 LIMIT 1   [ RunTime:0.0014s ]
SQL: SELECT * FROM `qun_user` WHERE `user_state` = 1 ORDER BY user_id desc LIMIT 0,25   [ RunTime:0.0016s ]

[ 2019-03-14T20:13:57+08:00 ] 110.87.78.118 /index.php?m=Admin&c=Data&a=getData&table=user&page=1&limit=25&user_id=&user_nickname%23like=%E7%94%9F&user_sex=
INFO: [ app_init ] --START--
INFO: Run Behavior\BuildLiteBehavior [ RunTime:0.000011s ]
INFO: [ app_init ] --END-- [ RunTime:0.000437s ]
INFO: [ app_begin ] --START--
INFO: Run Behavior\ReadHtmlCacheBehavior [ RunTime:0.000623s ]
INFO: [ app_begin ] --END-- [ RunTime:0.000643s ]
SQL: SHOW COLUMNS FROM `qun_user` [ RunTime:0.0016s ]
SQL: SELECT COUNT(*) AS tp_count FROM `qun_user` WHERE `user_nickname` LIKE '%生%' AND `user_state` = 1 LIMIT 1   [ RunTime:0.0051s ]
SQL: SELECT * FROM `qun_user` WHERE `user_nickname` LIKE '%生%' AND `user_state` = 1 ORDER BY user_id desc LIMIT 0,25   [ RunTime:0.0013s ]

[ 2019-03-14T20:13:59+08:00 ] 110.87.78.118 /index.php?m=Admin&c=User&a=editUser&user_id=367
INFO: [ app_init ] --START--
INFO: Run Behavior\BuildLiteBehavior [ RunTime:0.000011s ]
INFO: [ app_init ] --END-- [ RunTime:0.000469s ]
INFO: [ app_begin ] --START--
INFO: Run Behavior\ReadHtmlCacheBehavior [ RunTime:0.000644s ]
INFO: [ app_begin ] --END-- [ RunTime:0.000664s ]
SQL: SHOW COLUMNS FROM `qun_user` [ RunTime:0.0015s ]
SQL: SELECT * FROM `qun_user` WHERE `user_id` = 367 LIMIT 1   [ RunTime:0.0011s ]
INFO: [ view_parse ] --START--
INFO: [ template_filter ] --START--
INFO: Run Behavior\ContentReplaceBehavior [ RunTime:0.000033s ]
INFO: [ template_filter ] --END-- [ RunTime:0.000054s ]
INFO: Run Behavior\ParseTemplateBehavior [ RunTime:0.010638s ]
INFO: [ view_parse ] --END-- [ RunTime:0.010662s ]
INFO: [ view_filter ] --START--
INFO: Run Behavior\WriteHtmlCacheBehavior [ RunTime:0.000258s ]
INFO: [ view_filter ] --END-- [ RunTime:0.000274s ]
INFO: [ app_end ] --START--
INFO: Run Behavior\ShowPageTraceBehavior [ RunTime:0.000741s ]
INFO: [ app_end ] --END-- [ RunTime:0.000762s ]

[ 2019-03-14T20:14:06+08:00 ] 110.87.78.118 /index.php?m=Admin&c=Data&a=editData&table=user
INFO: [ app_init ] --START--
INFO: Run Behavior\BuildLiteBehavior [ RunTime:0.000012s ]
INFO: [ app_init ] --END-- [ RunTime:0.000523s ]
INFO: [ app_begin ] --START--
INFO: Run Behavior\ReadHtmlCacheBehavior [ RunTime:0.000708s ]
INFO: [ app_begin ] --END-- [ RunTime:0.000733s ]
SQL: SHOW COLUMNS FROM `qun_user` [ RunTime:0.0016s ]
SQL: UPDATE `qun_user` SET `user_money`='999',`user_id`='367' WHERE `user_id` = 367 [ RunTime:0.0012s ]

[ 2019-03-14T20:15:16+08:00 ] 110.87.78.118 /index.php?m=Admin&c=User&a=user
INFO: [ app_init ] --START--
INFO: Run Behavior\BuildLiteBehavior [ RunTime:0.000011s ]
INFO: [ app_init ] --END-- [ RunTime:0.000451s ]
INFO: [ app_begin ] --START--
INFO: Run Behavior\ReadHtmlCacheBehavior [ RunTime:0.000623s ]
INFO: [ app_begin ] --END-- [ RunTime:0.000644s ]
SQL: SHOW COLUMNS FROM `qun_role` [ RunTime:0.0014s ]
SQL: SELECT * FROM `qun_role` WHERE `role_id` = 1 LIMIT 1   [ RunTime:0.0015s ]
INFO: [ view_parse ] --START--
INFO: [ template_filter ] --START--
INFO: Run Behavior\ContentReplaceBehavior [ RunTime:0.000045s ]
INFO: [ template_filter ] --END-- [ RunTime:0.000066s ]
INFO: Run Behavior\ParseTemplateBehavior [ RunTime:0.007831s ]
INFO: [ view_parse ] --END-- [ RunTime:0.007863s ]
INFO: [ view_filter ] --START--
INFO: Run Behavior\WriteHtmlCacheBehavior [ RunTime:0.000237s ]
INFO: [ view_filter ] --END-- [ RunTime:0.000252s ]
INFO: [ app_end ] --START--
INFO: Run Behavior\ShowPageTraceBehavior [ RunTime:0.000640s ]
INFO: [ app_end ] --END-- [ RunTime:0.000661s ]

[ 2019-03-14T20:15:17+08:00 ] 110.87.78.118 /index.php?m=Admin&c=Data&a=getData&table=user&page=1&limit=25
INFO: [ app_init ] --START--
INFO: Run Behavior\BuildLiteBehavior [ RunTime:0.000010s ]
INFO: [ app_init ] --END-- [ RunTime:0.000476s ]
INFO: [ app_begin ] --START--
INFO: Run Behavior\ReadHtmlCacheBehavior [ RunTime:0.000629s ]
INFO: [ app_begin ] --END-- [ RunTime:0.000650s ]
SQL: SHOW COLUMNS FROM `qun_user` [ RunTime:0.0016s ]
SQL: SELECT COUNT(*) AS tp_count FROM `qun_user` WHERE `user_state` = 1 LIMIT 1   [ RunTime:0.0013s ]
SQL: SELECT * FROM `qun_user` WHERE `user_state` = 1 ORDER BY user_id desc LIMIT 0,25   [ RunTime:0.0014s ]

[ 2019-03-14T20:15:23+08:00 ] 110.87.78.118 /index.php?m=Admin&c=User&a=user
INFO: [ app_init ] --START--
INFO: Run Behavior\BuildLiteBehavior [ RunTime:0.000010s ]
INFO: [ app_init ] --END-- [ RunTime:0.000458s ]
INFO: [ app_begin ] --START--
INFO: Run Behavior\ReadHtmlCacheBehavior [ RunTime:0.000652s ]
INFO: [ app_begin ] --END-- [ RunTime:0.000672s ]
SQL: SHOW COLUMNS FROM `qun_role` [ RunTime:0.0016s ]
SQL: SELECT * FROM `qun_role` WHERE `role_id` = 1 LIMIT 1   [ RunTime:0.0009s ]
INFO: [ view_parse ] --START--
INFO: [ template_filter ] --START--
INFO: Run Behavior\ContentReplaceBehavior [ RunTime:0.000041s ]
INFO: [ template_filter ] --END-- [ RunTime:0.000060s ]
INFO: Run Behavior\ParseTemplateBehavior [ RunTime:0.007779s ]
INFO: [ view_parse ] --END-- [ RunTime:0.007799s ]
INFO: [ view_filter ] --START--
INFO: Run Behavior\WriteHtmlCacheBehavior [ RunTime:0.000228s ]
INFO: [ view_filter ] --END-- [ RunTime:0.000243s ]
INFO: [ app_end ] --START--
INFO: Run Behavior\ShowPageTraceBehavior [ RunTime:0.000713s ]
INFO: [ app_end ] --END-- [ RunTime:0.000735s ]

[ 2019-03-14T20:15:23+08:00 ] 110.87.78.118 /index.php?m=Admin&c=Data&a=getData&table=user&page=1&limit=25
INFO: [ app_init ] --START--
INFO: Run Behavior\BuildLiteBehavior [ RunTime:0.000011s ]
INFO: [ app_init ] --END-- [ RunTime:0.000433s ]
INFO: [ app_begin ] --START--
INFO: Run Behavior\ReadHtmlCacheBehavior [ RunTime:0.000630s ]
INFO: [ app_begin ] --END-- [ RunTime:0.000650s ]
SQL: SHOW COLUMNS FROM `qun_user` [ RunTime:0.0017s ]
SQL: SELECT COUNT(*) AS tp_count FROM `qun_user` WHERE `user_state` = 1 LIMIT 1   [ RunTime:0.0010s ]
SQL: SELECT * FROM `qun_user` WHERE `user_state` = 1 ORDER BY user_id desc LIMIT 0,25   [ RunTime:0.0012s ]

[ 2019-03-14T20:15:28+08:00 ] 110.87.78.118 /index.php?m=Admin&c=Set&a=set
INFO: [ app_init ] --START--
INFO: Run Behavior\BuildLiteBehavior [ RunTime:0.000010s ]
INFO: [ app_init ] --END-- [ RunTime:0.000445s ]
INFO: [ app_begin ] --START--
INFO: Run Behavior\ReadHtmlCacheBehavior [ RunTime:0.000673s ]
INFO: [ app_begin ] --END-- [ RunTime:0.000693s ]
SQL: SHOW COLUMNS FROM `qun_role` [ RunTime:0.0013s ]
SQL: SELECT * FROM `qun_role` WHERE `role_id` = 1 LIMIT 1   [ RunTime:0.0010s ]
SQL: SHOW COLUMNS FROM `qun_sys` [ RunTime:0.0015s ]
SQL: SELECT * FROM `qun_sys` WHERE `sys_id` = 1 LIMIT 1   [ RunTime:0.0010s ]
INFO: [ view_parse ] --START--
INFO: [ template_filter ] --START--
INFO: Run Behavior\ContentReplaceBehavior [ RunTime:0.000045s ]
INFO: [ template_filter ] --END-- [ RunTime:0.000066s ]
INFO: Run Behavior\ParseTemplateBehavior [ RunTime:0.008321s ]
INFO: [ view_parse ] --END-- [ RunTime:0.008339s ]
INFO: [ view_filter ] --START--
INFO: Run Behavior\WriteHtmlCacheBehavior [ RunTime:0.000210s ]
INFO: [ view_filter ] --END-- [ RunTime:0.000226s ]
INFO: [ app_end ] --START--
INFO: Run Behavior\ShowPageTraceBehavior [ RunTime:0.000631s ]
INFO: [ app_end ] --END-- [ RunTime:0.000652s ]

[ 2019-03-14T20:15:42+08:00 ] 110.87.78.118 /index.php?m=Admin&c=Data&a=getData&table=user&page=1&limit=25&user_id=&user_nickname%23like=pig&user_sex=
INFO: [ app_init ] --START--
INFO: Run Behavior\BuildLiteBehavior [ RunTime:0.000011s ]
INFO: [ app_init ] --END-- [ RunTime:0.000433s ]
INFO: [ app_begin ] --START--
INFO: Run Behavior\ReadHtmlCacheBehavior [ RunTime:0.000624s ]
INFO: [ app_begin ] --END-- [ RunTime:0.000644s ]
SQL: SHOW COLUMNS FROM `qun_user` [ RunTime:0.0015s ]
SQL: SELECT COUNT(*) AS tp_count FROM `qun_user` WHERE `user_nickname` LIKE '%pig%' AND `user_state` = 1 LIMIT 1   [ RunTime:0.0013s ]
SQL: SELECT * FROM `qun_user` WHERE `user_nickname` LIKE '%pig%' AND `user_state` = 1 ORDER BY user_id desc LIMIT 0,25   [ RunTime:0.0012s ]

[ 2019-03-14T20:15:47+08:00 ] 110.87.78.118 /index.php?m=Admin&c=Role&a=role
INFO: [ app_init ] --START--
INFO: Run Behavior\BuildLiteBehavior [ RunTime:0.000012s ]
INFO: [ app_init ] --END-- [ RunTime:0.000503s ]
INFO: [ app_begin ] --START--
INFO: Run Behavior\ReadHtmlCacheBehavior [ RunTime:0.000617s ]
INFO: [ app_begin ] --END-- [ RunTime:0.000639s ]
SQL: SHOW COLUMNS FROM `qun_role` [ RunTime:0.0015s ]
SQL: SELECT * FROM `qun_role` WHERE `role_id` = 1 LIMIT 1   [ RunTime:0.0010s ]
INFO: [ view_parse ] --START--
INFO: [ template_filter ] --START--
INFO: Run Behavior\ContentReplaceBehavior [ RunTime:0.000044s ]
INFO: [ template_filter ] --END-- [ RunTime:0.000065s ]
INFO: Run Behavior\ParseTemplateBehavior [ RunTime:0.007810s ]
INFO: [ view_parse ] --END-- [ RunTime:0.007828s ]
INFO: [ view_filter ] --START--
INFO: Run Behavior\WriteHtmlCacheBehavior [ RunTime:0.000212s ]
INFO: [ view_filter ] --END-- [ RunTime:0.000227s ]
INFO: [ app_end ] --START--
INFO: Run Behavior\ShowPageTraceBehavior [ RunTime:0.000635s ]
INFO: [ app_end ] --END-- [ RunTime:0.000655s ]

[ 2019-03-14T20:15:48+08:00 ] 110.87.78.118 /index.php?m=Admin&c=Data&a=getData&table=role&page=1&limit=25
INFO: [ app_init ] --START--
INFO: Run Behavior\BuildLiteBehavior [ RunTime:0.000012s ]
INFO: [ app_init ] --END-- [ RunTime:0.000446s ]
INFO: [ app_begin ] --START--
INFO: Run Behavior\ReadHtmlCacheBehavior [ RunTime:0.000634s ]
INFO: [ app_begin ] --END-- [ RunTime:0.000655s ]
SQL: SHOW COLUMNS FROM `qun_role` [ RunTime:0.0015s ]
SQL: SELECT COUNT(*) AS tp_count FROM `qun_role` WHERE `role_state` = 1 LIMIT 1   [ RunTime:0.0011s ]
SQL: SELECT * FROM `qun_role` WHERE `role_state` = 1 ORDER BY role_id desc LIMIT 0,25   [ RunTime:0.0012s ]

[ 2019-03-14T20:15:48+08:00 ] 110.87.78.118 /index.php?m=Admin&c=Manager&a=manager
INFO: [ app_init ] --START--
INFO: Run Behavior\BuildLiteBehavior [ RunTime:0.000016s ]
INFO: [ app_init ] --END-- [ RunTime:0.000480s ]
INFO: [ app_begin ] --START--
INFO: Run Behavior\ReadHtmlCacheBehavior [ RunTime:0.000668s ]
INFO: [ app_begin ] --END-- [ RunTime:0.000689s ]
SQL: SHOW COLUMNS FROM `qun_role` [ RunTime:0.0014s ]
SQL: SELECT * FROM `qun_role` WHERE `role_id` = 1 LIMIT 1   [ RunTime:0.0010s ]
SQL: SELECT * FROM `qun_role`  [ RunTime:0.0010s ]
INFO: [ view_parse ] --START--
INFO: [ template_filter ] --START--
INFO: Run Behavior\ContentReplaceBehavior [ RunTime:0.000048s ]
INFO: [ template_filter ] --END-- [ RunTime:0.000070s ]
INFO: Run Behavior\ParseTemplateBehavior [ RunTime:0.008593s ]
INFO: [ view_parse ] --END-- [ RunTime:0.008617s ]
INFO: [ view_filter ] --START--
INFO: Run Behavior\WriteHtmlCacheBehavior [ RunTime:0.000240s ]
INFO: [ view_filter ] --END-- [ RunTime:0.000256s ]
INFO: [ app_end ] --START--
INFO: Run Behavior\ShowPageTraceBehavior [ RunTime:0.000649s ]
INFO: [ app_end ] --END-- [ RunTime:0.000670s ]

[ 2019-03-14T20:15:49+08:00 ] 110.87.78.118 /index.php?m=Admin&c=Data&a=getData&table=admin&page=1&limit=10
INFO: [ app_init ] --START--
INFO: Run Behavior\BuildLiteBehavior [ RunTime:0.000011s ]
INFO: [ app_init ] --END-- [ RunTime:0.000486s ]
INFO: [ app_begin ] --START--
INFO: Run Behavior\ReadHtmlCacheBehavior [ RunTime:0.000650s ]
INFO: [ app_begin ] --END-- [ RunTime:0.000671s ]
SQL: SHOW COLUMNS FROM `qun_admin` [ RunTime:0.0015s ]
SQL: SELECT COUNT(*) AS tp_count FROM `qun_admin` WHERE `admin_state` = 1 LIMIT 1   [ RunTime:0.0012s ]
SQL: SELECT * FROM `qun_admin` WHERE `admin_state` = 1 ORDER BY admin_id desc LIMIT 0,10   [ RunTime:0.0011s ]

[ 2019-03-14T20:16:01+08:00 ] 110.87.78.118 /index.php?m=Admin&c=User&a=user
INFO: [ app_init ] --START--
INFO: Run Behavior\BuildLiteBehavior [ RunTime:0.000025s ]
INFO: [ app_init ] --END-- [ RunTime:0.000481s ]
INFO: [ app_begin ] --START--
INFO: Run Behavior\ReadHtmlCacheBehavior [ RunTime:0.000641s ]
INFO: [ app_begin ] --END-- [ RunTime:0.000662s ]
SQL: SHOW COLUMNS FROM `qun_role` [ RunTime:0.0014s ]
SQL: SELECT * FROM `qun_role` WHERE `role_id` = 1 LIMIT 1   [ RunTime:0.0009s ]
INFO: [ view_parse ] --START--
INFO: [ template_filter ] --START--
INFO: Run Behavior\ContentReplaceBehavior [ RunTime:0.000044s ]
INFO: [ template_filter ] --END-- [ RunTime:0.000064s ]
INFO: Run Behavior\ParseTemplateBehavior [ RunTime:0.008612s ]
INFO: [ view_parse ] --END-- [ RunTime:0.008632s ]
INFO: [ view_filter ] --START--
INFO: Run Behavior\WriteHtmlCacheBehavior [ RunTime:0.000233s ]
INFO: [ view_filter ] --END-- [ RunTime:0.000251s ]
INFO: [ app_end ] --START--
INFO: Run Behavior\ShowPageTraceBehavior [ RunTime:0.000640s ]
INFO: [ app_end ] --END-- [ RunTime:0.000663s ]

[ 2019-03-14T20:16:02+08:00 ] 110.87.78.118 /index.php?m=Admin&c=Data&a=getData&table=user&page=1&limit=25
INFO: [ app_init ] --START--
INFO: Run Behavior\BuildLiteBehavior [ RunTime:0.000010s ]
INFO: [ app_init ] --END-- [ RunTime:0.000459s ]
INFO: [ app_begin ] --START--
INFO: Run Behavior\ReadHtmlCacheBehavior [ RunTime:0.000649s ]
INFO: [ app_begin ] --END-- [ RunTime:0.000671s ]
SQL: SHOW COLUMNS FROM `qun_user` [ RunTime:0.0018s ]
SQL: SELECT COUNT(*) AS tp_count FROM `qun_user` WHERE `user_state` = 1 LIMIT 1   [ RunTime:0.0010s ]
SQL: SELECT * FROM `qun_user` WHERE `user_state` = 1 ORDER BY user_id desc LIMIT 0,25   [ RunTime:0.0013s ]

[ 2019-03-14T20:16:16+08:00 ] 110.87.78.118 /index.php?m=Admin&c=User&a=user
INFO: [ app_init ] --START--
INFO: Run Behavior\BuildLiteBehavior [ RunTime:0.000012s ]
INFO: [ app_init ] --END-- [ RunTime:0.000454s ]
INFO: [ app_begin ] --START--
INFO: Run Behavior\ReadHtmlCacheBehavior [ RunTime:0.000657s ]
INFO: [ app_begin ] --END-- [ RunTime:0.000678s ]
SQL: SHOW COLUMNS FROM `qun_role` [ RunTime:0.0014s ]
SQL: SELECT * FROM `qun_role` WHERE `role_id` = 1 LIMIT 1   [ RunTime:0.0009s ]
INFO: [ view_parse ] --START--
INFO: [ template_filter ] --START--
INFO: Run Behavior\ContentReplaceBehavior [ RunTime:0.000046s ]
INFO: [ template_filter ] --END-- [ RunTime:0.000069s ]
INFO: Run Behavior\ParseTemplateBehavior [ RunTime:0.013342s ]
INFO: [ view_parse ] --END-- [ RunTime:0.013361s ]
INFO: [ view_filter ] --START--
INFO: Run Behavior\WriteHtmlCacheBehavior [ RunTime:0.000213s ]
INFO: [ view_filter ] --END-- [ RunTime:0.000227s ]
INFO: [ app_end ] --START--
INFO: Run Behavior\ShowPageTraceBehavior [ RunTime:0.000620s ]
INFO: [ app_end ] --END-- [ RunTime:0.000641s ]

[ 2019-03-14T20:16:17+08:00 ] 110.87.78.118 /index.php?m=Admin&c=Data&a=getData&table=user&page=1&limit=25
INFO: [ app_init ] --START--
INFO: Run Behavior\BuildLiteBehavior [ RunTime:0.000011s ]
INFO: [ app_init ] --END-- [ RunTime:0.000458s ]
INFO: [ app_begin ] --START--
INFO: Run Behavior\ReadHtmlCacheBehavior [ RunTime:0.000643s ]
INFO: [ app_begin ] --END-- [ RunTime:0.000682s ]
SQL: SHOW COLUMNS FROM `qun_user` [ RunTime:0.0016s ]
SQL: SELECT COUNT(*) AS tp_count FROM `qun_user` WHERE `user_state` = 1 LIMIT 1   [ RunTime:0.0015s ]
SQL: SELECT * FROM `qun_user` WHERE `user_state` = 1 ORDER BY user_id desc LIMIT 0,25   [ RunTime:0.0016s ]

[ 2019-03-14T20:16:19+08:00 ] 110.87.78.118 /index.php?m=Admin&c=User&a=editUser&user_id=419
INFO: [ app_init ] --START--
INFO: Run Behavior\BuildLiteBehavior [ RunTime:0.000011s ]
INFO: [ app_init ] --END-- [ RunTime:0.000519s ]
INFO: [ app_begin ] --START--
INFO: Run Behavior\ReadHtmlCacheBehavior [ RunTime:0.000676s ]
INFO: [ app_begin ] --END-- [ RunTime:0.000696s ]
SQL: SHOW COLUMNS FROM `qun_user` [ RunTime:0.0016s ]
SQL: SELECT * FROM `qun_user` WHERE `user_id` = 419 LIMIT 1   [ RunTime:0.0011s ]
INFO: [ view_parse ] --START--
INFO: [ template_filter ] --START--
INFO: Run Behavior\ContentReplaceBehavior [ RunTime:0.000033s ]
INFO: [ template_filter ] --END-- [ RunTime:0.000053s ]
INFO: Run Behavior\ParseTemplateBehavior [ RunTime:0.008647s ]
INFO: [ view_parse ] --END-- [ RunTime:0.008666s ]
INFO: [ view_filter ] --START--
INFO: Run Behavior\WriteHtmlCacheBehavior [ RunTime:0.000213s ]
INFO: [ view_filter ] --END-- [ RunTime:0.000227s ]
INFO: [ app_end ] --START--
INFO: Run Behavior\ShowPageTraceBehavior [ RunTime:0.000616s ]
INFO: [ app_end ] --END-- [ RunTime:0.000636s ]

[ 2019-03-14T20:16:23+08:00 ] 110.87.78.118 /index.php?m=Admin&c=Data&a=editData&table=user
INFO: [ app_init ] --START--
INFO: Run Behavior\BuildLiteBehavior [ RunTime:0.000011s ]
INFO: [ app_init ] --END-- [ RunTime:0.000439s ]
INFO: [ app_begin ] --START--
INFO: Run Behavior\ReadHtmlCacheBehavior [ RunTime:0.000626s ]
INFO: [ app_begin ] --END-- [ RunTime:0.000647s ]
SQL: SHOW COLUMNS FROM `qun_user` [ RunTime:0.0016s ]
SQL: UPDATE `qun_user` SET `user_money`='200',`user_id`='419' WHERE `user_id` = 419 [ RunTime:0.0012s ]

[ 2019-03-14T20:16:26+08:00 ] 110.87.78.118 /index.php?m=Admin&c=User&a=user
INFO: [ app_init ] --START--
INFO: Run Behavior\BuildLiteBehavior [ RunTime:0.000014s ]
INFO: [ app_init ] --END-- [ RunTime:0.000504s ]
INFO: [ app_begin ] --START--
INFO: Run Behavior\ReadHtmlCacheBehavior [ RunTime:0.000667s ]
INFO: [ app_begin ] --END-- [ RunTime:0.000688s ]
SQL: SHOW COLUMNS FROM `qun_role` [ RunTime:0.0015s ]
SQL: SELECT * FROM `qun_role` WHERE `role_id` = 1 LIMIT 1   [ RunTime:0.0010s ]
INFO: [ view_parse ] --START--
INFO: [ template_filter ] --START--
INFO: Run Behavior\ContentReplaceBehavior [ RunTime:0.000048s ]
INFO: [ template_filter ] --END-- [ RunTime:0.000073s ]
INFO: Run Behavior\ParseTemplateBehavior [ RunTime:0.008245s ]
INFO: [ view_parse ] --END-- [ RunTime:0.008266s ]
INFO: [ view_filter ] --START--
INFO: Run Behavior\WriteHtmlCacheBehavior [ RunTime:0.000233s ]
INFO: [ view_filter ] --END-- [ RunTime:0.000248s ]
INFO: [ app_end ] --START--
INFO: Run Behavior\ShowPageTraceBehavior [ RunTime:0.000668s ]
INFO: [ app_end ] --END-- [ RunTime:0.000689s ]

[ 2019-03-14T20:16:27+08:00 ] 110.87.78.118 /index.php?m=Admin&c=Data&a=getData&table=user&page=1&limit=25
INFO: [ app_init ] --START--
INFO: Run Behavior\BuildLiteBehavior [ RunTime:0.000012s ]
INFO: [ app_init ] --END-- [ RunTime:0.000496s ]
INFO: [ app_begin ] --START--
INFO: Run Behavior\ReadHtmlCacheBehavior [ RunTime:0.000736s ]
INFO: [ app_begin ] --END-- [ RunTime:0.000755s ]
SQL: SHOW COLUMNS FROM `qun_user` [ RunTime:0.0016s ]
SQL: SELECT COUNT(*) AS tp_count FROM `qun_user` WHERE `user_state` = 1 LIMIT 1   [ RunTime:0.0018s ]
SQL: SELECT * FROM `qun_user` WHERE `user_state` = 1 ORDER BY user_id desc LIMIT 0,25   [ RunTime:0.0014s ]

[ 2019-03-14T20:38:57+08:00 ] 110.87.78.118 /index.php?m=Admin&c=Index&a=index
INFO: [ app_init ] --START--
INFO: Run Behavior\BuildLiteBehavior [ RunTime:0.000012s ]
INFO: [ app_init ] --END-- [ RunTime:0.000476s ]
INFO: [ app_begin ] --START--
INFO: Run Behavior\ReadHtmlCacheBehavior [ RunTime:0.000654s ]
INFO: [ app_begin ] --END-- [ RunTime:0.000675s ]
INFO: [ view_parse ] --START--
INFO: [ template_filter ] --START--
INFO: Run Behavior\ContentReplaceBehavior [ RunTime:0.000028s ]
INFO: [ template_filter ] --END-- [ RunTime:0.000051s ]
INFO: Run Behavior\ParseTemplateBehavior [ RunTime:0.007354s ]
INFO: [ view_parse ] --END-- [ RunTime:0.007390s ]
INFO: [ view_filter ] --START--
INFO: Run Behavior\WriteHtmlCacheBehavior [ RunTime:0.000210s ]
INFO: [ view_filter ] --END-- [ RunTime:0.000225s ]

[ 2019-03-14T20:38:57+08:00 ] 110.87.78.118 /index.php?m=Admin&c=Index&a=index
INFO: [ app_init ] --START--
INFO: Run Behavior\BuildLiteBehavior [ RunTime:0.000012s ]
INFO: [ app_init ] --END-- [ RunTime:0.000474s ]
INFO: [ app_begin ] --START--
INFO: Run Behavior\ReadHtmlCacheBehavior [ RunTime:0.000652s ]
INFO: [ app_begin ] --END-- [ RunTime:0.000673s ]
INFO: [ view_parse ] --START--
INFO: [ template_filter ] --START--
INFO: Run Behavior\ContentReplaceBehavior [ RunTime:0.000030s ]
INFO: [ template_filter ] --END-- [ RunTime:0.000053s ]
INFO: Run Behavior\ParseTemplateBehavior [ RunTime:0.007262s ]
INFO: [ view_parse ] --END-- [ RunTime:0.007281s ]
INFO: [ view_filter ] --START--
INFO: Run Behavior\WriteHtmlCacheBehavior [ RunTime:0.000212s ]
INFO: [ view_filter ] --END-- [ RunTime:0.000228s ]

[ 2019-03-14T22:13:06+08:00 ] 110.87.78.118 /index.php?m=Admin&c=User&a=user
INFO: [ app_init ] --START--
INFO: Run Behavior\BuildLiteBehavior [ RunTime:0.000010s ]
INFO: [ app_init ] --END-- [ RunTime:0.000451s ]
INFO: [ app_begin ] --START--
INFO: Run Behavior\ReadHtmlCacheBehavior [ RunTime:0.000735s ]
INFO: [ app_begin ] --END-- [ RunTime:0.000757s ]
SQL: SHOW COLUMNS FROM `qun_role` [ RunTime:0.0016s ]
SQL: SELECT * FROM `qun_role` WHERE `role_id` = 1 LIMIT 1   [ RunTime:0.0011s ]
INFO: [ view_parse ] --START--
INFO: [ template_filter ] --START--
INFO: Run Behavior\ContentReplaceBehavior [ RunTime:0.000056s ]
INFO: [ template_filter ] --END-- [ RunTime:0.000077s ]
INFO: Run Behavior\ParseTemplateBehavior [ RunTime:0.007876s ]
INFO: [ view_parse ] --END-- [ RunTime:0.007896s ]
INFO: [ view_filter ] --START--
INFO: Run Behavior\WriteHtmlCacheBehavior [ RunTime:0.000217s ]
INFO: [ view_filter ] --END-- [ RunTime:0.000232s ]
INFO: [ app_end ] --START--
INFO: Run Behavior\ShowPageTraceBehavior [ RunTime:0.000630s ]
INFO: [ app_end ] --END-- [ RunTime:0.000651s ]

[ 2019-03-14T22:13:06+08:00 ] 110.87.78.118 /index.php?m=Admin&c=Data&a=getData&table=user&page=1&limit=25
INFO: [ app_init ] --START--
INFO: Run Behavior\BuildLiteBehavior [ RunTime:0.000012s ]
INFO: [ app_init ] --END-- [ RunTime:0.000441s ]
INFO: [ app_begin ] --START--
INFO: Run Behavior\ReadHtmlCacheBehavior [ RunTime:0.000659s ]
INFO: [ app_begin ] --END-- [ RunTime:0.000679s ]
SQL: SHOW COLUMNS FROM `qun_user` [ RunTime:0.0023s ]
SQL: SELECT COUNT(*) AS tp_count FROM `qun_user` WHERE `user_state` = 1 LIMIT 1   [ RunTime:0.0013s ]
SQL: SELECT * FROM `qun_user` WHERE `user_state` = 1 ORDER BY user_id desc LIMIT 0,25   [ RunTime:0.0014s ]

[ 2019-03-14T22:13:07+08:00 ] 110.87.78.118 /index.php?m=Admin&c=User&a=user
INFO: [ app_init ] --START--
INFO: Run Behavior\BuildLiteBehavior [ RunTime:0.000011s ]
INFO: [ app_init ] --END-- [ RunTime:0.000457s ]
INFO: [ app_begin ] --START--
INFO: Run Behavior\ReadHtmlCacheBehavior [ RunTime:0.000642s ]
INFO: [ app_begin ] --END-- [ RunTime:0.000662s ]
SQL: SHOW COLUMNS FROM `qun_role` [ RunTime:0.0014s ]
SQL: SELECT * FROM `qun_role` WHERE `role_id` = 1 LIMIT 1   [ RunTime:0.0009s ]
INFO: [ view_parse ] --START--
INFO: [ template_filter ] --START--
INFO: Run Behavior\ContentReplaceBehavior [ RunTime:0.000042s ]
INFO: [ template_filter ] --END-- [ RunTime:0.000061s ]
INFO: Run Behavior\ParseTemplateBehavior [ RunTime:0.007704s ]
INFO: [ view_parse ] --END-- [ RunTime:0.007724s ]
INFO: [ view_filter ] --START--
INFO: Run Behavior\WriteHtmlCacheBehavior [ RunTime:0.000226s ]
INFO: [ view_filter ] --END-- [ RunTime:0.000240s ]
INFO: [ app_end ] --START--
INFO: Run Behavior\ShowPageTraceBehavior [ RunTime:0.000632s ]
INFO: [ app_end ] --END-- [ RunTime:0.000653s ]

[ 2019-03-14T22:13:08+08:00 ] 110.87.78.118 /index.php?m=Admin&c=Data&a=getData&table=user&page=1&limit=25
INFO: [ app_init ] --START--
INFO: Run Behavior\BuildLiteBehavior [ RunTime:0.000011s ]
INFO: [ app_init ] --END-- [ RunTime:0.000512s ]
INFO: [ app_begin ] --START--
INFO: Run Behavior\ReadHtmlCacheBehavior [ RunTime:0.000688s ]
INFO: [ app_begin ] --END-- [ RunTime:0.000710s ]
SQL: SHOW COLUMNS FROM `qun_user` [ RunTime:0.0016s ]
SQL: SELECT COUNT(*) AS tp_count FROM `qun_user` WHERE `user_state` = 1 LIMIT 1   [ RunTime:0.0010s ]
SQL: SELECT * FROM `qun_user` WHERE `user_state` = 1 ORDER BY user_id desc LIMIT 0,25   [ RunTime:0.0011s ]

