[ 2019-01-30T05:26:42+08:00 ] 47.97.167.161 /index.php?m=admin&c=index&a=index
INFO: [ app_init ] --START--
INFO: Run Behavior\BuildLiteBehavior [ RunTime:0.000012s ]
INFO: [ app_init ] --END-- [ RunTime:0.000456s ]
INFO: [ app_begin ] --START--
INFO: Run Behavior\ReadHtmlCacheBehavior [ RunTime:0.000660s ]
INFO: [ app_begin ] --END-- [ RunTime:0.000682s ]
INFO: [ view_parse ] --START--
INFO: [ template_filter ] --START--
INFO: Run Behavior\ContentReplaceBehavior [ RunTime:0.000029s ]
INFO: [ template_filter ] --END-- [ RunTime:0.000052s ]
INFO: Run Behavior\ParseTemplateBehavior [ RunTime:0.010218s ]
INFO: [ view_parse ] --END-- [ RunTime:0.010239s ]
INFO: [ view_filter ] --START--
INFO: Run Behavior\WriteHtmlCacheBehavior [ RunTime:0.000433s ]
INFO: [ view_filter ] --END-- [ RunTime:0.000449s ]

[ 2019-01-30T21:59:25+08:00 ] 211.162.237.52 /index.php?m=Admin&c=Index&a=index
INFO: [ app_init ] --START--
INFO: Run Behavior\BuildLiteBehavior [ RunTime:0.000011s ]
INFO: [ app_init ] --END-- [ RunTime:0.000448s ]
INFO: [ app_begin ] --START--
INFO: Run Behavior\ReadHtmlCacheBehavior [ RunTime:0.000675s ]
INFO: [ app_begin ] --END-- [ RunTime:0.000697s ]
INFO: [ view_parse ] --START--
INFO: [ template_filter ] --START--
INFO: Run Behavior\ContentReplaceBehavior [ RunTime:0.000991s ]
INFO: [ template_filter ] --END-- [ RunTime:0.001025s ]
INFO: Run Behavior\ParseTemplateBehavior [ RunTime:0.034172s ]
INFO: [ view_parse ] --END-- [ RunTime:0.034212s ]
INFO: [ view_filter ] --START--
INFO: Run Behavior\WriteHtmlCacheBehavior [ RunTime:0.000512s ]
INFO: [ view_filter ] --END-- [ RunTime:0.000537s ]

[ 2019-01-30T21:59:29+08:00 ] 211.162.237.52 /index.php?m=Admin&c=login&a=login
INFO: [ app_init ] --START--
INFO: Run Behavior\BuildLiteBehavior [ RunTime:0.000011s ]
INFO: [ app_init ] --END-- [ RunTime:0.000454s ]
INFO: [ app_begin ] --START--
INFO: Run Behavior\ReadHtmlCacheBehavior [ RunTime:0.000662s ]
INFO: [ app_begin ] --END-- [ RunTime:0.000683s ]
INFO: [ view_parse ] --START--
INFO: [ template_filter ] --START--
INFO: Run Behavior\ContentReplaceBehavior [ RunTime:0.000037s ]
INFO: [ template_filter ] --END-- [ RunTime:0.000058s ]
INFO: Run Behavior\ParseTemplateBehavior [ RunTime:0.008067s ]
INFO: [ view_parse ] --END-- [ RunTime:0.008088s ]
INFO: [ view_filter ] --START--
INFO: Run Behavior\WriteHtmlCacheBehavior [ RunTime:0.000209s ]
INFO: [ view_filter ] --END-- [ RunTime:0.000224s ]
INFO: [ app_end ] --START--
INFO: Run Behavior\ShowPageTraceBehavior [ RunTime:0.000829s ]
INFO: [ app_end ] --END-- [ RunTime:0.000849s ]

[ 2019-01-30T22:50:44+08:00 ] 211.162.237.52 /index.php?m=Admin&c=Login&a=doLogin
INFO: [ app_init ] --START--
INFO: Run Behavior\BuildLiteBehavior [ RunTime:0.000012s ]
INFO: [ app_init ] --END-- [ RunTime:0.000486s ]
INFO: [ app_begin ] --START--
INFO: Run Behavior\ReadHtmlCacheBehavior [ RunTime:0.000637s ]
INFO: [ app_begin ] --END-- [ RunTime:0.000659s ]
SQL: SHOW COLUMNS FROM `qun_admin` [ RunTime:0.0016s ]
SQL: SELECT * FROM `qun_admin` WHERE `admin_account` = 'wbj' AND `admin_password` = '123456' LIMIT 1   [ RunTime:0.0011s ]

[ 2019-01-30T22:50:45+08:00 ] 211.162.237.52 /index.php?m=Admin&c=Index&a=index
INFO: [ app_init ] --START--
INFO: Run Behavior\BuildLiteBehavior [ RunTime:0.000011s ]
INFO: [ app_init ] --END-- [ RunTime:0.000462s ]
INFO: [ app_begin ] --START--
INFO: Run Behavior\ReadHtmlCacheBehavior [ RunTime:0.000649s ]
INFO: [ app_begin ] --END-- [ RunTime:0.000672s ]
INFO: [ view_parse ] --START--
INFO: [ template_filter ] --START--
INFO: Run Behavior\ContentReplaceBehavior [ RunTime:0.000058s ]
INFO: [ template_filter ] --END-- [ RunTime:0.000081s ]
INFO: Run Behavior\ParseTemplateBehavior [ RunTime:0.008969s ]
INFO: [ view_parse ] --END-- [ RunTime:0.008991s ]
INFO: [ view_filter ] --START--
INFO: Run Behavior\WriteHtmlCacheBehavior [ RunTime:0.000216s ]
INFO: [ view_filter ] --END-- [ RunTime:0.000233s ]
INFO: [ app_end ] --START--
INFO: Run Behavior\ShowPageTraceBehavior [ RunTime:0.000635s ]
INFO: [ app_end ] --END-- [ RunTime:0.000659s ]

[ 2019-01-30T22:50:45+08:00 ] 211.162.237.52 /index.php?m=Admin&c=Index&a=homePage
INFO: [ app_init ] --START--
INFO: Run Behavior\BuildLiteBehavior [ RunTime:0.000012s ]
INFO: [ app_init ] --END-- [ RunTime:0.000452s ]
INFO: [ app_begin ] --START--
INFO: Run Behavior\ReadHtmlCacheBehavior [ RunTime:0.000640s ]
INFO: [ app_begin ] --END-- [ RunTime:0.000661s ]
SQL: SHOW COLUMNS FROM `qun_recharge` [ RunTime:0.0016s ]
SQL: SELECT COUNT(*) AS tp_count FROM `qun_recharge` WHERE `is_pay` = 1 AND `recharge_state` = 1 LIMIT 1   [ RunTime:0.0015s ]
SQL: SELECT * FROM `qun_recharge` WHERE `is_pay` = 1 AND `recharge_state` = 1 ORDER BY recharge_createtime desc LIMIT 0,6   [ RunTime:0.0018s ]
SQL: SHOW COLUMNS FROM `qun_user` [ RunTime:0.0014s ]
SQL: SELECT * FROM `qun_user` WHERE `user_id` = 306 LIMIT 1   [ RunTime:0.0011s ]
SQL: SELECT * FROM `qun_user` WHERE `user_id` = 306 LIMIT 1   [ RunTime:0.0010s ]
SQL: SELECT * FROM `qun_user` WHERE `user_id` = null LIMIT 1   [ RunTime:0.0010s ]
SQL: SELECT * FROM `qun_user` WHERE `user_id` = null LIMIT 1   [ RunTime:0.0009s ]
SQL: SELECT * FROM `qun_user` WHERE `user_id` = 306 LIMIT 1   [ RunTime:0.0010s ]
SQL: SELECT * FROM `qun_user` WHERE `user_id` = 306 LIMIT 1   [ RunTime:0.0010s ]
SQL: SELECT * FROM `qun_user` WHERE `user_id` = 306 LIMIT 1   [ RunTime:0.0010s ]
SQL: SELECT * FROM `qun_user` WHERE `user_id` = 306 LIMIT 1   [ RunTime:0.0010s ]
SQL: SELECT * FROM `qun_user` WHERE `user_id` = 306 LIMIT 1   [ RunTime:0.0010s ]
SQL: SELECT * FROM `qun_user` WHERE `user_id` = 306 LIMIT 1   [ RunTime:0.0009s ]
SQL: SELECT * FROM `qun_user` WHERE `user_id` = null LIMIT 1   [ RunTime:0.0009s ]
SQL: SELECT * FROM `qun_user` WHERE `user_id` = null LIMIT 1   [ RunTime:0.0010s ]
SQL: SELECT * FROM `qun_recharge` WHERE `recharge_createtime` LIKE '2019-01-30%' AND `recharge_state` = 1 AND `is_pay` = 1 AND `recharge_type` = 3  [ RunTime:0.0013s ]
SQL: SELECT * FROM `qun_recharge` WHERE `recharge_createtime` LIKE '2019-01-30%' AND `recharge_state` = 1 AND `is_pay` = 1 AND `recharge_type` = 1  [ RunTime:0.0012s ]
SQL: SELECT * FROM `qun_recharge` WHERE `recharge_createtime` LIKE '2019-01-30%' AND `recharge_state` = 1 AND `is_pay` = 1 AND `recharge_type` = 2  [ RunTime:0.0012s ]
SQL: SELECT * FROM `qun_user` WHERE `user_state` = 1 AND `user_createtime` LIKE '2019-01-30%'  [ RunTime:0.0011s ]
SQL: SELECT * FROM `qun_user` WHERE `user_state` = 1 AND `user_up_time` LIKE '2019-01-30%'  [ RunTime:0.0012s ]
INFO: [ view_parse ] --START--
INFO: [ template_filter ] --START--
INFO: Run Behavior\ContentReplaceBehavior [ RunTime:0.000092s ]
INFO: [ template_filter ] --END-- [ RunTime:0.000115s ]
INFO: Run Behavior\ParseTemplateBehavior [ RunTime:0.016120s ]
INFO: [ view_parse ] --END-- [ RunTime:0.016143s ]
INFO: [ view_filter ] --START--
INFO: Run Behavior\WriteHtmlCacheBehavior [ RunTime:0.000225s ]
INFO: [ view_filter ] --END-- [ RunTime:0.000241s ]
INFO: [ app_end ] --START--
INFO: Run Behavior\ShowPageTraceBehavior [ RunTime:0.000638s ]
INFO: [ app_end ] --END-- [ RunTime:0.000659s ]

[ 2019-01-30T22:50:53+08:00 ] 211.162.237.52 /index.php?m=Admin&c=User&a=user
INFO: [ app_init ] --START--
INFO: Run Behavior\BuildLiteBehavior [ RunTime:0.000012s ]
INFO: [ app_init ] --END-- [ RunTime:0.000464s ]
INFO: [ app_begin ] --START--
INFO: Run Behavior\ReadHtmlCacheBehavior [ RunTime:0.000639s ]
INFO: [ app_begin ] --END-- [ RunTime:0.000660s ]
SQL: SHOW COLUMNS FROM `qun_role` [ RunTime:0.0015s ]
SQL: SELECT * FROM `qun_role` WHERE `role_id` = 1 LIMIT 1   [ RunTime:0.0011s ]
INFO: [ view_parse ] --START--
INFO: [ template_filter ] --START--
INFO: Run Behavior\ContentReplaceBehavior [ RunTime:0.000044s ]
INFO: [ template_filter ] --END-- [ RunTime:0.000065s ]
INFO: Run Behavior\ParseTemplateBehavior [ RunTime:0.023082s ]
INFO: [ view_parse ] --END-- [ RunTime:0.023122s ]
INFO: [ view_filter ] --START--
INFO: Run Behavior\WriteHtmlCacheBehavior [ RunTime:0.000248s ]
INFO: [ view_filter ] --END-- [ RunTime:0.000263s ]
INFO: [ app_end ] --START--
INFO: Run Behavior\ShowPageTraceBehavior [ RunTime:0.000688s ]
INFO: [ app_end ] --END-- [ RunTime:0.000709s ]

[ 2019-01-30T22:50:54+08:00 ] 211.162.237.52 /index.php?m=Admin&c=Data&a=getData&table=user&page=1&limit=25
INFO: [ app_init ] --START--
INFO: Run Behavior\BuildLiteBehavior [ RunTime:0.000011s ]
INFO: [ app_init ] --END-- [ RunTime:0.000488s ]
INFO: [ app_begin ] --START--
INFO: Run Behavior\ReadHtmlCacheBehavior [ RunTime:0.000659s ]
INFO: [ app_begin ] --END-- [ RunTime:0.000684s ]
SQL: SHOW COLUMNS FROM `qun_user` [ RunTime:0.0014s ]
SQL: SELECT COUNT(*) AS tp_count FROM `qun_user` WHERE `user_state` = 1 LIMIT 1   [ RunTime:0.0011s ]
SQL: SELECT * FROM `qun_user` WHERE `user_state` = 1 ORDER BY user_id desc LIMIT 0,25   [ RunTime:0.0013s ]

