[ 2019-01-05T09:21:04+08:00 ] 120.36.200.102 /index.php?m=Admin&c=Index&a=index
INFO: [ app_init ] --START--
INFO: Run Behavior\BuildLiteBehavior [ RunTime:0.000010s ]
INFO: [ app_init ] --END-- [ RunTime:0.000430s ]
INFO: [ app_begin ] --START--
INFO: Run Behavior\ReadHtmlCacheBehavior [ RunTime:0.000649s ]
INFO: [ app_begin ] --END-- [ RunTime:0.000685s ]
INFO: [ view_parse ] --START--
INFO: [ template_filter ] --START--
INFO: Run Behavior\ContentReplaceBehavior [ RunTime:0.000046s ]
INFO: [ template_filter ] --END-- [ RunTime:0.000065s ]
INFO: Run Behavior\ParseTemplateBehavior [ RunTime:0.008808s ]
INFO: [ view_parse ] --END-- [ RunTime:0.008827s ]
INFO: [ view_filter ] --START--
INFO: Run Behavior\WriteHtmlCacheBehavior [ RunTime:0.000222s ]
INFO: [ view_filter ] --END-- [ RunTime:0.000237s ]
INFO: [ app_end ] --START--
INFO: Run Behavior\ShowPageTraceBehavior [ RunTime:0.000642s ]
INFO: [ app_end ] --END-- [ RunTime:0.000663s ]

[ 2019-01-05T09:21:04+08:00 ] 120.36.200.102 /index.php?m=Admin&c=Index&a=homePage
INFO: [ app_init ] --START--
INFO: Run Behavior\BuildLiteBehavior [ RunTime:0.000011s ]
INFO: [ app_init ] --END-- [ RunTime:0.000455s ]
INFO: [ app_begin ] --START--
INFO: Run Behavior\ReadHtmlCacheBehavior [ RunTime:0.000628s ]
INFO: [ app_begin ] --END-- [ RunTime:0.000649s ]
SQL: SHOW COLUMNS FROM `qun_recharge` [ RunTime:0.0017s ]
SQL: SELECT COUNT(*) AS tp_count FROM `qun_recharge` WHERE `is_pay` = 1 AND `recharge_state` = 1 LIMIT 1   [ RunTime:0.0014s ]
SQL: SELECT * FROM `qun_recharge` WHERE `is_pay` = 1 AND `recharge_state` = 1 ORDER BY recharge_createtime desc LIMIT 0,6   [ RunTime:0.0012s ]
SQL: SHOW COLUMNS FROM `qun_user` [ RunTime:0.0014s ]
SQL: SELECT * FROM `qun_user` WHERE `user_id` = 188 LIMIT 1   [ RunTime:0.0011s ]
SQL: SELECT * FROM `qun_user` WHERE `user_id` = 188 LIMIT 1   [ RunTime:0.0009s ]
SQL: SELECT * FROM `qun_user` WHERE `user_id` = 240 LIMIT 1   [ RunTime:0.0010s ]
SQL: SELECT * FROM `qun_user` WHERE `user_id` = 240 LIMIT 1   [ RunTime:0.0010s ]
SQL: SELECT * FROM `qun_user` WHERE `user_id` = null LIMIT 1   [ RunTime:0.0011s ]
SQL: SELECT * FROM `qun_user` WHERE `user_id` = null LIMIT 1   [ RunTime:0.0009s ]
SQL: SELECT * FROM `qun_user` WHERE `user_id` = 161 LIMIT 1   [ RunTime:0.0011s ]
SQL: SELECT * FROM `qun_user` WHERE `user_id` = 161 LIMIT 1   [ RunTime:0.0009s ]
SQL: SELECT * FROM `qun_user` WHERE `user_id` = 211 LIMIT 1   [ RunTime:0.0010s ]
SQL: SELECT * FROM `qun_user` WHERE `user_id` = 211 LIMIT 1   [ RunTime:0.0009s ]
SQL: SELECT * FROM `qun_user` WHERE `user_id` = 188 LIMIT 1   [ RunTime:0.0009s ]
SQL: SELECT * FROM `qun_user` WHERE `user_id` = 188 LIMIT 1   [ RunTime:0.0009s ]
SQL: SELECT * FROM `qun_recharge` WHERE `recharge_createtime` LIKE '2019-01-05%' AND `recharge_state` = 1 AND `is_pay` = 1 AND `recharge_type` = 3  [ RunTime:0.0012s ]
SQL: SELECT * FROM `qun_recharge` WHERE `recharge_createtime` LIKE '2019-01-05%' AND `recharge_state` = 1 AND `is_pay` = 1 AND `recharge_type` = 1  [ RunTime:0.0011s ]
SQL: SELECT * FROM `qun_recharge` WHERE `recharge_createtime` LIKE '2019-01-05%' AND `recharge_state` = 1 AND `is_pay` = 1 AND `recharge_type` = 2  [ RunTime:0.0011s ]
SQL: SELECT * FROM `qun_user` WHERE `user_state` = 1 AND `user_createtime` LIKE '2019-01-05%'  [ RunTime:0.0011s ]
SQL: SELECT * FROM `qun_user` WHERE `user_state` = 1 AND `user_up_time` LIKE '2019-01-05%'  [ RunTime:0.0011s ]
INFO: [ view_parse ] --START--
INFO: [ template_filter ] --START--
INFO: Run Behavior\ContentReplaceBehavior [ RunTime:0.000062s ]
INFO: [ template_filter ] --END-- [ RunTime:0.000096s ]
INFO: Run Behavior\ParseTemplateBehavior [ RunTime:0.012656s ]
INFO: [ view_parse ] --END-- [ RunTime:0.012676s ]
INFO: [ view_filter ] --START--
INFO: Run Behavior\WriteHtmlCacheBehavior [ RunTime:0.000217s ]
INFO: [ view_filter ] --END-- [ RunTime:0.000232s ]
INFO: [ app_end ] --START--
INFO: Run Behavior\ShowPageTraceBehavior [ RunTime:0.000639s ]
INFO: [ app_end ] --END-- [ RunTime:0.000660s ]

[ 2019-01-05T09:21:21+08:00 ] 120.36.200.102 /index.php?m=Admin&c=User&a=user
INFO: [ app_init ] --START--
INFO: Run Behavior\BuildLiteBehavior [ RunTime:0.000012s ]
INFO: [ app_init ] --END-- [ RunTime:0.000461s ]
INFO: [ app_begin ] --START--
INFO: Run Behavior\ReadHtmlCacheBehavior [ RunTime:0.000644s ]
INFO: [ app_begin ] --END-- [ RunTime:0.000665s ]
SQL: SHOW COLUMNS FROM `qun_role` [ RunTime:0.0016s ]
SQL: SELECT * FROM `qun_role` WHERE `role_id` = 1 LIMIT 1   [ RunTime:0.0011s ]
INFO: [ view_parse ] --START--
INFO: [ template_filter ] --START--
INFO: Run Behavior\ContentReplaceBehavior [ RunTime:0.000047s ]
INFO: [ template_filter ] --END-- [ RunTime:0.000071s ]
INFO: Run Behavior\ParseTemplateBehavior [ RunTime:0.008406s ]
INFO: [ view_parse ] --END-- [ RunTime:0.008427s ]
INFO: [ view_filter ] --START--
INFO: Run Behavior\WriteHtmlCacheBehavior [ RunTime:0.000241s ]
INFO: [ view_filter ] --END-- [ RunTime:0.000262s ]
INFO: [ app_end ] --START--
INFO: Run Behavior\ShowPageTraceBehavior [ RunTime:0.000632s ]
INFO: [ app_end ] --END-- [ RunTime:0.000654s ]

[ 2019-01-05T09:21:22+08:00 ] 120.36.200.102 /index.php?m=Admin&c=Data&a=getData&table=user&page=1&limit=25
INFO: [ app_init ] --START--
INFO: Run Behavior\BuildLiteBehavior [ RunTime:0.000013s ]
INFO: [ app_init ] --END-- [ RunTime:0.000469s ]
INFO: [ app_begin ] --START--
INFO: Run Behavior\ReadHtmlCacheBehavior [ RunTime:0.000643s ]
INFO: [ app_begin ] --END-- [ RunTime:0.000664s ]
SQL: SHOW COLUMNS FROM `qun_user` [ RunTime:0.0016s ]
SQL: SELECT COUNT(*) AS tp_count FROM `qun_user` WHERE `user_state` = 1 LIMIT 1   [ RunTime:0.0012s ]
SQL: SELECT * FROM `qun_user` WHERE `user_state` = 1 ORDER BY user_id desc LIMIT 0,25   [ RunTime:0.0015s ]

