[ 2019-01-07T01:30:14+08:00 ] 106.15.191.180 /index.php?m=admin&c=index&a=index
INFO: [ app_init ] --START--
INFO: Run Behavior\BuildLiteBehavior [ RunTime:0.000014s ]
INFO: [ app_init ] --END-- [ RunTime:0.000689s ]
INFO: [ app_begin ] --START--
INFO: Run Behavior\ReadHtmlCacheBehavior [ RunTime:0.002334s ]
INFO: [ app_begin ] --END-- [ RunTime:0.002359s ]
INFO: [ view_parse ] --START--
INFO: [ template_filter ] --START--
INFO: Run Behavior\ContentReplaceBehavior [ RunTime:0.000050s ]
INFO: [ template_filter ] --END-- [ RunTime:0.000084s ]
INFO: Run Behavior\ParseTemplateBehavior [ RunTime:0.024618s ]
INFO: [ view_parse ] --END-- [ RunTime:0.024642s ]
INFO: [ view_filter ] --START--
INFO: Run Behavior\WriteHtmlCacheBehavior [ RunTime:0.002579s ]
INFO: [ view_filter ] --END-- [ RunTime:0.002595s ]

[ 2019-01-07T10:35:16+08:00 ] 120.36.200.102 /index.php?m=Admin&c=Index&a=homePage
INFO: [ app_init ] --START--
INFO: Run Behavior\BuildLiteBehavior [ RunTime:0.000013s ]
INFO: [ app_init ] --END-- [ RunTime:0.000512s ]
INFO: [ app_begin ] --START--
INFO: Run Behavior\ReadHtmlCacheBehavior [ RunTime:0.000667s ]
INFO: [ app_begin ] --END-- [ RunTime:0.000689s ]
SQL: SHOW COLUMNS FROM `qun_recharge` [ RunTime:0.0015s ]
SQL: SELECT COUNT(*) AS tp_count FROM `qun_recharge` WHERE `is_pay` = 1 AND `recharge_state` = 1 LIMIT 1   [ RunTime:0.0016s ]
SQL: SELECT * FROM `qun_recharge` WHERE `is_pay` = 1 AND `recharge_state` = 1 ORDER BY recharge_createtime desc LIMIT 0,6   [ RunTime:0.0012s ]
SQL: SHOW COLUMNS FROM `qun_user` [ RunTime:0.0014s ]
SQL: SELECT * FROM `qun_user` WHERE `user_id` = 188 LIMIT 1   [ RunTime:0.0011s ]
SQL: SELECT * FROM `qun_user` WHERE `user_id` = 188 LIMIT 1   [ RunTime:0.0010s ]
SQL: SELECT * FROM `qun_user` WHERE `user_id` = 242 LIMIT 1   [ RunTime:0.0010s ]
SQL: SELECT * FROM `qun_user` WHERE `user_id` = 242 LIMIT 1   [ RunTime:0.0010s ]
SQL: SELECT * FROM `qun_user` WHERE `user_id` = 229 LIMIT 1   [ RunTime:0.0010s ]
SQL: SELECT * FROM `qun_user` WHERE `user_id` = 229 LIMIT 1   [ RunTime:0.0010s ]
SQL: SELECT * FROM `qun_user` WHERE `user_id` = 188 LIMIT 1   [ RunTime:0.0010s ]
SQL: SELECT * FROM `qun_user` WHERE `user_id` = 188 LIMIT 1   [ RunTime:0.0011s ]
SQL: SELECT * FROM `qun_user` WHERE `user_id` = 240 LIMIT 1   [ RunTime:0.0011s ]
SQL: SELECT * FROM `qun_user` WHERE `user_id` = 240 LIMIT 1   [ RunTime:0.4890s ]
SQL: SELECT * FROM `qun_user` WHERE `user_id` = null LIMIT 1   [ RunTime:0.0014s ]
SQL: SELECT * FROM `qun_user` WHERE `user_id` = null LIMIT 1   [ RunTime:0.0011s ]
SQL: SELECT * FROM `qun_recharge` WHERE `recharge_createtime` LIKE '2019-01-07%' AND `recharge_state` = 1 AND `is_pay` = 1 AND `recharge_type` = 3  [ RunTime:0.0022s ]
SQL: SELECT * FROM `qun_recharge` WHERE `recharge_createtime` LIKE '2019-01-07%' AND `recharge_state` = 1 AND `is_pay` = 1 AND `recharge_type` = 1  [ RunTime:0.0013s ]
SQL: SELECT * FROM `qun_recharge` WHERE `recharge_createtime` LIKE '2019-01-07%' AND `recharge_state` = 1 AND `is_pay` = 1 AND `recharge_type` = 2  [ RunTime:0.0012s ]
SQL: SELECT * FROM `qun_user` WHERE `user_state` = 1 AND `user_createtime` LIKE '2019-01-07%'  [ RunTime:0.0012s ]
SQL: SELECT * FROM `qun_user` WHERE `user_state` = 1 AND `user_up_time` LIKE '2019-01-07%'  [ RunTime:0.0011s ]
INFO: [ view_parse ] --START--
INFO: [ template_filter ] --START--
INFO: Run Behavior\ContentReplaceBehavior [ RunTime:0.000067s ]
INFO: [ template_filter ] --END-- [ RunTime:0.000096s ]
INFO: Run Behavior\ParseTemplateBehavior [ RunTime:0.017619s ]
INFO: [ view_parse ] --END-- [ RunTime:0.017648s ]
INFO: [ view_filter ] --START--
INFO: Run Behavior\WriteHtmlCacheBehavior [ RunTime:0.002273s ]
INFO: [ view_filter ] --END-- [ RunTime:0.002290s ]
INFO: [ app_end ] --START--
INFO: Run Behavior\ShowPageTraceBehavior [ RunTime:0.002524s ]
INFO: [ app_end ] --END-- [ RunTime:0.002545s ]

